#
# There is insufficient memory for the Java Runtime Environment to continue.
# Native memory allocation (malloc) failed to allocate 32744 bytes for Chunk::new
# Possible reasons:
#   The system is out of physical RAM or swap space
#   The process is running with CompressedOops enabled, and the Java Heap may be blocking the growth of the native heap
# Possible solutions:
#   Reduce memory load on the system
#   Increase physical memory or swap space
#   Check if swap backing store is full
#   Decrease Java heap size (-Xmx/-Xms)
#   Decrease number of Java threads
#   Decrease Java thread stack sizes (-Xss)
#   Set larger code cache with -XX:ReservedCodeCacheSize=
#   JVM is running with Unscaled Compressed Oops mode in which the Java heap is
#     placed in the first 4GB address space. The Java Heap base address is the
#     maximum limit for the native heap growth. Please use -XX:HeapBaseMinAddress
#     to set the Java Heap base and to place the Java Heap above 4GB virtual address.
# This output file may be truncated or incomplete.
#
#  Out of Memory Error (arena.cpp:184), pid=21416, tid=18916
#
# JRE version: OpenJDK Runtime Environment (19.0+36) (build 19+36-2238)
# Java VM: OpenJDK 64-Bit Server VM (19+36-2238, mixed mode, sharing, tiered, compressed oops, compressed class ptrs, g1 gc, windows-amd64)
# No core dump will be written. Minidumps are not enabled by default on client versions of Windows
#

---------------  S U M M A R Y ------------

Command Line: src/checker/checkstyle-8.36.2-all.jar -c src/checker/poo_checks.xml ./

Host: Intel(R) Core(TM) i7-9750H CPU @ 2.60GHz, 12 cores, 7G,  Windows 10 , 64 bit Build 19041 (10.0.19041.2251)
Time: Tue Nov 15 03:43:26 2022 GTB Standard Time elapsed time: 0.407706 seconds (0d 0h 0m 0s)

---------------  T H R E A D  ---------------

Current thread (0x000001afaf94c350):  JavaThread "C2 CompilerThread0" daemon [_thread_in_native, id=18916, stack(0x0000003ce5a00000,0x0000003ce5b00000)]


Current CompileTask:
C2:    407  821       4       java.util.WeakHashMap::put (160 bytes)

Stack: [0x0000003ce5a00000,0x0000003ce5b00000]
Native frames: (J=compiled Java code, j=interpreted, Vv=VM code, C=native code)
V  [jvm.dll+0x6ee8fa]
V  [jvm.dll+0x857a1e]
V  [jvm.dll+0x85940e]
V  [jvm.dll+0x859ac3]
V  [jvm.dll+0x28291f]
V  [jvm.dll+0xc9b5f]
V  [jvm.dll+0xc9ee5]
V  [jvm.dll+0x719e19]
V  [jvm.dll+0x1ee3e7]
V  [jvm.dll+0x24c41b]
V  [jvm.dll+0x24b671]
V  [jvm.dll+0x1d6d61]
V  [jvm.dll+0x25b0fa]
V  [jvm.dll+0x259588]
V  [jvm.dll+0x807928]
V  [jvm.dll+0x8015fa]
V  [jvm.dll+0x6ed5eb]
C  [ucrtbase.dll+0x21bb2]
C  [KERNEL32.DLL+0x174b4]
C  [ntdll.dll+0x526a1]


---------------  P R O C E S S  ---------------

Threads class SMR info:
_java_thread_list=0x000001afb3cc6f70, length=13, elements={
0x000001af90d99260, 0x000001afaf93e9e0, 0x000001afaf93f7d0, 0x000001afaf942280,
0x000001afaf944bc0, 0x000001afaf945630, 0x000001afaf945f60, 0x000001afaf94c350,
0x000001afaf957900, 0x000001afaf961e80, 0x000001afb3ce2e20, 0x000001afb3ce9210,
0x000001af90d9a280
}

Java Threads: ( => current thread )
  0x000001af90d99260 JavaThread "main" [_thread_in_Java, id=13480, stack(0x0000003ce4d00000,0x0000003ce4e00000)]
  0x000001afaf93e9e0 JavaThread "Reference Handler" daemon [_thread_blocked, id=14928, stack(0x0000003ce5400000,0x0000003ce5500000)]
  0x000001afaf93f7d0 JavaThread "Finalizer" daemon [_thread_blocked, id=13676, stack(0x0000003ce5500000,0x0000003ce5600000)]
  0x000001afaf942280 JavaThread "Signal Dispatcher" daemon [_thread_blocked, id=5052, stack(0x0000003ce5600000,0x0000003ce5700000)]
  0x000001afaf944bc0 JavaThread "Attach Listener" daemon [_thread_blocked, id=17980, stack(0x0000003ce5700000,0x0000003ce5800000)]
  0x000001afaf945630 JavaThread "Service Thread" daemon [_thread_blocked, id=5556, stack(0x0000003ce5800000,0x0000003ce5900000)]
  0x000001afaf945f60 JavaThread "Monitor Deflation Thread" daemon [_thread_blocked, id=20136, stack(0x0000003ce5900000,0x0000003ce5a00000)]
=>0x000001afaf94c350 JavaThread "C2 CompilerThread0" daemon [_thread_in_native, id=18916, stack(0x0000003ce5a00000,0x0000003ce5b00000)]
  0x000001afaf957900 JavaThread "C1 CompilerThread0" daemon [_thread_in_native, id=17780, stack(0x0000003ce5b00000,0x0000003ce5c00000)]
  0x000001afaf961e80 JavaThread "Sweeper thread" daemon [_thread_blocked, id=5756, stack(0x0000003ce5c00000,0x0000003ce5d00000)]
  0x000001afb3ce2e20 JavaThread "Notification Thread" daemon [_thread_blocked, id=8512, stack(0x0000003ce5d00000,0x0000003ce5e00000)]
  0x000001afb3ce9210 JavaThread "Common-Cleaner" daemon [_thread_blocked, id=11640, stack(0x0000003ce5f00000,0x0000003ce6000000)]
  0x000001af90d9a280 JavaThread "C2 CompilerThread1" daemon [_thread_in_native, id=6432, stack(0x0000003ce6000000,0x0000003ce6100000)]

Other Threads:
  0x000001afaf920e80 VMThread "VM Thread" [stack: 0x0000003ce5300000,0x0000003ce5400000] [id=8712]
  0x000001afb3ce5980 WatcherThread "VM Periodic Task Thread" [stack: 0x0000003ce5e00000,0x0000003ce5f00000] [id=4484]
  0x000001af90dfb860 WorkerThread "GC Thread#0" [stack: 0x0000003ce4e00000,0x0000003ce4f00000] [id=11008]
  0x000001af90e0d4f0 ConcurrentGCThread "G1 Main Marker" [stack: 0x0000003ce4f00000,0x0000003ce5000000] [id=14704]
  0x000001af90e0e6c0 WorkerThread "G1 Conc#0" [stack: 0x0000003ce5000000,0x0000003ce5100000] [id=14744]
  0x000001af90e6eb90 ConcurrentGCThread "G1 Refine#0" [stack: 0x0000003ce5100000,0x0000003ce5200000] [id=1000]
  0x000001afaf7dbc50 ConcurrentGCThread "G1 Service" [stack: 0x0000003ce5200000,0x0000003ce5300000] [id=14528]

Threads with active compile tasks:
C2 CompilerThread0      424  821       4       java.util.WeakHashMap::put (160 bytes)
C1 CompilerThread0      424  854   !   3       org.apache.commons.logging.LogFactory::getFactory (684 bytes)
C2 CompilerThread1      424  875       4       java.util.WeakHashMap::putAll (135 bytes)

VM state: not at safepoint (normal execution)

VM Mutex/Monitor currently owned by a thread: None

Heap address: 0x0000000082400000, size: 2012 MB, Compressed Oops mode: 32-bit

CDS archive(s) mapped at: [0x0000000800000000-0x0000000800c40000-0x0000000800c40000), size 12845056, SharedBaseAddress: 0x0000000800000000, ArchiveRelocationMode: 0.
Compressed class space mapped at: 0x0000000801000000-0x0000000841000000, reserved size: 1073741824
Narrow klass base: 0x0000000800000000, Narrow klass shift: 0, Narrow klass range: 0x100000000

GC Precious Log:
 CardTable entry size: 512
 Card Set container configuration: InlinePtr #cards 5 size 8 Array Of Cards #cards 12 size 40 Howl #buckets 4 coarsen threshold 1843 Howl Bitmap #cards 512 size 80 coarsen threshold 460 Card regions per heap region 1 cards per card region 2048
 CPUs: 12 total, 12 available
 Memory: 8041M
 Large Page Support: Disabled
 NUMA Support: Disabled
 Compressed Oops: Enabled (32-bit)
 Heap Region Size: 1M
 Heap Min Capacity: 8M
 Heap Initial Capacity: 126M
 Heap Max Capacity: 2012M
 Pre-touch: Disabled
 Parallel Workers: 10
 Concurrent Workers: 3
 Concurrent Refinement Workers: 10
 Periodic GC: Disabled

Heap:
 garbage-first heap   total 129024K, used 16384K [0x0000000082400000, 0x0000000100000000)
  region size 1024K, 15 young (15360K), 0 survivors (0K)
 Metaspace       used 5367K, committed 5568K, reserved 1114112K
  class space    used 545K, committed 640K, reserved 1048576K

Heap Regions: E=young(eden), S=young(survivor), O=old, HS=humongous(starts), HC=humongous(continues), CS=collection set, F=free, OA=open archive, CA=closed archive, TAMS=top-at-mark-start (previous, next)
|   0|0x0000000082400000, 0x0000000082500000, 0x0000000082500000|100%|HS|  |TAMS 0x0000000082400000, 0x0000000082400000| Complete 
|   1|0x0000000082500000, 0x0000000082600000, 0x0000000082600000|100%|HS|  |TAMS 0x0000000082500000, 0x0000000082500000| Complete 
|   2|0x0000000082600000, 0x0000000082600000, 0x0000000082700000|  0%| F|  |TAMS 0x0000000082600000, 0x0000000082600000| Untracked 
|   3|0x0000000082700000, 0x0000000082700000, 0x0000000082800000|  0%| F|  |TAMS 0x0000000082700000, 0x0000000082700000| Untracked 
|   4|0x0000000082800000, 0x0000000082800000, 0x0000000082900000|  0%| F|  |TAMS 0x0000000082800000, 0x0000000082800000| Untracked 
|   5|0x0000000082900000, 0x0000000082900000, 0x0000000082a00000|  0%| F|  |TAMS 0x0000000082900000, 0x0000000082900000| Untracked 
|   6|0x0000000082a00000, 0x0000000082a00000, 0x0000000082b00000|  0%| F|  |TAMS 0x0000000082a00000, 0x0000000082a00000| Untracked 
|   7|0x0000000082b00000, 0x0000000082b00000, 0x0000000082c00000|  0%| F|  |TAMS 0x0000000082b00000, 0x0000000082b00000| Untracked 
|   8|0x0000000082c00000, 0x0000000082c00000, 0x0000000082d00000|  0%| F|  |TAMS 0x0000000082c00000, 0x0000000082c00000| Untracked 
|   9|0x0000000082d00000, 0x0000000082d00000, 0x0000000082e00000|  0%| F|  |TAMS 0x0000000082d00000, 0x0000000082d00000| Untracked 
|  10|0x0000000082e00000, 0x0000000082e00000, 0x0000000082f00000|  0%| F|  |TAMS 0x0000000082e00000, 0x0000000082e00000| Untracked 
|  11|0x0000000082f00000, 0x0000000082f00000, 0x0000000083000000|  0%| F|  |TAMS 0x0000000082f00000, 0x0000000082f00000| Untracked 
|  12|0x0000000083000000, 0x0000000083000000, 0x0000000083100000|  0%| F|  |TAMS 0x0000000083000000, 0x0000000083000000| Untracked 
|  13|0x0000000083100000, 0x0000000083100000, 0x0000000083200000|  0%| F|  |TAMS 0x0000000083100000, 0x0000000083100000| Untracked 
|  14|0x0000000083200000, 0x0000000083200000, 0x0000000083300000|  0%| F|  |TAMS 0x0000000083200000, 0x0000000083200000| Untracked 
|  15|0x0000000083300000, 0x0000000083300000, 0x0000000083400000|  0%| F|  |TAMS 0x0000000083300000, 0x0000000083300000| Untracked 
|  16|0x0000000083400000, 0x0000000083400000, 0x0000000083500000|  0%| F|  |TAMS 0x0000000083400000, 0x0000000083400000| Untracked 
|  17|0x0000000083500000, 0x0000000083500000, 0x0000000083600000|  0%| F|  |TAMS 0x0000000083500000, 0x0000000083500000| Untracked 
|  18|0x0000000083600000, 0x0000000083600000, 0x0000000083700000|  0%| F|  |TAMS 0x0000000083600000, 0x0000000083600000| Untracked 
|  19|0x0000000083700000, 0x0000000083700000, 0x0000000083800000|  0%| F|  |TAMS 0x0000000083700000, 0x0000000083700000| Untracked 
|  20|0x0000000083800000, 0x0000000083800000, 0x0000000083900000|  0%| F|  |TAMS 0x0000000083800000, 0x0000000083800000| Untracked 
|  21|0x0000000083900000, 0x0000000083900000, 0x0000000083a00000|  0%| F|  |TAMS 0x0000000083900000, 0x0000000083900000| Untracked 
|  22|0x0000000083a00000, 0x0000000083a00000, 0x0000000083b00000|  0%| F|  |TAMS 0x0000000083a00000, 0x0000000083a00000| Untracked 
|  23|0x0000000083b00000, 0x0000000083b00000, 0x0000000083c00000|  0%| F|  |TAMS 0x0000000083b00000, 0x0000000083b00000| Untracked 
|  24|0x0000000083c00000, 0x0000000083c00000, 0x0000000083d00000|  0%| F|  |TAMS 0x0000000083c00000, 0x0000000083c00000| Untracked 
|  25|0x0000000083d00000, 0x0000000083d00000, 0x0000000083e00000|  0%| F|  |TAMS 0x0000000083d00000, 0x0000000083d00000| Untracked 
|  26|0x0000000083e00000, 0x0000000083e00000, 0x0000000083f00000|  0%| F|  |TAMS 0x0000000083e00000, 0x0000000083e00000| Untracked 
|  27|0x0000000083f00000, 0x0000000083f00000, 0x0000000084000000|  0%| F|  |TAMS 0x0000000083f00000, 0x0000000083f00000| Untracked 
|  28|0x0000000084000000, 0x0000000084000000, 0x0000000084100000|  0%| F|  |TAMS 0x0000000084000000, 0x0000000084000000| Untracked 
|  29|0x0000000084100000, 0x0000000084100000, 0x0000000084200000|  0%| F|  |TAMS 0x0000000084100000, 0x0000000084100000| Untracked 
|  30|0x0000000084200000, 0x0000000084200000, 0x0000000084300000|  0%| F|  |TAMS 0x0000000084200000, 0x0000000084200000| Untracked 
|  31|0x0000000084300000, 0x0000000084300000, 0x0000000084400000|  0%| F|  |TAMS 0x0000000084300000, 0x0000000084300000| Untracked 
|  32|0x0000000084400000, 0x0000000084400000, 0x0000000084500000|  0%| F|  |TAMS 0x0000000084400000, 0x0000000084400000| Untracked 
|  33|0x0000000084500000, 0x0000000084500000, 0x0000000084600000|  0%| F|  |TAMS 0x0000000084500000, 0x0000000084500000| Untracked 
|  34|0x0000000084600000, 0x0000000084600000, 0x0000000084700000|  0%| F|  |TAMS 0x0000000084600000, 0x0000000084600000| Untracked 
|  35|0x0000000084700000, 0x0000000084700000, 0x0000000084800000|  0%| F|  |TAMS 0x0000000084700000, 0x0000000084700000| Untracked 
|  36|0x0000000084800000, 0x0000000084800000, 0x0000000084900000|  0%| F|  |TAMS 0x0000000084800000, 0x0000000084800000| Untracked 
|  37|0x0000000084900000, 0x0000000084900000, 0x0000000084a00000|  0%| F|  |TAMS 0x0000000084900000, 0x0000000084900000| Untracked 
|  38|0x0000000084a00000, 0x0000000084a00000, 0x0000000084b00000|  0%| F|  |TAMS 0x0000000084a00000, 0x0000000084a00000| Untracked 
|  39|0x0000000084b00000, 0x0000000084b00000, 0x0000000084c00000|  0%| F|  |TAMS 0x0000000084b00000, 0x0000000084b00000| Untracked 
|  40|0x0000000084c00000, 0x0000000084c00000, 0x0000000084d00000|  0%| F|  |TAMS 0x0000000084c00000, 0x0000000084c00000| Untracked 
|  41|0x0000000084d00000, 0x0000000084d00000, 0x0000000084e00000|  0%| F|  |TAMS 0x0000000084d00000, 0x0000000084d00000| Untracked 
|  42|0x0000000084e00000, 0x0000000084e00000, 0x0000000084f00000|  0%| F|  |TAMS 0x0000000084e00000, 0x0000000084e00000| Untracked 
|  43|0x0000000084f00000, 0x0000000084f00000, 0x0000000085000000|  0%| F|  |TAMS 0x0000000084f00000, 0x0000000084f00000| Untracked 
|  44|0x0000000085000000, 0x0000000085000000, 0x0000000085100000|  0%| F|  |TAMS 0x0000000085000000, 0x0000000085000000| Untracked 
|  45|0x0000000085100000, 0x0000000085100000, 0x0000000085200000|  0%| F|  |TAMS 0x0000000085100000, 0x0000000085100000| Untracked 
|  46|0x0000000085200000, 0x0000000085200000, 0x0000000085300000|  0%| F|  |TAMS 0x0000000085200000, 0x0000000085200000| Untracked 
|  47|0x0000000085300000, 0x0000000085300000, 0x0000000085400000|  0%| F|  |TAMS 0x0000000085300000, 0x0000000085300000| Untracked 
|  48|0x0000000085400000, 0x0000000085400000, 0x0000000085500000|  0%| F|  |TAMS 0x0000000085400000, 0x0000000085400000| Untracked 
|  49|0x0000000085500000, 0x0000000085500000, 0x0000000085600000|  0%| F|  |TAMS 0x0000000085500000, 0x0000000085500000| Untracked 
|  50|0x0000000085600000, 0x0000000085600000, 0x0000000085700000|  0%| F|  |TAMS 0x0000000085600000, 0x0000000085600000| Untracked 
|  51|0x0000000085700000, 0x0000000085700000, 0x0000000085800000|  0%| F|  |TAMS 0x0000000085700000, 0x0000000085700000| Untracked 
|  52|0x0000000085800000, 0x0000000085800000, 0x0000000085900000|  0%| F|  |TAMS 0x0000000085800000, 0x0000000085800000| Untracked 
|  53|0x0000000085900000, 0x0000000085900000, 0x0000000085a00000|  0%| F|  |TAMS 0x0000000085900000, 0x0000000085900000| Untracked 
|  54|0x0000000085a00000, 0x0000000085a00000, 0x0000000085b00000|  0%| F|  |TAMS 0x0000000085a00000, 0x0000000085a00000| Untracked 
|  55|0x0000000085b00000, 0x0000000085b00000, 0x0000000085c00000|  0%| F|  |TAMS 0x0000000085b00000, 0x0000000085b00000| Untracked 
|  56|0x0000000085c00000, 0x0000000085c00000, 0x0000000085d00000|  0%| F|  |TAMS 0x0000000085c00000, 0x0000000085c00000| Untracked 
|  57|0x0000000085d00000, 0x0000000085d00000, 0x0000000085e00000|  0%| F|  |TAMS 0x0000000085d00000, 0x0000000085d00000| Untracked 
|  58|0x0000000085e00000, 0x0000000085e00000, 0x0000000085f00000|  0%| F|  |TAMS 0x0000000085e00000, 0x0000000085e00000| Untracked 
|  59|0x0000000085f00000, 0x0000000085f00000, 0x0000000086000000|  0%| F|  |TAMS 0x0000000085f00000, 0x0000000085f00000| Untracked 
|  60|0x0000000086000000, 0x0000000086000000, 0x0000000086100000|  0%| F|  |TAMS 0x0000000086000000, 0x0000000086000000| Untracked 
|  61|0x0000000086100000, 0x0000000086100000, 0x0000000086200000|  0%| F|  |TAMS 0x0000000086100000, 0x0000000086100000| Untracked 
|  62|0x0000000086200000, 0x0000000086200000, 0x0000000086300000|  0%| F|  |TAMS 0x0000000086200000, 0x0000000086200000| Untracked 
|  63|0x0000000086300000, 0x0000000086300000, 0x0000000086400000|  0%| F|  |TAMS 0x0000000086300000, 0x0000000086300000| Untracked 
|  64|0x0000000086400000, 0x0000000086400000, 0x0000000086500000|  0%| F|  |TAMS 0x0000000086400000, 0x0000000086400000| Untracked 
|  65|0x0000000086500000, 0x0000000086500000, 0x0000000086600000|  0%| F|  |TAMS 0x0000000086500000, 0x0000000086500000| Untracked 
|  66|0x0000000086600000, 0x0000000086600000, 0x0000000086700000|  0%| F|  |TAMS 0x0000000086600000, 0x0000000086600000| Untracked 
|  67|0x0000000086700000, 0x0000000086700000, 0x0000000086800000|  0%| F|  |TAMS 0x0000000086700000, 0x0000000086700000| Untracked 
|  68|0x0000000086800000, 0x0000000086800000, 0x0000000086900000|  0%| F|  |TAMS 0x0000000086800000, 0x0000000086800000| Untracked 
|  69|0x0000000086900000, 0x0000000086900000, 0x0000000086a00000|  0%| F|  |TAMS 0x0000000086900000, 0x0000000086900000| Untracked 
|  70|0x0000000086a00000, 0x0000000086a00000, 0x0000000086b00000|  0%| F|  |TAMS 0x0000000086a00000, 0x0000000086a00000| Untracked 
|  71|0x0000000086b00000, 0x0000000086b00000, 0x0000000086c00000|  0%| F|  |TAMS 0x0000000086b00000, 0x0000000086b00000| Untracked 
|  72|0x0000000086c00000, 0x0000000086c00000, 0x0000000086d00000|  0%| F|  |TAMS 0x0000000086c00000, 0x0000000086c00000| Untracked 
|  73|0x0000000086d00000, 0x0000000086d00000, 0x0000000086e00000|  0%| F|  |TAMS 0x0000000086d00000, 0x0000000086d00000| Untracked 
|  74|0x0000000086e00000, 0x0000000086e00000, 0x0000000086f00000|  0%| F|  |TAMS 0x0000000086e00000, 0x0000000086e00000| Untracked 
|  75|0x0000000086f00000, 0x0000000086f00000, 0x0000000087000000|  0%| F|  |TAMS 0x0000000086f00000, 0x0000000086f00000| Untracked 
|  76|0x0000000087000000, 0x0000000087000000, 0x0000000087100000|  0%| F|  |TAMS 0x0000000087000000, 0x0000000087000000| Untracked 
|  77|0x0000000087100000, 0x0000000087100000, 0x0000000087200000|  0%| F|  |TAMS 0x0000000087100000, 0x0000000087100000| Untracked 
|  78|0x0000000087200000, 0x0000000087200000, 0x0000000087300000|  0%| F|  |TAMS 0x0000000087200000, 0x0000000087200000| Untracked 
|  79|0x0000000087300000, 0x0000000087300000, 0x0000000087400000|  0%| F|  |TAMS 0x0000000087300000, 0x0000000087300000| Untracked 
|  80|0x0000000087400000, 0x0000000087400000, 0x0000000087500000|  0%| F|  |TAMS 0x0000000087400000, 0x0000000087400000| Untracked 
|  81|0x0000000087500000, 0x0000000087500000, 0x0000000087600000|  0%| F|  |TAMS 0x0000000087500000, 0x0000000087500000| Untracked 
|  82|0x0000000087600000, 0x0000000087600000, 0x0000000087700000|  0%| F|  |TAMS 0x0000000087600000, 0x0000000087600000| Untracked 
|  83|0x0000000087700000, 0x0000000087700000, 0x0000000087800000|  0%| F|  |TAMS 0x0000000087700000, 0x0000000087700000| Untracked 
|  84|0x0000000087800000, 0x0000000087800000, 0x0000000087900000|  0%| F|  |TAMS 0x0000000087800000, 0x0000000087800000| Untracked 
|  85|0x0000000087900000, 0x0000000087900000, 0x0000000087a00000|  0%| F|  |TAMS 0x0000000087900000, 0x0000000087900000| Untracked 
|  86|0x0000000087a00000, 0x0000000087a00000, 0x0000000087b00000|  0%| F|  |TAMS 0x0000000087a00000, 0x0000000087a00000| Untracked 
|  87|0x0000000087b00000, 0x0000000087b00000, 0x0000000087c00000|  0%| F|  |TAMS 0x0000000087b00000, 0x0000000087b00000| Untracked 
|  88|0x0000000087c00000, 0x0000000087c00000, 0x0000000087d00000|  0%| F|  |TAMS 0x0000000087c00000, 0x0000000087c00000| Untracked 
|  89|0x0000000087d00000, 0x0000000087d00000, 0x0000000087e00000|  0%| F|  |TAMS 0x0000000087d00000, 0x0000000087d00000| Untracked 
|  90|0x0000000087e00000, 0x0000000087e00000, 0x0000000087f00000|  0%| F|  |TAMS 0x0000000087e00000, 0x0000000087e00000| Untracked 
|  91|0x0000000087f00000, 0x0000000087f00000, 0x0000000088000000|  0%| F|  |TAMS 0x0000000087f00000, 0x0000000087f00000| Untracked 
|  92|0x0000000088000000, 0x0000000088000000, 0x0000000088100000|  0%| F|  |TAMS 0x0000000088000000, 0x0000000088000000| Untracked 
|  93|0x0000000088100000, 0x0000000088100000, 0x0000000088200000|  0%| F|  |TAMS 0x0000000088100000, 0x0000000088100000| Untracked 
|  94|0x0000000088200000, 0x0000000088200000, 0x0000000088300000|  0%| F|  |TAMS 0x0000000088200000, 0x0000000088200000| Untracked 
|  95|0x0000000088300000, 0x0000000088300000, 0x0000000088400000|  0%| F|  |TAMS 0x0000000088300000, 0x0000000088300000| Untracked 
|  96|0x0000000088400000, 0x0000000088400000, 0x0000000088500000|  0%| F|  |TAMS 0x0000000088400000, 0x0000000088400000| Untracked 
|  97|0x0000000088500000, 0x0000000088500000, 0x0000000088600000|  0%| F|  |TAMS 0x0000000088500000, 0x0000000088500000| Untracked 
|  98|0x0000000088600000, 0x0000000088600000, 0x0000000088700000|  0%| F|  |TAMS 0x0000000088600000, 0x0000000088600000| Untracked 
|  99|0x0000000088700000, 0x0000000088700000, 0x0000000088800000|  0%| F|  |TAMS 0x0000000088700000, 0x0000000088700000| Untracked 
| 100|0x0000000088800000, 0x0000000088800000, 0x0000000088900000|  0%| F|  |TAMS 0x0000000088800000, 0x0000000088800000| Untracked 
| 101|0x0000000088900000, 0x0000000088900000, 0x0000000088a00000|  0%| F|  |TAMS 0x0000000088900000, 0x0000000088900000| Untracked 
| 102|0x0000000088a00000, 0x0000000088a00000, 0x0000000088b00000|  0%| F|  |TAMS 0x0000000088a00000, 0x0000000088a00000| Untracked 
| 103|0x0000000088b00000, 0x0000000088b00000, 0x0000000088c00000|  0%| F|  |TAMS 0x0000000088b00000, 0x0000000088b00000| Untracked 
| 104|0x0000000088c00000, 0x0000000088c00000, 0x0000000088d00000|  0%| F|  |TAMS 0x0000000088c00000, 0x0000000088c00000| Untracked 
| 105|0x0000000088d00000, 0x0000000088d00000, 0x0000000088e00000|  0%| F|  |TAMS 0x0000000088d00000, 0x0000000088d00000| Untracked 
| 106|0x0000000088e00000, 0x0000000088e00000, 0x0000000088f00000|  0%| F|  |TAMS 0x0000000088e00000, 0x0000000088e00000| Untracked 
| 107|0x0000000088f00000, 0x0000000088f00000, 0x0000000089000000|  0%| F|  |TAMS 0x0000000088f00000, 0x0000000088f00000| Untracked 
| 108|0x0000000089000000, 0x0000000089000000, 0x0000000089100000|  0%| F|  |TAMS 0x0000000089000000, 0x0000000089000000| Untracked 
| 109|0x0000000089100000, 0x0000000089100000, 0x0000000089200000|  0%| F|  |TAMS 0x0000000089100000, 0x0000000089100000| Untracked 
| 110|0x0000000089200000, 0x00000000892764b0, 0x0000000089300000| 46%| E|  |TAMS 0x0000000089200000, 0x0000000089200000| Complete 
| 111|0x0000000089300000, 0x0000000089400000, 0x0000000089400000|100%| E|CS|TAMS 0x0000000089300000, 0x0000000089300000| Complete 
| 112|0x0000000089400000, 0x0000000089500000, 0x0000000089500000|100%| E|CS|TAMS 0x0000000089400000, 0x0000000089400000| Complete 
| 113|0x0000000089500000, 0x0000000089600000, 0x0000000089600000|100%| E|CS|TAMS 0x0000000089500000, 0x0000000089500000| Complete 
| 114|0x0000000089600000, 0x0000000089700000, 0x0000000089700000|100%| E|CS|TAMS 0x0000000089600000, 0x0000000089600000| Complete 
| 115|0x0000000089700000, 0x0000000089800000, 0x0000000089800000|100%| E|CS|TAMS 0x0000000089700000, 0x0000000089700000| Complete 
| 116|0x0000000089800000, 0x0000000089900000, 0x0000000089900000|100%| E|CS|TAMS 0x0000000089800000, 0x0000000089800000| Complete 
| 117|0x0000000089900000, 0x0000000089a00000, 0x0000000089a00000|100%| E|CS|TAMS 0x0000000089900000, 0x0000000089900000| Complete 
| 118|0x0000000089a00000, 0x0000000089b00000, 0x0000000089b00000|100%| E|CS|TAMS 0x0000000089a00000, 0x0000000089a00000| Complete 
| 119|0x0000000089b00000, 0x0000000089c00000, 0x0000000089c00000|100%| E|CS|TAMS 0x0000000089b00000, 0x0000000089b00000| Complete 
| 120|0x0000000089c00000, 0x0000000089d00000, 0x0000000089d00000|100%| E|CS|TAMS 0x0000000089c00000, 0x0000000089c00000| Complete 
| 121|0x0000000089d00000, 0x0000000089e00000, 0x0000000089e00000|100%| E|CS|TAMS 0x0000000089d00000, 0x0000000089d00000| Complete 
| 122|0x0000000089e00000, 0x0000000089f00000, 0x0000000089f00000|100%| E|CS|TAMS 0x0000000089e00000, 0x0000000089e00000| Complete 
| 123|0x0000000089f00000, 0x000000008a000000, 0x000000008a000000|100%| E|CS|TAMS 0x0000000089f00000, 0x0000000089f00000| Complete 
| 124|0x000000008a000000, 0x000000008a100000, 0x000000008a100000|100%| E|CS|TAMS 0x000000008a000000, 0x000000008a000000| Complete 
| 125|0x000000008a100000, 0x000000008a200000, 0x000000008a200000|100%| E|CS|TAMS 0x000000008a100000, 0x000000008a100000| Complete 

Card table byte_map: [0x000001afa8640000,0x000001afa8a30000] _byte_map_base: 0x000001afa822e000

Marking Bits (Prev, Next): (CMBitMap*) 0x000001af90dfcea0, (CMBitMap*) 0x000001af90dfcee0
 Prev Bits: [0x000001afa8e20000, 0x000001afaad90000)
 Next Bits: [0x000001afaad90000, 0x000001afacd00000)

Polling page: 0x000001af90570000

Metaspace:

Usage:
  Non-class:      4.72 MB used.
      Class:    545.61 KB used.
       Both:      5.25 MB used.

Virtual space:
  Non-class space:       64.00 MB reserved,       4.81 MB (  8%) committed,  1 nodes.
      Class space:        1.00 GB reserved,     640.00 KB ( <1%) committed,  1 nodes.
             Both:        1.06 GB reserved,       5.44 MB ( <1%) committed. 

Chunk freelists:
   Non-Class:  2.23 MB
       Class:  3.43 MB
        Both:  5.66 MB

MaxMetaspaceSize: unlimited
CompressedClassSpaceSize: 1.00 GB
Initial GC threshold: 21.00 MB
Current GC threshold: 21.00 MB
CDS: on
MetaspaceReclaimPolicy: balanced
 - commit_granule_bytes: 65536.
 - commit_granule_words: 8192.
 - virtual_space_node_default_size: 8388608.
 - enlarge_chunks_in_place: 1.
 - new_chunks_are_fully_committed: 0.
 - uncommit_free_chunks: 1.
 - use_allocation_guard: 0.


Internal statistics:

num_allocs_failed_limit: 0.
num_arena_births: 110.
num_arena_deaths: 0.
num_vsnodes_births: 2.
num_vsnodes_deaths: 0.
num_space_committed: 87.
num_space_uncommitted: 0.
num_chunks_returned_to_freelist: 0.
num_chunks_taken_from_freelist: 205.
num_chunk_merges: 0.
num_chunk_splits: 144.
num_chunks_enlarged: 109.
num_inconsistent_stats: 0.

CodeHeap 'non-profiled nmethods': size=120000Kb used=228Kb max_used=228Kb free=119771Kb
 bounds [0x000001afa07d0000, 0x000001afa0a40000, 0x000001afa7d00000]
CodeHeap 'profiled nmethods': size=120000Kb used=1296Kb max_used=1296Kb free=118703Kb
 bounds [0x000001af98d00000, 0x000001af98f70000, 0x000001afa0230000]
CodeHeap 'non-nmethods': size=5760Kb used=1249Kb max_used=1265Kb free=4510Kb
 bounds [0x000001afa0230000, 0x000001afa04a0000, 0x000001afa07d0000]
 total_blobs=1316 nmethods=855 adapters=372
 compilation: enabled
              stopped_count=0, restarted_count=0
 full_count=0

Compilation events (20 events):
Event: 0.400 Thread 0x000001afaf957900 nmethod 842 0x000001af98e40690 code [0x000001af98e40860, 0x000001af98e40b78]
Event: 0.400 Thread 0x000001afaf957900  843   !   3       org.apache.commons.logging.LogFactory::directGetContextClassLoader (15 bytes)
Event: 0.400 Thread 0x000001afaf957900 nmethod 843 0x000001af98e40c10 code [0x000001af98e40dc0, 0x000001af98e40fe8]
Event: 0.400 Thread 0x000001afaf957900  844       3       org.apache.commons.logging.LogFactory::getContextClassLoaderInternal (14 bytes)
Event: 0.400 Thread 0x000001afaf957900 nmethod 844 0x000001af98e41110 code [0x000001af98e41320, 0x000001af98e419b8]
Event: 0.400 Thread 0x000001afaf957900  845       3       org.apache.commons.logging.LogFactory$1::<init> (5 bytes)
Event: 0.400 Thread 0x000001afaf957900 nmethod 845 0x000001af98e41c90 code [0x000001af98e41e40, 0x000001af98e41f98]
Event: 0.402 Thread 0x000001afaf957900  847       3       java.lang.invoke.MethodHandles$Lookup::checkAccess (232 bytes)
Event: 0.403 Thread 0x000001af90d9a280 nmethod 820 0x000001afa0807090 code [0x000001afa0807220, 0x000001afa0807618]
Event: 0.403 Thread 0x000001af90d9a280  849       4       java.lang.invoke.MethodType::parameterCount (6 bytes)
Event: 0.403 Thread 0x000001afaf957900 nmethod 847 0x000001af98e42090 code [0x000001af98e42380, 0x000001af98e43418]
Event: 0.403 Thread 0x000001afaf957900  848       3       java.lang.StringBuilder::append (8 bytes)
Event: 0.403 Thread 0x000001afaf957900 nmethod 848 0x000001af98e43890 code [0x000001af98e43a40, 0x000001af98e43b88]
Event: 0.403 Thread 0x000001afaf957900  853       3       org.apache.commons.logging.LogFactory::getLog (8 bytes)
Event: 0.403 Thread 0x000001af90d9a280 nmethod 849 0x000001afa0807710 code [0x000001afa08078a0, 0x000001afa0807938]
Event: 0.403 Thread 0x000001af90d9a280  825       4       java.util.WeakHashMap$Entry::getKey (8 bytes)
Event: 0.403 Thread 0x000001afaf957900 nmethod 853 0x000001af98e43c10 code [0x000001af98e43de0, 0x000001af98e44088]
Event: 0.403 Thread 0x000001afaf957900  854   !   3       org.apache.commons.logging.LogFactory::getFactory (684 bytes)
Event: 0.404 Thread 0x000001af90d9a280 nmethod 825 0x000001afa0807a10 code [0x000001afa0807ba0, 0x000001afa0807c78]
Event: 0.404 Thread 0x000001af90d9a280  824       4       java.util.WeakHashMap$HashIterator::nextEntry (81 bytes)

GC Heap History (0 events):
No events

Dll operation events (7 events):
Event: 0.006 Loaded shared library C:\Program Files\java\openjdk-19_windows-x64_bin\jdk-19\bin\java.dll
Event: 0.013 Loaded shared library C:\Program Files\java\openjdk-19_windows-x64_bin\jdk-19\bin\jsvml.dll
Event: 0.040 Loaded shared library C:\Program Files\java\openjdk-19_windows-x64_bin\jdk-19\bin\net.dll
Event: 0.042 Loaded shared library C:\Program Files\java\openjdk-19_windows-x64_bin\jdk-19\bin\nio.dll
Event: 0.050 Loaded shared library C:\Program Files\java\openjdk-19_windows-x64_bin\jdk-19\bin\zip.dll
Event: 0.062 Loaded shared library C:\Program Files\java\openjdk-19_windows-x64_bin\jdk-19\bin\verify.dll
Event: 0.068 Loaded shared library C:\Program Files\java\openjdk-19_windows-x64_bin\jdk-19\bin\jimage.dll

Deoptimization events (20 events):
Event: 0.056 Thread 0x000001af90d99260 DEOPT PACKING pc=0x000001af98d1438c sp=0x0000003ce4dfddd0
Event: 0.056 Thread 0x000001af90d99260 DEOPT UNPACKING pc=0x000001afa0297543 sp=0x0000003ce4dfd260 mode 0
Event: 0.056 Thread 0x000001af90d99260 DEOPT PACKING pc=0x000001af98d1438c sp=0x0000003ce4dfddd0
Event: 0.056 Thread 0x000001af90d99260 DEOPT UNPACKING pc=0x000001afa0297543 sp=0x0000003ce4dfd260 mode 0
Event: 0.056 Thread 0x000001af90d99260 DEOPT PACKING pc=0x000001af98d1438c sp=0x0000003ce4dfddd0
Event: 0.056 Thread 0x000001af90d99260 DEOPT UNPACKING pc=0x000001afa0297543 sp=0x0000003ce4dfd260 mode 0
Event: 0.056 Thread 0x000001af90d99260 DEOPT PACKING pc=0x000001af98d1438c sp=0x0000003ce4dfddd0
Event: 0.056 Thread 0x000001af90d99260 DEOPT UNPACKING pc=0x000001afa0297543 sp=0x0000003ce4dfd260 mode 0
Event: 0.056 Thread 0x000001af90d99260 DEOPT PACKING pc=0x000001af98d1438c sp=0x0000003ce4dfddd0
Event: 0.056 Thread 0x000001af90d99260 DEOPT UNPACKING pc=0x000001afa0297543 sp=0x0000003ce4dfd260 mode 0
Event: 0.056 Thread 0x000001af90d99260 DEOPT PACKING pc=0x000001af98d1438c sp=0x0000003ce4dfddd0
Event: 0.056 Thread 0x000001af90d99260 DEOPT UNPACKING pc=0x000001afa0297543 sp=0x0000003ce4dfd260 mode 0
Event: 0.056 Thread 0x000001af90d99260 DEOPT PACKING pc=0x000001af98d1438c sp=0x0000003ce4dfddd0
Event: 0.056 Thread 0x000001af90d99260 DEOPT UNPACKING pc=0x000001afa0297543 sp=0x0000003ce4dfd260 mode 0
Event: 0.056 Thread 0x000001af90d99260 DEOPT PACKING pc=0x000001af98d1438c sp=0x0000003ce4dfddd0
Event: 0.056 Thread 0x000001af90d99260 DEOPT UNPACKING pc=0x000001afa0297543 sp=0x0000003ce4dfd260 mode 0
Event: 0.194 Thread 0x000001af90d99260 DEOPT PACKING pc=0x000001af98d250e7 sp=0x0000003ce4dfe310
Event: 0.194 Thread 0x000001af90d99260 DEOPT UNPACKING pc=0x000001afa0297543 sp=0x0000003ce4dfd730 mode 0
Event: 0.205 Thread 0x000001af90d99260 DEOPT PACKING pc=0x000001af98d13551 sp=0x0000003ce4dfe600
Event: 0.205 Thread 0x000001af90d99260 DEOPT UNPACKING pc=0x000001afa0297543 sp=0x0000003ce4dfda78 mode 0

Classes loaded (20 events):
Event: 0.378 Loading class java/util/Hashtable$EntrySet
Event: 0.378 Loading class java/util/Hashtable$EntrySet done
Event: 0.378 Loading class sun/reflect/generics/tree/VoidDescriptor
Event: 0.378 Loading class sun/reflect/generics/tree/VoidDescriptor done
Event: 0.379 Loading class sun/reflect/generics/tree/IntSignature
Event: 0.379 Loading class sun/reflect/generics/tree/IntSignature done
Event: 0.379 Loading class java/util/regex/Pattern$BnM
Event: 0.379 Loading class java/util/regex/Pattern$BnM done
Event: 0.379 Loading class java/util/EventObject
Event: 0.379 Loading class java/util/EventObject done
Event: 0.380 Loading class java/util/TooManyListenersException
Event: 0.380 Loading class java/util/TooManyListenersException done
Event: 0.381 Loading class java/util/StringTokenizer
Event: 0.381 Loading class java/util/StringTokenizer done
Event: 0.385 Loading class java/lang/ThreadLocal$SuppliedThreadLocal
Event: 0.385 Loading class java/lang/ThreadLocal$SuppliedThreadLocal done
Event: 0.396 Loading class sun/invoke/util/ValueConversions$1
Event: 0.396 Loading class sun/invoke/util/ValueConversions$1 done
Event: 0.397 Loading class java/lang/invoke/BoundMethodHandle$Species_LI
Event: 0.397 Loading class java/lang/invoke/BoundMethodHandle$Species_LI done

Classes unloaded (0 events):
No events

Classes redefined (0 events):
No events

Internal exceptions (20 events):
Event: 0.373 Thread 0x000001af90d99260 Exception <a 'java/lang/ClassNotFoundException'{0x000000008987a060}: com/puppycrawl/tools/checkstyle/CheckerBeanInfo> (0x000000008987a060) 
thrown [s\open\src\hotspot\share\classfile\systemDictionary.cpp, line 255]
Event: 0.373 Thread 0x000001af90d99260 Exception <a 'java/lang/ClassNotFoundException'{0x000000008987aed0}: com/puppycrawl/tools/checkstyle/api/AutomaticBeanBeanInfo> (0x000000008987aed0) 
thrown [s\open\src\hotspot\share\classfile\systemDictionary.cpp, line 255]
Event: 0.373 Thread 0x000001af90d99260 Exception <a 'java/lang/ClassNotFoundException'{0x000000008987b658}: java/lang/ObjectBeanInfo> (0x000000008987b658) 
thrown [s\open\src\hotspot\share\classfile\systemDictionary.cpp, line 255]
Event: 0.373 Thread 0x000001af90d99260 Exception <a 'java/lang/ClassNotFoundException'{0x000000008987c458}: java/lang/ObjectCustomizer> (0x000000008987c458) 
thrown [s\open\src\hotspot\share\classfile\systemDictionary.cpp, line 255]
Event: 0.375 Thread 0x000001af90d99260 Exception <a 'java/lang/NoSuchMethodError'{0x0000000089881ad8}: 'java.lang.Object java.lang.invoke.DirectMethodHandle$Holder.invokeInterface(java.lang.Object, java.lang.Object)'> (0x0000000089881ad8) 
thrown [s\open\src\hotspot\share\interpreter\linkResolver.cpp, line 774]
Event: 0.375 Thread 0x000001af90d99260 Exception <a 'java/lang/IncompatibleClassChangeError'{0x00000000898852d8}: Found class java.lang.Object, but interface was expected> (0x00000000898852d8) 
thrown [s\open\src\hotspot\share\interpreter\linkResolver.cpp, line 841]
Event: 0.377 Thread 0x000001af90d99260 Exception <a 'java/lang/ClassNotFoundException'{0x0000000089890d00}: com/puppycrawl/tools/checkstyle/api/AutomaticBeanCustomizer> (0x0000000089890d00) 
thrown [s\open\src\hotspot\share\classfile\systemDictionary.cpp, line 255]
Event: 0.378 Thread 0x000001af90d99260 Exception <a 'java/lang/ClassNotFoundException'{0x0000000089894df0}: com/puppycrawl/tools/checkstyle/CheckerCustomizer> (0x0000000089894df0) 
thrown [s\open\src\hotspot\share\classfile\systemDictionary.cpp, line 255]
Event: 0.381 Thread 0x000001af90d99260 Exception <a 'java/lang/NoSuchMethodError'{0x00000000898cb9e8}: 'void java.lang.invoke.DirectMethodHandle$Holder.invokeSpecial(java.lang.Object, java.lang.Object, java.lang.Object)'> (0x00000000898cb9e8) 
thrown [s\open\src\hotspot\share\interpreter\linkResolver.cpp, line 774]
Event: 0.386 Thread 0x000001af90d99260 Exception <a 'java/lang/ClassNotFoundException'{0x0000000089719b98}: com/puppycrawl/tools/checkstyle/checks/NewlineAtEndOfFileCheckBeanInfo> (0x0000000089719b98) 
thrown [s\open\src\hotspot\share\classfile\systemDictionary.cpp, line 255]
Event: 0.386 Thread 0x000001af90d99260 Exception <a 'java/lang/ClassNotFoundException'{0x000000008971a9e8}: com/puppycrawl/tools/checkstyle/api/AbstractFileSetCheckBeanInfo> (0x000000008971a9e8) 
thrown [s\open\src\hotspot\share\classfile\systemDictionary.cpp, line 255]
Event: 0.386 Thread 0x000001af90d99260 Exception <a 'java/lang/ClassNotFoundException'{0x000000008971bb28}: com/puppycrawl/tools/checkstyle/api/AbstractViolationReporterBeanInfo> (0x000000008971bb28) 
thrown [s\open\src\hotspot\share\classfile\systemDictionary.cpp, line 255]
Event: 0.386 Thread 0x000001af90d99260 Exception <a 'java/lang/ClassNotFoundException'{0x000000008971c990}: com/puppycrawl/tools/checkstyle/api/AbstractViolationReporterCustomizer> (0x000000008971c990) 
thrown [s\open\src\hotspot\share\classfile\systemDictionary.cpp, line 255]
Event: 0.387 Thread 0x000001af90d99260 Exception <a 'java/lang/ClassNotFoundException'{0x0000000089724b80}: com/puppycrawl/tools/checkstyle/api/AbstractFileSetCheckCustomizer> (0x0000000089724b80) 
thrown [s\open\src\hotspot\share\classfile\systemDictionary.cpp, line 255]
Event: 0.389 Thread 0x000001af90d99260 Exception <a 'java/lang/ClassNotFoundException'{0x000000008973f3e8}: com/puppycrawl/tools/checkstyle/checks/NewlineAtEndOfFileCheckCustomizer> (0x000000008973f3e8) 
thrown [s\open\src\hotspot\share\classfile\systemDictionary.cpp, line 255]
Event: 0.396 Thread 0x000001af90d99260 Exception <a 'java/lang/NoSuchMethodError'{0x00000000897c4550}: 'void java.lang.invoke.DirectMethodHandle$Holder.invokeSpecial(java.lang.Object, java.lang.Object, int)'> (0x00000000897c4550) 
thrown [s\open\src\hotspot\share\interpreter\linkResolver.cpp, line 774]
Event: 0.396 Thread 0x000001af90d99260 Exception <a 'java/lang/NoSuchMethodError'{0x00000000897c9230}: 'int java.lang.invoke.DirectMethodHandle$Holder.invokeSpecial(java.lang.Object, java.lang.Object, java.lang.Object, int)'> (0x00000000897c9230) 
thrown [s\open\src\hotspot\share\interpreter\linkResolver.cpp, line 774]
Event: 0.397 Thread 0x000001af90d99260 Exception <a 'java/lang/NoSuchMethodError'{0x00000000897db758}: 'java.lang.Object java.lang.invoke.DirectMethodHandle$Holder.invokeStatic(java.lang.Object, java.lang.Object, java.lang.Object, java.lang.Object, int)'> (0x00000000897db758) 
thrown [s\open\src\hotspot\share\interpreter\linkResolver.cpp, line 774]
Event: 0.403 Thread 0x000001af90d99260 Exception <a 'java/lang/ClassNotFoundException'{0x0000000089653060}: com/puppycrawl/tools/checkstyle/checks/TranslationCheckBeanInfo> (0x0000000089653060) 
thrown [s\open\src\hotspot\share\classfile\systemDictionary.cpp, line 255]
Event: 0.403 Thread 0x000001af90d99260 Exception <a 'java/lang/ClassNotFoundException'{0x0000000089653ea8}: com/puppycrawl/tools/checkstyle/checks/TranslationCheckCustomizer> (0x0000000089653ea8) 
thrown [s\open\src\hotspot\share\classfile\systemDictionary.cpp, line 255]

VM Operations (6 events):
Event: 0.050 Executing VM operation: HandshakeAllThreads
Event: 0.050 Executing VM operation: HandshakeAllThreads done
Event: 0.241 Executing VM operation: HandshakeAllThreads
Event: 0.241 Executing VM operation: HandshakeAllThreads done
Event: 0.342 Executing VM operation: HandshakeAllThreads
Event: 0.342 Executing VM operation: HandshakeAllThreads done

Events (13 events):
Event: 0.014 Thread 0x000001af90d99260 Thread added: 0x000001af90d99260
Event: 0.025 Thread 0x000001afaf93e9e0 Thread added: 0x000001afaf93e9e0
Event: 0.025 Thread 0x000001afaf93f7d0 Thread added: 0x000001afaf93f7d0
Event: 0.026 Thread 0x000001afaf942280 Thread added: 0x000001afaf942280
Event: 0.026 Thread 0x000001afaf944bc0 Thread added: 0x000001afaf944bc0
Event: 0.026 Thread 0x000001afaf945630 Thread added: 0x000001afaf945630
Event: 0.026 Thread 0x000001afaf945f60 Thread added: 0x000001afaf945f60
Event: 0.026 Thread 0x000001afaf94c350 Thread added: 0x000001afaf94c350
Event: 0.026 Thread 0x000001afaf957900 Thread added: 0x000001afaf957900
Event: 0.026 Thread 0x000001afaf961e80 Thread added: 0x000001afaf961e80
Event: 0.037 Thread 0x000001afb3ce2e20 Thread added: 0x000001afb3ce2e20
Event: 0.038 Thread 0x000001afb3ce9210 Thread added: 0x000001afb3ce9210
Event: 0.049 Thread 0x000001af90d9a280 Thread added: 0x000001af90d9a280


Dynamic libraries:
0x00007ff7850a0000 - 0x00007ff7850ae000 	C:\Program Files\java\openjdk-19_windows-x64_bin\jdk-19\bin\java.exe
0x00007ffefba30000 - 0x00007ffefbc28000 	C:\Windows\SYSTEM32\ntdll.dll
0x00007ffefac60000 - 0x00007ffefad1f000 	C:\Windows\System32\KERNEL32.DLL
0x00007ffef95b0000 - 0x00007ffef9882000 	C:\Windows\System32\KERNELBASE.dll
0x00007ffef94b0000 - 0x00007ffef95b0000 	C:\Windows\System32\ucrtbase.dll
0x00007ffef4d20000 - 0x00007ffef4d3b000 	C:\Program Files\java\openjdk-19_windows-x64_bin\jdk-19\bin\VCRUNTIME140.dll
0x00007ffef4cd0000 - 0x00007ffef4ce7000 	C:\Program Files\java\openjdk-19_windows-x64_bin\jdk-19\bin\jli.dll
0x00007ffef9a80000 - 0x00007ffef9c1d000 	C:\Windows\System32\USER32.dll
0x00007ffee0a70000 - 0x00007ffee0d0a000 	C:\Windows\WinSxS\amd64_microsoft.windows.common-controls_6595b64144ccf1df_6.0.19041.1110_none_60b5254171f9507e\COMCTL32.dll
0x00007ffef9200000 - 0x00007ffef9222000 	C:\Windows\System32\win32u.dll
0x00007ffefaf20000 - 0x00007ffefafbe000 	C:\Windows\System32\msvcrt.dll
0x00007ffefadd0000 - 0x00007ffefadfb000 	C:\Windows\System32\GDI32.dll
0x00007ffef9970000 - 0x00007ffef9a7f000 	C:\Windows\System32\gdi32full.dll
0x00007ffef9160000 - 0x00007ffef91fd000 	C:\Windows\System32\msvcp_win.dll
0x00007ffefaee0000 - 0x00007ffefaf12000 	C:\Windows\System32\IMM32.DLL
0x00007ffef68b0000 - 0x00007ffef68bc000 	C:\Program Files\java\openjdk-19_windows-x64_bin\jdk-19\bin\vcruntime140_1.dll
0x00007ffee6c70000 - 0x00007ffee6cfe000 	C:\Program Files\java\openjdk-19_windows-x64_bin\jdk-19\bin\msvcp140.dll
0x00007ffeb3120000 - 0x00007ffeb3de0000 	C:\Program Files\java\openjdk-19_windows-x64_bin\jdk-19\bin\server\jvm.dll
0x00007ffefb940000 - 0x00007ffefb9ee000 	C:\Windows\System32\ADVAPI32.dll
0x00007ffefb0f0000 - 0x00007ffefb18c000 	C:\Windows\System32\sechost.dll
0x00007ffefa1f0000 - 0x00007ffefa315000 	C:\Windows\System32\RPCRT4.dll
0x00007ffedc610000 - 0x00007ffedc619000 	C:\Windows\SYSTEM32\WSOCK32.dll
0x00007ffef3b40000 - 0x00007ffef3b4a000 	C:\Windows\SYSTEM32\VERSION.dll
0x00007ffee58a0000 - 0x00007ffee58c7000 	C:\Windows\SYSTEM32\WINMM.dll
0x00007ffefb720000 - 0x00007ffefb78b000 	C:\Windows\System32\WS2_32.dll
0x00007ffef6ff0000 - 0x00007ffef7002000 	C:\Windows\SYSTEM32\kernel.appcore.dll
0x00007ffef4d50000 - 0x00007ffef4d5a000 	C:\Program Files\java\openjdk-19_windows-x64_bin\jdk-19\bin\jimage.dll
0x00007ffee11b0000 - 0x00007ffee1394000 	C:\Windows\SYSTEM32\DBGHELP.DLL
0x00007ffeddbc0000 - 0x00007ffeddbec000 	C:\Windows\SYSTEM32\dbgcore.DLL
0x00007ffef98e0000 - 0x00007ffef9962000 	C:\Windows\System32\bcryptPrimitives.dll
0x00007ffef4ca0000 - 0x00007ffef4cc6000 	C:\Program Files\java\openjdk-19_windows-x64_bin\jdk-19\bin\java.dll
0x00007ffecb480000 - 0x00007ffecb557000 	C:\Program Files\java\openjdk-19_windows-x64_bin\jdk-19\bin\jsvml.dll
0x00007ffefa3b0000 - 0x00007ffefaaf3000 	C:\Windows\System32\SHELL32.dll
0x00007ffef71f0000 - 0x00007ffef7982000 	C:\Windows\SYSTEM32\windows.storage.dll
0x00007ffef9e20000 - 0x00007ffefa174000 	C:\Windows\System32\combase.dll
0x00007ffef8b90000 - 0x00007ffef8bc0000 	C:\Windows\SYSTEM32\Wldp.dll
0x00007ffef9c40000 - 0x00007ffef9ced000 	C:\Windows\System32\SHCORE.dll
0x00007ffefab00000 - 0x00007ffefab55000 	C:\Windows\System32\shlwapi.dll
0x00007ffef9070000 - 0x00007ffef908f000 	C:\Windows\SYSTEM32\profapi.dll
0x00007ffef3860000 - 0x00007ffef3873000 	C:\Program Files\java\openjdk-19_windows-x64_bin\jdk-19\bin\net.dll
0x00007ffef2640000 - 0x00007ffef274c000 	C:\Windows\SYSTEM32\WINHTTP.dll
0x00007ffef88f0000 - 0x00007ffef895a000 	C:\Windows\system32\mswsock.dll
0x00007ffef3840000 - 0x00007ffef3856000 	C:\Program Files\java\openjdk-19_windows-x64_bin\jdk-19\bin\nio.dll
0x00007ffeed6b0000 - 0x00007ffeed6c8000 	C:\Program Files\java\openjdk-19_windows-x64_bin\jdk-19\bin\zip.dll
0x00007ffee99f0000 - 0x00007ffee9a00000 	C:\Program Files\java\openjdk-19_windows-x64_bin\jdk-19\bin\verify.dll

dbghelp: loaded successfully - version: 4.0.5 - missing functions: none
symbol engine: initialized successfully - sym options: 0x614 - pdb path: .;C:\Program Files\java\openjdk-19_windows-x64_bin\jdk-19\bin;C:\Windows\SYSTEM32;C:\Windows\WinSxS\amd64_microsoft.windows.common-controls_6595b64144ccf1df_6.0.19041.1110_none_60b5254171f9507e;C:\Program Files\java\openjdk-19_windows-x64_bin\jdk-19\bin\server

VM Arguments:
java_command: src/checker/checkstyle-8.36.2-all.jar -c src/checker/poo_checks.xml ./
java_class_path (initial): src/checker/checkstyle-8.36.2-all.jar
Launcher Type: SUN_STANDARD

[Global flags]
     intx CICompilerCount                          = 4                                         {product} {ergonomic}
     uint ConcGCThreads                            = 3                                         {product} {ergonomic}
     uint G1ConcRefinementThreads                  = 10                                        {product} {ergonomic}
   size_t G1HeapRegionSize                         = 1048576                                   {product} {ergonomic}
    uintx GCDrainStackTargetSize                   = 64                                        {product} {ergonomic}
   size_t InitialHeapSize                          = 132120576                                 {product} {ergonomic}
   size_t MarkStackSize                            = 4194304                                   {product} {ergonomic}
   size_t MaxHeapSize                              = 2109734912                                {product} {ergonomic}
   size_t MaxNewSize                               = 1265631232                                {product} {ergonomic}
   size_t MinHeapDeltaBytes                        = 1048576                                   {product} {ergonomic}
   size_t MinHeapSize                              = 8388608                                   {product} {ergonomic}
    uintx NonNMethodCodeHeapSize                   = 5839372                                {pd product} {ergonomic}
    uintx NonProfiledCodeHeapSize                  = 122909434                              {pd product} {ergonomic}
    uintx ProfiledCodeHeapSize                     = 122909434                              {pd product} {ergonomic}
    uintx ReservedCodeCacheSize                    = 251658240                              {pd product} {ergonomic}
     bool SegmentedCodeCache                       = true                                      {product} {ergonomic}
   size_t SoftMaxHeapSize                          = 2109734912                             {manageable} {ergonomic}
     bool UseCompressedClassPointers               = true                           {product lp64_product} {ergonomic}
     bool UseCompressedOops                        = true                           {product lp64_product} {ergonomic}
     bool UseG1GC                                  = true                                      {product} {ergonomic}
     bool UseLargePagesIndividualAllocation        = false                                  {pd product} {ergonomic}

Logging:
Log output configuration:
 #0: stdout all=warning uptime,level,tags foldmultilines=false
 #1: stderr all=off uptime,level,tags foldmultilines=false

Environment Variables:
JAVA_HOME=C:\Program Files\java\openjdk-19_windows-x64_bin\jdk-19\
PATH=C:\Program Files (x86)\VMware\VMware Player\bin\;C:\Windows\system32;C:\Windows;C:\Windows\System32\Wbem;C:\Windows\System32\WindowsPowerShell\v1.0\;C:\Windows\System32\OpenSSH\;C:\Program Files (x86)\NVIDIA Corporation\PhysX\Common;C:\Program Files\NVIDIA Corporation\NVIDIA NvDLISR;C:\Program Files\MATLAB\R2022a\bin;C:\Program Files\Intel\WiFi\bin\;C:\Program Files\Common Files\Intel\WirelessCommon\;C:\Program Files\dotnet\;C:\Program Files\java\openjdk-19_windows-x64_bin\jdk-19\bin;C:\Strawberry\c\bin;C:\Strawberry\perl\site\bin;C:\Strawberry\perl\bin;C:\Program Files\Git\cmd;C:\Users\Windows\AppData\Local\Microsoft\WindowsApps;;C:\Users\Windows\AppData\Local\Programs\Microsoft VS Code\bin;C:\Program Files\JetBrains\IntelliJ IDEA 2022.2.3\bin;
USERNAME=Windows
OS=Windows_NT
PROCESSOR_IDENTIFIER=Intel64 Family 6 Model 158 Stepping 10, GenuineIntel
TMP=C:\Users\Windows\AppData\Local\Temp
TEMP=C:\Users\Windows\AppData\Local\Temp



---------------  S Y S T E M  ---------------

OS:
 Windows 10 , 64 bit Build 19041 (10.0.19041.2251)
OS uptime: 4 days 11:54 hours

CPU: total 12 (initial active 12) (6 cores per cpu, 2 threads per core) family 6 model 158 stepping 10 microcode 0xb4, cx8, cmov, fxsr, ht, mmx, 3dnowpref, sse, sse2, sse3, ssse3, sse4.1, sse4.2, popcnt, lzcnt, tsc, tscinvbit, avx, avx2, aes, erms, clmul, bmi1, bmi2, adx, fma, vzeroupper, clflush, clflushopt, rdtscp

Memory: 4k page, system-wide physical 8041M (757M free)
TotalPageFile size 32617M (AvailPageFile size 5M)
current process WorkingSet (physical memory assigned to process): 63M, peak: 63M
current process commit charge ("private bytes"): 225M, peak: 225M

vm_info: OpenJDK 64-Bit Server VM (19+36-2238) for windows-amd64 JRE (19+36-2238), built on 2022-08-12T20:29:01Z by "mach5one" with MS VC++ 17.1 (VS2022)

END.
