#
# There is insufficient memory for the Java Runtime Environment to continue.
# Native memory allocation (malloc) failed to allocate 1029056 bytes for Chunk::new
# Possible reasons:
#   The system is out of physical RAM or swap space
#   The process is running with CompressedOops enabled, and the Java Heap may be blocking the growth of the native heap
# Possible solutions:
#   Reduce memory load on the system
#   Increase physical memory or swap space
#   Check if swap backing store is full
#   Decrease Java heap size (-Xmx/-Xms)
#   Decrease number of Java threads
#   Decrease Java thread stack sizes (-Xss)
#   Set larger code cache with -XX:ReservedCodeCacheSize=
#   JVM is running with Unscaled Compressed Oops mode in which the Java heap is
#     placed in the first 4GB address space. The Java Heap base address is the
#     maximum limit for the native heap growth. Please use -XX:HeapBaseMinAddress
#     to set the Java Heap base and to place the Java Heap above 4GB virtual address.
# This output file may be truncated or incomplete.
#
#  Out of Memory Error (arena.cpp:184), pid=4976, tid=18548
#
# JRE version: OpenJDK Runtime Environment (19.0+36) (build 19+36-2238)
# Java VM: OpenJDK 64-Bit Server VM (19+36-2238, mixed mode, sharing, tiered, compressed oops, compressed class ptrs, g1 gc, windows-amd64)
# No core dump will be written. Minidumps are not enabled by default on client versions of Windows
#

---------------  S U M M A R Y ------------

Command Line: src/checker/checkstyle-8.36.2-all.jar -c src/checker/poo_checks.xml ./

Host: Intel(R) Core(TM) i7-9750H CPU @ 2.60GHz, 12 cores, 7G,  Windows 10 , 64 bit Build 19041 (10.0.19041.2251)
Time: Tue Nov 15 03:29:04 2022 GTB Standard Time elapsed time: 1.062178 seconds (0d 0h 0m 1s)

---------------  T H R E A D  ---------------

Current thread (0x0000026ffef2ff70):  JavaThread "C2 CompilerThread0" daemon [_thread_in_native, id=18548, stack(0x000000cbe8700000,0x000000cbe8800000)]


Current CompileTask:
C2:   1062 1871   !   4       com.puppycrawl.tools.checkstyle.grammar.GeneratedJavaLexer::nextToken (2133 bytes)

Stack: [0x000000cbe8700000,0x000000cbe8800000]
Native frames: (J=compiled Java code, j=interpreted, Vv=VM code, C=native code)
V  [jvm.dll+0x6ee8fa]
V  [jvm.dll+0x857a1e]
V  [jvm.dll+0x85940e]
V  [jvm.dll+0x859ac3]
V  [jvm.dll+0x28291f]
V  [jvm.dll+0xc9b5f]
V  [jvm.dll+0xc9ee5]
V  [jvm.dll+0x2f7c6f]
V  [jvm.dll+0x5f0c5b]
V  [jvm.dll+0x254d73]
V  [jvm.dll+0x24dd16]
V  [jvm.dll+0x24b563]
V  [jvm.dll+0x1d6d61]
V  [jvm.dll+0x25b0fa]
V  [jvm.dll+0x259588]
V  [jvm.dll+0x807928]
V  [jvm.dll+0x8015fa]
V  [jvm.dll+0x6ed5eb]
C  [ucrtbase.dll+0x21bb2]
C  [KERNEL32.DLL+0x174b4]
C  [ntdll.dll+0x526a1]


---------------  P R O C E S S  ---------------

Threads class SMR info:
_java_thread_list=0x0000026fff4f32c0, length=14, elements={
0x0000026ff137aa50, 0x0000026ffef1c4e0, 0x0000026ffef1d2d0, 0x0000026ffef23270,
0x0000026ffef26bc0, 0x0000026ffef274f0, 0x0000026ffef2b5a0, 0x0000026ffef2ff70,
0x0000026ffef33550, 0x0000026ffef3f030, 0x0000026ffef3e040, 0x0000026ffef3e590,
0x0000026fff1a1c10, 0x0000026fff7bb220
}

Java Threads: ( => current thread )
  0x0000026ff137aa50 JavaThread "main" [_thread_blocked, id=10380, stack(0x000000cbe7a00000,0x000000cbe7b00000)]
  0x0000026ffef1c4e0 JavaThread "Reference Handler" daemon [_thread_blocked, id=7984, stack(0x000000cbe8100000,0x000000cbe8200000)]
  0x0000026ffef1d2d0 JavaThread "Finalizer" daemon [_thread_blocked, id=16076, stack(0x000000cbe8200000,0x000000cbe8300000)]
  0x0000026ffef23270 JavaThread "Signal Dispatcher" daemon [_thread_blocked, id=9892, stack(0x000000cbe8300000,0x000000cbe8400000)]
  0x0000026ffef26bc0 JavaThread "Attach Listener" daemon [_thread_blocked, id=6564, stack(0x000000cbe8400000,0x000000cbe8500000)]
  0x0000026ffef274f0 JavaThread "Service Thread" daemon [_thread_blocked, id=13356, stack(0x000000cbe8500000,0x000000cbe8600000)]
  0x0000026ffef2b5a0 JavaThread "Monitor Deflation Thread" daemon [_thread_blocked, id=8628, stack(0x000000cbe8600000,0x000000cbe8700000)]
=>0x0000026ffef2ff70 JavaThread "C2 CompilerThread0" daemon [_thread_in_native, id=18548, stack(0x000000cbe8700000,0x000000cbe8800000)]
  0x0000026ffef33550 JavaThread "C1 CompilerThread0" daemon [_thread_blocked, id=13572, stack(0x000000cbe8800000,0x000000cbe8900000)]
  0x0000026ffef3f030 JavaThread "Sweeper thread" daemon [_thread_blocked, id=13068, stack(0x000000cbe8900000,0x000000cbe8a00000)]
  0x0000026ffef3e040 JavaThread "Notification Thread" daemon [_thread_blocked, id=21172, stack(0x000000cbe8a00000,0x000000cbe8b00000)]
  0x0000026ffef3e590 JavaThread "Common-Cleaner" daemon [_thread_blocked, id=14768, stack(0x000000cbe8c00000,0x000000cbe8d00000)]
  0x0000026fff1a1c10 JavaThread "C2 CompilerThread1" daemon [_thread_in_native, id=9412, stack(0x000000cbe8d00000,0x000000cbe8e00000)]
  0x0000026fff7bb220 JavaThread "C2 CompilerThread2" daemon [_thread_in_native, id=16788, stack(0x000000cbe9300000,0x000000cbe9400000)]

Other Threads:
  0x0000026ffeefe9d0 VMThread "VM Thread" [stack: 0x000000cbe8000000,0x000000cbe8100000] [id=12688]
  0x0000026fff175370 WatcherThread "VM Periodic Task Thread" [stack: 0x000000cbe8b00000,0x000000cbe8c00000] [id=10164]
  0x0000026ff13d9a10 WorkerThread "GC Thread#0" [stack: 0x000000cbe7b00000,0x000000cbe7c00000] [id=380]
  0x0000026fff55c630 WorkerThread "GC Thread#1" [stack: 0x000000cbe8e00000,0x000000cbe8f00000] [id=12592]
  0x0000026fff55c900 WorkerThread "GC Thread#2" [stack: 0x000000cbe8f00000,0x000000cbe9000000] [id=13344]
  0x0000026fff5be470 WorkerThread "GC Thread#3" [stack: 0x000000cbe9000000,0x000000cbe9100000] [id=3108]
  0x0000026fff7e3db0 WorkerThread "GC Thread#4" [stack: 0x000000cbe9100000,0x000000cbe9200000] [id=21064]
  0x0000026fff80fab0 WorkerThread "GC Thread#5" [stack: 0x000000cbe9200000,0x000000cbe9300000] [id=12220]
  0x0000026fff810320 WorkerThread "GC Thread#6" [stack: 0x000000cbe9400000,0x000000cbe9500000] [id=11872]
  0x0000026fff80f510 WorkerThread "GC Thread#7" [stack: 0x000000cbe9500000,0x000000cbe9600000] [id=13944]
  0x0000026fff810e60 WorkerThread "GC Thread#8" [stack: 0x000000cbe9600000,0x000000cbe9700000] [id=12212]
  0x0000026ff13eb6a0 ConcurrentGCThread "G1 Main Marker" [stack: 0x000000cbe7c00000,0x000000cbe7d00000] [id=13256]
  0x0000026ff13ec870 WorkerThread "G1 Conc#0" [stack: 0x000000cbe7d00000,0x000000cbe7e00000] [id=11656]
  0x0000026ffedbc510 ConcurrentGCThread "G1 Refine#0" [stack: 0x000000cbe7e00000,0x000000cbe7f00000] [id=9552]
  0x0000026ffedbce60 ConcurrentGCThread "G1 Service" [stack: 0x000000cbe7f00000,0x000000cbe8000000] [id=14932]

Threads with active compile tasks:
C2 CompilerThread0     1092 1871   !   4       com.puppycrawl.tools.checkstyle.grammar.GeneratedJavaLexer::nextToken (2133 bytes)
C2 CompilerThread1     1092 1905       4       com.puppycrawl.tools.checkstyle.utils.CheckUtil::getFirstNode (40 bytes)
C2 CompilerThread2     1092 1953 %     4       java.text.MessageFormat::applyPattern @ 34 (422 bytes)

VM state: not at safepoint (normal execution)

VM Mutex/Monitor currently owned by a thread: None

Heap address: 0x0000000082400000, size: 2012 MB, Compressed Oops mode: 32-bit

CDS archive(s) mapped at: [0x0000000800000000-0x0000000800c40000-0x0000000800c40000), size 12845056, SharedBaseAddress: 0x0000000800000000, ArchiveRelocationMode: 0.
Compressed class space mapped at: 0x0000000801000000-0x0000000841000000, reserved size: 1073741824
Narrow klass base: 0x0000000800000000, Narrow klass shift: 0, Narrow klass range: 0x100000000

GC Precious Log:
 CardTable entry size: 512
 Card Set container configuration: InlinePtr #cards 5 size 8 Array Of Cards #cards 12 size 40 Howl #buckets 4 coarsen threshold 1843 Howl Bitmap #cards 512 size 80 coarsen threshold 460 Card regions per heap region 1 cards per card region 2048
 CPUs: 12 total, 12 available
 Memory: 8041M
 Large Page Support: Disabled
 NUMA Support: Disabled
 Compressed Oops: Enabled (32-bit)
 Heap Region Size: 1M
 Heap Min Capacity: 8M
 Heap Initial Capacity: 126M
 Heap Max Capacity: 2012M
 Pre-touch: Disabled
 Parallel Workers: 10
 Concurrent Workers: 3
 Concurrent Refinement Workers: 10
 Periodic GC: Disabled

Heap:
 garbage-first heap   total 129024K, used 8970K [0x0000000082400000, 0x0000000100000000)
  region size 1024K, 9 young (9216K), 5 survivors (5120K)
 Metaspace       used 8012K, committed 8192K, reserved 1114112K
  class space    used 718K, committed 768K, reserved 1048576K

Heap Regions: E=young(eden), S=young(survivor), O=old, HS=humongous(starts), HC=humongous(continues), CS=collection set, F=free, OA=open archive, CA=closed archive, TAMS=top-at-mark-start (previous, next)
|   0|0x0000000082400000, 0x0000000082400000, 0x0000000082500000|  0%| F|  |TAMS 0x0000000082400000, 0x0000000082400000| Untracked 
|   1|0x0000000082500000, 0x0000000082600000, 0x0000000082600000|100%|HS|  |TAMS 0x0000000082500000, 0x0000000082500000| Complete 
|   2|0x0000000082600000, 0x0000000082600000, 0x0000000082700000|  0%| F|  |TAMS 0x0000000082600000, 0x0000000082600000| Untracked 
|   3|0x0000000082700000, 0x0000000082700000, 0x0000000082800000|  0%| F|  |TAMS 0x0000000082700000, 0x0000000082700000| Untracked 
|   4|0x0000000082800000, 0x0000000082800000, 0x0000000082900000|  0%| F|  |TAMS 0x0000000082800000, 0x0000000082800000| Untracked 
|   5|0x0000000082900000, 0x0000000082900000, 0x0000000082a00000|  0%| F|  |TAMS 0x0000000082900000, 0x0000000082900000| Untracked 
|   6|0x0000000082a00000, 0x0000000082a00000, 0x0000000082b00000|  0%| F|  |TAMS 0x0000000082a00000, 0x0000000082a00000| Untracked 
|   7|0x0000000082b00000, 0x0000000082b00000, 0x0000000082c00000|  0%| F|  |TAMS 0x0000000082b00000, 0x0000000082b00000| Untracked 
|   8|0x0000000082c00000, 0x0000000082c00000, 0x0000000082d00000|  0%| F|  |TAMS 0x0000000082c00000, 0x0000000082c00000| Untracked 
|   9|0x0000000082d00000, 0x0000000082d00000, 0x0000000082e00000|  0%| F|  |TAMS 0x0000000082d00000, 0x0000000082d00000| Untracked 
|  10|0x0000000082e00000, 0x0000000082e00000, 0x0000000082f00000|  0%| F|  |TAMS 0x0000000082e00000, 0x0000000082e00000| Untracked 
|  11|0x0000000082f00000, 0x0000000082f00000, 0x0000000083000000|  0%| F|  |TAMS 0x0000000082f00000, 0x0000000082f00000| Untracked 
|  12|0x0000000083000000, 0x0000000083000000, 0x0000000083100000|  0%| F|  |TAMS 0x0000000083000000, 0x0000000083000000| Untracked 
|  13|0x0000000083100000, 0x0000000083100000, 0x0000000083200000|  0%| F|  |TAMS 0x0000000083100000, 0x0000000083100000| Untracked 
|  14|0x0000000083200000, 0x0000000083200000, 0x0000000083300000|  0%| F|  |TAMS 0x0000000083200000, 0x0000000083200000| Untracked 
|  15|0x0000000083300000, 0x0000000083300000, 0x0000000083400000|  0%| F|  |TAMS 0x0000000083300000, 0x0000000083300000| Untracked 
|  16|0x0000000083400000, 0x0000000083400000, 0x0000000083500000|  0%| F|  |TAMS 0x0000000083400000, 0x0000000083400000| Untracked 
|  17|0x0000000083500000, 0x0000000083500000, 0x0000000083600000|  0%| F|  |TAMS 0x0000000083500000, 0x0000000083500000| Untracked 
|  18|0x0000000083600000, 0x0000000083600000, 0x0000000083700000|  0%| F|  |TAMS 0x0000000083600000, 0x0000000083600000| Untracked 
|  19|0x0000000083700000, 0x0000000083700000, 0x0000000083800000|  0%| F|  |TAMS 0x0000000083700000, 0x0000000083700000| Untracked 
|  20|0x0000000083800000, 0x0000000083800000, 0x0000000083900000|  0%| F|  |TAMS 0x0000000083800000, 0x0000000083800000| Untracked 
|  21|0x0000000083900000, 0x0000000083900000, 0x0000000083a00000|  0%| F|  |TAMS 0x0000000083900000, 0x0000000083900000| Untracked 
|  22|0x0000000083a00000, 0x0000000083a00000, 0x0000000083b00000|  0%| F|  |TAMS 0x0000000083a00000, 0x0000000083a00000| Untracked 
|  23|0x0000000083b00000, 0x0000000083b00000, 0x0000000083c00000|  0%| F|  |TAMS 0x0000000083b00000, 0x0000000083b00000| Untracked 
|  24|0x0000000083c00000, 0x0000000083c00000, 0x0000000083d00000|  0%| F|  |TAMS 0x0000000083c00000, 0x0000000083c00000| Untracked 
|  25|0x0000000083d00000, 0x0000000083d00000, 0x0000000083e00000|  0%| F|  |TAMS 0x0000000083d00000, 0x0000000083d00000| Untracked 
|  26|0x0000000083e00000, 0x0000000083e00000, 0x0000000083f00000|  0%| F|  |TAMS 0x0000000083e00000, 0x0000000083e00000| Untracked 
|  27|0x0000000083f00000, 0x0000000083f00000, 0x0000000084000000|  0%| F|  |TAMS 0x0000000083f00000, 0x0000000083f00000| Untracked 
|  28|0x0000000084000000, 0x0000000084000000, 0x0000000084100000|  0%| F|  |TAMS 0x0000000084000000, 0x0000000084000000| Untracked 
|  29|0x0000000084100000, 0x0000000084100000, 0x0000000084200000|  0%| F|  |TAMS 0x0000000084100000, 0x0000000084100000| Untracked 
|  30|0x0000000084200000, 0x0000000084200000, 0x0000000084300000|  0%| F|  |TAMS 0x0000000084200000, 0x0000000084200000| Untracked 
|  31|0x0000000084300000, 0x0000000084300000, 0x0000000084400000|  0%| F|  |TAMS 0x0000000084300000, 0x0000000084300000| Untracked 
|  32|0x0000000084400000, 0x0000000084400000, 0x0000000084500000|  0%| F|  |TAMS 0x0000000084400000, 0x0000000084400000| Untracked 
|  33|0x0000000084500000, 0x0000000084500000, 0x0000000084600000|  0%| F|  |TAMS 0x0000000084500000, 0x0000000084500000| Untracked 
|  34|0x0000000084600000, 0x0000000084600000, 0x0000000084700000|  0%| F|  |TAMS 0x0000000084600000, 0x0000000084600000| Untracked 
|  35|0x0000000084700000, 0x0000000084700000, 0x0000000084800000|  0%| F|  |TAMS 0x0000000084700000, 0x0000000084700000| Untracked 
|  36|0x0000000084800000, 0x0000000084800000, 0x0000000084900000|  0%| F|  |TAMS 0x0000000084800000, 0x0000000084800000| Untracked 
|  37|0x0000000084900000, 0x0000000084900000, 0x0000000084a00000|  0%| F|  |TAMS 0x0000000084900000, 0x0000000084900000| Untracked 
|  38|0x0000000084a00000, 0x0000000084a00000, 0x0000000084b00000|  0%| F|  |TAMS 0x0000000084a00000, 0x0000000084a00000| Untracked 
|  39|0x0000000084b00000, 0x0000000084b00000, 0x0000000084c00000|  0%| F|  |TAMS 0x0000000084b00000, 0x0000000084b00000| Untracked 
|  40|0x0000000084c00000, 0x0000000084c00000, 0x0000000084d00000|  0%| F|  |TAMS 0x0000000084c00000, 0x0000000084c00000| Untracked 
|  41|0x0000000084d00000, 0x0000000084d00000, 0x0000000084e00000|  0%| F|  |TAMS 0x0000000084d00000, 0x0000000084d00000| Untracked 
|  42|0x0000000084e00000, 0x0000000084e00000, 0x0000000084f00000|  0%| F|  |TAMS 0x0000000084e00000, 0x0000000084e00000| Untracked 
|  43|0x0000000084f00000, 0x0000000084f00000, 0x0000000085000000|  0%| F|  |TAMS 0x0000000084f00000, 0x0000000084f00000| Untracked 
|  44|0x0000000085000000, 0x0000000085000000, 0x0000000085100000|  0%| F|  |TAMS 0x0000000085000000, 0x0000000085000000| Untracked 
|  45|0x0000000085100000, 0x0000000085100000, 0x0000000085200000|  0%| F|  |TAMS 0x0000000085100000, 0x0000000085100000| Untracked 
|  46|0x0000000085200000, 0x0000000085200000, 0x0000000085300000|  0%| F|  |TAMS 0x0000000085200000, 0x0000000085200000| Untracked 
|  47|0x0000000085300000, 0x0000000085300000, 0x0000000085400000|  0%| F|  |TAMS 0x0000000085300000, 0x0000000085300000| Untracked 
|  48|0x0000000085400000, 0x0000000085400000, 0x0000000085500000|  0%| F|  |TAMS 0x0000000085400000, 0x0000000085400000| Untracked 
|  49|0x0000000085500000, 0x0000000085500000, 0x0000000085600000|  0%| F|  |TAMS 0x0000000085500000, 0x0000000085500000| Untracked 
|  50|0x0000000085600000, 0x0000000085600000, 0x0000000085700000|  0%| F|  |TAMS 0x0000000085600000, 0x0000000085600000| Untracked 
|  51|0x0000000085700000, 0x0000000085700000, 0x0000000085800000|  0%| F|  |TAMS 0x0000000085700000, 0x0000000085700000| Untracked 
|  52|0x0000000085800000, 0x0000000085800000, 0x0000000085900000|  0%| F|  |TAMS 0x0000000085800000, 0x0000000085800000| Untracked 
|  53|0x0000000085900000, 0x0000000085900000, 0x0000000085a00000|  0%| F|  |TAMS 0x0000000085900000, 0x0000000085900000| Untracked 
|  54|0x0000000085a00000, 0x0000000085a00000, 0x0000000085b00000|  0%| F|  |TAMS 0x0000000085a00000, 0x0000000085a00000| Untracked 
|  55|0x0000000085b00000, 0x0000000085b00000, 0x0000000085c00000|  0%| F|  |TAMS 0x0000000085b00000, 0x0000000085b00000| Untracked 
|  56|0x0000000085c00000, 0x0000000085c00000, 0x0000000085d00000|  0%| F|  |TAMS 0x0000000085c00000, 0x0000000085c00000| Untracked 
|  57|0x0000000085d00000, 0x0000000085d00000, 0x0000000085e00000|  0%| F|  |TAMS 0x0000000085d00000, 0x0000000085d00000| Untracked 
|  58|0x0000000085e00000, 0x0000000085e00000, 0x0000000085f00000|  0%| F|  |TAMS 0x0000000085e00000, 0x0000000085e00000| Untracked 
|  59|0x0000000085f00000, 0x0000000085f00000, 0x0000000086000000|  0%| F|  |TAMS 0x0000000085f00000, 0x0000000085f00000| Untracked 
|  60|0x0000000086000000, 0x0000000086000000, 0x0000000086100000|  0%| F|  |TAMS 0x0000000086000000, 0x0000000086000000| Untracked 
|  61|0x0000000086100000, 0x0000000086100000, 0x0000000086200000|  0%| F|  |TAMS 0x0000000086100000, 0x0000000086100000| Untracked 
|  62|0x0000000086200000, 0x0000000086200000, 0x0000000086300000|  0%| F|  |TAMS 0x0000000086200000, 0x0000000086200000| Untracked 
|  63|0x0000000086300000, 0x0000000086300000, 0x0000000086400000|  0%| F|  |TAMS 0x0000000086300000, 0x0000000086300000| Untracked 
|  64|0x0000000086400000, 0x0000000086400000, 0x0000000086500000|  0%| F|  |TAMS 0x0000000086400000, 0x0000000086400000| Untracked 
|  65|0x0000000086500000, 0x0000000086500000, 0x0000000086600000|  0%| F|  |TAMS 0x0000000086500000, 0x0000000086500000| Untracked 
|  66|0x0000000086600000, 0x0000000086600000, 0x0000000086700000|  0%| F|  |TAMS 0x0000000086600000, 0x0000000086600000| Untracked 
|  67|0x0000000086700000, 0x0000000086700000, 0x0000000086800000|  0%| F|  |TAMS 0x0000000086700000, 0x0000000086700000| Untracked 
|  68|0x0000000086800000, 0x0000000086800000, 0x0000000086900000|  0%| F|  |TAMS 0x0000000086800000, 0x0000000086800000| Untracked 
|  69|0x0000000086900000, 0x0000000086900000, 0x0000000086a00000|  0%| F|  |TAMS 0x0000000086900000, 0x0000000086900000| Untracked 
|  70|0x0000000086a00000, 0x0000000086a00000, 0x0000000086b00000|  0%| F|  |TAMS 0x0000000086a00000, 0x0000000086a00000| Untracked 
|  71|0x0000000086b00000, 0x0000000086b00000, 0x0000000086c00000|  0%| F|  |TAMS 0x0000000086b00000, 0x0000000086b00000| Untracked 
|  72|0x0000000086c00000, 0x0000000086c00000, 0x0000000086d00000|  0%| F|  |TAMS 0x0000000086c00000, 0x0000000086c00000| Untracked 
|  73|0x0000000086d00000, 0x0000000086d00000, 0x0000000086e00000|  0%| F|  |TAMS 0x0000000086d00000, 0x0000000086d00000| Untracked 
|  74|0x0000000086e00000, 0x0000000086e00000, 0x0000000086f00000|  0%| F|  |TAMS 0x0000000086e00000, 0x0000000086e00000| Untracked 
|  75|0x0000000086f00000, 0x0000000086f00000, 0x0000000087000000|  0%| F|  |TAMS 0x0000000086f00000, 0x0000000086f00000| Untracked 
|  76|0x0000000087000000, 0x0000000087000000, 0x0000000087100000|  0%| F|  |TAMS 0x0000000087000000, 0x0000000087000000| Untracked 
|  77|0x0000000087100000, 0x0000000087100000, 0x0000000087200000|  0%| F|  |TAMS 0x0000000087100000, 0x0000000087100000| Untracked 
|  78|0x0000000087200000, 0x0000000087200000, 0x0000000087300000|  0%| F|  |TAMS 0x0000000087200000, 0x0000000087200000| Untracked 
|  79|0x0000000087300000, 0x0000000087300000, 0x0000000087400000|  0%| F|  |TAMS 0x0000000087300000, 0x0000000087300000| Untracked 
|  80|0x0000000087400000, 0x0000000087400000, 0x0000000087500000|  0%| F|  |TAMS 0x0000000087400000, 0x0000000087400000| Untracked 
|  81|0x0000000087500000, 0x0000000087500000, 0x0000000087600000|  0%| F|  |TAMS 0x0000000087500000, 0x0000000087500000| Untracked 
|  82|0x0000000087600000, 0x0000000087600000, 0x0000000087700000|  0%| F|  |TAMS 0x0000000087600000, 0x0000000087600000| Untracked 
|  83|0x0000000087700000, 0x0000000087700000, 0x0000000087800000|  0%| F|  |TAMS 0x0000000087700000, 0x0000000087700000| Untracked 
|  84|0x0000000087800000, 0x00000000878c2858, 0x0000000087900000| 75%| S|CS|TAMS 0x0000000087800000, 0x0000000087800000| Complete 
|  85|0x0000000087900000, 0x0000000087a00000, 0x0000000087a00000|100%| S|CS|TAMS 0x0000000087900000, 0x0000000087900000| Complete 
|  86|0x0000000087a00000, 0x0000000087b00000, 0x0000000087b00000|100%| S|CS|TAMS 0x0000000087a00000, 0x0000000087a00000| Complete 
|  87|0x0000000087b00000, 0x0000000087c00000, 0x0000000087c00000|100%| S|CS|TAMS 0x0000000087b00000, 0x0000000087b00000| Complete 
|  88|0x0000000087c00000, 0x0000000087d00000, 0x0000000087d00000|100%| S|CS|TAMS 0x0000000087c00000, 0x0000000087c00000| Complete 
|  89|0x0000000087d00000, 0x0000000087d00000, 0x0000000087e00000|  0%| F|  |TAMS 0x0000000087d00000, 0x0000000087d00000| Untracked 
|  90|0x0000000087e00000, 0x0000000087e00000, 0x0000000087f00000|  0%| F|  |TAMS 0x0000000087e00000, 0x0000000087e00000| Untracked 
|  91|0x0000000087f00000, 0x0000000087f00000, 0x0000000088000000|  0%| F|  |TAMS 0x0000000087f00000, 0x0000000087f00000| Untracked 
|  92|0x0000000088000000, 0x0000000088000000, 0x0000000088100000|  0%| F|  |TAMS 0x0000000088000000, 0x0000000088000000| Untracked 
|  93|0x0000000088100000, 0x0000000088100000, 0x0000000088200000|  0%| F|  |TAMS 0x0000000088100000, 0x0000000088100000| Untracked 
|  94|0x0000000088200000, 0x0000000088200000, 0x0000000088300000|  0%| F|  |TAMS 0x0000000088200000, 0x0000000088200000| Untracked 
|  95|0x0000000088300000, 0x0000000088300000, 0x0000000088400000|  0%| F|  |TAMS 0x0000000088300000, 0x0000000088300000| Untracked 
|  96|0x0000000088400000, 0x0000000088400000, 0x0000000088500000|  0%| F|  |TAMS 0x0000000088400000, 0x0000000088400000| Untracked 
|  97|0x0000000088500000, 0x0000000088500000, 0x0000000088600000|  0%| F|  |TAMS 0x0000000088500000, 0x0000000088500000| Untracked 
|  98|0x0000000088600000, 0x0000000088600000, 0x0000000088700000|  0%| F|  |TAMS 0x0000000088600000, 0x0000000088600000| Untracked 
|  99|0x0000000088700000, 0x0000000088700000, 0x0000000088800000|  0%| F|  |TAMS 0x0000000088700000, 0x0000000088700000| Untracked 
| 100|0x0000000088800000, 0x0000000088800000, 0x0000000088900000|  0%| F|  |TAMS 0x0000000088800000, 0x0000000088800000| Untracked 
| 101|0x0000000088900000, 0x0000000088900000, 0x0000000088a00000|  0%| F|  |TAMS 0x0000000088900000, 0x0000000088900000| Untracked 
| 102|0x0000000088a00000, 0x0000000088a00000, 0x0000000088b00000|  0%| F|  |TAMS 0x0000000088a00000, 0x0000000088a00000| Untracked 
| 103|0x0000000088b00000, 0x0000000088b00000, 0x0000000088c00000|  0%| F|  |TAMS 0x0000000088b00000, 0x0000000088b00000| Untracked 
| 104|0x0000000088c00000, 0x0000000088c00000, 0x0000000088d00000|  0%| F|  |TAMS 0x0000000088c00000, 0x0000000088c00000| Untracked 
| 105|0x0000000088d00000, 0x0000000088d00000, 0x0000000088e00000|  0%| F|  |TAMS 0x0000000088d00000, 0x0000000088d00000| Untracked 
| 106|0x0000000088e00000, 0x0000000088e00000, 0x0000000088f00000|  0%| F|  |TAMS 0x0000000088e00000, 0x0000000088e00000| Untracked 
| 107|0x0000000088f00000, 0x0000000088f00000, 0x0000000089000000|  0%| F|  |TAMS 0x0000000088f00000, 0x0000000088f00000| Untracked 
| 108|0x0000000089000000, 0x0000000089000000, 0x0000000089100000|  0%| F|  |TAMS 0x0000000089000000, 0x0000000089000000| Untracked 
| 109|0x0000000089100000, 0x0000000089100000, 0x0000000089200000|  0%| F|  |TAMS 0x0000000089100000, 0x0000000089100000| Untracked 
| 110|0x0000000089200000, 0x0000000089200000, 0x0000000089300000|  0%| F|  |TAMS 0x0000000089200000, 0x0000000089200000| Untracked 
| 111|0x0000000089300000, 0x0000000089300000, 0x0000000089400000|  0%| F|  |TAMS 0x0000000089300000, 0x0000000089300000| Untracked 
| 112|0x0000000089400000, 0x0000000089400000, 0x0000000089500000|  0%| F|  |TAMS 0x0000000089400000, 0x0000000089400000| Untracked 
| 113|0x0000000089500000, 0x0000000089500000, 0x0000000089600000|  0%| F|  |TAMS 0x0000000089500000, 0x0000000089500000| Untracked 
| 114|0x0000000089600000, 0x0000000089600000, 0x0000000089700000|  0%| F|  |TAMS 0x0000000089600000, 0x0000000089600000| Untracked 
| 115|0x0000000089700000, 0x0000000089700000, 0x0000000089800000|  0%| F|  |TAMS 0x0000000089700000, 0x0000000089700000| Untracked 
| 116|0x0000000089800000, 0x0000000089800000, 0x0000000089900000|  0%| F|  |TAMS 0x0000000089800000, 0x0000000089800000| Untracked 
| 117|0x0000000089900000, 0x0000000089900000, 0x0000000089a00000|  0%| F|  |TAMS 0x0000000089900000, 0x0000000089900000| Untracked 
| 118|0x0000000089a00000, 0x0000000089a00000, 0x0000000089b00000|  0%| F|  |TAMS 0x0000000089a00000, 0x0000000089a00000| Untracked 
| 119|0x0000000089b00000, 0x0000000089b00000, 0x0000000089c00000|  0%| F|  |TAMS 0x0000000089b00000, 0x0000000089b00000| Untracked 
| 120|0x0000000089c00000, 0x0000000089c00000, 0x0000000089d00000|  0%| F|  |TAMS 0x0000000089c00000, 0x0000000089c00000| Untracked 
| 121|0x0000000089d00000, 0x0000000089d00000, 0x0000000089e00000|  0%| F|  |TAMS 0x0000000089d00000, 0x0000000089d00000| Untracked 
| 122|0x0000000089e00000, 0x0000000089e00800, 0x0000000089f00000|  0%| E|  |TAMS 0x0000000089e00000, 0x0000000089e00000| Complete 
| 123|0x0000000089f00000, 0x000000008a000000, 0x000000008a000000|100%| E|CS|TAMS 0x0000000089f00000, 0x0000000089f00000| Complete 
| 124|0x000000008a000000, 0x000000008a100000, 0x000000008a100000|100%| E|CS|TAMS 0x000000008a000000, 0x000000008a000000| Complete 
| 125|0x000000008a100000, 0x000000008a200000, 0x000000008a200000|100%| E|CS|TAMS 0x000000008a100000, 0x000000008a100000| Complete 

Card table byte_map: [0x0000026ff9c20000,0x0000026ffa010000] _byte_map_base: 0x0000026ff980e000

Marking Bits (Prev, Next): (CMBitMap*) 0x0000026ff13db050, (CMBitMap*) 0x0000026ff13db090
 Prev Bits: [0x0000026ffa400000, 0x0000026ffc370000)
 Next Bits: [0x0000026ffc370000, 0x0000026ffe2e0000)

Polling page: 0x0000026fef380000

Metaspace:

Usage:
  Non-class:      7.12 MB used.
      Class:    718.36 KB used.
       Both:      7.82 MB used.

Virtual space:
  Non-class space:       64.00 MB reserved,       7.25 MB ( 11%) committed,  1 nodes.
      Class space:        1.00 GB reserved,     768.00 KB ( <1%) committed,  1 nodes.
             Both:        1.06 GB reserved,       8.00 MB ( <1%) committed. 

Chunk freelists:
   Non-Class:  796.00 KB
       Class:  3.06 MB
        Both:  3.84 MB

MaxMetaspaceSize: unlimited
CompressedClassSpaceSize: 1.00 GB
Initial GC threshold: 21.00 MB
Current GC threshold: 21.00 MB
CDS: on
MetaspaceReclaimPolicy: balanced
 - commit_granule_bytes: 65536.
 - commit_granule_words: 8192.
 - virtual_space_node_default_size: 8388608.
 - enlarge_chunks_in_place: 1.
 - new_chunks_are_fully_committed: 0.
 - uncommit_free_chunks: 1.
 - use_allocation_guard: 0.


Internal statistics:

num_allocs_failed_limit: 0.
num_arena_births: 128.
num_arena_deaths: 0.
num_vsnodes_births: 2.
num_vsnodes_deaths: 0.
num_space_committed: 128.
num_space_uncommitted: 0.
num_chunks_returned_to_freelist: 0.
num_chunks_taken_from_freelist: 295.
num_chunk_merges: 0.
num_chunk_splits: 201.
num_chunks_enlarged: 156.
num_inconsistent_stats: 0.

CodeHeap 'non-profiled nmethods': size=120000Kb used=731Kb max_used=731Kb free=119269Kb
 bounds [0x0000026f87ad0000, 0x0000026f87d40000, 0x0000026f8f000000]
CodeHeap 'profiled nmethods': size=120000Kb used=4818Kb max_used=4818Kb free=115181Kb
 bounds [0x0000026f80000000, 0x0000026f804c0000, 0x0000026f87530000]
CodeHeap 'non-nmethods': size=5760Kb used=1267Kb max_used=1299Kb free=4493Kb
 bounds [0x0000026f87530000, 0x0000026f877a0000, 0x0000026f87ad0000]
 total_blobs=2464 nmethods=1982 adapters=393
 compilation: enabled
              stopped_count=0, restarted_count=0
 full_count=0

Compilation events (20 events):
Event: 1.051 Thread 0x0000026fff7bb220 nmethod 1913 0x0000026f87b84210 code [0x0000026f87b843a0, 0x0000026f87b845a8]
Event: 1.051 Thread 0x0000026fff7bb220 1928       4       java.util.HashMap::afterNodeAccess (1 bytes)
Event: 1.051 Thread 0x0000026ffef33550 nmethod 1945 0x0000026f80474490 code [0x0000026f80474640, 0x0000026f804747c8]
Event: 1.051 Thread 0x0000026ffef33550 1946       3       java.nio.CharBuffer::<init> (24 bytes)
Event: 1.051 Thread 0x0000026fff7bb220 nmethod 1928 0x0000026f87b84810 code [0x0000026f87b84980, 0x0000026f87b849f8]
Event: 1.051 Thread 0x0000026ffef33550 nmethod 1946 0x0000026f80474890 code [0x0000026f80474a40, 0x0000026f80474be8]
Event: 1.051 Thread 0x0000026fff7bb220 1926       4       com.puppycrawl.tools.checkstyle.api.LocalizedMessage::compareTo (9 bytes)
Event: 1.051 Thread 0x0000026ffef33550 1952       3       java.util.stream.IntPipeline::forEachWithCancel (37 bytes)
Event: 1.052 Thread 0x0000026ffef33550 nmethod 1952 0x0000026f80474c90 code [0x0000026f80474ec0, 0x0000026f80475768]
Event: 1.052 Thread 0x0000026ffef33550 1947       3       java.nio.CharBuffer::limit (6 bytes)
Event: 1.052 Thread 0x0000026ffef33550 nmethod 1947 0x0000026f80475a10 code [0x0000026f80475bc0, 0x0000026f80475d68]
Event: 1.052 Thread 0x0000026ffef33550 1948       3       java.nio.CharBuffer::limit (8 bytes)
Event: 1.052 Thread 0x0000026ffef33550 nmethod 1948 0x0000026f80475e10 code [0x0000026f80475fc0, 0x0000026f80476108]
Event: 1.052 Thread 0x0000026ffef33550 1949       3       com.puppycrawl.tools.checkstyle.api.AuditEvent::getSeverityLevel (21 bytes)
Event: 1.052 Thread 0x0000026ffef33550 nmethod 1949 0x0000026f80476190 code [0x0000026f80476340, 0x0000026f804764d8]
Event: 1.052 Thread 0x0000026ffef33550 1951       3       java.text.Format::format (24 bytes)
Event: 1.052 Thread 0x0000026ffef33550 nmethod 1951 0x0000026f80476590 code [0x0000026f80476780, 0x0000026f80476bc8]
Event: 1.052 Thread 0x0000026ffef33550 1859   !   3       com.puppycrawl.tools.checkstyle.grammar.GeneratedJavaRecognizer::traditionalStatement (2931 bytes)
Event: 1.053 Thread 0x0000026fff7bb220 nmethod 1926 0x0000026f87b84b10 code [0x0000026f87b84cc0, 0x0000026f87b84eb0]
Event: 1.053 Thread 0x0000026fff7bb220 1953 %     4       java.text.MessageFormat::applyPattern @ 34 (422 bytes)

GC Heap History (4 events):
Event: 0.574 GC heap before
{Heap before GC invocations=0 (full 0):
 garbage-first heap   total 129024K, used 25600K [0x0000000082400000, 0x0000000100000000)
  region size 1024K, 23 young (23552K), 0 survivors (0K)
 Metaspace       used 5851K, committed 6080K, reserved 1114112K
  class space    used 584K, committed 704K, reserved 1048576K
}
Event: 0.578 GC heap after
{Heap after GC invocations=1 (full 0):
 garbage-first heap   total 129024K, used 3711K [0x0000000082400000, 0x0000000100000000)
  region size 1024K, 3 young (3072K), 3 survivors (3072K)
 Metaspace       used 5851K, committed 6080K, reserved 1114112K
  class space    used 584K, committed 704K, reserved 1048576K
}
Event: 1.041 GC heap before
{Heap before GC invocations=1 (full 0):
 garbage-first heap   total 129024K, used 37503K [0x0000000082400000, 0x0000000100000000)
  region size 1024K, 37 young (37888K), 3 survivors (3072K)
 Metaspace       used 7898K, committed 8000K, reserved 1114112K
  class space    used 715K, committed 768K, reserved 1048576K
}
Event: 1.047 GC heap after
{Heap after GC invocations=2 (full 0):
 garbage-first heap   total 129024K, used 5898K [0x0000000082400000, 0x0000000100000000)
  region size 1024K, 5 young (5120K), 5 survivors (5120K)
 Metaspace       used 7898K, committed 8000K, reserved 1114112K
  class space    used 715K, committed 768K, reserved 1048576K
}

Dll operation events (7 events):
Event: 0.008 Loaded shared library C:\Program Files\java\openjdk-19_windows-x64_bin\jdk-19\bin\java.dll
Event: 0.019 Loaded shared library C:\Program Files\java\openjdk-19_windows-x64_bin\jdk-19\bin\jsvml.dll
Event: 0.086 Loaded shared library C:\Program Files\java\openjdk-19_windows-x64_bin\jdk-19\bin\net.dll
Event: 0.090 Loaded shared library C:\Program Files\java\openjdk-19_windows-x64_bin\jdk-19\bin\nio.dll
Event: 0.118 Loaded shared library C:\Program Files\java\openjdk-19_windows-x64_bin\jdk-19\bin\zip.dll
Event: 0.141 Loaded shared library C:\Program Files\java\openjdk-19_windows-x64_bin\jdk-19\bin\verify.dll
Event: 0.148 Loaded shared library C:\Program Files\java\openjdk-19_windows-x64_bin\jdk-19\bin\jimage.dll

Deoptimization events (20 events):
Event: 0.963 Thread 0x0000026ff137aa50 DEOPT PACKING pc=0x0000026f87b52df4 sp=0x000000cbe7afeee0
Event: 0.963 Thread 0x0000026ff137aa50 DEOPT UNPACKING pc=0x0000026f87596da3 sp=0x000000cbe7afee10 mode 2
Event: 0.963 Thread 0x0000026ff137aa50 Uncommon trap: trap_request=0xffffff45 fr.pc=0x0000026f87b0123c relative=0x000000000000019c
Event: 0.963 Thread 0x0000026ff137aa50 Uncommon trap: reason=unstable_if action=reinterpret pc=0x0000026f87b0123c method=java.lang.String.indexOf(II)I @ 4 c2
Event: 0.963 Thread 0x0000026ff137aa50 DEOPT PACKING pc=0x0000026f87b0123c sp=0x000000cbe7afee70
Event: 0.963 Thread 0x0000026ff137aa50 DEOPT UNPACKING pc=0x0000026f87596da3 sp=0x000000cbe7afee10 mode 2
Event: 0.966 Thread 0x0000026ff137aa50 Uncommon trap: trap_request=0xffffff45 fr.pc=0x0000026f87b33dcc relative=0x00000000000000ac
Event: 0.966 Thread 0x0000026ff137aa50 Uncommon trap: reason=unstable_if action=reinterpret pc=0x0000026f87b33dcc method=java.util.regex.CharPredicates.lambda$ASCII_SPACE$20(I)Z @ 4 c2
Event: 0.966 Thread 0x0000026ff137aa50 DEOPT PACKING pc=0x0000026f87b33dcc sp=0x000000cbe7afed10
Event: 0.966 Thread 0x0000026ff137aa50 DEOPT UNPACKING pc=0x0000026f87596da3 sp=0x000000cbe7afec38 mode 2
Event: 0.967 Thread 0x0000026ff137aa50 Uncommon trap: trap_request=0xffffff76 fr.pc=0x0000026f87b6bbcc relative=0x00000000000001ac
Event: 0.967 Thread 0x0000026ff137aa50 Uncommon trap: reason=predicate action=maybe_recompile pc=0x0000026f87b6bbcc method=com.puppycrawl.tools.checkstyle.utils.CommonUtil.lengthExpandedTabs(Ljava/lang/String;II)I @ 8 c2
Event: 0.967 Thread 0x0000026ff137aa50 DEOPT PACKING pc=0x0000026f87b6bbcc sp=0x000000cbe7afeed0
Event: 0.967 Thread 0x0000026ff137aa50 DEOPT UNPACKING pc=0x0000026f87596da3 sp=0x000000cbe7afee68 mode 2
Event: 0.967 Thread 0x0000026ff137aa50 Uncommon trap: trap_request=0xffffff45 fr.pc=0x0000026f87b34154 relative=0x00000000000000b4
Event: 0.967 Thread 0x0000026ff137aa50 Uncommon trap: reason=unstable_if action=reinterpret pc=0x0000026f87b34154 method=java.lang.String.codePointAt(I)I @ 4 c2
Event: 0.967 Thread 0x0000026ff137aa50 DEOPT PACKING pc=0x0000026f87b34154 sp=0x000000cbe7afee60
Event: 0.967 Thread 0x0000026ff137aa50 DEOPT UNPACKING pc=0x0000026f87596da3 sp=0x000000cbe7afedf8 mode 2
Event: 1.013 Thread 0x0000026ff137aa50 DEOPT PACKING pc=0x0000026f803f4557 sp=0x000000cbe7afd980
Event: 1.013 Thread 0x0000026ff137aa50 DEOPT UNPACKING pc=0x0000026f87597543 sp=0x000000cbe7afce18 mode 0

Classes loaded (20 events):
Event: 0.736 Loading class java/util/stream/MatchOps$2MatchSink
Event: 0.736 Loading class java/util/stream/MatchOps$2MatchSink done
Event: 0.743 Loading class java/util/stream/MatchOps$1MatchSink
Event: 0.744 Loading class java/util/stream/MatchOps$1MatchSink done
Event: 0.746 Loading class java/util/HashMap$EntrySpliterator
Event: 0.746 Loading class java/util/HashMap$EntrySpliterator done
Event: 0.750 Loading class java/util/AbstractMap$SimpleEntry
Event: 0.751 Loading class java/util/AbstractMap$SimpleEntry done
Event: 0.801 Loading class java/text/ChoiceFormat
Event: 0.801 Loading class java/text/ChoiceFormat done
Event: 0.801 Loading class java/text/FieldPosition$Delegate
Event: 0.801 Loading class java/text/FieldPosition$Delegate done
Event: 0.801 Loading class java/text/MessageFormat$Field
Event: 0.801 Loading class java/text/MessageFormat$Field done
Event: 0.823 Loading class jdk/internal/foreign/MemorySessionImpl
Event: 0.823 Loading class java/lang/foreign/MemorySession
Event: 0.823 Loading class java/lang/foreign/SegmentAllocator
Event: 0.823 Loading class java/lang/foreign/SegmentAllocator done
Event: 0.823 Loading class java/lang/foreign/MemorySession done
Event: 0.823 Loading class jdk/internal/foreign/MemorySessionImpl done

Classes unloaded (0 events):
No events

Classes redefined (0 events):
No events

Internal exceptions (20 events):
Event: 0.619 Thread 0x0000026ff137aa50 Exception <a 'java/lang/ClassNotFoundException'{0x0000000089ba3210}: com/puppycrawl/tools/checkstyle/checks/design/DesignForExtensionCheckCustomizer> (0x0000000089ba3210) 
thrown [s\open\src\hotspot\share\classfile\systemDictionary.cpp, line 255]
Event: 0.621 Thread 0x0000026ff137aa50 Exception <a 'java/lang/ClassNotFoundException'{0x0000000089bf2998}: com/puppycrawl/tools/checkstyle/checks/design/FinalClassCheckBeanInfo> (0x0000000089bf2998) 
thrown [s\open\src\hotspot\share\classfile\systemDictionary.cpp, line 255]
Event: 0.621 Thread 0x0000026ff137aa50 Exception <a 'java/lang/ClassNotFoundException'{0x0000000089bf3810}: com/puppycrawl/tools/checkstyle/checks/design/FinalClassCheckCustomizer> (0x0000000089bf3810) 
thrown [s\open\src\hotspot\share\classfile\systemDictionary.cpp, line 255]
Event: 0.623 Thread 0x0000026ff137aa50 Exception <a 'java/lang/ClassNotFoundException'{0x0000000089a3c4e8}: com/puppycrawl/tools/checkstyle/checks/design/HideUtilityClassConstructorCheckBeanInfo> (0x0000000089a3c4e8) 
thrown [s\open\src\hotspot\share\classfile\systemDictionary.cpp, line 255]
Event: 0.623 Thread 0x0000026ff137aa50 Exception <a 'java/lang/ClassNotFoundException'{0x0000000089a3d3f0}: com/puppycrawl/tools/checkstyle/checks/design/HideUtilityClassConstructorCheckCustomizer> (0x0000000089a3d3f0) 
thrown [s\open\src\hotspot\share\classfile\systemDictionary.cpp, line 255]
Event: 0.626 Thread 0x0000026ff137aa50 Exception <a 'java/lang/ClassNotFoundException'{0x0000000089a84950}: com/puppycrawl/tools/checkstyle/checks/design/InterfaceIsTypeCheckBeanInfo> (0x0000000089a84950) 
thrown [s\open\src\hotspot\share\classfile\systemDictionary.cpp, line 255]
Event: 0.627 Thread 0x0000026ff137aa50 Exception <a 'java/lang/ClassNotFoundException'{0x0000000089a85810}: com/puppycrawl/tools/checkstyle/checks/design/InterfaceIsTypeCheckCustomizer> (0x0000000089a85810) 
thrown [s\open\src\hotspot\share\classfile\systemDictionary.cpp, line 255]
Event: 0.634 Thread 0x0000026ff137aa50 Exception <a 'java/lang/ClassNotFoundException'{0x0000000089adf4a0}: com/puppycrawl/tools/checkstyle/checks/design/VisibilityModifierCheckBeanInfo> (0x0000000089adf4a0) 
thrown [s\open\src\hotspot\share\classfile\systemDictionary.cpp, line 255]
Event: 0.634 Thread 0x0000026ff137aa50 Exception <a 'java/lang/ClassNotFoundException'{0x0000000089ae0360}: com/puppycrawl/tools/checkstyle/checks/design/VisibilityModifierCheckCustomizer> (0x0000000089ae0360) 
thrown [s\open\src\hotspot\share\classfile\systemDictionary.cpp, line 255]
Event: 0.637 Thread 0x0000026ff137aa50 Exception <a 'java/lang/ClassNotFoundException'{0x0000000089952da8}: com/puppycrawl/tools/checkstyle/checks/ArrayTypeStyleCheckBeanInfo> (0x0000000089952da8) 
thrown [s\open\src\hotspot\share\classfile\systemDictionary.cpp, line 255]
Event: 0.637 Thread 0x0000026ff137aa50 Exception <a 'java/lang/ClassNotFoundException'{0x0000000089953c08}: com/puppycrawl/tools/checkstyle/checks/ArrayTypeStyleCheckCustomizer> (0x0000000089953c08) 
thrown [s\open\src\hotspot\share\classfile\systemDictionary.cpp, line 255]
Event: 0.640 Thread 0x0000026ff137aa50 Exception <a 'java/lang/ClassNotFoundException'{0x000000008999dab0}: com/puppycrawl/tools/checkstyle/checks/FinalParametersCheckBeanInfo> (0x000000008999dab0) 
thrown [s\open\src\hotspot\share\classfile\systemDictionary.cpp, line 255]
Event: 0.640 Thread 0x0000026ff137aa50 Exception <a 'java/lang/ClassNotFoundException'{0x000000008999e910}: com/puppycrawl/tools/checkstyle/checks/FinalParametersCheckCustomizer> (0x000000008999e910) 
thrown [s\open\src\hotspot\share\classfile\systemDictionary.cpp, line 255]
Event: 0.644 Thread 0x0000026ff137aa50 Exception <a 'java/lang/ClassNotFoundException'{0x00000000899e6f90}: com/puppycrawl/tools/checkstyle/checks/TodoCommentCheckBeanInfo> (0x00000000899e6f90) 
thrown [s\open\src\hotspot\share\classfile\systemDictionary.cpp, line 255]
Event: 0.644 Thread 0x0000026ff137aa50 Exception <a 'java/lang/ClassNotFoundException'{0x00000000899e7dd8}: com/puppycrawl/tools/checkstyle/checks/TodoCommentCheckCustomizer> (0x00000000899e7dd8) 
thrown [s\open\src\hotspot\share\classfile\systemDictionary.cpp, line 255]
Event: 0.645 Thread 0x0000026ff137aa50 Exception <a 'java/lang/ClassNotFoundException'{0x0000000089831108}: com/puppycrawl/tools/checkstyle/checks/UpperEllCheckBeanInfo> (0x0000000089831108) 
thrown [s\open\src\hotspot\share\classfile\systemDictionary.cpp, line 255]
Event: 0.645 Thread 0x0000026ff137aa50 Exception <a 'java/lang/ClassNotFoundException'{0x0000000089831f20}: com/puppycrawl/tools/checkstyle/checks/UpperEllCheckCustomizer> (0x0000000089831f20) 
thrown [s\open\src\hotspot\share\classfile\systemDictionary.cpp, line 255]
Event: 0.725 Thread 0x0000026ff137aa50 Exception <a 'java/lang/NoSuchMethodError'{0x00000000896c52c0}: 'void java.lang.invoke.DirectMethodHandle$Holder.invokeSpecial(java.lang.Object, java.lang.Object, java.lang.Object, java.lang.Object, java.lang.Object)'> (0x00000000896c52c0) 
thrown [s\open\src\hotspot\share\interpreter\linkResolver.cpp, line 774]
Event: 0.738 Thread 0x0000026ff137aa50 Exception <a 'java/lang/NoSuchMethodError'{0x00000000896fbb28}: 'void java.lang.invoke.DirectMethodHandle$Holder.invokeSpecial(java.lang.Object, java.lang.Object, int, java.lang.Object)'> (0x00000000896fbb28) 
thrown [s\open\src\hotspot\share\interpreter\linkResolver.cpp, line 774]
Event: 0.739 Thread 0x0000026ff137aa50 Exception <a 'java/lang/NoSuchMethodError'{0x0000000089502f80}: 'java.lang.Object java.lang.invoke.DirectMethodHandle$Holder.newInvokeSpecial(java.lang.Object, java.lang.Object, int)'> (0x0000000089502f80) 
thrown [s\open\src\hotspot\share\interpreter\linkResolver.cpp, line 774]

VM Operations (16 events):
Event: 0.121 Executing VM operation: HandshakeAllThreads
Event: 0.121 Executing VM operation: HandshakeAllThreads done
Event: 0.291 Executing VM operation: HandshakeAllThreads
Event: 0.291 Executing VM operation: HandshakeAllThreads done
Event: 0.401 Executing VM operation: HandshakeAllThreads
Event: 0.401 Executing VM operation: HandshakeAllThreads done
Event: 0.551 Executing VM operation: ICBufferFull
Event: 0.551 Executing VM operation: ICBufferFull done
Event: 0.574 Executing VM operation: G1CollectForAllocation
Event: 0.578 Executing VM operation: G1CollectForAllocation done
Event: 0.798 Executing VM operation: HandshakeAllThreads
Event: 0.799 Executing VM operation: HandshakeAllThreads done
Event: 0.950 Executing VM operation: ICBufferFull
Event: 0.950 Executing VM operation: ICBufferFull done
Event: 1.041 Executing VM operation: G1CollectForAllocation
Event: 1.047 Executing VM operation: G1CollectForAllocation done

Events (16 events):
Event: 0.019 Thread 0x0000026ff137aa50 Thread added: 0x0000026ff137aa50
Event: 0.046 Thread 0x0000026ffef1c4e0 Thread added: 0x0000026ffef1c4e0
Event: 0.046 Thread 0x0000026ffef1d2d0 Thread added: 0x0000026ffef1d2d0
Event: 0.047 Thread 0x0000026ffef23270 Thread added: 0x0000026ffef23270
Event: 0.047 Thread 0x0000026ffef26bc0 Thread added: 0x0000026ffef26bc0
Event: 0.047 Thread 0x0000026ffef274f0 Thread added: 0x0000026ffef274f0
Event: 0.047 Thread 0x0000026ffef2b5a0 Thread added: 0x0000026ffef2b5a0
Event: 0.047 Thread 0x0000026ffef2ff70 Thread added: 0x0000026ffef2ff70
Event: 0.047 Thread 0x0000026ffef33550 Thread added: 0x0000026ffef33550
Event: 0.047 Thread 0x0000026ffef3f030 Thread added: 0x0000026ffef3f030
Event: 0.078 Thread 0x0000026ffef3e040 Thread added: 0x0000026ffef3e040
Event: 0.080 Thread 0x0000026ffef3e590 Thread added: 0x0000026ffef3e590
Event: 0.114 Thread 0x0000026fff1a1c10 Thread added: 0x0000026fff1a1c10
Event: 0.465 Thread 0x0000026fff1a1c10 Thread exited: 0x0000026fff1a1c10
Event: 0.470 Thread 0x0000026fff1a1c10 Thread added: 0x0000026fff1a1c10
Event: 0.835 Thread 0x0000026fff7bb220 Thread added: 0x0000026fff7bb220


Dynamic libraries:
0x00007ff7850a0000 - 0x00007ff7850ae000 	C:\Program Files\java\openjdk-19_windows-x64_bin\jdk-19\bin\java.exe
0x00007ffefba30000 - 0x00007ffefbc28000 	C:\Windows\SYSTEM32\ntdll.dll
0x00007ffefac60000 - 0x00007ffefad1f000 	C:\Windows\System32\KERNEL32.DLL
0x00007ffef95b0000 - 0x00007ffef9882000 	C:\Windows\System32\KERNELBASE.dll
0x00007ffef94b0000 - 0x00007ffef95b0000 	C:\Windows\System32\ucrtbase.dll
0x00007ffef4d20000 - 0x00007ffef4d37000 	C:\Program Files\java\openjdk-19_windows-x64_bin\jdk-19\bin\jli.dll
0x00007ffef4cd0000 - 0x00007ffef4ceb000 	C:\Program Files\java\openjdk-19_windows-x64_bin\jdk-19\bin\VCRUNTIME140.dll
0x00007ffef9a80000 - 0x00007ffef9c1d000 	C:\Windows\System32\USER32.dll
0x00007ffee0a70000 - 0x00007ffee0d0a000 	C:\Windows\WinSxS\amd64_microsoft.windows.common-controls_6595b64144ccf1df_6.0.19041.1110_none_60b5254171f9507e\COMCTL32.dll
0x00007ffef9200000 - 0x00007ffef9222000 	C:\Windows\System32\win32u.dll
0x00007ffefaf20000 - 0x00007ffefafbe000 	C:\Windows\System32\msvcrt.dll
0x00007ffefadd0000 - 0x00007ffefadfb000 	C:\Windows\System32\GDI32.dll
0x00007ffef9970000 - 0x00007ffef9a7f000 	C:\Windows\System32\gdi32full.dll
0x00007ffef9160000 - 0x00007ffef91fd000 	C:\Windows\System32\msvcp_win.dll
0x00007ffefaee0000 - 0x00007ffefaf12000 	C:\Windows\System32\IMM32.DLL
0x00007ffef68b0000 - 0x00007ffef68bc000 	C:\Program Files\java\openjdk-19_windows-x64_bin\jdk-19\bin\vcruntime140_1.dll
0x00007ffee6c70000 - 0x00007ffee6cfe000 	C:\Program Files\java\openjdk-19_windows-x64_bin\jdk-19\bin\msvcp140.dll
0x00007ffeb3120000 - 0x00007ffeb3de0000 	C:\Program Files\java\openjdk-19_windows-x64_bin\jdk-19\bin\server\jvm.dll
0x00007ffefb940000 - 0x00007ffefb9ee000 	C:\Windows\System32\ADVAPI32.dll
0x00007ffefb0f0000 - 0x00007ffefb18c000 	C:\Windows\System32\sechost.dll
0x00007ffefa1f0000 - 0x00007ffefa315000 	C:\Windows\System32\RPCRT4.dll
0x00007ffedc610000 - 0x00007ffedc619000 	C:\Windows\SYSTEM32\WSOCK32.dll
0x00007ffee58a0000 - 0x00007ffee58c7000 	C:\Windows\SYSTEM32\WINMM.dll
0x00007ffef3b40000 - 0x00007ffef3b4a000 	C:\Windows\SYSTEM32\VERSION.dll
0x00007ffefb720000 - 0x00007ffefb78b000 	C:\Windows\System32\WS2_32.dll
0x00007ffef6ff0000 - 0x00007ffef7002000 	C:\Windows\SYSTEM32\kernel.appcore.dll
0x00007ffef4d50000 - 0x00007ffef4d5a000 	C:\Program Files\java\openjdk-19_windows-x64_bin\jdk-19\bin\jimage.dll
0x00007ffee11b0000 - 0x00007ffee1394000 	C:\Windows\SYSTEM32\DBGHELP.DLL
0x00007ffeddbc0000 - 0x00007ffeddbec000 	C:\Windows\SYSTEM32\dbgcore.DLL
0x00007ffef98e0000 - 0x00007ffef9962000 	C:\Windows\System32\bcryptPrimitives.dll
0x00007ffef4c90000 - 0x00007ffef4cb6000 	C:\Program Files\java\openjdk-19_windows-x64_bin\jdk-19\bin\java.dll
0x00007ffecb480000 - 0x00007ffecb557000 	C:\Program Files\java\openjdk-19_windows-x64_bin\jdk-19\bin\jsvml.dll
0x00007ffefa3b0000 - 0x00007ffefaaf3000 	C:\Windows\System32\SHELL32.dll
0x00007ffef71f0000 - 0x00007ffef7982000 	C:\Windows\SYSTEM32\windows.storage.dll
0x00007ffef9e20000 - 0x00007ffefa174000 	C:\Windows\System32\combase.dll
0x00007ffef8b90000 - 0x00007ffef8bc0000 	C:\Windows\SYSTEM32\Wldp.dll
0x00007ffef9c40000 - 0x00007ffef9ced000 	C:\Windows\System32\SHCORE.dll
0x00007ffefab00000 - 0x00007ffefab55000 	C:\Windows\System32\shlwapi.dll
0x00007ffef9070000 - 0x00007ffef908f000 	C:\Windows\SYSTEM32\profapi.dll
0x00007ffef3860000 - 0x00007ffef3873000 	C:\Program Files\java\openjdk-19_windows-x64_bin\jdk-19\bin\net.dll
0x00007ffef2640000 - 0x00007ffef274c000 	C:\Windows\SYSTEM32\WINHTTP.dll
0x00007ffef88f0000 - 0x00007ffef895a000 	C:\Windows\system32\mswsock.dll
0x00007ffef3840000 - 0x00007ffef3856000 	C:\Program Files\java\openjdk-19_windows-x64_bin\jdk-19\bin\nio.dll
0x00007ffeed6b0000 - 0x00007ffeed6c8000 	C:\Program Files\java\openjdk-19_windows-x64_bin\jdk-19\bin\zip.dll
0x00007ffee9cd0000 - 0x00007ffee9ce0000 	C:\Program Files\java\openjdk-19_windows-x64_bin\jdk-19\bin\verify.dll

dbghelp: loaded successfully - version: 4.0.5 - missing functions: none
symbol engine: initialized successfully - sym options: 0x614 - pdb path: .;C:\Program Files\java\openjdk-19_windows-x64_bin\jdk-19\bin;C:\Windows\SYSTEM32;C:\Windows\WinSxS\amd64_microsoft.windows.common-controls_6595b64144ccf1df_6.0.19041.1110_none_60b5254171f9507e;C:\Program Files\java\openjdk-19_windows-x64_bin\jdk-19\bin\server

VM Arguments:
java_command: src/checker/checkstyle-8.36.2-all.jar -c src/checker/poo_checks.xml ./
java_class_path (initial): src/checker/checkstyle-8.36.2-all.jar
Launcher Type: SUN_STANDARD

[Global flags]
     intx CICompilerCount                          = 4                                         {product} {ergonomic}
     uint ConcGCThreads                            = 3                                         {product} {ergonomic}
     uint G1ConcRefinementThreads                  = 10                                        {product} {ergonomic}
   size_t G1HeapRegionSize                         = 1048576                                   {product} {ergonomic}
    uintx GCDrainStackTargetSize                   = 64                                        {product} {ergonomic}
   size_t InitialHeapSize                          = 132120576                                 {product} {ergonomic}
   size_t MarkStackSize                            = 4194304                                   {product} {ergonomic}
   size_t MaxHeapSize                              = 2109734912                                {product} {ergonomic}
   size_t MaxNewSize                               = 1265631232                                {product} {ergonomic}
   size_t MinHeapDeltaBytes                        = 1048576                                   {product} {ergonomic}
   size_t MinHeapSize                              = 8388608                                   {product} {ergonomic}
    uintx NonNMethodCodeHeapSize                   = 5839372                                {pd product} {ergonomic}
    uintx NonProfiledCodeHeapSize                  = 122909434                              {pd product} {ergonomic}
    uintx ProfiledCodeHeapSize                     = 122909434                              {pd product} {ergonomic}
    uintx ReservedCodeCacheSize                    = 251658240                              {pd product} {ergonomic}
     bool SegmentedCodeCache                       = true                                      {product} {ergonomic}
   size_t SoftMaxHeapSize                          = 2109734912                             {manageable} {ergonomic}
     bool UseCompressedClassPointers               = true                           {product lp64_product} {ergonomic}
     bool UseCompressedOops                        = true                           {product lp64_product} {ergonomic}
     bool UseG1GC                                  = true                                      {product} {ergonomic}
     bool UseLargePagesIndividualAllocation        = false                                  {pd product} {ergonomic}

Logging:
Log output configuration:
 #0: stdout all=warning uptime,level,tags foldmultilines=false
 #1: stderr all=off uptime,level,tags foldmultilines=false

Environment Variables:
JAVA_HOME=C:\Program Files\java\openjdk-19_windows-x64_bin\jdk-19\
PATH=C:\Program Files (x86)\VMware\VMware Player\bin\;C:\Windows\system32;C:\Windows;C:\Windows\System32\Wbem;C:\Windows\System32\WindowsPowerShell\v1.0\;C:\Windows\System32\OpenSSH\;C:\Program Files (x86)\NVIDIA Corporation\PhysX\Common;C:\Program Files\NVIDIA Corporation\NVIDIA NvDLISR;C:\Program Files\MATLAB\R2022a\bin;C:\Program Files\Intel\WiFi\bin\;C:\Program Files\Common Files\Intel\WirelessCommon\;C:\Program Files\dotnet\;C:\Program Files\java\openjdk-19_windows-x64_bin\jdk-19\bin;C:\Strawberry\c\bin;C:\Strawberry\perl\site\bin;C:\Strawberry\perl\bin;C:\Program Files\Git\cmd;C:\Users\Windows\AppData\Local\Microsoft\WindowsApps;;C:\Users\Windows\AppData\Local\Programs\Microsoft VS Code\bin;C:\Program Files\JetBrains\IntelliJ IDEA 2022.2.3\bin;
USERNAME=Windows
OS=Windows_NT
PROCESSOR_IDENTIFIER=Intel64 Family 6 Model 158 Stepping 10, GenuineIntel
TMP=C:\Users\Windows\AppData\Local\Temp
TEMP=C:\Users\Windows\AppData\Local\Temp



---------------  S Y S T E M  ---------------

OS:
 Windows 10 , 64 bit Build 19041 (10.0.19041.2251)
OS uptime: 4 days 11:39 hours

CPU: total 12 (initial active 12) (6 cores per cpu, 2 threads per core) family 6 model 158 stepping 10 microcode 0xb4, cx8, cmov, fxsr, ht, mmx, 3dnowpref, sse, sse2, sse3, ssse3, sse4.1, sse4.2, popcnt, lzcnt, tsc, tscinvbit, avx, avx2, aes, erms, clmul, bmi1, bmi2, adx, fma, vzeroupper, clflush, clflushopt, rdtscp

Memory: 4k page, system-wide physical 8041M (677M free)
TotalPageFile size 32617M (AvailPageFile size 4M)
current process WorkingSet (physical memory assigned to process): 116M, peak: 116M
current process commit charge ("private bytes"): 249M, peak: 249M

vm_info: OpenJDK 64-Bit Server VM (19+36-2238) for windows-amd64 JRE (19+36-2238), built on 2022-08-12T20:29:01Z by "mach5one" with MS VC++ 17.1 (VS2022)

END.
