#
# There is insufficient memory for the Java Runtime Environment to continue.
# Native memory allocation (malloc) failed to allocate 196736 bytes for Chunk::new
# Possible reasons:
#   The system is out of physical RAM or swap space
#   The process is running with CompressedOops enabled, and the Java Heap may be blocking the growth of the native heap
# Possible solutions:
#   Reduce memory load on the system
#   Increase physical memory or swap space
#   Check if swap backing store is full
#   Decrease Java heap size (-Xmx/-Xms)
#   Decrease number of Java threads
#   Decrease Java thread stack sizes (-Xss)
#   Set larger code cache with -XX:ReservedCodeCacheSize=
#   JVM is running with Unscaled Compressed Oops mode in which the Java heap is
#     placed in the first 4GB address space. The Java Heap base address is the
#     maximum limit for the native heap growth. Please use -XX:HeapBaseMinAddress
#     to set the Java Heap base and to place the Java Heap above 4GB virtual address.
# This output file may be truncated or incomplete.
#
#  Out of Memory Error (arena.cpp:184), pid=12292, tid=9372
#
# JRE version: OpenJDK Runtime Environment (19.0+36) (build 19+36-2238)
# Java VM: OpenJDK 64-Bit Server VM (19+36-2238, mixed mode, sharing, tiered, compressed oops, compressed class ptrs, g1 gc, windows-amd64)
# No core dump will be written. Minidumps are not enabled by default on client versions of Windows
#

---------------  S U M M A R Y ------------

Command Line: src/checker/checkstyle-8.36.2-all.jar -c src/checker/poo_checks.xml ./

Host: Intel(R) Core(TM) i7-9750H CPU @ 2.60GHz, 12 cores, 7G,  Windows 10 , 64 bit Build 19041 (10.0.19041.2251)
Time: Tue Nov 15 21:52:19 2022 GTB Standard Time elapsed time: 0.711724 seconds (0d 0h 0m 0s)

---------------  T H R E A D  ---------------

Current thread (0x000002647a6ea500):  JavaThread "C2 CompilerThread1" daemon [_thread_in_native, id=9372, stack(0x0000009c59500000,0x0000009c59600000)]


Current CompileTask:
C2:    711 1460       4       antlr.CharScanner::consume (83 bytes)

Stack: [0x0000009c59500000,0x0000009c59600000]
Native frames: (J=compiled Java code, j=interpreted, Vv=VM code, C=native code)
V  [jvm.dll+0x6ee8fa]
V  [jvm.dll+0x857a1e]
V  [jvm.dll+0x85940e]
V  [jvm.dll+0x859ac3]
V  [jvm.dll+0x28291f]
V  [jvm.dll+0xc9b5f]
V  [jvm.dll+0xc9ee5]
V  [jvm.dll+0x2f7c6f]
V  [jvm.dll+0x5f0c5b]
V  [jvm.dll+0x2551fc]
V  [jvm.dll+0x24e097]
V  [jvm.dll+0x24b563]
V  [jvm.dll+0x1d6d61]
V  [jvm.dll+0x25b0fa]
V  [jvm.dll+0x259588]
V  [jvm.dll+0x807928]
V  [jvm.dll+0x8015fa]
V  [jvm.dll+0x6ed5eb]
C  [ucrtbase.dll+0x21bb2]
C  [KERNEL32.DLL+0x174b4]
C  [ntdll.dll+0x526a1]


---------------  P R O C E S S  ---------------

Threads class SMR info:
_java_thread_list=0x000002641d602fc0, length=13, elements={
0x000002647a6e94e0, 0x0000026419388140, 0x0000026419389f40, 0x000002641938d3c0,
0x000002641938fd00, 0x0000026419390f10, 0x0000026419396930, 0x0000026419398e80,
0x000002641939d750, 0x00000264193ae880, 0x000002641d61f2c0, 0x000002641d61fd60,
0x000002647a6ea500
}

Java Threads: ( => current thread )
  0x000002647a6e94e0 JavaThread "main" [_thread_in_native, id=20840, stack(0x0000009c58200000,0x0000009c58300000)]
  0x0000026419388140 JavaThread "Reference Handler" daemon [_thread_blocked, id=21324, stack(0x0000009c58900000,0x0000009c58a00000)]
  0x0000026419389f40 JavaThread "Finalizer" daemon [_thread_blocked, id=15592, stack(0x0000009c58a00000,0x0000009c58b00000)]
  0x000002641938d3c0 JavaThread "Signal Dispatcher" daemon [_thread_blocked, id=11552, stack(0x0000009c58b00000,0x0000009c58c00000)]
  0x000002641938fd00 JavaThread "Attach Listener" daemon [_thread_blocked, id=4816, stack(0x0000009c58c00000,0x0000009c58d00000)]
  0x0000026419390f10 JavaThread "Service Thread" daemon [_thread_blocked, id=2348, stack(0x0000009c58d00000,0x0000009c58e00000)]
  0x0000026419396930 JavaThread "Monitor Deflation Thread" daemon [_thread_blocked, id=12780, stack(0x0000009c58e00000,0x0000009c58f00000)]
  0x0000026419398e80 JavaThread "C2 CompilerThread0" daemon [_thread_in_native, id=20908, stack(0x0000009c58f00000,0x0000009c59000000)]
  0x000002641939d750 JavaThread "C1 CompilerThread0" daemon [_thread_in_native, id=10608, stack(0x0000009c59000000,0x0000009c59100000)]
  0x00000264193ae880 JavaThread "Sweeper thread" daemon [_thread_blocked, id=1436, stack(0x0000009c59100000,0x0000009c59200000)]
  0x000002641d61f2c0 JavaThread "Notification Thread" daemon [_thread_blocked, id=13048, stack(0x0000009c59200000,0x0000009c59300000)]
  0x000002641d61fd60 JavaThread "Common-Cleaner" daemon [_thread_blocked, id=12328, stack(0x0000009c59400000,0x0000009c59500000)]
=>0x000002647a6ea500 JavaThread "C2 CompilerThread1" daemon [_thread_in_native, id=9372, stack(0x0000009c59500000,0x0000009c59600000)]

Other Threads:
  0x000002641936c440 VMThread "VM Thread" [stack: 0x0000009c58800000,0x0000009c58900000] [id=18756]
  0x000002641d625290 WatcherThread "VM Periodic Task Thread" [stack: 0x0000009c59300000,0x0000009c59400000] [id=11592]
  0x000002647a74aaf0 WorkerThread "GC Thread#0" [stack: 0x0000009c58300000,0x0000009c58400000] [id=3676]
  0x000002641dcb5e70 WorkerThread "GC Thread#1" [stack: 0x0000009c59600000,0x0000009c59700000] [id=14164]
  0x000002641dcb6140 WorkerThread "GC Thread#2" [stack: 0x0000009c59700000,0x0000009c59800000] [id=20348]
  0x000002641dab47e0 WorkerThread "GC Thread#3" [stack: 0x0000009c59800000,0x0000009c59900000] [id=21460]
  0x000002641dc0ba30 WorkerThread "GC Thread#4" [stack: 0x0000009c59900000,0x0000009c59a00000] [id=9520]
  0x000002641dc0c570 WorkerThread "GC Thread#5" [stack: 0x0000009c59a00000,0x0000009c59b00000] [id=18332]
  0x000002647a75c780 ConcurrentGCThread "G1 Main Marker" [stack: 0x0000009c58400000,0x0000009c58500000] [id=13908]
  0x000002647a75d950 WorkerThread "G1 Conc#0" [stack: 0x0000009c58500000,0x0000009c58600000] [id=12252]
  0x000002647a7be600 ConcurrentGCThread "G1 Refine#0" [stack: 0x0000009c58600000,0x0000009c58700000] [id=15876]
  0x00000264192293c0 ConcurrentGCThread "G1 Service" [stack: 0x0000009c58700000,0x0000009c58800000] [id=2620]

Threads with active compile tasks:
C2 CompilerThread0      729 1466       4       jdk.internal.org.objectweb.asm.SymbolTable::addConstantUtf8 (98 bytes)
C1 CompilerThread0      729 1455   !   3       com.puppycrawl.tools.checkstyle.grammar.GeneratedJavaLexer::nextToken (2133 bytes)
C2 CompilerThread1      729 1460       4       antlr.CharScanner::consume (83 bytes)

VM state: not at safepoint (normal execution)

VM Mutex/Monitor currently owned by a thread: None

Heap address: 0x0000000082400000, size: 2012 MB, Compressed Oops mode: 32-bit

CDS archive(s) mapped at: [0x0000000800000000-0x0000000800c40000-0x0000000800c40000), size 12845056, SharedBaseAddress: 0x0000000800000000, ArchiveRelocationMode: 0.
Compressed class space mapped at: 0x0000000801000000-0x0000000841000000, reserved size: 1073741824
Narrow klass base: 0x0000000800000000, Narrow klass shift: 0, Narrow klass range: 0x100000000

GC Precious Log:
 CardTable entry size: 512
 Card Set container configuration: InlinePtr #cards 5 size 8 Array Of Cards #cards 12 size 40 Howl #buckets 4 coarsen threshold 1843 Howl Bitmap #cards 512 size 80 coarsen threshold 460 Card regions per heap region 1 cards per card region 2048
 CPUs: 12 total, 12 available
 Memory: 8041M
 Large Page Support: Disabled
 NUMA Support: Disabled
 Compressed Oops: Enabled (32-bit)
 Heap Region Size: 1M
 Heap Min Capacity: 8M
 Heap Initial Capacity: 126M
 Heap Max Capacity: 2012M
 Pre-touch: Disabled
 Parallel Workers: 10
 Concurrent Workers: 3
 Concurrent Refinement Workers: 10
 Periodic GC: Disabled

Heap:
 garbage-first heap   total 129024K, used 15999K [0x0000000082400000, 0x0000000100000000)
  region size 1024K, 17 young (17408K), 3 survivors (3072K)
 Metaspace       used 7401K, committed 7552K, reserved 1114112K
  class space    used 707K, committed 768K, reserved 1048576K

Heap Regions: E=young(eden), S=young(survivor), O=old, HS=humongous(starts), HC=humongous(continues), CS=collection set, F=free, OA=open archive, CA=closed archive, TAMS=top-at-mark-start (previous, next)
|   0|0x0000000082400000, 0x0000000082400000, 0x0000000082500000|  0%| F|  |TAMS 0x0000000082400000, 0x0000000082400000| Untracked 
|   1|0x0000000082500000, 0x0000000082600000, 0x0000000082600000|100%|HS|  |TAMS 0x0000000082500000, 0x0000000082500000| Complete 
|   2|0x0000000082600000, 0x0000000082600000, 0x0000000082700000|  0%| F|  |TAMS 0x0000000082600000, 0x0000000082600000| Untracked 
|   3|0x0000000082700000, 0x0000000082700000, 0x0000000082800000|  0%| F|  |TAMS 0x0000000082700000, 0x0000000082700000| Untracked 
|   4|0x0000000082800000, 0x0000000082800000, 0x0000000082900000|  0%| F|  |TAMS 0x0000000082800000, 0x0000000082800000| Untracked 
|   5|0x0000000082900000, 0x0000000082900000, 0x0000000082a00000|  0%| F|  |TAMS 0x0000000082900000, 0x0000000082900000| Untracked 
|   6|0x0000000082a00000, 0x0000000082a00000, 0x0000000082b00000|  0%| F|  |TAMS 0x0000000082a00000, 0x0000000082a00000| Untracked 
|   7|0x0000000082b00000, 0x0000000082b00000, 0x0000000082c00000|  0%| F|  |TAMS 0x0000000082b00000, 0x0000000082b00000| Untracked 
|   8|0x0000000082c00000, 0x0000000082c00000, 0x0000000082d00000|  0%| F|  |TAMS 0x0000000082c00000, 0x0000000082c00000| Untracked 
|   9|0x0000000082d00000, 0x0000000082d00000, 0x0000000082e00000|  0%| F|  |TAMS 0x0000000082d00000, 0x0000000082d00000| Untracked 
|  10|0x0000000082e00000, 0x0000000082e00000, 0x0000000082f00000|  0%| F|  |TAMS 0x0000000082e00000, 0x0000000082e00000| Untracked 
|  11|0x0000000082f00000, 0x0000000082f00000, 0x0000000083000000|  0%| F|  |TAMS 0x0000000082f00000, 0x0000000082f00000| Untracked 
|  12|0x0000000083000000, 0x0000000083000000, 0x0000000083100000|  0%| F|  |TAMS 0x0000000083000000, 0x0000000083000000| Untracked 
|  13|0x0000000083100000, 0x0000000083100000, 0x0000000083200000|  0%| F|  |TAMS 0x0000000083100000, 0x0000000083100000| Untracked 
|  14|0x0000000083200000, 0x0000000083200000, 0x0000000083300000|  0%| F|  |TAMS 0x0000000083200000, 0x0000000083200000| Untracked 
|  15|0x0000000083300000, 0x0000000083300000, 0x0000000083400000|  0%| F|  |TAMS 0x0000000083300000, 0x0000000083300000| Untracked 
|  16|0x0000000083400000, 0x0000000083400000, 0x0000000083500000|  0%| F|  |TAMS 0x0000000083400000, 0x0000000083400000| Untracked 
|  17|0x0000000083500000, 0x0000000083500000, 0x0000000083600000|  0%| F|  |TAMS 0x0000000083500000, 0x0000000083500000| Untracked 
|  18|0x0000000083600000, 0x0000000083600000, 0x0000000083700000|  0%| F|  |TAMS 0x0000000083600000, 0x0000000083600000| Untracked 
|  19|0x0000000083700000, 0x0000000083700000, 0x0000000083800000|  0%| F|  |TAMS 0x0000000083700000, 0x0000000083700000| Untracked 
|  20|0x0000000083800000, 0x0000000083800000, 0x0000000083900000|  0%| F|  |TAMS 0x0000000083800000, 0x0000000083800000| Untracked 
|  21|0x0000000083900000, 0x0000000083900000, 0x0000000083a00000|  0%| F|  |TAMS 0x0000000083900000, 0x0000000083900000| Untracked 
|  22|0x0000000083a00000, 0x0000000083a00000, 0x0000000083b00000|  0%| F|  |TAMS 0x0000000083a00000, 0x0000000083a00000| Untracked 
|  23|0x0000000083b00000, 0x0000000083b00000, 0x0000000083c00000|  0%| F|  |TAMS 0x0000000083b00000, 0x0000000083b00000| Untracked 
|  24|0x0000000083c00000, 0x0000000083c00000, 0x0000000083d00000|  0%| F|  |TAMS 0x0000000083c00000, 0x0000000083c00000| Untracked 
|  25|0x0000000083d00000, 0x0000000083d00000, 0x0000000083e00000|  0%| F|  |TAMS 0x0000000083d00000, 0x0000000083d00000| Untracked 
|  26|0x0000000083e00000, 0x0000000083e00000, 0x0000000083f00000|  0%| F|  |TAMS 0x0000000083e00000, 0x0000000083e00000| Untracked 
|  27|0x0000000083f00000, 0x0000000083f00000, 0x0000000084000000|  0%| F|  |TAMS 0x0000000083f00000, 0x0000000083f00000| Untracked 
|  28|0x0000000084000000, 0x0000000084000000, 0x0000000084100000|  0%| F|  |TAMS 0x0000000084000000, 0x0000000084000000| Untracked 
|  29|0x0000000084100000, 0x0000000084100000, 0x0000000084200000|  0%| F|  |TAMS 0x0000000084100000, 0x0000000084100000| Untracked 
|  30|0x0000000084200000, 0x0000000084200000, 0x0000000084300000|  0%| F|  |TAMS 0x0000000084200000, 0x0000000084200000| Untracked 
|  31|0x0000000084300000, 0x0000000084300000, 0x0000000084400000|  0%| F|  |TAMS 0x0000000084300000, 0x0000000084300000| Untracked 
|  32|0x0000000084400000, 0x0000000084400000, 0x0000000084500000|  0%| F|  |TAMS 0x0000000084400000, 0x0000000084400000| Untracked 
|  33|0x0000000084500000, 0x0000000084500000, 0x0000000084600000|  0%| F|  |TAMS 0x0000000084500000, 0x0000000084500000| Untracked 
|  34|0x0000000084600000, 0x0000000084600000, 0x0000000084700000|  0%| F|  |TAMS 0x0000000084600000, 0x0000000084600000| Untracked 
|  35|0x0000000084700000, 0x0000000084700000, 0x0000000084800000|  0%| F|  |TAMS 0x0000000084700000, 0x0000000084700000| Untracked 
|  36|0x0000000084800000, 0x0000000084800000, 0x0000000084900000|  0%| F|  |TAMS 0x0000000084800000, 0x0000000084800000| Untracked 
|  37|0x0000000084900000, 0x0000000084900000, 0x0000000084a00000|  0%| F|  |TAMS 0x0000000084900000, 0x0000000084900000| Untracked 
|  38|0x0000000084a00000, 0x0000000084a00000, 0x0000000084b00000|  0%| F|  |TAMS 0x0000000084a00000, 0x0000000084a00000| Untracked 
|  39|0x0000000084b00000, 0x0000000084b00000, 0x0000000084c00000|  0%| F|  |TAMS 0x0000000084b00000, 0x0000000084b00000| Untracked 
|  40|0x0000000084c00000, 0x0000000084c00000, 0x0000000084d00000|  0%| F|  |TAMS 0x0000000084c00000, 0x0000000084c00000| Untracked 
|  41|0x0000000084d00000, 0x0000000084d00000, 0x0000000084e00000|  0%| F|  |TAMS 0x0000000084d00000, 0x0000000084d00000| Untracked 
|  42|0x0000000084e00000, 0x0000000084e00000, 0x0000000084f00000|  0%| F|  |TAMS 0x0000000084e00000, 0x0000000084e00000| Untracked 
|  43|0x0000000084f00000, 0x0000000084f00000, 0x0000000085000000|  0%| F|  |TAMS 0x0000000084f00000, 0x0000000084f00000| Untracked 
|  44|0x0000000085000000, 0x0000000085000000, 0x0000000085100000|  0%| F|  |TAMS 0x0000000085000000, 0x0000000085000000| Untracked 
|  45|0x0000000085100000, 0x0000000085100000, 0x0000000085200000|  0%| F|  |TAMS 0x0000000085100000, 0x0000000085100000| Untracked 
|  46|0x0000000085200000, 0x0000000085200000, 0x0000000085300000|  0%| F|  |TAMS 0x0000000085200000, 0x0000000085200000| Untracked 
|  47|0x0000000085300000, 0x0000000085300000, 0x0000000085400000|  0%| F|  |TAMS 0x0000000085300000, 0x0000000085300000| Untracked 
|  48|0x0000000085400000, 0x0000000085400000, 0x0000000085500000|  0%| F|  |TAMS 0x0000000085400000, 0x0000000085400000| Untracked 
|  49|0x0000000085500000, 0x0000000085500000, 0x0000000085600000|  0%| F|  |TAMS 0x0000000085500000, 0x0000000085500000| Untracked 
|  50|0x0000000085600000, 0x0000000085600000, 0x0000000085700000|  0%| F|  |TAMS 0x0000000085600000, 0x0000000085600000| Untracked 
|  51|0x0000000085700000, 0x0000000085700000, 0x0000000085800000|  0%| F|  |TAMS 0x0000000085700000, 0x0000000085700000| Untracked 
|  52|0x0000000085800000, 0x0000000085800000, 0x0000000085900000|  0%| F|  |TAMS 0x0000000085800000, 0x0000000085800000| Untracked 
|  53|0x0000000085900000, 0x0000000085900000, 0x0000000085a00000|  0%| F|  |TAMS 0x0000000085900000, 0x0000000085900000| Untracked 
|  54|0x0000000085a00000, 0x0000000085a00000, 0x0000000085b00000|  0%| F|  |TAMS 0x0000000085a00000, 0x0000000085a00000| Untracked 
|  55|0x0000000085b00000, 0x0000000085b00000, 0x0000000085c00000|  0%| F|  |TAMS 0x0000000085b00000, 0x0000000085b00000| Untracked 
|  56|0x0000000085c00000, 0x0000000085c00000, 0x0000000085d00000|  0%| F|  |TAMS 0x0000000085c00000, 0x0000000085c00000| Untracked 
|  57|0x0000000085d00000, 0x0000000085d00000, 0x0000000085e00000|  0%| F|  |TAMS 0x0000000085d00000, 0x0000000085d00000| Untracked 
|  58|0x0000000085e00000, 0x0000000085e00000, 0x0000000085f00000|  0%| F|  |TAMS 0x0000000085e00000, 0x0000000085e00000| Untracked 
|  59|0x0000000085f00000, 0x0000000085f00000, 0x0000000086000000|  0%| F|  |TAMS 0x0000000085f00000, 0x0000000085f00000| Untracked 
|  60|0x0000000086000000, 0x0000000086000000, 0x0000000086100000|  0%| F|  |TAMS 0x0000000086000000, 0x0000000086000000| Untracked 
|  61|0x0000000086100000, 0x0000000086100000, 0x0000000086200000|  0%| F|  |TAMS 0x0000000086100000, 0x0000000086100000| Untracked 
|  62|0x0000000086200000, 0x0000000086200000, 0x0000000086300000|  0%| F|  |TAMS 0x0000000086200000, 0x0000000086200000| Untracked 
|  63|0x0000000086300000, 0x0000000086300000, 0x0000000086400000|  0%| F|  |TAMS 0x0000000086300000, 0x0000000086300000| Untracked 
|  64|0x0000000086400000, 0x0000000086400000, 0x0000000086500000|  0%| F|  |TAMS 0x0000000086400000, 0x0000000086400000| Untracked 
|  65|0x0000000086500000, 0x0000000086500000, 0x0000000086600000|  0%| F|  |TAMS 0x0000000086500000, 0x0000000086500000| Untracked 
|  66|0x0000000086600000, 0x0000000086600000, 0x0000000086700000|  0%| F|  |TAMS 0x0000000086600000, 0x0000000086600000| Untracked 
|  67|0x0000000086700000, 0x0000000086700000, 0x0000000086800000|  0%| F|  |TAMS 0x0000000086700000, 0x0000000086700000| Untracked 
|  68|0x0000000086800000, 0x0000000086800000, 0x0000000086900000|  0%| F|  |TAMS 0x0000000086800000, 0x0000000086800000| Untracked 
|  69|0x0000000086900000, 0x0000000086900000, 0x0000000086a00000|  0%| F|  |TAMS 0x0000000086900000, 0x0000000086900000| Untracked 
|  70|0x0000000086a00000, 0x0000000086a00000, 0x0000000086b00000|  0%| F|  |TAMS 0x0000000086a00000, 0x0000000086a00000| Untracked 
|  71|0x0000000086b00000, 0x0000000086b00000, 0x0000000086c00000|  0%| F|  |TAMS 0x0000000086b00000, 0x0000000086b00000| Untracked 
|  72|0x0000000086c00000, 0x0000000086c00000, 0x0000000086d00000|  0%| F|  |TAMS 0x0000000086c00000, 0x0000000086c00000| Untracked 
|  73|0x0000000086d00000, 0x0000000086d00000, 0x0000000086e00000|  0%| F|  |TAMS 0x0000000086d00000, 0x0000000086d00000| Untracked 
|  74|0x0000000086e00000, 0x0000000086e00000, 0x0000000086f00000|  0%| F|  |TAMS 0x0000000086e00000, 0x0000000086e00000| Untracked 
|  75|0x0000000086f00000, 0x0000000086f00000, 0x0000000087000000|  0%| F|  |TAMS 0x0000000086f00000, 0x0000000086f00000| Untracked 
|  76|0x0000000087000000, 0x0000000087000000, 0x0000000087100000|  0%| F|  |TAMS 0x0000000087000000, 0x0000000087000000| Untracked 
|  77|0x0000000087100000, 0x0000000087100000, 0x0000000087200000|  0%| F|  |TAMS 0x0000000087100000, 0x0000000087100000| Untracked 
|  78|0x0000000087200000, 0x0000000087200000, 0x0000000087300000|  0%| F|  |TAMS 0x0000000087200000, 0x0000000087200000| Untracked 
|  79|0x0000000087300000, 0x0000000087300000, 0x0000000087400000|  0%| F|  |TAMS 0x0000000087300000, 0x0000000087300000| Untracked 
|  80|0x0000000087400000, 0x0000000087400000, 0x0000000087500000|  0%| F|  |TAMS 0x0000000087400000, 0x0000000087400000| Untracked 
|  81|0x0000000087500000, 0x0000000087500000, 0x0000000087600000|  0%| F|  |TAMS 0x0000000087500000, 0x0000000087500000| Untracked 
|  82|0x0000000087600000, 0x0000000087600000, 0x0000000087700000|  0%| F|  |TAMS 0x0000000087600000, 0x0000000087600000| Untracked 
|  83|0x0000000087700000, 0x0000000087700000, 0x0000000087800000|  0%| F|  |TAMS 0x0000000087700000, 0x0000000087700000| Untracked 
|  84|0x0000000087800000, 0x0000000087800000, 0x0000000087900000|  0%| F|  |TAMS 0x0000000087800000, 0x0000000087800000| Untracked 
|  85|0x0000000087900000, 0x0000000087900000, 0x0000000087a00000|  0%| F|  |TAMS 0x0000000087900000, 0x0000000087900000| Untracked 
|  86|0x0000000087a00000, 0x0000000087a00000, 0x0000000087b00000|  0%| F|  |TAMS 0x0000000087a00000, 0x0000000087a00000| Untracked 
|  87|0x0000000087b00000, 0x0000000087b00000, 0x0000000087c00000|  0%| F|  |TAMS 0x0000000087b00000, 0x0000000087b00000| Untracked 
|  88|0x0000000087c00000, 0x0000000087c00000, 0x0000000087d00000|  0%| F|  |TAMS 0x0000000087c00000, 0x0000000087c00000| Untracked 
|  89|0x0000000087d00000, 0x0000000087d00000, 0x0000000087e00000|  0%| F|  |TAMS 0x0000000087d00000, 0x0000000087d00000| Untracked 
|  90|0x0000000087e00000, 0x0000000087e00000, 0x0000000087f00000|  0%| F|  |TAMS 0x0000000087e00000, 0x0000000087e00000| Untracked 
|  91|0x0000000087f00000, 0x0000000087f00000, 0x0000000088000000|  0%| F|  |TAMS 0x0000000087f00000, 0x0000000087f00000| Untracked 
|  92|0x0000000088000000, 0x0000000088000000, 0x0000000088100000|  0%| F|  |TAMS 0x0000000088000000, 0x0000000088000000| Untracked 
|  93|0x0000000088100000, 0x0000000088100000, 0x0000000088200000|  0%| F|  |TAMS 0x0000000088100000, 0x0000000088100000| Untracked 
|  94|0x0000000088200000, 0x0000000088200000, 0x0000000088300000|  0%| F|  |TAMS 0x0000000088200000, 0x0000000088200000| Untracked 
|  95|0x0000000088300000, 0x0000000088300000, 0x0000000088400000|  0%| F|  |TAMS 0x0000000088300000, 0x0000000088300000| Untracked 
|  96|0x0000000088400000, 0x0000000088400000, 0x0000000088500000|  0%| F|  |TAMS 0x0000000088400000, 0x0000000088400000| Untracked 
|  97|0x0000000088500000, 0x0000000088500000, 0x0000000088600000|  0%| F|  |TAMS 0x0000000088500000, 0x0000000088500000| Untracked 
|  98|0x0000000088600000, 0x0000000088600000, 0x0000000088700000|  0%| F|  |TAMS 0x0000000088600000, 0x0000000088600000| Untracked 
|  99|0x0000000088700000, 0x0000000088700000, 0x0000000088800000|  0%| F|  |TAMS 0x0000000088700000, 0x0000000088700000| Untracked 
| 100|0x0000000088800000, 0x000000008889fff0, 0x0000000088900000| 62%| S|CS|TAMS 0x0000000088800000, 0x0000000088800000| Complete 
| 101|0x0000000088900000, 0x0000000088a00000, 0x0000000088a00000|100%| S|CS|TAMS 0x0000000088900000, 0x0000000088900000| Complete 
| 102|0x0000000088a00000, 0x0000000088b00000, 0x0000000088b00000|100%| S|CS|TAMS 0x0000000088a00000, 0x0000000088a00000| Complete 
| 103|0x0000000088b00000, 0x0000000088b00000, 0x0000000088c00000|  0%| F|  |TAMS 0x0000000088b00000, 0x0000000088b00000| Untracked 
| 104|0x0000000088c00000, 0x0000000088c00000, 0x0000000088d00000|  0%| F|  |TAMS 0x0000000088c00000, 0x0000000088c00000| Untracked 
| 105|0x0000000088d00000, 0x0000000088d00000, 0x0000000088e00000|  0%| F|  |TAMS 0x0000000088d00000, 0x0000000088d00000| Untracked 
| 106|0x0000000088e00000, 0x0000000088e00000, 0x0000000088f00000|  0%| F|  |TAMS 0x0000000088e00000, 0x0000000088e00000| Untracked 
| 107|0x0000000088f00000, 0x0000000088f00000, 0x0000000089000000|  0%| F|  |TAMS 0x0000000088f00000, 0x0000000088f00000| Untracked 
| 108|0x0000000089000000, 0x0000000089000000, 0x0000000089100000|  0%| F|  |TAMS 0x0000000089000000, 0x0000000089000000| Untracked 
| 109|0x0000000089100000, 0x0000000089100000, 0x0000000089200000|  0%| F|  |TAMS 0x0000000089100000, 0x0000000089100000| Untracked 
| 110|0x0000000089200000, 0x0000000089200000, 0x0000000089300000|  0%| F|  |TAMS 0x0000000089200000, 0x0000000089200000| Untracked 
| 111|0x0000000089300000, 0x0000000089300000, 0x0000000089400000|  0%| F|  |TAMS 0x0000000089300000, 0x0000000089300000| Untracked 
| 112|0x0000000089400000, 0x00000000894d8ae0, 0x0000000089500000| 84%| E|  |TAMS 0x0000000089400000, 0x0000000089400000| Complete 
| 113|0x0000000089500000, 0x0000000089600000, 0x0000000089600000|100%| E|  |TAMS 0x0000000089500000, 0x0000000089500000| Complete 
| 114|0x0000000089600000, 0x0000000089700000, 0x0000000089700000|100%| E|CS|TAMS 0x0000000089600000, 0x0000000089600000| Complete 
| 115|0x0000000089700000, 0x0000000089800000, 0x0000000089800000|100%| E|CS|TAMS 0x0000000089700000, 0x0000000089700000| Complete 
| 116|0x0000000089800000, 0x0000000089900000, 0x0000000089900000|100%| E|CS|TAMS 0x0000000089800000, 0x0000000089800000| Complete 
| 117|0x0000000089900000, 0x0000000089a00000, 0x0000000089a00000|100%| E|CS|TAMS 0x0000000089900000, 0x0000000089900000| Complete 
| 118|0x0000000089a00000, 0x0000000089b00000, 0x0000000089b00000|100%| E|CS|TAMS 0x0000000089a00000, 0x0000000089a00000| Complete 
| 119|0x0000000089b00000, 0x0000000089c00000, 0x0000000089c00000|100%| E|CS|TAMS 0x0000000089b00000, 0x0000000089b00000| Complete 
| 120|0x0000000089c00000, 0x0000000089d00000, 0x0000000089d00000|100%| E|CS|TAMS 0x0000000089c00000, 0x0000000089c00000| Complete 
| 121|0x0000000089d00000, 0x0000000089e00000, 0x0000000089e00000|100%| E|CS|TAMS 0x0000000089d00000, 0x0000000089d00000| Complete 
| 122|0x0000000089e00000, 0x0000000089f00000, 0x0000000089f00000|100%| E|CS|TAMS 0x0000000089e00000, 0x0000000089e00000| Complete 
| 123|0x0000000089f00000, 0x000000008a000000, 0x000000008a000000|100%| E|CS|TAMS 0x0000000089f00000, 0x0000000089f00000| Complete 
| 124|0x000000008a000000, 0x000000008a100000, 0x000000008a100000|100%| E|CS|TAMS 0x000000008a000000, 0x000000008a000000| Complete 
| 125|0x000000008a100000, 0x000000008a200000, 0x000000008a200000|100%| E|CS|TAMS 0x000000008a100000, 0x000000008a100000| Complete 

Card table byte_map: [0x000002647b100000,0x000002647b4f0000] _byte_map_base: 0x000002647acee000

Marking Bits (Prev, Next): (CMBitMap*) 0x000002647a74c130, (CMBitMap*) 0x000002647a74c170
 Prev Bits: [0x000002647b8e0000, 0x000002647d850000)
 Next Bits: [0x000002647d850000, 0x000002647f7c0000)

Polling page: 0x0000026478650000

Metaspace:

Usage:
  Non-class:      6.54 MB used.
      Class:    707.17 KB used.
       Both:      7.23 MB used.

Virtual space:
  Non-class space:       64.00 MB reserved,       6.62 MB ( 10%) committed,  1 nodes.
      Class space:        1.00 GB reserved,     768.00 KB ( <1%) committed,  1 nodes.
             Both:        1.06 GB reserved,       7.38 MB ( <1%) committed. 

Chunk freelists:
   Non-Class:  1.12 MB
       Class:  3.07 MB
        Both:  4.20 MB

MaxMetaspaceSize: unlimited
CompressedClassSpaceSize: 1.00 GB
Initial GC threshold: 21.00 MB
Current GC threshold: 21.00 MB
CDS: on
MetaspaceReclaimPolicy: balanced
 - commit_granule_bytes: 65536.
 - commit_granule_words: 8192.
 - virtual_space_node_default_size: 8388608.
 - enlarge_chunks_in_place: 1.
 - new_chunks_are_fully_committed: 0.
 - uncommit_free_chunks: 1.
 - use_allocation_guard: 0.


Internal statistics:

num_allocs_failed_limit: 0.
num_arena_births: 124.
num_arena_deaths: 0.
num_vsnodes_births: 2.
num_vsnodes_deaths: 0.
num_space_committed: 118.
num_space_uncommitted: 0.
num_chunks_returned_to_freelist: 0.
num_chunks_taken_from_freelist: 279.
num_chunk_merges: 0.
num_chunk_splits: 191.
num_chunks_enlarged: 148.
num_inconsistent_stats: 0.

CodeHeap 'non-profiled nmethods': size=120000Kb used=459Kb max_used=459Kb free=119540Kb
 bounds [0x000002640f960000, 0x000002640fbd0000, 0x0000026416e90000]
CodeHeap 'profiled nmethods': size=120000Kb used=2715Kb max_used=2715Kb free=117284Kb
 bounds [0x0000026407e90000, 0x0000026408140000, 0x000002640f3c0000]
CodeHeap 'non-nmethods': size=5760Kb used=1260Kb max_used=1294Kb free=4499Kb
 bounds [0x000002640f3c0000, 0x000002640f630000, 0x000002640f960000]
 total_blobs=1926 nmethods=1452 adapters=385
 compilation: enabled
              stopped_count=0, restarted_count=0
 full_count=0

Compilation events (20 events):
Event: 0.694 Thread 0x000002641939d750 nmethod 1385 0x000002640f9cf890 code [0x000002640f9cfa20, 0x000002640f9cfb38]
Event: 0.694 Thread 0x000002641939d750 1448       3       com.puppycrawl.tools.checkstyle.DetailAstImpl::getFirstChild (5 bytes)
Event: 0.694 Thread 0x000002641939d750 nmethod 1448 0x0000026408134710 code [0x00000264081348c0, 0x0000026408134b38]
Event: 0.694 Thread 0x000002641939d750 1449       3       antlr.BaseAST::setNextSibling (9 bytes)
Event: 0.694 Thread 0x0000026419398e80 nmethod 1440 0x000002640f9cfb90 code [0x000002640f9cfd40, 0x000002640f9d0018]
Event: 0.694 Thread 0x0000026419398e80 1450       4       antlr.ASTPair::<init> (5 bytes)
Event: 0.694 Thread 0x000002641939d750 nmethod 1449 0x0000026408134c10 code [0x0000026408134dc0, 0x0000026408135018]
Event: 0.694 Thread 0x000002641939d750 1452       3       com.puppycrawl.tools.checkstyle.grammar.GeneratedJavaRecognizer::id (165 bytes)
Event: 0.694 Thread 0x0000026419398e80 nmethod 1450 0x000002640f9d0210 code [0x000002640f9d0380, 0x000002640f9d03f8]
Event: 0.694 Thread 0x0000026419398e80 1458       4       antlr.CharQueue::append (47 bytes)
Event: 0.695 Thread 0x000002641939d750 nmethod 1452 0x0000026408135110 code [0x0000026408135420, 0x00000264081365f8]
Event: 0.695 Thread 0x000002641939d750 1455   !   3       com.puppycrawl.tools.checkstyle.grammar.GeneratedJavaLexer::nextToken (2133 bytes)
Event: 0.695 Thread 0x0000026419398e80 nmethod 1458 0x000002640f9d0510 code [0x000002640f9d06a0, 0x000002640f9d07c8]
Event: 0.695 Thread 0x0000026419398e80 1463       4       antlr.ANTLRStringBuffer::append (92 bytes)
Event: 0.698 Thread 0x000002647a6ea500 nmethod 1447 0x000002640f9d0910 code [0x000002640f9d0b00, 0x000002640f9d1140]
Event: 0.699 Thread 0x000002647a6ea500 1465       4       java.util.HashMap::get (19 bytes)
Event: 0.703 Thread 0x000002647a6ea500 nmethod 1465 0x000002640f9d1490 code [0x000002640f9d1640, 0x000002640f9d19a8]
Event: 0.703 Thread 0x000002647a6ea500 1460       4       antlr.CharScanner::consume (83 bytes)
Event: 0.703 Thread 0x0000026419398e80 nmethod 1463 0x000002640f9d1c90 code [0x000002640f9d1e20, 0x000002640f9d2278]
Event: 0.703 Thread 0x0000026419398e80 1466       4       jdk.internal.org.objectweb.asm.SymbolTable::addConstantUtf8 (98 bytes)

GC Heap History (2 events):
Event: 0.575 GC heap before
{Heap before GC invocations=0 (full 0):
 garbage-first heap   total 129024K, used 25600K [0x0000000082400000, 0x0000000100000000)
  region size 1024K, 23 young (23552K), 0 survivors (0K)
 Metaspace       used 5849K, committed 6080K, reserved 1114112K
  class space    used 583K, committed 704K, reserved 1048576K
}
Event: 0.580 GC heap after
{Heap after GC invocations=1 (full 0):
 garbage-first heap   total 129024K, used 3711K [0x0000000082400000, 0x0000000100000000)
  region size 1024K, 3 young (3072K), 3 survivors (3072K)
 Metaspace       used 5849K, committed 6080K, reserved 1114112K
  class space    used 583K, committed 704K, reserved 1048576K
}

Dll operation events (7 events):
Event: 0.006 Loaded shared library C:\Program Files\java\openjdk-19_windows-x64_bin\jdk-19\bin\java.dll
Event: 0.015 Loaded shared library C:\Program Files\java\openjdk-19_windows-x64_bin\jdk-19\bin\jsvml.dll
Event: 0.043 Loaded shared library C:\Program Files\java\openjdk-19_windows-x64_bin\jdk-19\bin\net.dll
Event: 0.045 Loaded shared library C:\Program Files\java\openjdk-19_windows-x64_bin\jdk-19\bin\nio.dll
Event: 0.055 Loaded shared library C:\Program Files\java\openjdk-19_windows-x64_bin\jdk-19\bin\zip.dll
Event: 0.069 Loaded shared library C:\Program Files\java\openjdk-19_windows-x64_bin\jdk-19\bin\verify.dll
Event: 0.077 Loaded shared library C:\Program Files\java\openjdk-19_windows-x64_bin\jdk-19\bin\jimage.dll

Deoptimization events (20 events):
Event: 0.672 Thread 0x000002647a6e94e0 Uncommon trap: trap_request=0xffffffc6 fr.pc=0x000002640f9a8664 relative=0x0000000000000704
Event: 0.672 Thread 0x000002647a6e94e0 Uncommon trap: reason=bimorphic_or_optimized_type_check action=maybe_recompile pc=0x000002640f9a8664 method=java.util.Hashtable.get(Ljava/lang/Object;)Ljava/lang/Object; @ 6 c2
Event: 0.672 Thread 0x000002647a6e94e0 DEOPT PACKING pc=0x000002640f9a8664 sp=0x0000009c582fe850
Event: 0.672 Thread 0x000002647a6e94e0 DEOPT UNPACKING pc=0x000002640f426da3 sp=0x0000009c582fe810 mode 2
Event: 0.672 Thread 0x000002647a6e94e0 Uncommon trap: trap_request=0xffffffc6 fr.pc=0x000002640f9a8664 relative=0x0000000000000704
Event: 0.672 Thread 0x000002647a6e94e0 Uncommon trap: reason=bimorphic_or_optimized_type_check action=maybe_recompile pc=0x000002640f9a8664 method=java.util.Hashtable.get(Ljava/lang/Object;)Ljava/lang/Object; @ 6 c2
Event: 0.672 Thread 0x000002647a6e94e0 DEOPT PACKING pc=0x000002640f9a8664 sp=0x0000009c582fe8c0
Event: 0.672 Thread 0x000002647a6e94e0 DEOPT UNPACKING pc=0x000002640f426da3 sp=0x0000009c582fe880 mode 2
Event: 0.673 Thread 0x000002647a6e94e0 Uncommon trap: trap_request=0xffffffc6 fr.pc=0x000002640f9a8664 relative=0x0000000000000704
Event: 0.673 Thread 0x000002647a6e94e0 Uncommon trap: reason=bimorphic_or_optimized_type_check action=maybe_recompile pc=0x000002640f9a8664 method=java.util.Hashtable.get(Ljava/lang/Object;)Ljava/lang/Object; @ 6 c2
Event: 0.673 Thread 0x000002647a6e94e0 DEOPT PACKING pc=0x000002640f9a8664 sp=0x0000009c582fe7c0
Event: 0.673 Thread 0x000002647a6e94e0 DEOPT UNPACKING pc=0x000002640f426da3 sp=0x0000009c582fe780 mode 2
Event: 0.673 Thread 0x000002647a6e94e0 Uncommon trap: trap_request=0xffffffc6 fr.pc=0x000002640f9a8664 relative=0x0000000000000704
Event: 0.673 Thread 0x000002647a6e94e0 Uncommon trap: reason=bimorphic_or_optimized_type_check action=maybe_recompile pc=0x000002640f9a8664 method=java.util.Hashtable.get(Ljava/lang/Object;)Ljava/lang/Object; @ 6 c2
Event: 0.673 Thread 0x000002647a6e94e0 DEOPT PACKING pc=0x000002640f9a8664 sp=0x0000009c582fe8c0
Event: 0.673 Thread 0x000002647a6e94e0 DEOPT UNPACKING pc=0x000002640f426da3 sp=0x0000009c582fe880 mode 2
Event: 0.696 Thread 0x000002647a6e94e0 Uncommon trap: trap_request=0xffffff45 fr.pc=0x000002640f9c3ecc relative=0x000000000000036c
Event: 0.696 Thread 0x000002647a6e94e0 Uncommon trap: reason=unstable_if action=reinterpret pc=0x000002640f9c3ecc method=java.util.regex.Pattern$Dollar.match(Ljava/util/regex/Matcher;ILjava/lang/CharSequence;)Z @ 86 c2
Event: 0.696 Thread 0x000002647a6e94e0 DEOPT PACKING pc=0x000002640f9c3ecc sp=0x0000009c582fe900
Event: 0.696 Thread 0x000002647a6e94e0 DEOPT UNPACKING pc=0x000002640f426da3 sp=0x0000009c582fe8a8 mode 2

Classes loaded (20 events):
Event: 0.650 Loading class sun/nio/ch/IOStatus
Event: 0.650 Loading class sun/nio/ch/IOStatus done
Event: 0.676 Loading class java/lang/invoke/MethodHandle$1
Event: 0.676 Loading class java/lang/invoke/MethodHandle$1 done
Event: 0.702 Loading class java/util/regex/Pattern$LineEnding
Event: 0.702 Loading class java/util/regex/Pattern$LineEnding done
Event: 0.702 Loading class java/util/Spliterators$IntArraySpliterator
Event: 0.702 Loading class java/util/Spliterators$IntArraySpliterator done
Event: 0.702 Loading class java/util/stream/MatchOps$MatchKind
Event: 0.702 Loading class java/util/stream/MatchOps$MatchKind done
Event: 0.702 Loading class java/util/stream/MatchOps
Event: 0.702 Loading class java/util/stream/MatchOps done
Event: 0.703 Loading class java/util/stream/MatchOps$MatchOp
Event: 0.703 Loading class java/util/stream/MatchOps$MatchOp done
Event: 0.703 Loading class java/util/stream/MatchOps$BooleanTerminalSink
Event: 0.703 Loading class java/util/stream/MatchOps$BooleanTerminalSink done
Event: 0.703 Loading class java/util/stream/MatchOps$2MatchSink
Event: 0.703 Loading class java/util/stream/MatchOps$2MatchSink done
Event: 0.710 Loading class java/util/stream/MatchOps$1MatchSink
Event: 0.710 Loading class java/util/stream/MatchOps$1MatchSink done

Classes unloaded (0 events):
No events

Classes redefined (0 events):
No events

Internal exceptions (20 events):
Event: 0.622 Thread 0x000002647a6e94e0 Exception <a 'java/lang/ClassNotFoundException'{0x0000000089bd6800}: com/puppycrawl/tools/checkstyle/checks/design/DesignForExtensionCheckCustomizer> (0x0000000089bd6800) 
thrown [s\open\src\hotspot\share\classfile\systemDictionary.cpp, line 255]
Event: 0.624 Thread 0x000002647a6e94e0 Exception <a 'java/lang/ClassNotFoundException'{0x0000000089a261e8}: com/puppycrawl/tools/checkstyle/checks/design/FinalClassCheckBeanInfo> (0x0000000089a261e8) 
thrown [s\open\src\hotspot\share\classfile\systemDictionary.cpp, line 255]
Event: 0.624 Thread 0x000002647a6e94e0 Exception <a 'java/lang/ClassNotFoundException'{0x0000000089a27060}: com/puppycrawl/tools/checkstyle/checks/design/FinalClassCheckCustomizer> (0x0000000089a27060) 
thrown [s\open\src\hotspot\share\classfile\systemDictionary.cpp, line 255]
Event: 0.625 Thread 0x000002647a6e94e0 Exception <a 'java/lang/ClassNotFoundException'{0x0000000089a6fae8}: com/puppycrawl/tools/checkstyle/checks/design/HideUtilityClassConstructorCheckBeanInfo> (0x0000000089a6fae8) 
thrown [s\open\src\hotspot\share\classfile\systemDictionary.cpp, line 255]
Event: 0.625 Thread 0x000002647a6e94e0 Exception <a 'java/lang/ClassNotFoundException'{0x0000000089a709f0}: com/puppycrawl/tools/checkstyle/checks/design/HideUtilityClassConstructorCheckCustomizer> (0x0000000089a709f0) 
thrown [s\open\src\hotspot\share\classfile\systemDictionary.cpp, line 255]
Event: 0.627 Thread 0x000002647a6e94e0 Exception <a 'java/lang/ClassNotFoundException'{0x0000000089ab7ce8}: com/puppycrawl/tools/checkstyle/checks/design/InterfaceIsTypeCheckBeanInfo> (0x0000000089ab7ce8) 
thrown [s\open\src\hotspot\share\classfile\systemDictionary.cpp, line 255]
Event: 0.627 Thread 0x000002647a6e94e0 Exception <a 'java/lang/ClassNotFoundException'{0x0000000089ab8ba8}: com/puppycrawl/tools/checkstyle/checks/design/InterfaceIsTypeCheckCustomizer> (0x0000000089ab8ba8) 
thrown [s\open\src\hotspot\share\classfile\systemDictionary.cpp, line 255]
Event: 0.630 Thread 0x000002647a6e94e0 Exception <a 'java/lang/ClassNotFoundException'{0x0000000089912e98}: com/puppycrawl/tools/checkstyle/checks/design/VisibilityModifierCheckBeanInfo> (0x0000000089912e98) 
thrown [s\open\src\hotspot\share\classfile\systemDictionary.cpp, line 255]
Event: 0.630 Thread 0x000002647a6e94e0 Exception <a 'java/lang/ClassNotFoundException'{0x0000000089913d58}: com/puppycrawl/tools/checkstyle/checks/design/VisibilityModifierCheckCustomizer> (0x0000000089913d58) 
thrown [s\open\src\hotspot\share\classfile\systemDictionary.cpp, line 255]
Event: 0.632 Thread 0x000002647a6e94e0 Exception <a 'java/lang/ClassNotFoundException'{0x0000000089986540}: com/puppycrawl/tools/checkstyle/checks/ArrayTypeStyleCheckBeanInfo> (0x0000000089986540) 
thrown [s\open\src\hotspot\share\classfile\systemDictionary.cpp, line 255]
Event: 0.632 Thread 0x000002647a6e94e0 Exception <a 'java/lang/ClassNotFoundException'{0x00000000899873a0}: com/puppycrawl/tools/checkstyle/checks/ArrayTypeStyleCheckCustomizer> (0x00000000899873a0) 
thrown [s\open\src\hotspot\share\classfile\systemDictionary.cpp, line 255]
Event: 0.634 Thread 0x000002647a6e94e0 Exception <a 'java/lang/ClassNotFoundException'{0x00000000899d1350}: com/puppycrawl/tools/checkstyle/checks/FinalParametersCheckBeanInfo> (0x00000000899d1350) 
thrown [s\open\src\hotspot\share\classfile\systemDictionary.cpp, line 255]
Event: 0.634 Thread 0x000002647a6e94e0 Exception <a 'java/lang/ClassNotFoundException'{0x00000000899d21b0}: com/puppycrawl/tools/checkstyle/checks/FinalParametersCheckCustomizer> (0x00000000899d21b0) 
thrown [s\open\src\hotspot\share\classfile\systemDictionary.cpp, line 255]
Event: 0.636 Thread 0x000002647a6e94e0 Exception <a 'java/lang/ClassNotFoundException'{0x000000008981aa70}: com/puppycrawl/tools/checkstyle/checks/TodoCommentCheckBeanInfo> (0x000000008981aa70) 
thrown [s\open\src\hotspot\share\classfile\systemDictionary.cpp, line 255]
Event: 0.636 Thread 0x000002647a6e94e0 Exception <a 'java/lang/ClassNotFoundException'{0x000000008981b8b8}: com/puppycrawl/tools/checkstyle/checks/TodoCommentCheckCustomizer> (0x000000008981b8b8) 
thrown [s\open\src\hotspot\share\classfile\systemDictionary.cpp, line 255]
Event: 0.637 Thread 0x000002647a6e94e0 Exception <a 'java/lang/ClassNotFoundException'{0x00000000898645a0}: com/puppycrawl/tools/checkstyle/checks/UpperEllCheckBeanInfo> (0x00000000898645a0) 
thrown [s\open\src\hotspot\share\classfile\systemDictionary.cpp, line 255]
Event: 0.637 Thread 0x000002647a6e94e0 Exception <a 'java/lang/ClassNotFoundException'{0x00000000898653b8}: com/puppycrawl/tools/checkstyle/checks/UpperEllCheckCustomizer> (0x00000000898653b8) 
thrown [s\open\src\hotspot\share\classfile\systemDictionary.cpp, line 255]
Event: 0.697 Thread 0x000002647a6e94e0 Exception <a 'java/lang/NoSuchMethodError'{0x00000000896fa7d8}: 'void java.lang.invoke.DirectMethodHandle$Holder.invokeSpecial(java.lang.Object, java.lang.Object, java.lang.Object, java.lang.Object, java.lang.Object)'> (0x00000000896fa7d8) 
thrown [s\open\src\hotspot\share\interpreter\linkResolver.cpp, line 774]
Event: 0.704 Thread 0x000002647a6e94e0 Exception <a 'java/lang/NoSuchMethodError'{0x00000000895312f8}: 'void java.lang.invoke.DirectMethodHandle$Holder.invokeSpecial(java.lang.Object, java.lang.Object, int, java.lang.Object)'> (0x00000000895312f8) 
thrown [s\open\src\hotspot\share\interpreter\linkResolver.cpp, line 774]
Event: 0.705 Thread 0x000002647a6e94e0 Exception <a 'java/lang/NoSuchMethodError'{0x0000000089538278}: 'java.lang.Object java.lang.invoke.DirectMethodHandle$Holder.newInvokeSpecial(java.lang.Object, java.lang.Object, int)'> (0x0000000089538278) 
thrown [s\open\src\hotspot\share\interpreter\linkResolver.cpp, line 774]

VM Operations (10 events):
Event: 0.056 Executing VM operation: HandshakeAllThreads
Event: 0.056 Executing VM operation: HandshakeAllThreads done
Event: 0.245 Executing VM operation: HandshakeAllThreads
Event: 0.245 Executing VM operation: HandshakeAllThreads done
Event: 0.372 Executing VM operation: HandshakeAllThreads
Event: 0.372 Executing VM operation: HandshakeAllThreads done
Event: 0.554 Executing VM operation: ICBufferFull
Event: 0.554 Executing VM operation: ICBufferFull done
Event: 0.575 Executing VM operation: G1CollectForAllocation
Event: 0.580 Executing VM operation: G1CollectForAllocation done

Events (13 events):
Event: 0.015 Thread 0x000002647a6e94e0 Thread added: 0x000002647a6e94e0
Event: 0.027 Thread 0x0000026419388140 Thread added: 0x0000026419388140
Event: 0.027 Thread 0x0000026419389f40 Thread added: 0x0000026419389f40
Event: 0.027 Thread 0x000002641938d3c0 Thread added: 0x000002641938d3c0
Event: 0.027 Thread 0x000002641938fd00 Thread added: 0x000002641938fd00
Event: 0.027 Thread 0x0000026419390f10 Thread added: 0x0000026419390f10
Event: 0.028 Thread 0x0000026419396930 Thread added: 0x0000026419396930
Event: 0.028 Thread 0x0000026419398e80 Thread added: 0x0000026419398e80
Event: 0.028 Thread 0x000002641939d750 Thread added: 0x000002641939d750
Event: 0.028 Thread 0x00000264193ae880 Thread added: 0x00000264193ae880
Event: 0.039 Thread 0x000002641d61f2c0 Thread added: 0x000002641d61f2c0
Event: 0.040 Thread 0x000002641d61fd60 Thread added: 0x000002641d61fd60
Event: 0.054 Thread 0x000002647a6ea500 Thread added: 0x000002647a6ea500


Dynamic libraries:
0x00007ff7207d0000 - 0x00007ff7207de000 	C:\Program Files\java\openjdk-19_windows-x64_bin\jdk-19\bin\java.exe
0x00007ffefba30000 - 0x00007ffefbc28000 	C:\Windows\SYSTEM32\ntdll.dll
0x00007ffefac60000 - 0x00007ffefad1f000 	C:\Windows\System32\KERNEL32.DLL
0x00007ffef95b0000 - 0x00007ffef9882000 	C:\Windows\System32\KERNELBASE.dll
0x00007ffef94b0000 - 0x00007ffef95b0000 	C:\Windows\System32\ucrtbase.dll
0x00007ffee6480000 - 0x00007ffee649b000 	C:\Program Files\java\openjdk-19_windows-x64_bin\jdk-19\bin\VCRUNTIME140.dll
0x00007ffee9280000 - 0x00007ffee9297000 	C:\Program Files\java\openjdk-19_windows-x64_bin\jdk-19\bin\jli.dll
0x00007ffef9a80000 - 0x00007ffef9c1d000 	C:\Windows\System32\USER32.dll
0x00007ffee0a70000 - 0x00007ffee0d0a000 	C:\Windows\WinSxS\amd64_microsoft.windows.common-controls_6595b64144ccf1df_6.0.19041.1110_none_60b5254171f9507e\COMCTL32.dll
0x00007ffef9200000 - 0x00007ffef9222000 	C:\Windows\System32\win32u.dll
0x00007ffefaf20000 - 0x00007ffefafbe000 	C:\Windows\System32\msvcrt.dll
0x00007ffefadd0000 - 0x00007ffefadfb000 	C:\Windows\System32\GDI32.dll
0x00007ffef9970000 - 0x00007ffef9a7f000 	C:\Windows\System32\gdi32full.dll
0x00007ffef9160000 - 0x00007ffef91fd000 	C:\Windows\System32\msvcp_win.dll
0x00007ffefaee0000 - 0x00007ffefaf12000 	C:\Windows\System32\IMM32.DLL
0x00007ffee9320000 - 0x00007ffee932c000 	C:\Program Files\java\openjdk-19_windows-x64_bin\jdk-19\bin\vcruntime140_1.dll
0x00007ffee3520000 - 0x00007ffee35ae000 	C:\Program Files\java\openjdk-19_windows-x64_bin\jdk-19\bin\msvcp140.dll
0x00007ffea1ad0000 - 0x00007ffea2790000 	C:\Program Files\java\openjdk-19_windows-x64_bin\jdk-19\bin\server\jvm.dll
0x00007ffefb940000 - 0x00007ffefb9ee000 	C:\Windows\System32\ADVAPI32.dll
0x00007ffefb0f0000 - 0x00007ffefb18c000 	C:\Windows\System32\sechost.dll
0x00007ffefa1f0000 - 0x00007ffefa315000 	C:\Windows\System32\RPCRT4.dll
0x00007ffedc610000 - 0x00007ffedc619000 	C:\Windows\SYSTEM32\WSOCK32.dll
0x00007ffee58a0000 - 0x00007ffee58c7000 	C:\Windows\SYSTEM32\WINMM.dll
0x00007ffef3b40000 - 0x00007ffef3b4a000 	C:\Windows\SYSTEM32\VERSION.dll
0x00007ffefb720000 - 0x00007ffefb78b000 	C:\Windows\System32\WS2_32.dll
0x00007ffef6ff0000 - 0x00007ffef7002000 	C:\Windows\SYSTEM32\kernel.appcore.dll
0x00007ffee6470000 - 0x00007ffee647a000 	C:\Program Files\java\openjdk-19_windows-x64_bin\jdk-19\bin\jimage.dll
0x00007ffee11b0000 - 0x00007ffee1394000 	C:\Windows\SYSTEM32\DBGHELP.DLL
0x00007ffeddbc0000 - 0x00007ffeddbec000 	C:\Windows\SYSTEM32\dbgcore.DLL
0x00007ffef98e0000 - 0x00007ffef9962000 	C:\Windows\System32\bcryptPrimitives.dll
0x00007ffee6440000 - 0x00007ffee6466000 	C:\Program Files\java\openjdk-19_windows-x64_bin\jdk-19\bin\java.dll
0x00007ffee3440000 - 0x00007ffee3517000 	C:\Program Files\java\openjdk-19_windows-x64_bin\jdk-19\bin\jsvml.dll
0x00007ffefa3b0000 - 0x00007ffefaaf3000 	C:\Windows\System32\SHELL32.dll
0x00007ffef71f0000 - 0x00007ffef7982000 	C:\Windows\SYSTEM32\windows.storage.dll
0x00007ffef9e20000 - 0x00007ffefa174000 	C:\Windows\System32\combase.dll
0x00007ffef8b90000 - 0x00007ffef8bc0000 	C:\Windows\SYSTEM32\Wldp.dll
0x00007ffef9c40000 - 0x00007ffef9ced000 	C:\Windows\System32\SHCORE.dll
0x00007ffefab00000 - 0x00007ffefab55000 	C:\Windows\System32\shlwapi.dll
0x00007ffef9070000 - 0x00007ffef908f000 	C:\Windows\SYSTEM32\profapi.dll
0x00007ffee3610000 - 0x00007ffee3623000 	C:\Program Files\java\openjdk-19_windows-x64_bin\jdk-19\bin\net.dll
0x00007ffef2640000 - 0x00007ffef274c000 	C:\Windows\SYSTEM32\WINHTTP.dll
0x00007ffef88f0000 - 0x00007ffef895a000 	C:\Windows\system32\mswsock.dll
0x00007ffee3420000 - 0x00007ffee3436000 	C:\Program Files\java\openjdk-19_windows-x64_bin\jdk-19\bin\nio.dll
0x00007ffee3400000 - 0x00007ffee3418000 	C:\Program Files\java\openjdk-19_windows-x64_bin\jdk-19\bin\zip.dll
0x00007ffee5160000 - 0x00007ffee5170000 	C:\Program Files\java\openjdk-19_windows-x64_bin\jdk-19\bin\verify.dll

dbghelp: loaded successfully - version: 4.0.5 - missing functions: none
symbol engine: initialized successfully - sym options: 0x614 - pdb path: .;C:\Program Files\java\openjdk-19_windows-x64_bin\jdk-19\bin;C:\Windows\SYSTEM32;C:\Windows\WinSxS\amd64_microsoft.windows.common-controls_6595b64144ccf1df_6.0.19041.1110_none_60b5254171f9507e;C:\Program Files\java\openjdk-19_windows-x64_bin\jdk-19\bin\server

VM Arguments:
java_command: src/checker/checkstyle-8.36.2-all.jar -c src/checker/poo_checks.xml ./
java_class_path (initial): src/checker/checkstyle-8.36.2-all.jar
Launcher Type: SUN_STANDARD

[Global flags]
     intx CICompilerCount                          = 4                                         {product} {ergonomic}
     uint ConcGCThreads                            = 3                                         {product} {ergonomic}
     uint G1ConcRefinementThreads                  = 10                                        {product} {ergonomic}
   size_t G1HeapRegionSize                         = 1048576                                   {product} {ergonomic}
    uintx GCDrainStackTargetSize                   = 64                                        {product} {ergonomic}
   size_t InitialHeapSize                          = 132120576                                 {product} {ergonomic}
   size_t MarkStackSize                            = 4194304                                   {product} {ergonomic}
   size_t MaxHeapSize                              = 2109734912                                {product} {ergonomic}
   size_t MaxNewSize                               = 1265631232                                {product} {ergonomic}
   size_t MinHeapDeltaBytes                        = 1048576                                   {product} {ergonomic}
   size_t MinHeapSize                              = 8388608                                   {product} {ergonomic}
    uintx NonNMethodCodeHeapSize                   = 5839372                                {pd product} {ergonomic}
    uintx NonProfiledCodeHeapSize                  = 122909434                              {pd product} {ergonomic}
    uintx ProfiledCodeHeapSize                     = 122909434                              {pd product} {ergonomic}
    uintx ReservedCodeCacheSize                    = 251658240                              {pd product} {ergonomic}
     bool SegmentedCodeCache                       = true                                      {product} {ergonomic}
   size_t SoftMaxHeapSize                          = 2109734912                             {manageable} {ergonomic}
     bool UseCompressedClassPointers               = true                           {product lp64_product} {ergonomic}
     bool UseCompressedOops                        = true                           {product lp64_product} {ergonomic}
     bool UseG1GC                                  = true                                      {product} {ergonomic}
     bool UseLargePagesIndividualAllocation        = false                                  {pd product} {ergonomic}

Logging:
Log output configuration:
 #0: stdout all=warning uptime,level,tags foldmultilines=false
 #1: stderr all=off uptime,level,tags foldmultilines=false

Environment Variables:
JAVA_HOME=C:\Program Files\java\openjdk-19_windows-x64_bin\jdk-19\
PATH=C:\Program Files (x86)\VMware\VMware Player\bin\;C:\Windows\system32;C:\Windows;C:\Windows\System32\Wbem;C:\Windows\System32\WindowsPowerShell\v1.0\;C:\Windows\System32\OpenSSH\;C:\Program Files (x86)\NVIDIA Corporation\PhysX\Common;C:\Program Files\NVIDIA Corporation\NVIDIA NvDLISR;C:\Program Files\MATLAB\R2022a\bin;C:\Program Files\Intel\WiFi\bin\;C:\Program Files\Common Files\Intel\WirelessCommon\;C:\Program Files\dotnet\;C:\Program Files\java\openjdk-19_windows-x64_bin\jdk-19\bin;C:\Strawberry\c\bin;C:\Strawberry\perl\site\bin;C:\Strawberry\perl\bin;C:\Program Files\Git\cmd;C:\Users\Windows\AppData\Local\Microsoft\WindowsApps;;C:\Users\Windows\AppData\Local\Programs\Microsoft VS Code\bin;C:\Program Files\JetBrains\IntelliJ IDEA 2022.2.3\bin;
USERNAME=Windows
OS=Windows_NT
PROCESSOR_IDENTIFIER=Intel64 Family 6 Model 158 Stepping 10, GenuineIntel
TMP=C:\Users\Windows\AppData\Local\Temp
TEMP=C:\Users\Windows\AppData\Local\Temp



---------------  S Y S T E M  ---------------

OS:
 Windows 10 , 64 bit Build 19041 (10.0.19041.2251)
OS uptime: 5 days 6:02 hours

CPU: total 12 (initial active 12) (6 cores per cpu, 2 threads per core) family 6 model 158 stepping 10 microcode 0xb4, cx8, cmov, fxsr, ht, mmx, 3dnowpref, sse, sse2, sse3, ssse3, sse4.1, sse4.2, popcnt, lzcnt, tsc, tscinvbit, avx, avx2, aes, erms, clmul, bmi1, bmi2, adx, fma, vzeroupper, clflush, clflushopt, rdtscp

Memory: 4k page, system-wide physical 8041M (1108M free)
TotalPageFile size 32617M (AvailPageFile size 4M)
current process WorkingSet (physical memory assigned to process): 85M, peak: 85M
current process commit charge ("private bytes"): 235M, peak: 235M

vm_info: OpenJDK 64-Bit Server VM (19+36-2238) for windows-amd64 JRE (19+36-2238), built on 2022-08-12T20:29:01Z by "mach5one" with MS VC++ 17.1 (VS2022)

END.
