#
# There is insufficient memory for the Java Runtime Environment to continue.
# Native memory allocation (mmap) failed to map 65536 bytes for Failed to commit metaspace.
# Possible reasons:
#   The system is out of physical RAM or swap space
#   The process is running with CompressedOops enabled, and the Java Heap may be blocking the growth of the native heap
# Possible solutions:
#   Reduce memory load on the system
#   Increase physical memory or swap space
#   Check if swap backing store is full
#   Decrease Java heap size (-Xmx/-Xms)
#   Decrease number of Java threads
#   Decrease Java thread stack sizes (-Xss)
#   Set larger code cache with -XX:ReservedCodeCacheSize=
#   JVM is running with Unscaled Compressed Oops mode in which the Java heap is
#     placed in the first 4GB address space. The Java Heap base address is the
#     maximum limit for the native heap growth. Please use -XX:HeapBaseMinAddress
#     to set the Java Heap base and to place the Java Heap above 4GB virtual address.
# This output file may be truncated or incomplete.
#
#  Out of Memory Error (virtualSpaceNode.cpp:110), pid=15340, tid=1712
#
# JRE version: OpenJDK Runtime Environment (19.0+36) (build 19+36-2238)
# Java VM: OpenJDK 64-Bit Server VM (19+36-2238, mixed mode, sharing, tiered, compressed oops, compressed class ptrs, g1 gc, windows-amd64)
# No core dump will be written. Minidumps are not enabled by default on client versions of Windows
#

---------------  S U M M A R Y ------------

Command Line: src/checker/checkstyle-8.36.2-all.jar -c src/checker/poo_checks.xml ./

Host: Intel(R) Core(TM) i7-9750H CPU @ 2.60GHz, 12 cores, 7G,  Windows 10 , 64 bit Build 19041 (10.0.19041.2251)
Time: Tue Nov 15 04:47:09 2022 GTB Standard Time elapsed time: 0.226909 seconds (0d 0h 0m 0s)

---------------  T H R E A D  ---------------

Current thread (0x00000186b317a740):  JavaThread "main" [_thread_in_vm, id=1712, stack(0x00000044e8d00000,0x00000044e8e00000)]

Stack: [0x00000044e8d00000,0x00000044e8e00000]
Native frames: (J=compiled Java code, j=interpreted, Vv=VM code, C=native code)
V  [jvm.dll+0x6ee8fa]
V  [jvm.dll+0x857a1e]
V  [jvm.dll+0x85940e]
V  [jvm.dll+0x859ac3]
V  [jvm.dll+0x28291f]
V  [jvm.dll+0x85369b]
V  [jvm.dll+0x693276]
V  [jvm.dll+0x1f29b7]
V  [jvm.dll+0x695cb2]
V  [jvm.dll+0x695a9e]
V  [jvm.dll+0x693c9e]
V  [jvm.dll+0x26e07f]
V  [jvm.dll+0x69e305]
V  [jvm.dll+0x21df42]
V  [jvm.dll+0x21e475]
V  [jvm.dll+0x21edd1]
V  [jvm.dll+0x214571]
V  [jvm.dll+0x5aa2d6]
V  [jvm.dll+0x7cd793]
V  [jvm.dll+0x7cd874]
V  [jvm.dll+0x46b0b4]
V  [jvm.dll+0x4706bf]
C  [java.dll+0x17ec]

Java frames: (J=compiled Java code, j=interpreted, Vv=VM code)
j  java.lang.ClassLoader.defineClass1(Ljava/lang/ClassLoader;Ljava/lang/String;[BIILjava/security/ProtectionDomain;Ljava/lang/String;)Ljava/lang/Class;+0 java.base@19
j  java.lang.ClassLoader.defineClass(Ljava/lang/String;[BIILjava/security/ProtectionDomain;)Ljava/lang/Class;+27 java.base@19
j  java.security.SecureClassLoader.defineClass(Ljava/lang/String;[BIILjava/security/CodeSource;)Ljava/lang/Class;+12 java.base@19
j  jdk.internal.loader.BuiltinClassLoader.defineClass(Ljava/lang/String;Ljdk/internal/loader/Resource;)Ljava/lang/Class;+117 java.base@19
j  jdk.internal.loader.BuiltinClassLoader.findClassOnClassPathOrNull(Ljava/lang/String;)Ljava/lang/Class;+37 java.base@19
J 263 c1 jdk.internal.loader.BuiltinClassLoader.loadClassOrNull(Ljava/lang/String;Z)Ljava/lang/Class; java.base@19 (143 bytes) @ 0x00000186bb130a54 [0x00000186bb12ffe0+0x0000000000000a74]
J 306 c1 jdk.internal.loader.BuiltinClassLoader.loadClass(Ljava/lang/String;Z)Ljava/lang/Class; java.base@19 (22 bytes) @ 0x00000186bb13fa4c [0x00000186bb13f940+0x000000000000010c]
j  jdk.internal.loader.ClassLoaders$AppClassLoader.loadClass(Ljava/lang/String;Z)Ljava/lang/Class;+36 java.base@19
J 305 c1 java.lang.ClassLoader.loadClass(Ljava/lang/String;)Ljava/lang/Class; java.base@19 (7 bytes) @ 0x00000186bb13f64c [0x00000186bb13f540+0x000000000000010c]
v  ~StubRoutines::call_stub 0x00000186c261100e
j  picocli.CommandLine$Model$CommandReflection.buildArgForMember(Lpicocli/CommandLine$Model$IAnnotatedElement;Lpicocli/CommandLine$IFactory;)Lpicocli/CommandLine$Model$ArgSpec;+29
j  picocli.CommandLine$Model$CommandReflection.initFromAnnotatedTypedMembers(Lpicocli/CommandLine$Model$TypedMember;Lpicocli/CommandLine$Model$Predicate;Lpicocli/CommandLine$Model$CommandSpec;Lpicocli/CommandLine$Model$ArgGroupSpec$Builder;Lpicocli/CommandLine$IFactory;)Z+366
j  picocli.CommandLine$Model$CommandReflection.initFromAnnotatedFields(Lpicocli/CommandLine$Model$IScope;Ljava/lang/Class;Lpicocli/CommandLine$Model$CommandSpec;Lpicocli/CommandLine$Model$ArgGroupSpec$Builder;Lpicocli/CommandLine$IFactory;Lpicocli/CommandLine$Model$Predicate;)Z+45
j  picocli.CommandLine$Model$CommandReflection.extractCommandSpec(Ljava/lang/Object;Lpicocli/CommandLine$IFactory;Z)Lpicocli/CommandLine$Model$CommandSpec;+360
j  picocli.CommandLine$Model$CommandSpec.forAnnotatedObject(Ljava/lang/Object;Lpicocli/CommandLine$IFactory;)Lpicocli/CommandLine$Model$CommandSpec;+3
j  picocli.CommandLine.<init>(Ljava/lang/Object;Lpicocli/CommandLine$IFactory;)V+88
j  picocli.CommandLine.<init>(Ljava/lang/Object;)V+10
j  com.puppycrawl.tools.checkstyle.Main.main([Ljava/lang/String;)V+14
v  ~StubRoutines::call_stub 0x00000186c261100e

Compiled method (c1)     245  263   !   3       jdk.internal.loader.BuiltinClassLoader::loadClassOrNull (143 bytes)
 total in heap  [0x00000186bb12fd10,0x00000186bb131558] = 6216
 relocation     [0x00000186bb12fe70,0x00000186bb12ffc8] = 344
 main code      [0x00000186bb12ffe0,0x00000186bb130ea0] = 3776
 stub code      [0x00000186bb130ea0,0x00000186bb130f68] = 200
 metadata       [0x00000186bb130f68,0x00000186bb130fc8] = 96
 scopes data    [0x00000186bb130fc8,0x00000186bb1311f0] = 552
 scopes pcs     [0x00000186bb1311f0,0x00000186bb1313d0] = 480
 dependencies   [0x00000186bb1313d0,0x00000186bb1313e0] = 16
 handler table  [0x00000186bb1313e0,0x00000186bb131530] = 336
 nul chk table  [0x00000186bb131530,0x00000186bb131558] = 40

[Constant Pool (empty)]

[MachCode]
[Entry Point]
  # {method} {0x0000000800082610} 'loadClassOrNull' '(Ljava/lang/String;Z)Ljava/lang/Class;' in 'jdk/internal/loader/BuiltinClassLoader'
  # this:     rdx:rdx   = 'jdk/internal/loader/BuiltinClassLoader'
  # parm0:    r8:r8     = 'java/lang/String'
  # parm1:    r9        = boolean
  #           [sp+0xd0]  (sp of caller)
  0x00000186bb12ffe0: 448b 5208 | 49bb 0000 | 0000 0800 | 0000 4d03 | d34c 3bd0 

  0x00000186bb12fff4: ;   {runtime_call ic_miss_stub}
  0x00000186bb12fff4: 0f85 8617 | 5407 660f | 1f44 0000 
[Verified Entry Point]
  0x00000186bb130000: 8984 2400 | 90ff ff55 | 4881 ecc0 | 0000 0048 | 8954 2468 

  0x00000186bb130014: ;   {metadata(method data for {method} {0x0000000800082610} 'loadClassOrNull' '(Ljava/lang/String;Z)Ljava/lang/Class;' in 'jdk/internal/loader/BuiltinClassLoader')}
  0x00000186bb130014: 48be 086e | 06d2 8601 | 0000 8bbe | cc00 0000 | 83c7 0289 | becc 0000 | 0081 e7fe | 0700 0083 
  0x00000186bb130034: ff00 0f84 | 390c 0000 | 4489 4c24 | 7848 8bf2 

  0x00000186bb130044: ;   {metadata(method data for {method} {0x0000000800082610} 'loadClassOrNull' '(Ljava/lang/String;Z)Ljava/lang/Class;' in 'jdk/internal/loader/BuiltinClassLoader')}
  0x00000186bb130044: 48bf 086e | 06d2 8601 | 0000 8b76 | 0849 ba00 | 0000 0008 | 0000 0049 | 03f2 483b | b720 0100 
  0x00000186bb130064: 0075 0d48 | 8387 2801 | 0000 01e9 | 6600 0000 | 483b b730 | 0100 0075 | 0d48 8387 | 3801 0000 
  0x00000186bb130084: 01e9 5000 | 0000 4881 | bf20 0100 | 0000 0000 | 0075 1748 | 89b7 2001 | 0000 48c7 | 8728 0100 
  0x00000186bb1300a4: 0001 0000 | 00e9 2c00 | 0000 4881 | bf30 0100 | 0000 0000 | 0075 1748 | 89b7 3001 | 0000 48c7 
  0x00000186bb1300c4: 8738 0100 | 0001 0000 | 00e9 0800 | 0000 4883 | 8710 0100 | 0001 498b | f04c 8bc6 | 488b fa48 
  0x00000186bb1300e4: 8bd7 4889 | 7424 700f 

  0x00000186bb1300ec: ;   {optimized virtual_call}
  0x00000186bb1300ec: 1f40 00e8 

  0x00000186bb1300f0: ; ImmutableOopMap {[104]=Oop [112]=Oop }
                      ;*invokevirtual getClassLoadingLock {reexecute=0 rethrow=0 return_oop=0}
                      ; - jdk.internal.loader.BuiltinClassLoader::loadClassOrNull@2 (line 651)
  0x00000186bb1300f0: 8c16 0000 | 4889 8424 | 8000 0000 | 488d 9424 | a000 0000 | 488b f048 | 8972 0848 | 8b06 4883 
  0x00000186bb130110: c801 4889 | 02f0 480f | b116 0f84 | 1200 0000 | 482b c448 | 2507 f0ff | ff48 8902 | 0f85 690b 
  0x00000186bb130130: 0000 488b 

  0x00000186bb130134: ;   {metadata(method data for {method} {0x0000000800082610} 'loadClassOrNull' '(Ljava/lang/String;Z)Ljava/lang/Class;' in 'jdk/internal/loader/BuiltinClassLoader')}
  0x00000186bb130134: 5424 6848 | be08 6e06 | d286 0100 | 0048 8386 | 4801 0000 

  0x00000186bb130148: ;   {metadata(method data for {method} {0x00000008004343a0} 'findLoadedClass' '(Ljava/lang/String;)Ljava/lang/Class;' in 'java/lang/ClassLoader')}
  0x00000186bb130148: 0148 ba08 | 7506 d286 | 0100 008b | b2cc 0000 | 0083 c602 | 89b2 cc00 | 0000 81e6 | feff 1f00 
  0x00000186bb130168: 83fe 000f | 843d 0b00 

  0x00000186bb130170: ;   {metadata(method data for {method} {0x00000008004343a0} 'findLoadedClass' '(Ljava/lang/String;)Ljava/lang/Class;' in 'java/lang/ClassLoader')}
  0x00000186bb130170: 0048 ba08 | 7506 d286 | 0100 0048 | 8382 1001 | 0000 0148 | 8b54 2470 | 0f1f 8000 

  0x00000186bb13018c: ;   {static_call}
  0x00000186bb13018c: 0000 00e8 

  0x00000186bb130190: ; ImmutableOopMap {[104]=Oop [112]=Oop [128]=Oop [168]=Oop }
                      ;*invokestatic checkName {reexecute=0 rethrow=0 return_oop=0}
                      ; - java.lang.ClassLoader::findLoadedClass@1 (line 1284)
                      ; - jdk.internal.loader.BuiltinClassLoader::loadClassOrNull@10 (line 653)
  0x00000186bb130190: cc16 ffff 

  0x00000186bb130194: ;   {metadata(method data for {method} {0x00000008004343a0} 'findLoadedClass' '(Ljava/lang/String;)Ljava/lang/Class;' in 'java/lang/ClassLoader')}
  0x00000186bb130194: 83f8 0049 | b808 7506 | d286 0100 | 0048 ba20 | 0100 0000 | 0000 000f | 850a 0000 | 0048 ba30 
  0x00000186bb1301b4: 0100 0000 | 0000 0049 | 8b34 1048 | 8d76 0149 | 8934 100f | 850f 0000 

  0x00000186bb1301cc: ;   {oop(NULL)}
  0x00000186bb1301cc: 0048 be00 | 0000 0000 | 0000 00e9 | 2b00 0000 | 488b 5424 

  0x00000186bb1301e0: ;   {metadata(method data for {method} {0x00000008004343a0} 'findLoadedClass' '(Ljava/lang/String;)Ljava/lang/Class;' in 'java/lang/ClassLoader')}
  0x00000186bb1301e0: 6849 b808 | 7506 d286 | 0100 0049 | 8380 4001 | 0000 014c | 8b44 2470 | 488b 5424 

  0x00000186bb1301fc: ;   {optimized virtual_call}
  0x00000186bb1301fc: 6866 90e8 

  0x00000186bb130200: ; ImmutableOopMap {[104]=Oop [112]=Oop [128]=Oop [168]=Oop }
                      ;*invokevirtual findLoadedClass0 {reexecute=0 rethrow=0 return_oop=0}
                      ; - java.lang.ClassLoader::findLoadedClass@11 (line 1286)
                      ; - jdk.internal.loader.BuiltinClassLoader::loadClassOrNull@10 (line 653)
  0x00000186bb130200: dc75 a907 | 488b f048 

  0x00000186bb130208: ;   {metadata(method data for {method} {0x0000000800082610} 'loadClassOrNull' '(Ljava/lang/String;Z)Ljava/lang/Class;' in 'jdk/internal/loader/BuiltinClassLoader')}
  0x00000186bb130208: 83fe 0049 | b808 6e06 | d286 0100 | 0048 ba80 | 0100 0000 | 0000 000f | 850a 0000 | 0048 ba90 
  0x00000186bb130228: 0100 0000 | 0000 0049 | 8b3c 1048 | 8d7f 0149 | 893c 100f | 8516 0800 | 0048 89b4 | 2488 0000 
  0x00000186bb130248: 0048 8b54 

  0x00000186bb13024c: ;   {metadata(method data for {method} {0x0000000800082610} 'loadClassOrNull' '(Ljava/lang/String;Z)Ljava/lang/Class;' in 'jdk/internal/loader/BuiltinClassLoader')}
  0x00000186bb13024c: 2468 49b8 | 086e 06d2 | 8601 0000 | 4983 80a0 | 0100 0001 | 4c8b 4424 | 7048 8b54 | 2468 0f1f 
  0x00000186bb13026c: ;   {optimized virtual_call}
  0x00000186bb13026c: 4400 00e8 

  0x00000186bb130270: ; ImmutableOopMap {[104]=Oop [112]=Oop [128]=Oop [136]=Oop [168]=Oop }
                      ;*invokevirtual findLoadedModule {reexecute=0 rethrow=0 return_oop=0}
                      ; - jdk.internal.loader.BuiltinClassLoader::loadClassOrNull@22 (line 658)
  0x00000186bb130270: 6c1b 0000 | 4883 f800 

  0x00000186bb130278: ;   {metadata(method data for {method} {0x0000000800082610} 'loadClassOrNull' '(Ljava/lang/String;Z)Ljava/lang/Class;' in 'jdk/internal/loader/BuiltinClassLoader')}
  0x00000186bb130278: 49b8 086e | 06d2 8601 | 0000 49b9 | d801 0000 | 0000 0000 | 0f84 0a00 | 0000 49b9 | e801 0000 
  0x00000186bb130298: 0000 0000 | 4b8b 1408 | 488d 5201 | 4b89 1408 | 488b 5424 | 680f 84aa | 0300 0048 | 3b00 4c8b 
  0x00000186bb1302b8: ;   {metadata(method data for {method} {0x0000000800082610} 'loadClassOrNull' '(Ljava/lang/String;Z)Ljava/lang/Class;' in 'jdk/internal/loader/BuiltinClassLoader')}
  0x00000186bb1302b8: c049 b908 | 6e06 d286 

  0x00000186bb1302c0: ;   {metadata('jdk/internal/loader/BuiltinClassLoader$LoadedModule')}
  0x00000186bb1302c0: 0100 0049 | ba98 c819 | 0008 0000 | 004d 8991 | 0802 0000 | 4983 8110 | 0200 0001 | 8b70 0c48 
  0x00000186bb1302e0: ;   {metadata(method data for {method} {0x0000000800082610} 'loadClassOrNull' '(Ljava/lang/String;Z)Ljava/lang/Class;' in 'jdk/internal/loader/BuiltinClassLoader')}
  0x00000186bb1302e0: 3bf2 49b8 | 086e 06d2 | 8601 0000 | 49b9 3002 | 0000 0000 | 0000 0f85 | 0a00 0000 | 49b9 4002 
  0x00000186bb130300: 0000 0000 | 0000 4b8b | 3c08 488d | 7f01 4b89 | 3c08 0f85 | 2d02 0000 

  0x00000186bb130318: ;   {metadata(method data for {method} {0x0000000800082610} 'loadClassOrNull' '(Ljava/lang/String;Z)Ljava/lang/Class;' in 'jdk/internal/loader/BuiltinClassLoader')}
  0x00000186bb130318: 49b8 086e | 06d2 8601 | 0000 4983 | 8050 0200 

  0x00000186bb130328: ;   {metadata(method data for {method} {0x000000080044d288} 'isModuleSystemInited' '()Z' in 'jdk/internal/misc/VM')}
  0x00000186bb130328: 0001 49b8 | 2079 06d2 | 8601 0000 | 458b 88cc | 0000 0041 | 83c1 0245 | 8988 cc00 | 0000 4181 
  0x00000186bb130348: e1fe ff1f | 0041 83f9 | 000f 847d 

  0x00000186bb130354: ;   {oop(a 'java/lang/Class'{0x000000008a10a360} = 'jdk/internal/misc/VM')}
  0x00000186bb130354: 0900 0049 | b860 a310 | 8a00 0000 | 0045 8b80 | 9400 0000 | 4183 f802 

  0x00000186bb13036c: ;   {metadata(method data for {method} {0x000000080044d288} 'isModuleSystemInited' '()Z' in 'jdk/internal/misc/VM')}
  0x00000186bb13036c: 49b8 2079 | 06d2 8601 | 0000 49b9 | 1001 0000 | 0000 0000 | 0f8c 0a00 | 0000 49b9 | 2001 0000 
  0x00000186bb13038c: 0000 0000 | 4b8b 3408 | 488d 7601 | 4b89 3408 | 0f8c 1c00 

  0x00000186bb1303a0: ;   {metadata(method data for {method} {0x000000080044d288} 'isModuleSystemInited' '()Z' in 'jdk/internal/misc/VM')}
  0x00000186bb1303a0: 0000 49b8 | 2079 06d2 | 8601 0000 | 41ff 8030 | 0100 0041 | b801 0000 | 00e9 0600 | 0000 41b8 
  0x00000186bb1303c0: 0000 0000 | 4183 e001 | 4183 f800 

  0x00000186bb1303cc: ;   {metadata(method data for {method} {0x0000000800082610} 'loadClassOrNull' '(Ljava/lang/String;Z)Ljava/lang/Class;' in 'jdk/internal/loader/BuiltinClassLoader')}
  0x00000186bb1303cc: 49b8 086e | 06d2 8601 | 0000 49b9 | 7002 0000 | 0000 0000 | 0f85 0a00 | 0000 49b9 | 6002 0000 
  0x00000186bb1303ec: 0000 0000 | 4b8b 3408 | 488d 7601 | 4b89 3408 | 0f85 0d00 | 0000 488b | b424 8800 | 0000 e938 
  0x00000186bb13040c: 0200 004c 

  0x00000186bb130410: ;   {metadata(method data for {method} {0x0000000800082610} 'loadClassOrNull' '(Ljava/lang/String;Z)Ljava/lang/Class;' in 'jdk/internal/loader/BuiltinClassLoader')}
  0x00000186bb130410: 8bc2 49b9 | 086e 06d2 | 8601 0000 | 4983 8180 | 0200 0001 

  0x00000186bb130424: ;   {metadata(method data for {method} {0x0000000800082d48} 'findClassInModuleOrNull' '(Ljdk/internal/loader/BuiltinClassLoader$LoadedModule;Ljava/lang/String;)Ljava/lang/Class;' in 'jdk/internal/loader/BuiltinClassLoader')}
  0x00000186bb130424: 49b8 807a | 06d2 8601 | 0000 458b | 88cc 0000 | 0041 83c1 | 0245 8988 | cc00 0000 | 4181 e1fe 
  0x00000186bb130444: ff1f 0041 | 83f9 000f | 84a4 0800 

  0x00000186bb130450: ;   {metadata(method data for {method} {0x0000000800082d48} 'findClassInModuleOrNull' '(Ljdk/internal/loader/BuiltinClassLoader$LoadedModule;Ljava/lang/String;)Ljava/lang/Class;' in 'jdk/internal/loader/BuiltinClassLoader')}
  0x00000186bb130450: 0049 b880 | 7a06 d286 | 0100 0049 | 8380 1001 

  0x00000186bb130460: ;   {metadata(method data for {method} {0x0000000800012db0} 'getSecurityManager' '()Ljava/lang/SecurityManager;' in 'java/lang/System')}
  0x00000186bb130460: 0000 0149 | b8f0 0605 | d286 0100 | 0045 8b88 | cc00 0000 | 4183 c102 | 4589 88cc | 0000 0041 
  0x00000186bb130480: 81e1 feff | 1f00 4183 | f900 0f84 | 8608 0000 

  0x00000186bb130490: ;   {metadata(method data for {method} {0x0000000800012db0} 'getSecurityManager' '()Ljava/lang/SecurityManager;' in 'java/lang/System')}
  0x00000186bb130490: 49b8 f006 | 05d2 8601 | 0000 4983 | 8010 0100 

  0x00000186bb1304a0: ;   {metadata(method data for {method} {0x0000000800012ec8} 'allowSecurityManager' '()Z' in 'java/lang/System')}
  0x00000186bb1304a0: 0001 49b8 | a008 05d2 | 8601 0000 | 458b 88cc | 0000 0041 | 83c1 0245 | 8988 cc00 | 0000 4181 
  0x00000186bb1304c0: e1fe ff1f | 0041 83f9 | 000f 8468 

  0x00000186bb1304cc: ;   {metadata(method data for {method} {0x0000000800012ec8} 'allowSecurityManager' '()Z' in 'java/lang/System')}
  0x00000186bb1304cc: 0800 0049 | b8a0 0805 | d286 0100 | 0041 ff80 | 1001 0000 

  0x00000186bb1304e0: ;   {metadata(method data for {method} {0x0000000800012db0} 'getSecurityManager' '()Ljava/lang/SecurityManager;' in 'java/lang/System')}
  0x00000186bb1304e0: 49b8 f006 | 05d2 8601 | 0000 41ff | 8020 0100 

  0x00000186bb1304f0: ;   {metadata(method data for {method} {0x0000000800082d48} 'findClassInModuleOrNull' '(Ljdk/internal/loader/BuiltinClassLoader$LoadedModule;Ljava/lang/String;)Ljava/lang/Class;' in 'jdk/internal/loader/BuiltinClassLoader')}
  0x00000186bb1304f0: 0049 b880 | 7a06 d286 | 0100 0041 | ff80 3001 | 0000 4c8b 

  0x00000186bb130504: ;   {metadata(method data for {method} {0x0000000800082d48} 'findClassInModuleOrNull' '(Ljdk/internal/loader/BuiltinClassLoader$LoadedModule;Ljava/lang/String;)Ljava/lang/Class;' in 'jdk/internal/loader/BuiltinClassLoader')}
  0x00000186bb130504: c249 b980 | 7a06 d286 | 0100 0049 | 8381 4001 | 0000 014c | 8b44 2470 | 4c8b c848 | 8bf2 488b 
  0x00000186bb130524: ;   {optimized virtual_call}
  0x00000186bb130524: d666 90e8 

  0x00000186bb130528: ; ImmutableOopMap {[104]=Oop [128]=Oop [168]=Oop }
                      ;*invokevirtual defineClass {reexecute=0 rethrow=0 return_oop=0}
                      ; - jdk.internal.loader.BuiltinClassLoader::findClassInModuleOrNull@9 (line 741)
                      ; - jdk.internal.loader.BuiltinClassLoader::loadClassOrNull@55 (line 665)
  0x00000186bb130528: b909 0000 

  0x00000186bb13052c: ;   {metadata(method data for {method} {0x0000000800082610} 'loadClassOrNull' '(Ljava/lang/String;Z)Ljava/lang/Class;' in 'jdk/internal/loader/BuiltinClassLoader')}
  0x00000186bb13052c: 49b8 086e | 06d2 8601 | 0000 41ff | 80b8 0200 | 0048 8bf0 | e902 0100 | 0048 3b06 

  0x00000186bb130548: ;   {metadata(method data for {method} {0x0000000800082610} 'loadClassOrNull' '(Ljava/lang/String;Z)Ljava/lang/Class;' in 'jdk/internal/loader/BuiltinClassLoader')}
  0x00000186bb130548: 4c8b c649 | b908 6e06 | d286 0100 | 0049 8381 | d002 0000 

  0x00000186bb13055c: ;   {metadata(method data for {method} {0x0000000800082df8} 'loadClassOrNull' '(Ljava/lang/String;)Ljava/lang/Class;' in 'jdk/internal/loader/BuiltinClassLoader')}
  0x00000186bb13055c: 0149 b870 | 8206 d286 | 0100 0045 | 8b88 cc00 | 0000 4183 | c102 4589 | 88cc 0000 | 0041 81e1 
  0x00000186bb13057c: feff 1f00 | 4183 f900 | 0f84 d307 | 0000 4c8b 

  0x00000186bb13058c: ;   {metadata(method data for {method} {0x0000000800082df8} 'loadClassOrNull' '(Ljava/lang/String;)Ljava/lang/Class;' in 'jdk/internal/loader/BuiltinClassLoader')}
  0x00000186bb13058c: c649 b970 | 8206 d286 | 0100 0045 | 8b40 0849 | ba00 0000 | 0008 0000 | 004d 03c2 | 4d3b 8120 
  0x00000186bb1305ac: 0100 0075 | 0d49 8381 | 2801 0000 | 01e9 6600 | 0000 4d3b | 8130 0100 | 0075 0d49 | 8381 3801 
  0x00000186bb1305cc: 0000 01e9 | 5000 0000 | 4981 b920 | 0100 0000 | 0000 0075 | 174d 8981 | 2001 0000 | 49c7 8128 
  0x00000186bb1305ec: 0100 0001 | 0000 00e9 | 2c00 0000 | 4981 b930 | 0100 0000 | 0000 0075 | 174d 8981 | 3001 0000 
  0x00000186bb13060c: 49c7 8138 | 0100 0001 | 0000 00e9 | 0800 0000 | 4983 8110 | 0100 0001 | 4c8b 4424 | 7041 b900 
  0x00000186bb13062c: 0000 0048 | 8bd6 6666 | 9048 b8ff | ffff ffff 

  0x00000186bb13063c: ;   {virtual_call}
  0x00000186bb13063c: ffff ffe8 

  0x00000186bb130640: ; ImmutableOopMap {[104]=Oop [128]=Oop [168]=Oop }
                      ;*invokevirtual loadClassOrNull {reexecute=0 rethrow=0 return_oop=0}
                      ; - jdk.internal.loader.BuiltinClassLoader::loadClassOrNull@3 (line 700)
                      ; - jdk.internal.loader.BuiltinClassLoader::loadClassOrNull@66 (line 669)
  0x00000186bb130640: 9ce4 5307 

  0x00000186bb130644: ;   {metadata(method data for {method} {0x0000000800082610} 'loadClassOrNull' '(Ljava/lang/String;Z)Ljava/lang/Class;' in 'jdk/internal/loader/BuiltinClassLoader')}
  0x00000186bb130644: 488b f049 | b808 6e06 | d286 0100 | 0041 ff80 | 0803 0000 | e9fa 0300 | 008b 7254 | 4883 fe00 
  0x00000186bb130664: ;   {metadata(method data for {method} {0x0000000800082610} 'loadClassOrNull' '(Ljava/lang/String;Z)Ljava/lang/Class;' in 'jdk/internal/loader/BuiltinClassLoader')}
  0x00000186bb130664: 49b8 086e | 06d2 8601 | 0000 49b9 | 3003 0000 | 0000 0000 | 0f85 0a00 | 0000 49b9 | 2003 0000 
  0x00000186bb130684: 0000 0000 | 4b8b 3c08 | 488d 7f01 | 4b89 3c08 | 0f85 0d00 | 0000 488b | b424 8800 | 0000 e900 
  0x00000186bb1306a4: 0100 0048 | 3b06 4c8b 

  0x00000186bb1306ac: ;   {metadata(method data for {method} {0x0000000800082610} 'loadClassOrNull' '(Ljava/lang/String;Z)Ljava/lang/Class;' in 'jdk/internal/loader/BuiltinClassLoader')}
  0x00000186bb1306ac: c649 b908 | 6e06 d286 | 0100 0049 | 8381 4003 

  0x00000186bb1306bc: ;   {metadata(method data for {method} {0x0000000800082df8} 'loadClassOrNull' '(Ljava/lang/String;)Ljava/lang/Class;' in 'jdk/internal/loader/BuiltinClassLoader')}
  0x00000186bb1306bc: 0000 0149 | b870 8206 | d286 0100 | 0045 8b88 | cc00 0000 | 4183 c102 | 4589 88cc | 0000 0041 
  0x00000186bb1306dc: 81e1 feff | 1f00 4183 | f900 0f84 | 9706 0000 

  0x00000186bb1306ec: ;   {metadata(method data for {method} {0x0000000800082df8} 'loadClassOrNull' '(Ljava/lang/String;)Ljava/lang/Class;' in 'jdk/internal/loader/BuiltinClassLoader')}
  0x00000186bb1306ec: 4c8b c649 | b970 8206 | d286 0100 | 0045 8b40 | 0849 ba00 | 0000 0008 | 0000 004d | 03c2 4d3b 
  0x00000186bb13070c: 8120 0100 | 0075 0d49 | 8381 2801 | 0000 01e9 | 6600 0000 | 4d3b 8130 | 0100 0075 | 0d49 8381 
  0x00000186bb13072c: 3801 0000 | 01e9 5000 | 0000 4981 | b920 0100 | 0000 0000 | 0075 174d | 8981 2001 | 0000 49c7 
  0x00000186bb13074c: 8128 0100 | 0001 0000 | 00e9 2c00 | 0000 4981 | b930 0100 | 0000 0000 | 0075 174d | 8981 3001 
  0x00000186bb13076c: 0000 49c7 | 8138 0100 | 0001 0000 | 00e9 0800 | 0000 4983 | 8110 0100 | 0001 4c8b | 4424 7041 
  0x00000186bb13078c: b900 0000 | 0048 8bd6 | 9048 b880 | 3808 0008 

  0x00000186bb13079c: ;   {virtual_call}
  0x00000186bb13079c: 0000 00e8 

  0x00000186bb1307a0: ; ImmutableOopMap {[104]=Oop [112]=Oop [128]=Oop [168]=Oop }
                      ;*invokevirtual loadClassOrNull {reexecute=0 rethrow=0 return_oop=0}
                      ; - jdk.internal.loader.BuiltinClassLoader::loadClassOrNull@3 (line 700)
                      ; - jdk.internal.loader.BuiltinClassLoader::loadClassOrNull@86 (line 676)
  0x00000186bb1307a0: bce2 5307 | 488b f048 

  0x00000186bb1307a8: ;   {metadata(method data for {method} {0x0000000800082610} 'loadClassOrNull' '(Ljava/lang/String;Z)Ljava/lang/Class;' in 'jdk/internal/loader/BuiltinClassLoader')}
  0x00000186bb1307a8: 83fe 0049 | b808 6e06 | d286 0100 | 0048 ba78 | 0300 0000 | 0000 000f | 850a 0000 | 0048 ba88 
  0x00000186bb1307c8: 0300 0000 | 0000 0049 | 8b3c 1048 | 8d7f 0149 | 893c 100f | 8576 0200 | 0048 8b54 | 2468 4c8b 
  0x00000186bb1307e8: ;   {metadata(method data for {method} {0x0000000800082610} 'loadClassOrNull' '(Ljava/lang/String;Z)Ljava/lang/Class;' in 'jdk/internal/loader/BuiltinClassLoader')}
  0x00000186bb1307e8: c248 bf08 | 6e06 d286 | 0100 0045 | 8b40 0849 | ba00 0000 | 0008 0000 | 004d 03c2 | 4c3b 87a8 
  0x00000186bb130808: 0300 0075 | 0d48 8387 | b003 0000 | 01e9 6600 | 0000 4c3b | 87b8 0300 | 0075 0d48 | 8387 c003 
  0x00000186bb130828: 0000 01e9 | 5000 0000 | 4881 bfa8 | 0300 0000 | 0000 0075 | 174c 8987 | a803 0000 | 48c7 87b0 
  0x00000186bb130848: 0300 0001 | 0000 00e9 | 2c00 0000 | 4881 bfb8 | 0300 0000 | 0000 0075 | 174c 8987 | b803 0000 
  0x00000186bb130868: 48c7 87c0 | 0300 0001 | 0000 00e9 | 0800 0000 | 4883 8798 | 0300 0001 

  0x00000186bb130880: ;   {metadata(method data for {method} {0x00000008000825b8} 'hasClassPath' '()Z' in 'jdk/internal/loader/BuiltinClassLoader')}
  0x00000186bb130880: 49b8 0084 | 06d2 8601 | 0000 418b | b8cc 0000 | 0083 c702 | 4189 b8cc | 0000 0081 | e7fe ff1f 
  0x00000186bb1308a0: 0083 ff00 | 0f84 fa04 | 0000 448b | 4258 4983 

  0x00000186bb1308b0: ;   {metadata(method data for {method} {0x00000008000825b8} 'hasClassPath' '()Z' in 'jdk/internal/loader/BuiltinClassLoader')}
  0x00000186bb1308b0: f800 49b8 | 0084 06d2 | 8601 0000 | 48bf 1001 | 0000 0000 | 0000 0f84 | 0a00 0000 | 48bf 2001 
  0x00000186bb1308d0: 0000 0000 | 0000 498b | 1c38 488d | 5b01 4989 | 1c38 0f84 | 1c00 0000 

  0x00000186bb1308e8: ;   {metadata(method data for {method} {0x00000008000825b8} 'hasClassPath' '()Z' in 'jdk/internal/loader/BuiltinClassLoader')}
  0x00000186bb1308e8: 49b8 0084 | 06d2 8601 | 0000 41ff | 8030 0100 | 0041 b801 | 0000 00e9 | 0600 0000 | 41b8 0000 
  0x00000186bb130908: 0000 4183 | e001 4183 

  0x00000186bb130910: ;   {metadata(method data for {method} {0x0000000800082610} 'loadClassOrNull' '(Ljava/lang/String;Z)Ljava/lang/Class;' in 'jdk/internal/loader/BuiltinClassLoader')}
  0x00000186bb130910: f800 49b8 | 086e 06d2 | 8601 0000 | 48bf d003 | 0000 0000 | 0000 0f84 | 0a00 0000 | 48bf e003 
  0x00000186bb130930: 0000 0000 | 0000 498b | 1c38 488d | 5b01 4989 | 1c38 0f84 | 0f01 0000 

  0x00000186bb130948: ;   {metadata(method data for {method} {0x0000000800082610} 'loadClassOrNull' '(Ljava/lang/String;Z)Ljava/lang/Class;' in 'jdk/internal/loader/BuiltinClassLoader')}
  0x00000186bb130948: 49b8 086e | 06d2 8601 | 0000 4983 | 80f0 0300 

  0x00000186bb130958: ;   {metadata(method data for {method} {0x000000080044d288} 'isModuleSystemInited' '()Z' in 'jdk/internal/misc/VM')}
  0x00000186bb130958: 0001 49b8 | 2079 06d2 | 8601 0000 | 418b b8cc | 0000 0083 | c702 4189 | b8cc 0000 | 0081 e7fe 
  0x00000186bb130978: ff1f 0083 | ff00 0f84 | 4104 0000 

  0x00000186bb130984: ;   {oop(a 'java/lang/Class'{0x000000008a10a360} = 'jdk/internal/misc/VM')}
  0x00000186bb130984: 49b8 60a3 | 108a 0000 | 0000 458b | 8094 0000 | 0041 83f8 

  0x00000186bb130998: ;   {metadata(method data for {method} {0x000000080044d288} 'isModuleSystemInited' '()Z' in 'jdk/internal/misc/VM')}
  0x00000186bb130998: 0249 b820 | 7906 d286 | 0100 0048 | bf10 0100 | 0000 0000 | 000f 8c0a | 0000 0048 | bf20 0100 
  0x00000186bb1309b8: 0000 0000 | 0049 8b1c | 3848 8d5b | 0149 891c | 380f 8c1c 

  0x00000186bb1309cc: ;   {metadata(method data for {method} {0x000000080044d288} 'isModuleSystemInited' '()Z' in 'jdk/internal/misc/VM')}
  0x00000186bb1309cc: 0000 0049 | b820 7906 | d286 0100 | 0041 ff80 | 3001 0000 | 41b8 0100 | 0000 e906 | 0000 0041 
  0x00000186bb1309ec: b800 0000 | 0041 83e0 | 0141 83f8 

  0x00000186bb1309f8: ;   {metadata(method data for {method} {0x0000000800082610} 'loadClassOrNull' '(Ljava/lang/String;Z)Ljava/lang/Class;' in 'jdk/internal/loader/BuiltinClassLoader')}
  0x00000186bb1309f8: 0049 b808 | 6e06 d286 | 0100 0048 | bf00 0400 | 0000 0000 | 000f 840a | 0000 0048 | bf10 0400 
  0x00000186bb130a18: 0000 0000 | 0049 8b1c | 3848 8d5b | 0149 891c | 380f 8428 | 0000 004c | 8b44 2470 

  0x00000186bb130a34: ;   {metadata(method data for {method} {0x0000000800082610} 'loadClassOrNull' '(Ljava/lang/String;Z)Ljava/lang/Class;' in 'jdk/internal/loader/BuiltinClassLoader')}
  0x00000186bb130a34: 488b f248 | bf08 6e06 | d286 0100 | 0048 8387 | 2004 0000 | 0148 8bf2 

  0x00000186bb130a4c: ;   {optimized virtual_call}
  0x00000186bb130a4c: 488b d6e8 

  0x00000186bb130a50: ; ImmutableOopMap {[104]=Oop [128]=Oop [168]=Oop }
                      ;*invokevirtual findClassOnClassPathOrNull {reexecute=0 rethrow=0 return_oop=0}
                      ; - jdk.internal.loader.BuiltinClassLoader::loadClassOrNull@111 (line 681)
  0x00000186bb130a50: c104 0000 | 488b f044 | 8b4c 2478 | 4183 f900 

  0x00000186bb130a60: ;   {metadata(method data for {method} {0x0000000800082610} 'loadClassOrNull' '(Ljava/lang/String;Z)Ljava/lang/Class;' in 'jdk/internal/loader/BuiltinClassLoader')}
  0x00000186bb130a60: 48b8 086e | 06d2 8601 | 0000 48ba | 5804 0000 | 0000 0000 | 0f84 0a00 | 0000 48ba | 6804 0000 
  0x00000186bb130a80: 0000 0000 | 488b 3c10 | 488d 7f01 | 4889 3c10 | 0f84 b300 | 0000 4883 

  0x00000186bb130a98: ;   {metadata(method data for {method} {0x0000000800082610} 'loadClassOrNull' '(Ljava/lang/String;Z)Ljava/lang/Class;' in 'jdk/internal/loader/BuiltinClassLoader')}
  0x00000186bb130a98: fe00 48b8 | 086e 06d2 | 8601 0000 | 48ba 7804 | 0000 0000 | 0000 0f84 | 0a00 0000 | 48ba 8804 
  0x00000186bb130ab8: 0000 0000 | 0000 488b | 3c10 488d | 7f01 4889 | 3c10 0f84 | 7900 0000 | 488b 5424 

  0x00000186bb130ad4: ;   {metadata(method data for {method} {0x0000000800082610} 'loadClassOrNull' '(Ljava/lang/String;Z)Ljava/lang/Class;' in 'jdk/internal/loader/BuiltinClassLoader')}
  0x00000186bb130ad4: 6848 b808 | 6e06 d286 | 0100 0048 | 8380 9804 

  0x00000186bb130ae4: ;   {metadata(method data for {method} {0x00000008004342f0} 'resolveClass' '(Ljava/lang/Class;)V' in 'java/lang/ClassLoader')}
  0x00000186bb130ae4: 0000 0148 | b868 8806 | d286 0100 | 008b 90cc | 0000 0083 | c202 8990 | cc00 0000 | 81e2 feff 
  0x00000186bb130b04: 1f00 83fa | 000f 84d7 | 0200 0048 

  0x00000186bb130b10: ;   {metadata(method data for {method} {0x00000008004342f0} 'resolveClass' '(Ljava/lang/Class;)V' in 'java/lang/ClassLoader')}
  0x00000186bb130b10: 83fe 0048 | b868 8806 | d286 0100 | 0048 ba20 | 0100 0000 | 0000 000f | 840a 0000 | 0048 ba10 
  0x00000186bb130b30: 0100 0000 | 0000 0048 | 8b3c 1048 | 8d7f 0148 | 893c 100f | 843c 0000 | 0048 8d84 | 24a0 0000 
  0x00000186bb130b50: 0048 8b10 | 4885 d20f | 840f 0000 | 0048 8b78 | 08f0 480f | b117 0f85 | 9b02 0000 | 488b c648 
  0x00000186bb130b70: 81c4 c000 

  0x00000186bb130b74: ;   {poll_return}
  0x00000186bb130b74: 0000 5d49 | 3ba7 7803 | 0000 0f87 | 9902 0000 | c348 89b4 | 2498 0000 | 0066 6690 

  0x00000186bb130b90: ;   {no_reloc}
  0x00000186bb130b90: e9ad 0200 | 0000 0000 | 0000 498b | 87f8 0000 | 0048 8d78 | 3049 3bbf | 0801 0000 | 0f87 9a02 
  0x00000186bb130bb0: 0000 4989 | bff8 0000 | 0048 c700 | 0100 0000 | 488b ca49 | ba00 0000 | 0008 0000 | 0049 2bca 
  0x00000186bb130bd0: 8948 0848 | 33c9 8948 | 0c48 33c9 | 4889 4810 | 4889 4818 | 4889 4820 | 4889 4828 

  0x00000186bb130bec: ;   {metadata(method data for {method} {0x00000008004342f0} 'resolveClass' '(Ljava/lang/Class;)V' in 'java/lang/ClassLoader')}
  0x00000186bb130bec: 488b d048 | be68 8806 | d286 0100 | 0048 8386 | 3001 0000 | 0148 8bd0 | 4889 8424 | 9000 0000 
  0x00000186bb130c0c: ;   {optimized virtual_call}
  0x00000186bb130c0c: 6666 90e8 

  0x00000186bb130c10: ; ImmutableOopMap {[128]=Oop [144]=Oop [152]=Oop [168]=Oop }
                      ;*invokespecial <init> {reexecute=0 rethrow=0 return_oop=0}
                      ; - java.lang.ClassLoader::resolveClass@8 (line 1224)
                      ; - jdk.internal.loader.BuiltinClassLoader::loadClassOrNull@128 (line 688)
  0x00000186bb130c10: 6c0e 5407 | 488b 8424 

  0x00000186bb130c18: ; ImmutableOopMap {rax=Oop [128]=Oop [152]=Oop [168]=Oop }
                      ;*athrow {reexecute=1 rethrow=0 return_oop=0}
                      ; - (reexecute) java.lang.ClassLoader::resolveClass@11 (line 1224)
                      ; - jdk.internal.loader.BuiltinClassLoader::loadClassOrNull@128 (line 688)
  0x00000186bb130c18: 9000 0000 

  0x00000186bb130c1c: ;   {section_word}
  0x00000186bb130c1c: 48ba 1c0c | 13bb 8601 

  0x00000186bb130c24: ;   {runtime_call handle_exception_nofpu Runtime1 stub}
  0x00000186bb130c24: 0000 e8d5 | ab5e 0790 | 498b 8720 | 0400 004d | 33d2 4d89 | 9720 0400 | 004d 33d2 | 4d89 9728 
  0x00000186bb130c44: 0400 0048 | 8bf0 488d | 8424 a000 | 0000 488b | 3848 85ff | 0f84 0f00 | 0000 488b | 5808 f048 
  0x00000186bb130c64: 0fb1 3b0f | 85ec 0100 | 0048 8bc6 | e917 0200 

  0x00000186bb130c74: ;   {metadata({method} {0x0000000800082610} 'loadClassOrNull' '(Ljava/lang/String;Z)Ljava/lang/Class;' in 'jdk/internal/loader/BuiltinClassLoader')}
  0x00000186bb130c74: 0049 ba08 | 2608 0008 | 0000 004c | 8954 2408 | 48c7 0424 | ffff ffff 

  0x00000186bb130c8c: ;   {runtime_call counter_overflow Runtime1 stub}
  0x00000186bb130c8c: e86f e75e 

  0x00000186bb130c90: ; ImmutableOopMap {rdx=Oop r8=Oop [104]=Oop }
                      ;*synchronization entry
                      ; - jdk.internal.loader.BuiltinClassLoader::loadClassOrNull@-1 (line 651)
  0x00000186bb130c90: 07e9 a6f3 

  0x00000186bb130c94: ;   {runtime_call throw_null_pointer_exception Runtime1 stub}
  0x00000186bb130c94: ffff e885 

  0x00000186bb130c98: ; ImmutableOopMap {rsi=Oop [104]=Oop [112]=Oop [128]=Oop }
                      ;*monitorenter {reexecute=0 rethrow=0 return_oop=0}
                      ; - jdk.internal.loader.BuiltinClassLoader::loadClassOrNull@7 (line 651)
  0x00000186bb130c98: 8d5e 0748 | 8974 2408 | 4889 1424 

  0x00000186bb130ca4: ;   {runtime_call monitorenter_nofpu Runtime1 stub}
  0x00000186bb130ca4: e857 c35e 

  0x00000186bb130ca8: ; ImmutableOopMap {rsi=Oop [104]=Oop [112]=Oop [128]=Oop [168]=Oop }
                      ;*monitorenter {reexecute=0 rethrow=0 return_oop=0}
                      ; - jdk.internal.loader.BuiltinClassLoader::loadClassOrNull@7 (line 651)
  0x00000186bb130ca8: 07e9 84f4 

  0x00000186bb130cac: ;   {metadata({method} {0x00000008004343a0} 'findLoadedClass' '(Ljava/lang/String;)Ljava/lang/Class;' in 'java/lang/ClassLoader')}
  0x00000186bb130cac: ffff 49ba | 9843 4300 | 0800 0000 | 4c89 5424 | 0848 c704 | 24ff ffff 

  0x00000186bb130cc4: ;   {runtime_call counter_overflow Runtime1 stub}
  0x00000186bb130cc4: ffe8 36e7 

  0x00000186bb130cc8: ; ImmutableOopMap {[104]=Oop [112]=Oop [128]=Oop [168]=Oop }
                      ;*synchronization entry
                      ; - java.lang.ClassLoader::findLoadedClass@-1 (line 1284)
                      ; - jdk.internal.loader.BuiltinClassLoader::loadClassOrNull@10 (line 653)
  0x00000186bb130cc8: 5e07 e9a2 

  0x00000186bb130ccc: ;   {runtime_call throw_null_pointer_exception Runtime1 stub}
  0x00000186bb130ccc: f4ff ffe8 

  0x00000186bb130cd0: ; ImmutableOopMap {rax=Oop rdx=Oop [104]=Oop [112]=Oop [128]=Oop [136]=Oop [168]=Oop }
                      ;*invokevirtual loader {reexecute=0 rethrow=0 return_oop=0}
                      ; - jdk.internal.loader.BuiltinClassLoader::loadClassOrNull@34 (line 662)
  0x00000186bb130cd0: 4c8d 5e07 

  0x00000186bb130cd4: ;   {metadata({method} {0x000000080044d288} 'isModuleSystemInited' '()Z' in 'jdk/internal/misc/VM')}
  0x00000186bb130cd4: 49ba 80d2 | 4400 0800 | 0000 4c89 | 5424 0848 | c704 24ff 

  0x00000186bb130ce8: ;   {runtime_call counter_overflow Runtime1 stub}
  0x00000186bb130ce8: ffff ffe8 

  0x00000186bb130cec: ; ImmutableOopMap {rax=Oop rdx=Oop [104]=Oop [112]=Oop [128]=Oop [136]=Oop [168]=Oop }
                      ;*synchronization entry
                      ; - jdk.internal.misc.VM::isModuleSystemInited@-1 (line 91)
                      ; - jdk.internal.loader.BuiltinClassLoader::loadClassOrNull@45 (line 664)
  0x00000186bb130cec: 10e7 5e07 | e962 f6ff 

  0x00000186bb130cf4: ;   {metadata({method} {0x0000000800082d48} 'findClassInModuleOrNull' '(Ljdk/internal/loader/BuiltinClassLoader$LoadedModule;Ljava/lang/String;)Ljava/lang/Class;' in 'jdk/internal/loader/BuiltinClassLoader')}
  0x00000186bb130cf4: ff49 ba40 | 2d08 0008 | 0000 004c | 8954 2408 | 48c7 0424 | ffff ffff 

  0x00000186bb130d0c: ;   {runtime_call counter_overflow Runtime1 stub}
  0x00000186bb130d0c: e8ef e65e 

  0x00000186bb130d10: ; ImmutableOopMap {rdx=Oop rax=Oop [104]=Oop [112]=Oop [128]=Oop [168]=Oop }
                      ;*synchronization entry
                      ; - jdk.internal.loader.BuiltinClassLoader::findClassInModuleOrNull@-1 (line 740)
                      ; - jdk.internal.loader.BuiltinClassLoader::loadClassOrNull@55 (line 665)
  0x00000186bb130d10: 07e9 3bf7 

  0x00000186bb130d14: ;   {metadata({method} {0x0000000800012db0} 'getSecurityManager' '()Ljava/lang/SecurityManager;' in 'java/lang/System')}
  0x00000186bb130d14: ffff 49ba | a82d 0100 | 0800 0000 | 4c89 5424 | 0848 c704 | 24ff ffff 

  0x00000186bb130d2c: ;   {runtime_call counter_overflow Runtime1 stub}
  0x00000186bb130d2c: ffe8 cee6 

  0x00000186bb130d30: ; ImmutableOopMap {rdx=Oop rax=Oop [104]=Oop [112]=Oop [128]=Oop [168]=Oop }
                      ;*synchronization entry
                      ; - java.lang.System::getSecurityManager@-1 (line 497)
                      ; - jdk.internal.loader.BuiltinClassLoader::findClassInModuleOrNull@0 (line 740)
                      ; - jdk.internal.loader.BuiltinClassLoader::loadClassOrNull@55 (line 665)
  0x00000186bb130d30: 5e07 e959 

  0x00000186bb130d34: ;   {metadata({method} {0x0000000800012ec8} 'allowSecurityManager' '()Z' in 'java/lang/System')}
  0x00000186bb130d34: f7ff ff49 | bac0 2e01 | 0008 0000 | 004c 8954 | 2408 48c7 | 0424 ffff 

  0x00000186bb130d4c: ;   {runtime_call counter_overflow Runtime1 stub}
  0x00000186bb130d4c: ffff e8ad 

  0x00000186bb130d50: ; ImmutableOopMap {rdx=Oop rax=Oop [104]=Oop [112]=Oop [128]=Oop [168]=Oop }
                      ;*synchronization entry
                      ; - java.lang.System::allowSecurityManager@-1 (line 205)
                      ; - java.lang.System::getSecurityManager@0 (line 497)
                      ; - jdk.internal.loader.BuiltinClassLoader::findClassInModuleOrNull@0 (line 740)
                      ; - jdk.internal.loader.BuiltinClassLoader::loadClassOrNull@55 (line 665)
  0x00000186bb130d50: e65e 07e9 | 77f7 ffff 

  0x00000186bb130d58: ;   {runtime_call throw_null_pointer_exception Runtime1 stub}
  0x00000186bb130d58: e8c3 8c5e 

  0x00000186bb130d5c: ; ImmutableOopMap {rsi=Oop [104]=Oop [112]=Oop [128]=Oop [168]=Oop }
                      ;*invokevirtual loadClassOrNull {reexecute=0 rethrow=0 return_oop=0}
                      ; - jdk.internal.loader.BuiltinClassLoader::loadClassOrNull@66 (line 669)
                      ;   {metadata({method} {0x0000000800082df8} 'loadClassOrNull' '(Ljava/lang/String;)Ljava/lang/Class;' in 'jdk/internal/loader/BuiltinClassLoader')}
  0x00000186bb130d5c: 0749 baf0 | 2d08 0008 | 0000 004c | 8954 2408 | 48c7 0424 | ffff ffff 

  0x00000186bb130d74: ;   {runtime_call counter_overflow Runtime1 stub}
  0x00000186bb130d74: e887 e65e 

  0x00000186bb130d78: ; ImmutableOopMap {rsi=Oop [104]=Oop [112]=Oop [128]=Oop [168]=Oop }
                      ;*synchronization entry
                      ; - jdk.internal.loader.BuiltinClassLoader::loadClassOrNull@-1 (line 700)
                      ; - jdk.internal.loader.BuiltinClassLoader::loadClassOrNull@66 (line 669)
  0x00000186bb130d78: 07e9 0cf8 

  0x00000186bb130d7c: ;   {runtime_call throw_null_pointer_exception Runtime1 stub}
  0x00000186bb130d7c: ffff e89d 

  0x00000186bb130d80: ; ImmutableOopMap {rsi=Oop [104]=Oop [112]=Oop [128]=Oop [168]=Oop }
                      ;*invokevirtual loadClassOrNull {reexecute=0 rethrow=0 return_oop=0}
                      ; - jdk.internal.loader.BuiltinClassLoader::loadClassOrNull@86 (line 676)
                      ;   {metadata({method} {0x0000000800082df8} 'loadClassOrNull' '(Ljava/lang/String;)Ljava/lang/Class;' in 'jdk/internal/loader/BuiltinClassLoader')}
  0x00000186bb130d80: 8c5e 0749 | baf0 2d08 | 0008 0000 | 004c 8954 | 2408 48c7 | 0424 ffff 

  0x00000186bb130d98: ;   {runtime_call counter_overflow Runtime1 stub}
  0x00000186bb130d98: ffff e861 

  0x00000186bb130d9c: ; ImmutableOopMap {rsi=Oop [104]=Oop [112]=Oop [128]=Oop [168]=Oop }
                      ;*synchronization entry
                      ; - jdk.internal.loader.BuiltinClassLoader::loadClassOrNull@-1 (line 700)
                      ; - jdk.internal.loader.BuiltinClassLoader::loadClassOrNull@86 (line 676)
  0x00000186bb130d9c: e65e 07e9 | 48f9 ffff 

  0x00000186bb130da4: ;   {metadata({method} {0x00000008000825b8} 'hasClassPath' '()Z' in 'jdk/internal/loader/BuiltinClassLoader')}
  0x00000186bb130da4: 49ba b025 | 0800 0800 | 0000 4c89 | 5424 0848 | c704 24ff 

  0x00000186bb130db8: ;   {runtime_call counter_overflow Runtime1 stub}
  0x00000186bb130db8: ffff ffe8 

  0x00000186bb130dbc: ; ImmutableOopMap {rdx=Oop rsi=Oop [104]=Oop [112]=Oop [128]=Oop [168]=Oop }
                      ;*synchronization entry
                      ; - jdk.internal.loader.BuiltinClassLoader::hasClassPath@-1 (line 223)
                      ; - jdk.internal.loader.BuiltinClassLoader::loadClassOrNull@97 (line 680)
  0x00000186bb130dbc: 40e6 5e07 | e9e5 faff 

  0x00000186bb130dc4: ;   {metadata({method} {0x000000080044d288} 'isModuleSystemInited' '()Z' in 'jdk/internal/misc/VM')}
  0x00000186bb130dc4: ff49 ba80 | d244 0008 | 0000 004c | 8954 2408 | 48c7 0424 | ffff ffff 

  0x00000186bb130ddc: ;   {runtime_call counter_overflow Runtime1 stub}
  0x00000186bb130ddc: e81f e65e 

  0x00000186bb130de0: ; ImmutableOopMap {rdx=Oop rsi=Oop [104]=Oop [112]=Oop [128]=Oop [168]=Oop }
                      ;*synchronization entry
                      ; - jdk.internal.misc.VM::isModuleSystemInited@-1 (line 91)
                      ; - jdk.internal.loader.BuiltinClassLoader::loadClassOrNull@103 (line 680)
  0x00000186bb130de0: 07e9 9efb 

  0x00000186bb130de4: ;   {metadata({method} {0x00000008004342f0} 'resolveClass' '(Ljava/lang/Class;)V' in 'java/lang/ClassLoader')}
  0x00000186bb130de4: ffff 49ba | e842 4300 | 0800 0000 | 4c89 5424 | 0848 c704 | 24ff ffff 

  0x00000186bb130dfc: ;   {runtime_call counter_overflow Runtime1 stub}
  0x00000186bb130dfc: ffe8 fee5 

  0x00000186bb130e00: ; ImmutableOopMap {rsi=Oop [128]=Oop [168]=Oop }
                      ;*synchronization entry
                      ; - java.lang.ClassLoader::resolveClass@-1 (line 1223)
                      ; - jdk.internal.loader.BuiltinClassLoader::loadClassOrNull@128 (line 688)
  0x00000186bb130e00: 5e07 e908 | fdff ff48 | 8d84 24a0 | 0000 0048 

  0x00000186bb130e10: ;   {runtime_call monitorexit_nofpu Runtime1 stub}
  0x00000186bb130e10: 8904 24e8 | e8c7 5e07 | e94f fdff 

  0x00000186bb130e1c: ;   {internal_word}
  0x00000186bb130e1c: ff49 ba77 | 0b13 bb86 | 0100 004d | 8997 9003 

  0x00000186bb130e2c: ;   {runtime_call SafepointBlob}
  0x00000186bb130e2c: 0000 e9cd 

  0x00000186bb130e30: ;   {metadata(NULL)}
  0x00000186bb130e30: 6f54 0748 | ba00 0000 | 0000 0000 | 00b8 000f 

  0x00000186bb130e40: ;   {runtime_call load_klass_patching Runtime1 stub}
  0x00000186bb130e40: 050a e839 

  0x00000186bb130e44: ; ImmutableOopMap {[128]=Oop [152]=Oop [168]=Oop }
                      ;*new {reexecute=1 rethrow=0 return_oop=0}
                      ; - (reexecute) java.lang.ClassLoader::resolveClass@4 (line 1224)
                      ; - jdk.internal.loader.BuiltinClassLoader::loadClassOrNull@128 (line 688)
  0x00000186bb130e44: d25e 07e9 | 44fd ffff 

  0x00000186bb130e4c: ;   {runtime_call fast_new_instance Runtime1 stub}
  0x00000186bb130e4c: 488b d2e8 

  0x00000186bb130e50: ; ImmutableOopMap {[128]=Oop [152]=Oop [168]=Oop }
                      ;*new {reexecute=0 rethrow=0 return_oop=0}
                      ; - java.lang.ClassLoader::resolveClass@4 (line 1224)
                      ; - jdk.internal.loader.BuiltinClassLoader::loadClassOrNull@128 (line 688)
  0x00000186bb130e50: ac9a 5e07 | e993 fdff | ff48 8d84 | 24a0 0000 | 0048 8904 

  0x00000186bb130e64: ;   {runtime_call monitorexit_nofpu Runtime1 stub}
  0x00000186bb130e64: 24e8 96c7 | 5e07 e9fe | fdff ff49 | 8b87 2004 | 0000 49c7 | 8720 0400 | 0000 0000 | 0049 c787 
  0x00000186bb130e84: 2804 0000 | 0000 0000 | 4881 c4c0 | 0000 005d 

  0x00000186bb130e94: ;   {runtime_call unwind_exception Runtime1 stub}
  0x00000186bb130e94: e9e7 a855 | 07f4 f4f4 | f4f4 f4f4 
[Stub Code]
  0x00000186bb130ea0: ;   {no_reloc}
  0x00000186bb130ea0: 0f1f 4400 

  0x00000186bb130ea4: ;   {static_stub}
  0x00000186bb130ea4: 0048 bbe0 | eb00 0008 

  0x00000186bb130eac: ;   {runtime_call I2C/C2I adapters}
  0x00000186bb130eac: 0000 00e9 | a95b 5407 

  0x00000186bb130eb4: ;   {static_stub}
  0x00000186bb130eb4: 9048 bb00 | 0000 0000 

  0x00000186bb130ebc: ;   {runtime_call}
  0x00000186bb130ebc: 0000 00e9 | fbff ffff 

  0x00000186bb130ec4: ;   {static_stub}
  0x00000186bb130ec4: 9048 bb28 | 3d43 0008 

  0x00000186bb130ecc: ;   {runtime_call I2C/C2I adapters}
  0x00000186bb130ecc: 0000 00e9 | 895b 5407 

  0x00000186bb130ed4: ;   {static_stub}
  0x00000186bb130ed4: 9048 bb28 | 2a08 0008 

  0x00000186bb130edc: ;   {runtime_call I2C/C2I adapters}
  0x00000186bb130edc: 0000 00e9 | 795b 5407 

  0x00000186bb130ee4: ;   {static_stub}
  0x00000186bb130ee4: 9048 bb20 | 2908 0008 

  0x00000186bb130eec: ;   {runtime_call I2C/C2I adapters}
  0x00000186bb130eec: 0000 00e9 | edd3 5307 

  0x00000186bb130ef4: ;   {static_stub}
  0x00000186bb130ef4: 9048 bb00 | 0000 0000 

  0x00000186bb130efc: ;   {runtime_call}
  0x00000186bb130efc: 0000 00e9 | fbff ffff 

  0x00000186bb130f04: ;   {static_stub}
  0x00000186bb130f04: 9048 bb00 | 0000 0000 

  0x00000186bb130f0c: ;   {runtime_call}
  0x00000186bb130f0c: 0000 00e9 | fbff ffff 

  0x00000186bb130f14: ;   {static_stub}
  0x00000186bb130f14: 9048 bb98 | 2d08 0008 

  0x00000186bb130f1c: ;   {runtime_call I2C/C2I adapters}
  0x00000186bb130f1c: 0000 00e9 | 395b 5407 

  0x00000186bb130f24: ;   {static_stub}
  0x00000186bb130f24: 9048 bb00 | 0000 0000 

  0x00000186bb130f2c: ;   {runtime_call}
  0x00000186bb130f2c: 0000 00e9 | fbff ffff 
[Exception Handler]
  0x00000186bb130f34: ;   {runtime_call handle_exception_from_callee Runtime1 stub}
  0x00000186bb130f34: e8c7 ae5e 

  0x00000186bb130f38: ;   {external_word}
  0x00000186bb130f38: 0748 b928 | 4913 97fe | 7f00 0048 

  0x00000186bb130f44: ;   {runtime_call}
  0x00000186bb130f44: 83e4 f049 | ba00 fede | 96fe 7f00 | 0041 ffd2 

  0x00000186bb130f54: ;   {section_word}
  0x00000186bb130f54: f449 ba55 | 0f13 bb86 | 0100 0041 

  0x00000186bb130f60: ;   {runtime_call DeoptimizationBlob}
  0x00000186bb130f60: 52e9 3a61 | 5407 f4f4 
[/MachCode]


Compiled method (c1)     283  306       3       jdk.internal.loader.BuiltinClassLoader::loadClass (22 bytes)
 total in heap  [0x00000186bb13f790,0x00000186bb13fcb0] = 1312
 relocation     [0x00000186bb13f8f0,0x00000186bb13f940] = 80
 main code      [0x00000186bb13f940,0x00000186bb13fba0] = 608
 stub code      [0x00000186bb13fba0,0x00000186bb13fbf8] = 88
 metadata       [0x00000186bb13fbf8,0x00000186bb13fc00] = 8
 scopes data    [0x00000186bb13fc00,0x00000186bb13fc48] = 72
 scopes pcs     [0x00000186bb13fc48,0x00000186bb13fca8] = 96
 dependencies   [0x00000186bb13fca8,0x00000186bb13fcb0] = 8

[Constant Pool (empty)]

[MachCode]
[Entry Point]
  # {method} {0x0000000800080bb8} 'loadClass' '(Ljava/lang/String;Z)Ljava/lang/Class;' in 'jdk/internal/loader/BuiltinClassLoader'
  # this:     rdx:rdx   = 'jdk/internal/loader/BuiltinClassLoader'
  # parm0:    r8:r8     = 'java/lang/String'
  # parm1:    r9        = boolean
  #           [sp+0x50]  (sp of caller)
  0x00000186bb13f940: 448b 5208 | 49bb 0000 | 0000 0800 | 0000 4d03 | d34c 3bd0 

  0x00000186bb13f954: ;   {runtime_call ic_miss_stub}
  0x00000186bb13f954: 0f85 261e | 5307 660f | 1f44 0000 
[Verified Entry Point]
  0x00000186bb13f960: 8984 2400 | 90ff ff55 | 4883 ec40 

  0x00000186bb13f96c: ;   {metadata(method data for {method} {0x0000000800080bb8} 'loadClass' '(Ljava/lang/String;Z)Ljava/lang/Class;' in 'jdk/internal/loader/BuiltinClassLoader')}
  0x00000186bb13f96c: 48be 48b6 | 0cd2 8601 | 0000 8bbe | cc00 0000 | 83c7 0289 | becc 0000 | 0081 e7fe | 0700 0083 
  0x00000186bb13f98c: ff00 0f84 | 9201 0000 

  0x00000186bb13f994: ;   {metadata(method data for {method} {0x0000000800080bb8} 'loadClass' '(Ljava/lang/String;Z)Ljava/lang/Class;' in 'jdk/internal/loader/BuiltinClassLoader')}
  0x00000186bb13f994: 488b f248 | bf48 b60c | d286 0100 | 008b 7608 | 49ba 0000 | 0000 0800 | 0000 4903 | f248 3bb7 
  0x00000186bb13f9b4: 2001 0000 | 750d 4883 | 8728 0100 | 0001 e966 | 0000 0048 | 3bb7 3001 | 0000 750d | 4883 8738 
  0x00000186bb13f9d4: 0100 0001 | e950 0000 | 0048 81bf | 2001 0000 | 0000 0000 | 7517 4889 | b720 0100 | 0048 c787 
  0x00000186bb13f9f4: 2801 0000 | 0100 0000 | e92c 0000 | 0048 81bf | 3001 0000 | 0000 0000 | 7517 4889 | b730 0100 
  0x00000186bb13fa14: 0048 c787 | 3801 0000 | 0100 0000 | e908 0000 | 0048 8387 | 1001 0000 | 0149 8bf0 | 4c8b c648 
  0x00000186bb13fa34: 8974 2420 | 0f1f 4400 | 0048 b818 | 3008 0008 

  0x00000186bb13fa44: ;   {virtual_call}
  0x00000186bb13fa44: 0000 00e8 

  0x00000186bb13fa48: ; ImmutableOopMap {[32]=Oop }
                      ;*invokevirtual loadClassOrNull {reexecute=0 rethrow=0 return_oop=0}
                      ; - jdk.internal.loader.BuiltinClassLoader::loadClass@3 (line 639)
  0x00000186bb13fa48: 9405 ffff | 4883 f800 

  0x00000186bb13fa50: ;   {metadata(method data for {method} {0x0000000800080bb8} 'loadClass' '(Ljava/lang/String;Z)Ljava/lang/Class;' in 'jdk/internal/loader/BuiltinClassLoader')}
  0x00000186bb13fa50: 48ba 48b6 | 0cd2 8601 | 0000 48be | 5801 0000 | 0000 0000 | 0f84 0a00 | 0000 48be | 4801 0000 
  0x00000186bb13fa70: 0000 0000 | 488b 3c32 | 488d 7f01 | 4889 3c32 | 0f84 1300 | 0000 4883 

  0x00000186bb13fa88: ;   {poll_return}
  0x00000186bb13fa88: c440 5d49 | 3ba7 7803 | 0000 0f87 | af00 0000 | c34c 8b44 

  0x00000186bb13fa9c: ;   {metadata('java/lang/ClassNotFoundException')}
  0x00000186bb13fa9c: 2420 48ba | f852 0800 | 0800 0000 | 498b 87f8 | 0000 0048 | 8d78 2849 | 3bbf 0801 | 0000 0f87 
  0x00000186bb13fabc: 9d00 0000 | 4989 bff8 | 0000 0048 | c700 0100 | 0000 488b | ca49 ba00 | 0000 0008 | 0000 0049 
  0x00000186bb13fadc: 2bca 8948 | 0848 33c9 | 8948 0c48 | 33c9 4889 | 4810 4889 | 4818 4889 | 4820 488b 

  0x00000186bb13faf8: ;   {metadata(method data for {method} {0x0000000800080bb8} 'loadClass' '(Ljava/lang/String;Z)Ljava/lang/Class;' in 'jdk/internal/loader/BuiltinClassLoader')}
  0x00000186bb13faf8: d048 be48 | b60c d286 | 0100 0048 | 8386 6801 | 0000 0148 | 8bd0 4889 | 4424 280f 

  0x00000186bb13fb14: ;   {optimized virtual_call}
  0x00000186bb13fb14: 1f40 00e8 

  0x00000186bb13fb18: ; ImmutableOopMap {[40]=Oop }
                      ;*invokespecial <init> {reexecute=0 rethrow=0 return_oop=0}
                      ; - jdk.internal.loader.BuiltinClassLoader::loadClass@16 (line 641)
  0x00000186bb13fb18: 641f 5307 | 488b 4424 | 28e9 5e00 

  0x00000186bb13fb24: ;   {metadata({method} {0x0000000800080bb8} 'loadClass' '(Ljava/lang/String;Z)Ljava/lang/Class;' in 'jdk/internal/loader/BuiltinClassLoader')}
  0x00000186bb13fb24: 0000 49ba | b00b 0800 | 0800 0000 | 4c89 5424 | 0848 c704 | 24ff ffff 

  0x00000186bb13fb3c: ;   {runtime_call counter_overflow Runtime1 stub}
  0x00000186bb13fb3c: ffe8 bef8 

  0x00000186bb13fb40: ; ImmutableOopMap {rdx=Oop r8=Oop }
                      ;*synchronization entry
                      ; - jdk.internal.loader.BuiltinClassLoader::loadClass@-1 (line 639)
  0x00000186bb13fb40: 5d07 e94d 

  0x00000186bb13fb44: ;   {internal_word}
  0x00000186bb13fb44: feff ff49 | ba8b fa13 | bb86 0100 | 004d 8997 | 9003 0000 

  0x00000186bb13fb58: ;   {runtime_call SafepointBlob}
  0x00000186bb13fb58: e9a3 8253 | 0748 8bd2 

  0x00000186bb13fb60: ;   {runtime_call fast_new_instance Runtime1 stub}
  0x00000186bb13fb60: e89b ad5d 

  0x00000186bb13fb64: ; ImmutableOopMap {r8=Oop }
                      ;*new {reexecute=0 rethrow=0 return_oop=0}
                      ; - jdk.internal.loader.BuiltinClassLoader::loadClass@11 (line 641)
  0x00000186bb13fb64: 07eb 8f49 | 8b87 2004 | 0000 49c7 | 8720 0400 | 0000 0000 | 0049 c787 | 2804 0000 | 0000 0000 
  0x00000186bb13fb84: 4883 c440 

  0x00000186bb13fb88: ;   {runtime_call unwind_exception Runtime1 stub}
  0x00000186bb13fb88: 5de9 f2bb | 5407 f4f4 | f4f4 f4f4 | f4f4 f4f4 | f4f4 f4f4 | f4f4 f4f4 
[Stub Code]
  0x00000186bb13fba0: ;   {no_reloc}
  0x00000186bb13fba0: 0f1f 4400 

  0x00000186bb13fba4: ;   {static_stub}
  0x00000186bb13fba4: 0048 bb00 | 0000 0000 

  0x00000186bb13fbac: ;   {runtime_call}
  0x00000186bb13fbac: 0000 00e9 | fbff ffff 

  0x00000186bb13fbb4: ;   {static_stub}
  0x00000186bb13fbb4: 9048 bb00 | 0000 0000 

  0x00000186bb13fbbc: ;   {runtime_call}
  0x00000186bb13fbbc: 0000 00e9 | fbff ffff 
[Exception Handler]
  0x00000186bb13fbc4: ;   {runtime_call handle_exception_from_callee Runtime1 stub}
  0x00000186bb13fbc4: e837 c25d 

  0x00000186bb13fbc8: ;   {external_word}
  0x00000186bb13fbc8: 0748 b928 | 4913 97fe | 7f00 0048 

  0x00000186bb13fbd4: ;   {runtime_call}
  0x00000186bb13fbd4: 83e4 f049 | ba00 fede | 96fe 7f00 | 0041 ffd2 

  0x00000186bb13fbe4: ;   {section_word}
  0x00000186bb13fbe4: f449 bae5 | fb13 bb86 | 0100 0041 

  0x00000186bb13fbf0: ;   {runtime_call DeoptimizationBlob}
  0x00000186bb13fbf0: 52e9 aa74 | 5307 f4f4 
[/MachCode]


Compiled method (c1)     289  305       3       java.lang.ClassLoader::loadClass (7 bytes)
 total in heap  [0x00000186bb13f390,0x00000186bb13f770] = 992
 relocation     [0x00000186bb13f4f0,0x00000186bb13f530] = 64
 main code      [0x00000186bb13f540,0x00000186bb13f6c0] = 384
 stub code      [0x00000186bb13f6c0,0x00000186bb13f708] = 72
 metadata       [0x00000186bb13f708,0x00000186bb13f710] = 8
 scopes data    [0x00000186bb13f710,0x00000186bb13f728] = 24
 scopes pcs     [0x00000186bb13f728,0x00000186bb13f768] = 64
 dependencies   [0x00000186bb13f768,0x00000186bb13f770] = 8

[Constant Pool (empty)]

[MachCode]
[Entry Point]
  # {method} {0x000000080000e820} 'loadClass' '(Ljava/lang/String;)Ljava/lang/Class;' in 'java/lang/ClassLoader'
  # this:     rdx:rdx   = 'java/lang/ClassLoader'
  # parm0:    r8:r8     = 'java/lang/String'
  #           [sp+0x40]  (sp of caller)
  0x00000186bb13f540: 448b 5208 | 49bb 0000 | 0000 0800 | 0000 4d03 | d34c 3bd0 

  0x00000186bb13f554: ;   {runtime_call ic_miss_stub}
  0x00000186bb13f554: 0f85 2622 | 5307 660f | 1f44 0000 
[Verified Entry Point]
  0x00000186bb13f560: 8984 2400 | 90ff ff55 | 4883 ec30 

  0x00000186bb13f56c: ;   {metadata(method data for {method} {0x000000080000e820} 'loadClass' '(Ljava/lang/String;)Ljava/lang/Class;' in 'java/lang/ClassLoader')}
  0x00000186bb13f56c: 49b9 f8ad | 0cd2 8601 | 0000 418b | b1cc 0000 | 0083 c602 | 4189 b1cc | 0000 0081 | e6fe 0700 
  0x00000186bb13f58c: 0083 fe00 | 0f84 c900 | 0000 4c8b 

  0x00000186bb13f598: ;   {metadata(method data for {method} {0x000000080000e820} 'loadClass' '(Ljava/lang/String;)Ljava/lang/Class;' in 'java/lang/ClassLoader')}
  0x00000186bb13f598: ca48 bef8 | ad0c d286 | 0100 0045 | 8b49 0849 | ba00 0000 | 0008 0000 | 004d 03ca | 4c3b 8e20 
  0x00000186bb13f5b8: 0100 0075 | 0d48 8386 | 2801 0000 | 01e9 6600 | 0000 4c3b | 8e30 0100 | 0075 0d48 | 8386 3801 
  0x00000186bb13f5d8: 0000 01e9 | 5000 0000 | 4881 be20 | 0100 0000 | 0000 0075 | 174c 898e | 2001 0000 | 48c7 8628 
  0x00000186bb13f5f8: 0100 0001 | 0000 00e9 | 2c00 0000 | 4881 be30 | 0100 0000 | 0000 0075 | 174c 898e | 3001 0000 
  0x00000186bb13f618: 48c7 8638 | 0100 0001 | 0000 00e9 | 0800 0000 | 4883 8610 | 0100 0001 | 41b9 0000 | 0000 0f1f 
  0x00000186bb13f638: 8000 0000 | 0048 b8ff | ffff ffff 

  0x00000186bb13f644: ;   {virtual_call}
  0x00000186bb13f644: ffff ffe8 

  0x00000186bb13f648: ; ImmutableOopMap {}
                      ;*invokevirtual loadClass {reexecute=0 rethrow=0 return_oop=0}
                      ; - java.lang.ClassLoader::loadClass@3 (line 521)
  0x00000186bb13f648: 54f5 5207 | 4883 c430 

  0x00000186bb13f650: ;   {poll_return}
  0x00000186bb13f650: 5d49 3ba7 | 7803 0000 | 0f87 2200 

  0x00000186bb13f65c: ;   {metadata({method} {0x000000080000e820} 'loadClass' '(Ljava/lang/String;)Ljava/lang/Class;' in 'java/lang/ClassLoader')}
  0x00000186bb13f65c: 0000 c349 | ba18 e800 | 0008 0000 | 004c 8954 | 2408 48c7 | 0424 ffff 

  0x00000186bb13f674: ;   {runtime_call counter_overflow Runtime1 stub}
  0x00000186bb13f674: ffff e885 

  0x00000186bb13f678: ; ImmutableOopMap {rdx=Oop r8=Oop }
                      ;*synchronization entry
                      ; - java.lang.ClassLoader::loadClass@-1 (line 521)
  0x00000186bb13f678: fd5d 07e9 | 16ff ffff 

  0x00000186bb13f680: ;   {internal_word}
  0x00000186bb13f680: 49ba 51f6 | 13bb 8601 | 0000 4d89 | 9790 0300 

  0x00000186bb13f690: ;   {runtime_call SafepointBlob}
  0x00000186bb13f690: 00e9 6a87 | 5307 498b | 8720 0400 | 0049 c787 | 2004 0000 | 0000 0000 | 49c7 8728 | 0400 0000 
  0x00000186bb13f6b0: 0000 0048 | 83c4 305d 

  0x00000186bb13f6b8: ;   {runtime_call unwind_exception Runtime1 stub}
  0x00000186bb13f6b8: e9c3 c054 | 07f4 f4f4 
[Stub Code]
  0x00000186bb13f6c0: ;   {no_reloc}
  0x00000186bb13f6c0: 0f1f 4400 

  0x00000186bb13f6c4: ;   {static_stub}
  0x00000186bb13f6c4: 0048 bb00 | 0000 0000 

  0x00000186bb13f6cc: ;   {runtime_call}
  0x00000186bb13f6cc: 0000 00e9 | fbff ffff 
[Exception Handler]
  0x00000186bb13f6d4: ;   {runtime_call handle_exception_from_callee Runtime1 stub}
  0x00000186bb13f6d4: e827 c75d 

  0x00000186bb13f6d8: ;   {external_word}
  0x00000186bb13f6d8: 0748 b928 | 4913 97fe | 7f00 0048 

  0x00000186bb13f6e4: ;   {runtime_call}
  0x00000186bb13f6e4: 83e4 f049 | ba00 fede | 96fe 7f00 | 0041 ffd2 

  0x00000186bb13f6f4: ;   {section_word}
  0x00000186bb13f6f4: f449 baf5 | f613 bb86 | 0100 0041 

  0x00000186bb13f700: ;   {runtime_call DeoptimizationBlob}
  0x00000186bb13f700: 52e9 9a79 | 5307 f4f4 
[/MachCode]


---------------  P R O C E S S  ---------------

Threads class SMR info:
_java_thread_list=0x00000186b317b700, length=13, elements={
0x00000186b317a740, 0x00000186d1d54bf0, 0x00000186d1d56730, 0x00000186d1d57d40,
0x00000186d1d5a680, 0x00000186d1d5afb0, 0x00000186d1d5bf70, 0x00000186d1d60210,
0x00000186d1d6d7d0, 0x00000186d1d75d40, 0x00000186d6124fd0, 0x00000186d612a1f0,
0x00000186d617f030
}

Java Threads: ( => current thread )
=>0x00000186b317a740 JavaThread "main" [_thread_in_vm, id=1712, stack(0x00000044e8d00000,0x00000044e8e00000)]
  0x00000186d1d54bf0 JavaThread "Reference Handler" daemon [_thread_blocked, id=16784, stack(0x00000044e9400000,0x00000044e9500000)]
  0x00000186d1d56730 JavaThread "Finalizer" daemon [_thread_blocked, id=20464, stack(0x00000044e9500000,0x00000044e9600000)]
  0x00000186d1d57d40 JavaThread "Signal Dispatcher" daemon [_thread_blocked, id=5608, stack(0x00000044e9600000,0x00000044e9700000)]
  0x00000186d1d5a680 JavaThread "Attach Listener" daemon [_thread_blocked, id=16792, stack(0x00000044e9700000,0x00000044e9800000)]
  0x00000186d1d5afb0 JavaThread "Service Thread" daemon [_thread_blocked, id=18700, stack(0x00000044e9800000,0x00000044e9900000)]
  0x00000186d1d5bf70 JavaThread "Monitor Deflation Thread" daemon [_thread_blocked, id=7104, stack(0x00000044e9900000,0x00000044e9a00000)]
  0x00000186d1d60210 JavaThread "C2 CompilerThread0" daemon [_thread_blocked, id=2584, stack(0x00000044e9a00000,0x00000044e9b00000)]
  0x00000186d1d6d7d0 JavaThread "C1 CompilerThread0" daemon [_thread_blocked, id=14144, stack(0x00000044e9b00000,0x00000044e9c00000)]
  0x00000186d1d75d40 JavaThread "Sweeper thread" daemon [_thread_blocked, id=9252, stack(0x00000044e9c00000,0x00000044e9d00000)]
  0x00000186d6124fd0 JavaThread "Notification Thread" daemon [_thread_blocked, id=12904, stack(0x00000044e9d00000,0x00000044e9e00000)]
  0x00000186d612a1f0 JavaThread "Common-Cleaner" daemon [_thread_blocked, id=19688, stack(0x00000044e9f00000,0x00000044ea000000)]
  0x00000186d617f030 JavaThread "C2 CompilerThread1" daemon [_thread_blocked, id=10356, stack(0x00000044ea000000,0x00000044ea100000)]

Other Threads:
  0x00000186d1d3a190 VMThread "VM Thread" [stack: 0x00000044e9300000,0x00000044e9400000] [id=12392]
  0x00000186d6127b30 WatcherThread "VM Periodic Task Thread" [stack: 0x00000044e9e00000,0x00000044e9f00000] [id=7408]
  0x00000186b31da520 WorkerThread "GC Thread#0" [stack: 0x00000044e8e00000,0x00000044e8f00000] [id=6452]
  0x00000186b31ec050 ConcurrentGCThread "G1 Main Marker" [stack: 0x00000044e8f00000,0x00000044e9000000] [id=21072]
  0x00000186b31ed0c0 WorkerThread "G1 Conc#0" [stack: 0x00000044e9000000,0x00000044e9100000] [id=888]
  0x00000186b324e0c0 ConcurrentGCThread "G1 Refine#0" [stack: 0x00000044e9100000,0x00000044e9200000] [id=3540]
  0x00000186b324eaa0 ConcurrentGCThread "G1 Service" [stack: 0x00000044e9200000,0x00000044e9300000] [id=8260]

Threads with active compile tasks:

VM state: not at safepoint (normal execution)

VM Mutex/Monitor currently owned by a thread:  ([mutex/lock_event])
[0x00000186b3174390] Metaspace_lock - owner thread: 0x00000186b317a740

Heap address: 0x0000000082400000, size: 2012 MB, Compressed Oops mode: 32-bit

CDS archive(s) mapped at: [0x0000000800000000-0x0000000800c40000-0x0000000800c40000), size 12845056, SharedBaseAddress: 0x0000000800000000, ArchiveRelocationMode: 0.
Compressed class space mapped at: 0x0000000801000000-0x0000000841000000, reserved size: 1073741824
Narrow klass base: 0x0000000800000000, Narrow klass shift: 0, Narrow klass range: 0x100000000

GC Precious Log:
 CardTable entry size: 512
 Card Set container configuration: InlinePtr #cards 5 size 8 Array Of Cards #cards 12 size 40 Howl #buckets 4 coarsen threshold 1843 Howl Bitmap #cards 512 size 80 coarsen threshold 460 Card regions per heap region 1 cards per card region 2048
 CPUs: 12 total, 12 available
 Memory: 8041M
 Large Page Support: Disabled
 NUMA Support: Disabled
 Compressed Oops: Enabled (32-bit)
 Heap Region Size: 1M
 Heap Min Capacity: 8M
 Heap Initial Capacity: 126M
 Heap Max Capacity: 2012M
 Pre-touch: Disabled
 Parallel Workers: 10
 Concurrent Workers: 3
 Concurrent Refinement Workers: 10
 Periodic GC: Disabled

Heap:
 garbage-first heap   total 129024K, used 7168K [0x0000000082400000, 0x0000000100000000)
  region size 1024K, 6 young (6144K), 0 survivors (0K)
 Metaspace       used 2383K, committed 2432K, reserved 1114112K
  class space    used 221K, committed 256K, reserved 1048576K

Heap Regions: E=young(eden), S=young(survivor), O=old, HS=humongous(starts), HC=humongous(continues), CS=collection set, F=free, OA=open archive, CA=closed archive, TAMS=top-at-mark-start (previous, next)
|   0|0x0000000082400000, 0x0000000082500000, 0x0000000082500000|100%|HS|  |TAMS 0x0000000082400000, 0x0000000082400000| Complete 
|   1|0x0000000082500000, 0x0000000082600000, 0x0000000082600000|100%|HS|  |TAMS 0x0000000082500000, 0x0000000082500000| Complete 
|   2|0x0000000082600000, 0x0000000082600000, 0x0000000082700000|  0%| F|  |TAMS 0x0000000082600000, 0x0000000082600000| Untracked 
|   3|0x0000000082700000, 0x0000000082700000, 0x0000000082800000|  0%| F|  |TAMS 0x0000000082700000, 0x0000000082700000| Untracked 
|   4|0x0000000082800000, 0x0000000082800000, 0x0000000082900000|  0%| F|  |TAMS 0x0000000082800000, 0x0000000082800000| Untracked 
|   5|0x0000000082900000, 0x0000000082900000, 0x0000000082a00000|  0%| F|  |TAMS 0x0000000082900000, 0x0000000082900000| Untracked 
|   6|0x0000000082a00000, 0x0000000082a00000, 0x0000000082b00000|  0%| F|  |TAMS 0x0000000082a00000, 0x0000000082a00000| Untracked 
|   7|0x0000000082b00000, 0x0000000082b00000, 0x0000000082c00000|  0%| F|  |TAMS 0x0000000082b00000, 0x0000000082b00000| Untracked 
|   8|0x0000000082c00000, 0x0000000082c00000, 0x0000000082d00000|  0%| F|  |TAMS 0x0000000082c00000, 0x0000000082c00000| Untracked 
|   9|0x0000000082d00000, 0x0000000082d00000, 0x0000000082e00000|  0%| F|  |TAMS 0x0000000082d00000, 0x0000000082d00000| Untracked 
|  10|0x0000000082e00000, 0x0000000082e00000, 0x0000000082f00000|  0%| F|  |TAMS 0x0000000082e00000, 0x0000000082e00000| Untracked 
|  11|0x0000000082f00000, 0x0000000082f00000, 0x0000000083000000|  0%| F|  |TAMS 0x0000000082f00000, 0x0000000082f00000| Untracked 
|  12|0x0000000083000000, 0x0000000083000000, 0x0000000083100000|  0%| F|  |TAMS 0x0000000083000000, 0x0000000083000000| Untracked 
|  13|0x0000000083100000, 0x0000000083100000, 0x0000000083200000|  0%| F|  |TAMS 0x0000000083100000, 0x0000000083100000| Untracked 
|  14|0x0000000083200000, 0x0000000083200000, 0x0000000083300000|  0%| F|  |TAMS 0x0000000083200000, 0x0000000083200000| Untracked 
|  15|0x0000000083300000, 0x0000000083300000, 0x0000000083400000|  0%| F|  |TAMS 0x0000000083300000, 0x0000000083300000| Untracked 
|  16|0x0000000083400000, 0x0000000083400000, 0x0000000083500000|  0%| F|  |TAMS 0x0000000083400000, 0x0000000083400000| Untracked 
|  17|0x0000000083500000, 0x0000000083500000, 0x0000000083600000|  0%| F|  |TAMS 0x0000000083500000, 0x0000000083500000| Untracked 
|  18|0x0000000083600000, 0x0000000083600000, 0x0000000083700000|  0%| F|  |TAMS 0x0000000083600000, 0x0000000083600000| Untracked 
|  19|0x0000000083700000, 0x0000000083700000, 0x0000000083800000|  0%| F|  |TAMS 0x0000000083700000, 0x0000000083700000| Untracked 
|  20|0x0000000083800000, 0x0000000083800000, 0x0000000083900000|  0%| F|  |TAMS 0x0000000083800000, 0x0000000083800000| Untracked 
|  21|0x0000000083900000, 0x0000000083900000, 0x0000000083a00000|  0%| F|  |TAMS 0x0000000083900000, 0x0000000083900000| Untracked 
|  22|0x0000000083a00000, 0x0000000083a00000, 0x0000000083b00000|  0%| F|  |TAMS 0x0000000083a00000, 0x0000000083a00000| Untracked 
|  23|0x0000000083b00000, 0x0000000083b00000, 0x0000000083c00000|  0%| F|  |TAMS 0x0000000083b00000, 0x0000000083b00000| Untracked 
|  24|0x0000000083c00000, 0x0000000083c00000, 0x0000000083d00000|  0%| F|  |TAMS 0x0000000083c00000, 0x0000000083c00000| Untracked 
|  25|0x0000000083d00000, 0x0000000083d00000, 0x0000000083e00000|  0%| F|  |TAMS 0x0000000083d00000, 0x0000000083d00000| Untracked 
|  26|0x0000000083e00000, 0x0000000083e00000, 0x0000000083f00000|  0%| F|  |TAMS 0x0000000083e00000, 0x0000000083e00000| Untracked 
|  27|0x0000000083f00000, 0x0000000083f00000, 0x0000000084000000|  0%| F|  |TAMS 0x0000000083f00000, 0x0000000083f00000| Untracked 
|  28|0x0000000084000000, 0x0000000084000000, 0x0000000084100000|  0%| F|  |TAMS 0x0000000084000000, 0x0000000084000000| Untracked 
|  29|0x0000000084100000, 0x0000000084100000, 0x0000000084200000|  0%| F|  |TAMS 0x0000000084100000, 0x0000000084100000| Untracked 
|  30|0x0000000084200000, 0x0000000084200000, 0x0000000084300000|  0%| F|  |TAMS 0x0000000084200000, 0x0000000084200000| Untracked 
|  31|0x0000000084300000, 0x0000000084300000, 0x0000000084400000|  0%| F|  |TAMS 0x0000000084300000, 0x0000000084300000| Untracked 
|  32|0x0000000084400000, 0x0000000084400000, 0x0000000084500000|  0%| F|  |TAMS 0x0000000084400000, 0x0000000084400000| Untracked 
|  33|0x0000000084500000, 0x0000000084500000, 0x0000000084600000|  0%| F|  |TAMS 0x0000000084500000, 0x0000000084500000| Untracked 
|  34|0x0000000084600000, 0x0000000084600000, 0x0000000084700000|  0%| F|  |TAMS 0x0000000084600000, 0x0000000084600000| Untracked 
|  35|0x0000000084700000, 0x0000000084700000, 0x0000000084800000|  0%| F|  |TAMS 0x0000000084700000, 0x0000000084700000| Untracked 
|  36|0x0000000084800000, 0x0000000084800000, 0x0000000084900000|  0%| F|  |TAMS 0x0000000084800000, 0x0000000084800000| Untracked 
|  37|0x0000000084900000, 0x0000000084900000, 0x0000000084a00000|  0%| F|  |TAMS 0x0000000084900000, 0x0000000084900000| Untracked 
|  38|0x0000000084a00000, 0x0000000084a00000, 0x0000000084b00000|  0%| F|  |TAMS 0x0000000084a00000, 0x0000000084a00000| Untracked 
|  39|0x0000000084b00000, 0x0000000084b00000, 0x0000000084c00000|  0%| F|  |TAMS 0x0000000084b00000, 0x0000000084b00000| Untracked 
|  40|0x0000000084c00000, 0x0000000084c00000, 0x0000000084d00000|  0%| F|  |TAMS 0x0000000084c00000, 0x0000000084c00000| Untracked 
|  41|0x0000000084d00000, 0x0000000084d00000, 0x0000000084e00000|  0%| F|  |TAMS 0x0000000084d00000, 0x0000000084d00000| Untracked 
|  42|0x0000000084e00000, 0x0000000084e00000, 0x0000000084f00000|  0%| F|  |TAMS 0x0000000084e00000, 0x0000000084e00000| Untracked 
|  43|0x0000000084f00000, 0x0000000084f00000, 0x0000000085000000|  0%| F|  |TAMS 0x0000000084f00000, 0x0000000084f00000| Untracked 
|  44|0x0000000085000000, 0x0000000085000000, 0x0000000085100000|  0%| F|  |TAMS 0x0000000085000000, 0x0000000085000000| Untracked 
|  45|0x0000000085100000, 0x0000000085100000, 0x0000000085200000|  0%| F|  |TAMS 0x0000000085100000, 0x0000000085100000| Untracked 
|  46|0x0000000085200000, 0x0000000085200000, 0x0000000085300000|  0%| F|  |TAMS 0x0000000085200000, 0x0000000085200000| Untracked 
|  47|0x0000000085300000, 0x0000000085300000, 0x0000000085400000|  0%| F|  |TAMS 0x0000000085300000, 0x0000000085300000| Untracked 
|  48|0x0000000085400000, 0x0000000085400000, 0x0000000085500000|  0%| F|  |TAMS 0x0000000085400000, 0x0000000085400000| Untracked 
|  49|0x0000000085500000, 0x0000000085500000, 0x0000000085600000|  0%| F|  |TAMS 0x0000000085500000, 0x0000000085500000| Untracked 
|  50|0x0000000085600000, 0x0000000085600000, 0x0000000085700000|  0%| F|  |TAMS 0x0000000085600000, 0x0000000085600000| Untracked 
|  51|0x0000000085700000, 0x0000000085700000, 0x0000000085800000|  0%| F|  |TAMS 0x0000000085700000, 0x0000000085700000| Untracked 
|  52|0x0000000085800000, 0x0000000085800000, 0x0000000085900000|  0%| F|  |TAMS 0x0000000085800000, 0x0000000085800000| Untracked 
|  53|0x0000000085900000, 0x0000000085900000, 0x0000000085a00000|  0%| F|  |TAMS 0x0000000085900000, 0x0000000085900000| Untracked 
|  54|0x0000000085a00000, 0x0000000085a00000, 0x0000000085b00000|  0%| F|  |TAMS 0x0000000085a00000, 0x0000000085a00000| Untracked 
|  55|0x0000000085b00000, 0x0000000085b00000, 0x0000000085c00000|  0%| F|  |TAMS 0x0000000085b00000, 0x0000000085b00000| Untracked 
|  56|0x0000000085c00000, 0x0000000085c00000, 0x0000000085d00000|  0%| F|  |TAMS 0x0000000085c00000, 0x0000000085c00000| Untracked 
|  57|0x0000000085d00000, 0x0000000085d00000, 0x0000000085e00000|  0%| F|  |TAMS 0x0000000085d00000, 0x0000000085d00000| Untracked 
|  58|0x0000000085e00000, 0x0000000085e00000, 0x0000000085f00000|  0%| F|  |TAMS 0x0000000085e00000, 0x0000000085e00000| Untracked 
|  59|0x0000000085f00000, 0x0000000085f00000, 0x0000000086000000|  0%| F|  |TAMS 0x0000000085f00000, 0x0000000085f00000| Untracked 
|  60|0x0000000086000000, 0x0000000086000000, 0x0000000086100000|  0%| F|  |TAMS 0x0000000086000000, 0x0000000086000000| Untracked 
|  61|0x0000000086100000, 0x0000000086100000, 0x0000000086200000|  0%| F|  |TAMS 0x0000000086100000, 0x0000000086100000| Untracked 
|  62|0x0000000086200000, 0x0000000086200000, 0x0000000086300000|  0%| F|  |TAMS 0x0000000086200000, 0x0000000086200000| Untracked 
|  63|0x0000000086300000, 0x0000000086300000, 0x0000000086400000|  0%| F|  |TAMS 0x0000000086300000, 0x0000000086300000| Untracked 
|  64|0x0000000086400000, 0x0000000086400000, 0x0000000086500000|  0%| F|  |TAMS 0x0000000086400000, 0x0000000086400000| Untracked 
|  65|0x0000000086500000, 0x0000000086500000, 0x0000000086600000|  0%| F|  |TAMS 0x0000000086500000, 0x0000000086500000| Untracked 
|  66|0x0000000086600000, 0x0000000086600000, 0x0000000086700000|  0%| F|  |TAMS 0x0000000086600000, 0x0000000086600000| Untracked 
|  67|0x0000000086700000, 0x0000000086700000, 0x0000000086800000|  0%| F|  |TAMS 0x0000000086700000, 0x0000000086700000| Untracked 
|  68|0x0000000086800000, 0x0000000086800000, 0x0000000086900000|  0%| F|  |TAMS 0x0000000086800000, 0x0000000086800000| Untracked 
|  69|0x0000000086900000, 0x0000000086900000, 0x0000000086a00000|  0%| F|  |TAMS 0x0000000086900000, 0x0000000086900000| Untracked 
|  70|0x0000000086a00000, 0x0000000086a00000, 0x0000000086b00000|  0%| F|  |TAMS 0x0000000086a00000, 0x0000000086a00000| Untracked 
|  71|0x0000000086b00000, 0x0000000086b00000, 0x0000000086c00000|  0%| F|  |TAMS 0x0000000086b00000, 0x0000000086b00000| Untracked 
|  72|0x0000000086c00000, 0x0000000086c00000, 0x0000000086d00000|  0%| F|  |TAMS 0x0000000086c00000, 0x0000000086c00000| Untracked 
|  73|0x0000000086d00000, 0x0000000086d00000, 0x0000000086e00000|  0%| F|  |TAMS 0x0000000086d00000, 0x0000000086d00000| Untracked 
|  74|0x0000000086e00000, 0x0000000086e00000, 0x0000000086f00000|  0%| F|  |TAMS 0x0000000086e00000, 0x0000000086e00000| Untracked 
|  75|0x0000000086f00000, 0x0000000086f00000, 0x0000000087000000|  0%| F|  |TAMS 0x0000000086f00000, 0x0000000086f00000| Untracked 
|  76|0x0000000087000000, 0x0000000087000000, 0x0000000087100000|  0%| F|  |TAMS 0x0000000087000000, 0x0000000087000000| Untracked 
|  77|0x0000000087100000, 0x0000000087100000, 0x0000000087200000|  0%| F|  |TAMS 0x0000000087100000, 0x0000000087100000| Untracked 
|  78|0x0000000087200000, 0x0000000087200000, 0x0000000087300000|  0%| F|  |TAMS 0x0000000087200000, 0x0000000087200000| Untracked 
|  79|0x0000000087300000, 0x0000000087300000, 0x0000000087400000|  0%| F|  |TAMS 0x0000000087300000, 0x0000000087300000| Untracked 
|  80|0x0000000087400000, 0x0000000087400000, 0x0000000087500000|  0%| F|  |TAMS 0x0000000087400000, 0x0000000087400000| Untracked 
|  81|0x0000000087500000, 0x0000000087500000, 0x0000000087600000|  0%| F|  |TAMS 0x0000000087500000, 0x0000000087500000| Untracked 
|  82|0x0000000087600000, 0x0000000087600000, 0x0000000087700000|  0%| F|  |TAMS 0x0000000087600000, 0x0000000087600000| Untracked 
|  83|0x0000000087700000, 0x0000000087700000, 0x0000000087800000|  0%| F|  |TAMS 0x0000000087700000, 0x0000000087700000| Untracked 
|  84|0x0000000087800000, 0x0000000087800000, 0x0000000087900000|  0%| F|  |TAMS 0x0000000087800000, 0x0000000087800000| Untracked 
|  85|0x0000000087900000, 0x0000000087900000, 0x0000000087a00000|  0%| F|  |TAMS 0x0000000087900000, 0x0000000087900000| Untracked 
|  86|0x0000000087a00000, 0x0000000087a00000, 0x0000000087b00000|  0%| F|  |TAMS 0x0000000087a00000, 0x0000000087a00000| Untracked 
|  87|0x0000000087b00000, 0x0000000087b00000, 0x0000000087c00000|  0%| F|  |TAMS 0x0000000087b00000, 0x0000000087b00000| Untracked 
|  88|0x0000000087c00000, 0x0000000087c00000, 0x0000000087d00000|  0%| F|  |TAMS 0x0000000087c00000, 0x0000000087c00000| Untracked 
|  89|0x0000000087d00000, 0x0000000087d00000, 0x0000000087e00000|  0%| F|  |TAMS 0x0000000087d00000, 0x0000000087d00000| Untracked 
|  90|0x0000000087e00000, 0x0000000087e00000, 0x0000000087f00000|  0%| F|  |TAMS 0x0000000087e00000, 0x0000000087e00000| Untracked 
|  91|0x0000000087f00000, 0x0000000087f00000, 0x0000000088000000|  0%| F|  |TAMS 0x0000000087f00000, 0x0000000087f00000| Untracked 
|  92|0x0000000088000000, 0x0000000088000000, 0x0000000088100000|  0%| F|  |TAMS 0x0000000088000000, 0x0000000088000000| Untracked 
|  93|0x0000000088100000, 0x0000000088100000, 0x0000000088200000|  0%| F|  |TAMS 0x0000000088100000, 0x0000000088100000| Untracked 
|  94|0x0000000088200000, 0x0000000088200000, 0x0000000088300000|  0%| F|  |TAMS 0x0000000088200000, 0x0000000088200000| Untracked 
|  95|0x0000000088300000, 0x0000000088300000, 0x0000000088400000|  0%| F|  |TAMS 0x0000000088300000, 0x0000000088300000| Untracked 
|  96|0x0000000088400000, 0x0000000088400000, 0x0000000088500000|  0%| F|  |TAMS 0x0000000088400000, 0x0000000088400000| Untracked 
|  97|0x0000000088500000, 0x0000000088500000, 0x0000000088600000|  0%| F|  |TAMS 0x0000000088500000, 0x0000000088500000| Untracked 
|  98|0x0000000088600000, 0x0000000088600000, 0x0000000088700000|  0%| F|  |TAMS 0x0000000088600000, 0x0000000088600000| Untracked 
|  99|0x0000000088700000, 0x0000000088700000, 0x0000000088800000|  0%| F|  |TAMS 0x0000000088700000, 0x0000000088700000| Untracked 
| 100|0x0000000088800000, 0x0000000088800000, 0x0000000088900000|  0%| F|  |TAMS 0x0000000088800000, 0x0000000088800000| Untracked 
| 101|0x0000000088900000, 0x0000000088900000, 0x0000000088a00000|  0%| F|  |TAMS 0x0000000088900000, 0x0000000088900000| Untracked 
| 102|0x0000000088a00000, 0x0000000088a00000, 0x0000000088b00000|  0%| F|  |TAMS 0x0000000088a00000, 0x0000000088a00000| Untracked 
| 103|0x0000000088b00000, 0x0000000088b00000, 0x0000000088c00000|  0%| F|  |TAMS 0x0000000088b00000, 0x0000000088b00000| Untracked 
| 104|0x0000000088c00000, 0x0000000088c00000, 0x0000000088d00000|  0%| F|  |TAMS 0x0000000088c00000, 0x0000000088c00000| Untracked 
| 105|0x0000000088d00000, 0x0000000088d00000, 0x0000000088e00000|  0%| F|  |TAMS 0x0000000088d00000, 0x0000000088d00000| Untracked 
| 106|0x0000000088e00000, 0x0000000088e00000, 0x0000000088f00000|  0%| F|  |TAMS 0x0000000088e00000, 0x0000000088e00000| Untracked 
| 107|0x0000000088f00000, 0x0000000088f00000, 0x0000000089000000|  0%| F|  |TAMS 0x0000000088f00000, 0x0000000088f00000| Untracked 
| 108|0x0000000089000000, 0x0000000089000000, 0x0000000089100000|  0%| F|  |TAMS 0x0000000089000000, 0x0000000089000000| Untracked 
| 109|0x0000000089100000, 0x0000000089100000, 0x0000000089200000|  0%| F|  |TAMS 0x0000000089100000, 0x0000000089100000| Untracked 
| 110|0x0000000089200000, 0x0000000089200000, 0x0000000089300000|  0%| F|  |TAMS 0x0000000089200000, 0x0000000089200000| Untracked 
| 111|0x0000000089300000, 0x0000000089300000, 0x0000000089400000|  0%| F|  |TAMS 0x0000000089300000, 0x0000000089300000| Untracked 
| 112|0x0000000089400000, 0x0000000089400000, 0x0000000089500000|  0%| F|  |TAMS 0x0000000089400000, 0x0000000089400000| Untracked 
| 113|0x0000000089500000, 0x0000000089500000, 0x0000000089600000|  0%| F|  |TAMS 0x0000000089500000, 0x0000000089500000| Untracked 
| 114|0x0000000089600000, 0x0000000089600000, 0x0000000089700000|  0%| F|  |TAMS 0x0000000089600000, 0x0000000089600000| Untracked 
| 115|0x0000000089700000, 0x0000000089700000, 0x0000000089800000|  0%| F|  |TAMS 0x0000000089700000, 0x0000000089700000| Untracked 
| 116|0x0000000089800000, 0x0000000089800000, 0x0000000089900000|  0%| F|  |TAMS 0x0000000089800000, 0x0000000089800000| Untracked 
| 117|0x0000000089900000, 0x0000000089900000, 0x0000000089a00000|  0%| F|  |TAMS 0x0000000089900000, 0x0000000089900000| Untracked 
| 118|0x0000000089a00000, 0x0000000089a00000, 0x0000000089b00000|  0%| F|  |TAMS 0x0000000089a00000, 0x0000000089a00000| Untracked 
| 119|0x0000000089b00000, 0x0000000089b00000, 0x0000000089c00000|  0%| F|  |TAMS 0x0000000089b00000, 0x0000000089b00000| Untracked 
| 120|0x0000000089c00000, 0x0000000089cecfc0, 0x0000000089d00000| 92%| E|  |TAMS 0x0000000089c00000, 0x0000000089c00000| Complete 
| 121|0x0000000089d00000, 0x0000000089e00000, 0x0000000089e00000|100%| E|CS|TAMS 0x0000000089d00000, 0x0000000089d00000| Complete 
| 122|0x0000000089e00000, 0x0000000089f00000, 0x0000000089f00000|100%| E|CS|TAMS 0x0000000089e00000, 0x0000000089e00000| Complete 
| 123|0x0000000089f00000, 0x000000008a000000, 0x000000008a000000|100%| E|CS|TAMS 0x0000000089f00000, 0x0000000089f00000| Complete 
| 124|0x000000008a000000, 0x000000008a100000, 0x000000008a100000|100%| E|CS|TAMS 0x000000008a000000, 0x000000008a000000| Complete 
| 125|0x000000008a100000, 0x000000008a200000, 0x000000008a200000|100%| E|CS|TAMS 0x000000008a100000, 0x000000008a100000| Complete 

Card table byte_map: [0x00000186caa20000,0x00000186cae10000] _byte_map_base: 0x00000186ca60e000

Marking Bits (Prev, Next): (CMBitMap*) 0x00000186b31dba00, (CMBitMap*) 0x00000186b31dba40
 Prev Bits: [0x00000186cb200000, 0x00000186cd170000)
 Next Bits: [0x00000186cd170000, 0x00000186cf0e0000)

Polling page: 0x00000186b1110000

Metaspace:

Usage:
  Non-class:      2.11 MB used.
      Class:    221.80 KB used.
       Both:      2.33 MB used.

Virtual space:
  Non-class space:       64.00 MB reserved,       2.12 MB (  3%) committed,  1 nodes.
      Class space:        1.00 GB reserved,     256.00 KB ( <1%) committed,  1 nodes.
             Both:        1.06 GB reserved,       2.38 MB ( <1%) committed. 

Chunk freelists:
   Non-Class:  3.05 MB
       Class:  3.62 MB
        Both:  6.67 MB

MaxMetaspaceSize: unlimited
CompressedClassSpaceSize: 1.00 GB
Initial GC threshold: 21.00 MB
Current GC threshold: 21.00 MB
CDS: on
MetaspaceReclaimPolicy: balanced
 - commit_granule_bytes: 65536.
 - commit_granule_words: 8192.
 - virtual_space_node_default_size: 8388608.
 - enlarge_chunks_in_place: 1.
 - new_chunks_are_fully_committed: 0.
 - uncommit_free_chunks: 1.
 - use_allocation_guard: 0.


Internal statistics:

num_allocs_failed_limit: 0.
num_arena_births: 16.
num_arena_deaths: 0.
num_vsnodes_births: 2.
num_vsnodes_deaths: 0.
num_space_committed: 38.
num_space_uncommitted: 0.
num_chunks_returned_to_freelist: 0.
num_chunks_taken_from_freelist: 64.
num_chunk_merges: 0.
num_chunk_splits: 48.
num_chunks_enlarged: 43.
num_inconsistent_stats: 0.

CodeHeap 'non-profiled nmethods': size=120000Kb used=124Kb max_used=124Kb free=119875Kb
 bounds [0x00000186c2bb0000, 0x00000186c2e20000, 0x00000186ca0e0000]
CodeHeap 'profiled nmethods': size=120000Kb used=644Kb max_used=644Kb free=119355Kb
 bounds [0x00000186bb0e0000, 0x00000186bb350000, 0x00000186c2610000]
CodeHeap 'non-nmethods': size=5760Kb used=1218Kb max_used=1234Kb free=4542Kb
 bounds [0x00000186c2610000, 0x00000186c2880000, 0x00000186c2bb0000]
 total_blobs=853 nmethods=433 adapters=331
 compilation: enabled
              stopped_count=0, restarted_count=0
 full_count=0

Compilation events (20 events):
Event: 0.220 Thread 0x00000186d1d6d7d0 nmethod 424 0x00000186bb17c210 code [0x00000186bb17c440, 0x00000186bb17cbe8]
Event: 0.220 Thread 0x00000186d1d6d7d0  429       3       jdk.internal.org.objectweb.asm.Frame::push (59 bytes)
Event: 0.220 Thread 0x00000186d1d60210 nmethod 401 0x00000186c2bce490 code [0x00000186c2bce640, 0x00000186c2bcec08]
Event: 0.220 Thread 0x00000186d1d6d7d0 nmethod 429 0x00000186bb17cf10 code [0x00000186bb17d140, 0x00000186bb17d918]
Event: 0.220 Thread 0x00000186d1d6d7d0  427       3       jdk.internal.org.objectweb.asm.MethodWriter::visitLabel (330 bytes)
Event: 0.221 Thread 0x00000186d1d6d7d0 nmethod 427 0x00000186bb17dc90 code [0x00000186bb17df20, 0x00000186bb17ec88]
Event: 0.221 Thread 0x00000186d1d6d7d0  425       3       jdk.internal.org.objectweb.asm.SymbolTable::addConstantMethodref (24 bytes)
Event: 0.221 Thread 0x00000186d1d6d7d0 nmethod 425 0x00000186bb17ef10 code [0x00000186bb17f0c0, 0x00000186bb17f268]
Event: 0.221 Thread 0x00000186d1d6d7d0  426       3       jdk.internal.org.objectweb.asm.Frame::getLocal (46 bytes)
Event: 0.221 Thread 0x00000186d1d6d7d0 nmethod 426 0x00000186bb17f310 code [0x00000186bb17f4c0, 0x00000186bb17f6f8]
Event: 0.221 Thread 0x00000186d1d6d7d0  423       3       jdk.internal.org.objectweb.asm.ByteVector::<init> (13 bytes)
Event: 0.221 Thread 0x00000186d1d6d7d0 nmethod 423 0x00000186bb17f810 code [0x00000186bb17f9c0, 0x00000186bb17fc38]
Event: 0.221 Thread 0x00000186d1d6d7d0  430       1       jdk.internal.org.objectweb.asm.MethodWriter::hasAsmInstructions (5 bytes)
Event: 0.221 Thread 0x00000186d1d6d7d0 nmethod 430 0x00000186c2bcef10 code [0x00000186c2bcf0a0, 0x00000186c2bcf178]
Event: 0.224 Thread 0x00000186d1d6d7d0  431       3       java.lang.StringLatin1::regionMatchesCI (82 bytes)
Event: 0.224 Thread 0x00000186d1d6d7d0 nmethod 431 0x00000186bb17fd10 code [0x00000186bb17ff00, 0x00000186bb1802d8]
Event: 0.224 Thread 0x00000186d1d6d7d0  432       3       java.util.jar.JarFile::maybeInstantiateVerifier (42 bytes)
Event: 0.224 Thread 0x00000186d1d6d7d0 nmethod 432 0x00000186bb180510 code [0x00000186bb180700, 0x00000186bb180a78]
Event: 0.225 Thread 0x00000186d1d6d7d0  433       3       sun.net.www.ParseUtil::match (50 bytes)
Event: 0.226 Thread 0x00000186d1d6d7d0 nmethod 433 0x00000186bb180b90 code [0x00000186bb180d40, 0x00000186bb180ff8]

GC Heap History (0 events):
No events

Dll operation events (7 events):
Event: 0.005 Loaded shared library C:\Program Files\java\openjdk-19_windows-x64_bin\jdk-19\bin\java.dll
Event: 0.013 Loaded shared library C:\Program Files\java\openjdk-19_windows-x64_bin\jdk-19\bin\jsvml.dll
Event: 0.045 Loaded shared library C:\Program Files\java\openjdk-19_windows-x64_bin\jdk-19\bin\net.dll
Event: 0.046 Loaded shared library C:\Program Files\java\openjdk-19_windows-x64_bin\jdk-19\bin\nio.dll
Event: 0.059 Loaded shared library C:\Program Files\java\openjdk-19_windows-x64_bin\jdk-19\bin\zip.dll
Event: 0.075 Loaded shared library C:\Program Files\java\openjdk-19_windows-x64_bin\jdk-19\bin\verify.dll
Event: 0.084 Loaded shared library C:\Program Files\java\openjdk-19_windows-x64_bin\jdk-19\bin\jimage.dll

Deoptimization events (20 events):
Event: 0.068 Thread 0x00000186b317a740 DEOPT PACKING pc=0x00000186bb0f4c0c sp=0x00000044e8dfd9f0
Event: 0.068 Thread 0x00000186b317a740 DEOPT UNPACKING pc=0x00000186c2677543 sp=0x00000044e8dfce80 mode 0
Event: 0.068 Thread 0x00000186b317a740 DEOPT PACKING pc=0x00000186bb0f4c0c sp=0x00000044e8dfd9f0
Event: 0.068 Thread 0x00000186b317a740 DEOPT UNPACKING pc=0x00000186c2677543 sp=0x00000044e8dfce80 mode 0
Event: 0.068 Thread 0x00000186b317a740 DEOPT PACKING pc=0x00000186bb0f4c0c sp=0x00000044e8dfd9f0
Event: 0.068 Thread 0x00000186b317a740 DEOPT UNPACKING pc=0x00000186c2677543 sp=0x00000044e8dfce80 mode 0
Event: 0.068 Thread 0x00000186b317a740 DEOPT PACKING pc=0x00000186bb0f4c0c sp=0x00000044e8dfd9f0
Event: 0.068 Thread 0x00000186b317a740 DEOPT UNPACKING pc=0x00000186c2677543 sp=0x00000044e8dfce80 mode 0
Event: 0.068 Thread 0x00000186b317a740 DEOPT PACKING pc=0x00000186bb0f4c0c sp=0x00000044e8dfd9f0
Event: 0.068 Thread 0x00000186b317a740 DEOPT UNPACKING pc=0x00000186c2677543 sp=0x00000044e8dfce80 mode 0
Event: 0.069 Thread 0x00000186b317a740 DEOPT PACKING pc=0x00000186bb0f4c0c sp=0x00000044e8dfd9f0
Event: 0.069 Thread 0x00000186b317a740 DEOPT UNPACKING pc=0x00000186c2677543 sp=0x00000044e8dfce80 mode 0
Event: 0.069 Thread 0x00000186b317a740 DEOPT PACKING pc=0x00000186bb0f4c0c sp=0x00000044e8dfd9f0
Event: 0.069 Thread 0x00000186b317a740 DEOPT UNPACKING pc=0x00000186c2677543 sp=0x00000044e8dfce80 mode 0
Event: 0.069 Thread 0x00000186b317a740 DEOPT PACKING pc=0x00000186bb0f4c0c sp=0x00000044e8dfd9f0
Event: 0.069 Thread 0x00000186b317a740 DEOPT UNPACKING pc=0x00000186c2677543 sp=0x00000044e8dfce80 mode 0
Event: 0.202 Thread 0x00000186b317a740 DEOPT PACKING pc=0x00000186bb101ee7 sp=0x00000044e8dfdf20
Event: 0.202 Thread 0x00000186b317a740 DEOPT UNPACKING pc=0x00000186c2677543 sp=0x00000044e8dfd340 mode 0
Event: 0.211 Thread 0x00000186b317a740 DEOPT PACKING pc=0x00000186bb0f3dd1 sp=0x00000044e8dfe220
Event: 0.211 Thread 0x00000186b317a740 DEOPT UNPACKING pc=0x00000186c2677543 sp=0x00000044e8dfd698 mode 0

Classes loaded (20 events):
Event: 0.219 Loading class java/lang/reflect/ParameterizedType done
Event: 0.219 Loading class sun/reflect/generics/reflectiveObjects/ParameterizedTypeImpl done
Event: 0.220 Loading class sun/reflect/generics/repository/ClassRepository
Event: 0.220 Loading class sun/reflect/generics/repository/GenericDeclRepository
Event: 0.220 Loading class sun/reflect/generics/repository/GenericDeclRepository done
Event: 0.220 Loading class sun/reflect/generics/repository/ClassRepository done
Event: 0.220 Loading class java/lang/reflect/TypeVariable
Event: 0.220 Loading class java/lang/reflect/TypeVariable done
Event: 0.220 Loading class sun/reflect/generics/tree/FormalTypeParameter
Event: 0.220 Loading class sun/reflect/generics/tree/FormalTypeParameter done
Event: 0.220 Loading class sun/reflect/generics/tree/ClassSignature
Event: 0.220 Loading class sun/reflect/generics/tree/Signature
Event: 0.220 Loading class sun/reflect/generics/tree/Signature done
Event: 0.220 Loading class sun/reflect/generics/tree/ClassSignature done
Event: 0.220 Loading class sun/reflect/generics/tree/TypeVariableSignature
Event: 0.220 Loading class sun/reflect/generics/tree/TypeVariableSignature done
Event: 0.220 Loading class sun/reflect/generics/reflectiveObjects/TypeVariableImpl
Event: 0.220 Loading class sun/reflect/generics/reflectiveObjects/LazyReflectiveObjectGenerator
Event: 0.220 Loading class sun/reflect/generics/reflectiveObjects/LazyReflectiveObjectGenerator done
Event: 0.220 Loading class sun/reflect/generics/reflectiveObjects/TypeVariableImpl done

Classes unloaded (0 events):
No events

Classes redefined (0 events):
No events

Internal exceptions (1 events):
Event: 0.094 Thread 0x00000186b317a740 Exception <a 'java/lang/NoClassDefFoundError'{0x0000000089f3fbb8}: org/apache/log4j/Priority> (0x0000000089f3fbb8) 
thrown [s\open\src\hotspot\share\classfile\systemDictionary.cpp, line 244]

VM Operations (2 events):
Event: 0.061 Executing VM operation: HandshakeAllThreads
Event: 0.061 Executing VM operation: HandshakeAllThreads done

Events (13 events):
Event: 0.013 Thread 0x00000186b317a740 Thread added: 0x00000186b317a740
Event: 0.026 Thread 0x00000186d1d54bf0 Thread added: 0x00000186d1d54bf0
Event: 0.026 Thread 0x00000186d1d56730 Thread added: 0x00000186d1d56730
Event: 0.026 Thread 0x00000186d1d57d40 Thread added: 0x00000186d1d57d40
Event: 0.026 Thread 0x00000186d1d5a680 Thread added: 0x00000186d1d5a680
Event: 0.026 Thread 0x00000186d1d5afb0 Thread added: 0x00000186d1d5afb0
Event: 0.026 Thread 0x00000186d1d5bf70 Thread added: 0x00000186d1d5bf70
Event: 0.027 Thread 0x00000186d1d60210 Thread added: 0x00000186d1d60210
Event: 0.027 Thread 0x00000186d1d6d7d0 Thread added: 0x00000186d1d6d7d0
Event: 0.027 Thread 0x00000186d1d75d40 Thread added: 0x00000186d1d75d40
Event: 0.040 Thread 0x00000186d6124fd0 Thread added: 0x00000186d6124fd0
Event: 0.041 Thread 0x00000186d612a1f0 Thread added: 0x00000186d612a1f0
Event: 0.057 Thread 0x00000186d617f030 Thread added: 0x00000186d617f030


Dynamic libraries:
0x00007ff7850a0000 - 0x00007ff7850ae000 	C:\Program Files\java\openjdk-19_windows-x64_bin\jdk-19\bin\java.exe
0x00007ffefba30000 - 0x00007ffefbc28000 	C:\Windows\SYSTEM32\ntdll.dll
0x00007ffefac60000 - 0x00007ffefad1f000 	C:\Windows\System32\KERNEL32.DLL
0x00007ffef95b0000 - 0x00007ffef9882000 	C:\Windows\System32\KERNELBASE.dll
0x00007ffef94b0000 - 0x00007ffef95b0000 	C:\Windows\System32\ucrtbase.dll
0x00007ffee9030000 - 0x00007ffee904b000 	C:\Program Files\java\openjdk-19_windows-x64_bin\jdk-19\bin\VCRUNTIME140.dll
0x00007ffee9110000 - 0x00007ffee9127000 	C:\Program Files\java\openjdk-19_windows-x64_bin\jdk-19\bin\jli.dll
0x00007ffef9a80000 - 0x00007ffef9c1d000 	C:\Windows\System32\USER32.dll
0x00007ffee0a70000 - 0x00007ffee0d0a000 	C:\Windows\WinSxS\amd64_microsoft.windows.common-controls_6595b64144ccf1df_6.0.19041.1110_none_60b5254171f9507e\COMCTL32.dll
0x00007ffef9200000 - 0x00007ffef9222000 	C:\Windows\System32\win32u.dll
0x00007ffefadd0000 - 0x00007ffefadfb000 	C:\Windows\System32\GDI32.dll
0x00007ffefaf20000 - 0x00007ffefafbe000 	C:\Windows\System32\msvcrt.dll
0x00007ffef9970000 - 0x00007ffef9a7f000 	C:\Windows\System32\gdi32full.dll
0x00007ffef9160000 - 0x00007ffef91fd000 	C:\Windows\System32\msvcp_win.dll
0x00007ffefaee0000 - 0x00007ffefaf12000 	C:\Windows\System32\IMM32.DLL
0x00007ffef4c90000 - 0x00007ffef4c9c000 	C:\Program Files\java\openjdk-19_windows-x64_bin\jdk-19\bin\vcruntime140_1.dll
0x00007ffee3870000 - 0x00007ffee38fe000 	C:\Program Files\java\openjdk-19_windows-x64_bin\jdk-19\bin\msvcp140.dll
0x00007ffe967d0000 - 0x00007ffe97490000 	C:\Program Files\java\openjdk-19_windows-x64_bin\jdk-19\bin\server\jvm.dll
0x00007ffefb940000 - 0x00007ffefb9ee000 	C:\Windows\System32\ADVAPI32.dll
0x00007ffefb0f0000 - 0x00007ffefb18c000 	C:\Windows\System32\sechost.dll
0x00007ffefa1f0000 - 0x00007ffefa315000 	C:\Windows\System32\RPCRT4.dll
0x00007ffedc610000 - 0x00007ffedc619000 	C:\Windows\SYSTEM32\WSOCK32.dll
0x00007ffee58a0000 - 0x00007ffee58c7000 	C:\Windows\SYSTEM32\WINMM.dll
0x00007ffefb720000 - 0x00007ffefb78b000 	C:\Windows\System32\WS2_32.dll
0x00007ffef3b40000 - 0x00007ffef3b4a000 	C:\Windows\SYSTEM32\VERSION.dll
0x00007ffef6ff0000 - 0x00007ffef7002000 	C:\Windows\SYSTEM32\kernel.appcore.dll
0x00007ffeed6b0000 - 0x00007ffeed6ba000 	C:\Program Files\java\openjdk-19_windows-x64_bin\jdk-19\bin\jimage.dll
0x00007ffee11b0000 - 0x00007ffee1394000 	C:\Windows\SYSTEM32\DBGHELP.DLL
0x00007ffeddbc0000 - 0x00007ffeddbec000 	C:\Windows\SYSTEM32\dbgcore.DLL
0x00007ffef98e0000 - 0x00007ffef9962000 	C:\Windows\System32\bcryptPrimitives.dll
0x00007ffee6d90000 - 0x00007ffee6db6000 	C:\Program Files\java\openjdk-19_windows-x64_bin\jdk-19\bin\java.dll
0x00007ffec8080000 - 0x00007ffec8157000 	C:\Program Files\java\openjdk-19_windows-x64_bin\jdk-19\bin\jsvml.dll
0x00007ffefa3b0000 - 0x00007ffefaaf3000 	C:\Windows\System32\SHELL32.dll
0x00007ffef71f0000 - 0x00007ffef7982000 	C:\Windows\SYSTEM32\windows.storage.dll
0x00007ffef9e20000 - 0x00007ffefa174000 	C:\Windows\System32\combase.dll
0x00007ffef8b90000 - 0x00007ffef8bc0000 	C:\Windows\SYSTEM32\Wldp.dll
0x00007ffef9c40000 - 0x00007ffef9ced000 	C:\Windows\System32\SHCORE.dll
0x00007ffefab00000 - 0x00007ffefab55000 	C:\Windows\System32\shlwapi.dll
0x00007ffef9070000 - 0x00007ffef908f000 	C:\Windows\SYSTEM32\profapi.dll
0x00007ffee6d30000 - 0x00007ffee6d43000 	C:\Program Files\java\openjdk-19_windows-x64_bin\jdk-19\bin\net.dll
0x00007ffef2640000 - 0x00007ffef274c000 	C:\Windows\SYSTEM32\WINHTTP.dll
0x00007ffef88f0000 - 0x00007ffef895a000 	C:\Windows\system32\mswsock.dll
0x00007ffee6c90000 - 0x00007ffee6ca6000 	C:\Program Files\java\openjdk-19_windows-x64_bin\jdk-19\bin\nio.dll
0x00007ffee6c00000 - 0x00007ffee6c18000 	C:\Program Files\java\openjdk-19_windows-x64_bin\jdk-19\bin\zip.dll
0x00007ffee9bb0000 - 0x00007ffee9bc0000 	C:\Program Files\java\openjdk-19_windows-x64_bin\jdk-19\bin\verify.dll

dbghelp: loaded successfully - version: 4.0.5 - missing functions: none
symbol engine: initialized successfully - sym options: 0x614 - pdb path: .;C:\Program Files\java\openjdk-19_windows-x64_bin\jdk-19\bin;C:\Windows\SYSTEM32;C:\Windows\WinSxS\amd64_microsoft.windows.common-controls_6595b64144ccf1df_6.0.19041.1110_none_60b5254171f9507e;C:\Program Files\java\openjdk-19_windows-x64_bin\jdk-19\bin\server

VM Arguments:
java_command: src/checker/checkstyle-8.36.2-all.jar -c src/checker/poo_checks.xml ./
java_class_path (initial): src/checker/checkstyle-8.36.2-all.jar
Launcher Type: SUN_STANDARD

[Global flags]
     intx CICompilerCount                          = 4                                         {product} {ergonomic}
     uint ConcGCThreads                            = 3                                         {product} {ergonomic}
     uint G1ConcRefinementThreads                  = 10                                        {product} {ergonomic}
   size_t G1HeapRegionSize                         = 1048576                                   {product} {ergonomic}
    uintx GCDrainStackTargetSize                   = 64                                        {product} {ergonomic}
   size_t InitialHeapSize                          = 132120576                                 {product} {ergonomic}
   size_t MarkStackSize                            = 4194304                                   {product} {ergonomic}
   size_t MaxHeapSize                              = 2109734912                                {product} {ergonomic}
   size_t MaxNewSize                               = 1265631232                                {product} {ergonomic}
   size_t MinHeapDeltaBytes                        = 1048576                                   {product} {ergonomic}
   size_t MinHeapSize                              = 8388608                                   {product} {ergonomic}
    uintx NonNMethodCodeHeapSize                   = 5839372                                {pd product} {ergonomic}
    uintx NonProfiledCodeHeapSize                  = 122909434                              {pd product} {ergonomic}
    uintx ProfiledCodeHeapSize                     = 122909434                              {pd product} {ergonomic}
    uintx ReservedCodeCacheSize                    = 251658240                              {pd product} {ergonomic}
     bool SegmentedCodeCache                       = true                                      {product} {ergonomic}
   size_t SoftMaxHeapSize                          = 2109734912                             {manageable} {ergonomic}
     bool UseCompressedClassPointers               = true                           {product lp64_product} {ergonomic}
     bool UseCompressedOops                        = true                           {product lp64_product} {ergonomic}
     bool UseG1GC                                  = true                                      {product} {ergonomic}
     bool UseLargePagesIndividualAllocation        = false                                  {pd product} {ergonomic}

Logging:
Log output configuration:
 #0: stdout all=warning uptime,level,tags foldmultilines=false
 #1: stderr all=off uptime,level,tags foldmultilines=false

Environment Variables:
JAVA_HOME=C:\Program Files\java\openjdk-19_windows-x64_bin\jdk-19\
PATH=C:\Program Files (x86)\VMware\VMware Player\bin\;C:\Windows\system32;C:\Windows;C:\Windows\System32\Wbem;C:\Windows\System32\WindowsPowerShell\v1.0\;C:\Windows\System32\OpenSSH\;C:\Program Files (x86)\NVIDIA Corporation\PhysX\Common;C:\Program Files\NVIDIA Corporation\NVIDIA NvDLISR;C:\Program Files\MATLAB\R2022a\bin;C:\Program Files\Intel\WiFi\bin\;C:\Program Files\Common Files\Intel\WirelessCommon\;C:\Program Files\dotnet\;C:\Program Files\java\openjdk-19_windows-x64_bin\jdk-19\bin;C:\Strawberry\c\bin;C:\Strawberry\perl\site\bin;C:\Strawberry\perl\bin;C:\Program Files\Git\cmd;C:\Users\Windows\AppData\Local\Microsoft\WindowsApps;;C:\Users\Windows\AppData\Local\Programs\Microsoft VS Code\bin;C:\Program Files\JetBrains\IntelliJ IDEA 2022.2.3\bin;
USERNAME=Windows
OS=Windows_NT
PROCESSOR_IDENTIFIER=Intel64 Family 6 Model 158 Stepping 10, GenuineIntel
TMP=C:\Users\Windows\AppData\Local\Temp
TEMP=C:\Users\Windows\AppData\Local\Temp



---------------  S Y S T E M  ---------------

OS:
 Windows 10 , 64 bit Build 19041 (10.0.19041.2251)
OS uptime: 4 days 12:57 hours

CPU: total 12 (initial active 12) (6 cores per cpu, 2 threads per core) family 6 model 158 stepping 10 microcode 0xb4, cx8, cmov, fxsr, ht, mmx, 3dnowpref, sse, sse2, sse3, ssse3, sse4.1, sse4.2, popcnt, lzcnt, tsc, tscinvbit, avx, avx2, aes, erms, clmul, bmi1, bmi2, adx, fma, vzeroupper, clflush, clflushopt, rdtscp

Memory: 4k page, system-wide physical 8041M (770M free)
TotalPageFile size 32617M (AvailPageFile size 241M)
current process WorkingSet (physical memory assigned to process): 44M, peak: 44M
current process commit charge ("private bytes"): 217M, peak: 217M

vm_info: OpenJDK 64-Bit Server VM (19+36-2238) for windows-amd64 JRE (19+36-2238), built on 2022-08-12T20:29:01Z by "mach5one" with MS VC++ 17.1 (VS2022)

END.
