#
# There is insufficient memory for the Java Runtime Environment to continue.
# Native memory allocation (malloc) failed to allocate 556176 bytes for Chunk::new
# Possible reasons:
#   The system is out of physical RAM or swap space
#   The process is running with CompressedOops enabled, and the Java Heap may be blocking the growth of the native heap
# Possible solutions:
#   Reduce memory load on the system
#   Increase physical memory or swap space
#   Check if swap backing store is full
#   Decrease Java heap size (-Xmx/-Xms)
#   Decrease number of Java threads
#   Decrease Java thread stack sizes (-Xss)
#   Set larger code cache with -XX:ReservedCodeCacheSize=
#   JVM is running with Unscaled Compressed Oops mode in which the Java heap is
#     placed in the first 4GB address space. The Java Heap base address is the
#     maximum limit for the native heap growth. Please use -XX:HeapBaseMinAddress
#     to set the Java Heap base and to place the Java Heap above 4GB virtual address.
# This output file may be truncated or incomplete.
#
#  Out of Memory Error (arena.cpp:184), pid=20284, tid=1564
#
# JRE version: OpenJDK Runtime Environment (19.0+36) (build 19+36-2238)
# Java VM: OpenJDK 64-Bit Server VM (19+36-2238, mixed mode, sharing, tiered, compressed oops, compressed class ptrs, g1 gc, windows-amd64)
# No core dump will be written. Minidumps are not enabled by default on client versions of Windows
#

---------------  S U M M A R Y ------------

Command Line: -javaagent:C:\Program Files\JetBrains\IntelliJ IDEA 2022.2.3\lib\idea_rt.jar=61848:C:\Program Files\JetBrains\IntelliJ IDEA 2022.2.3\bin -Dfile.encoding=UTF-8 -Dsun.stdout.encoding=UTF-8 -Dsun.stderr.encoding=UTF-8 main.Main

Host: Intel(R) Core(TM) i7-9750H CPU @ 2.60GHz, 12 cores, 7G,  Windows 10 , 64 bit Build 19041 (10.0.19041.2251)
Time: Tue Nov 15 20:35:27 2022 GTB Standard Time elapsed time: 0.806830 seconds (0d 0h 0m 0s)

---------------  T H R E A D  ---------------

Current thread (0x00000221192e92f0):  JavaThread "C2 CompilerThread1" daemon [_thread_in_native, id=1564, stack(0x00000022b5100000,0x00000022b5200000)]


Current CompileTask:
C2:    806 1614       4       com.fasterxml.jackson.core.json.UTF8StreamJsonParser::nextToken (492 bytes)

Stack: [0x00000022b5100000,0x00000022b5200000]
Native frames: (J=compiled Java code, j=interpreted, Vv=VM code, C=native code)
V  [jvm.dll+0x6ee8fa]
V  [jvm.dll+0x857a1e]
V  [jvm.dll+0x85940e]
V  [jvm.dll+0x859ac3]
V  [jvm.dll+0x28291f]
V  [jvm.dll+0xc9b5f]
V  [jvm.dll+0xc9ee5]
V  [jvm.dll+0x3bcb72]
V  [jvm.dll+0x386201]
V  [jvm.dll+0x38567a]
V  [jvm.dll+0x24c2c9]
V  [jvm.dll+0x24b671]
V  [jvm.dll+0x1d6d61]
V  [jvm.dll+0x25b0fa]
V  [jvm.dll+0x259588]
V  [jvm.dll+0x807928]
V  [jvm.dll+0x8015fa]
V  [jvm.dll+0x6ed5eb]
C  [ucrtbase.dll+0x21bb2]
C  [KERNEL32.DLL+0x174b4]
C  [ntdll.dll+0x526a1]


---------------  P R O C E S S  ---------------

Threads class SMR info:
_java_thread_list=0x0000022119cb6e70, length=14, elements={
0x000002217ff22330, 0x000002217ff22d60, 0x000002217ff24290, 0x000002217ff26bd0,
0x000002217ff27500, 0x000002217ff2b5b0, 0x000002217ff2c350, 0x000002217ff37d30,
0x000002217ff3a2c0, 0x00000221190d14a0, 0x000002211920ffd0, 0x00000221191bd0e0,
0x00000221192e92f0, 0x000002217425eb20
}

Java Threads: ( => current thread )
  0x000002217ff22330 JavaThread "Reference Handler" daemon [_thread_blocked, id=8268, stack(0x00000022b4400000,0x00000022b4500000)]
  0x000002217ff22d60 JavaThread "Finalizer" daemon [_thread_blocked, id=5276, stack(0x00000022b4500000,0x00000022b4600000)]
  0x000002217ff24290 JavaThread "Signal Dispatcher" daemon [_thread_blocked, id=20368, stack(0x00000022b4600000,0x00000022b4700000)]
  0x000002217ff26bd0 JavaThread "Attach Listener" daemon [_thread_blocked, id=20608, stack(0x00000022b4700000,0x00000022b4800000)]
  0x000002217ff27500 JavaThread "Service Thread" daemon [_thread_blocked, id=6900, stack(0x00000022b4800000,0x00000022b4900000)]
  0x000002217ff2b5b0 JavaThread "Monitor Deflation Thread" daemon [_thread_blocked, id=12860, stack(0x00000022b4900000,0x00000022b4a00000)]
  0x000002217ff2c350 JavaThread "C2 CompilerThread0" daemon [_thread_in_native, id=12912, stack(0x00000022b4a00000,0x00000022b4b00000)]
  0x000002217ff37d30 JavaThread "C1 CompilerThread0" daemon [_thread_blocked, id=14032, stack(0x00000022b4b00000,0x00000022b4c00000)]
  0x000002217ff3a2c0 JavaThread "Sweeper thread" daemon [_thread_blocked, id=19568, stack(0x00000022b4c00000,0x00000022b4d00000)]
  0x00000221190d14a0 JavaThread "Common-Cleaner" daemon [_thread_blocked, id=1420, stack(0x00000022b4d00000,0x00000022b4e00000)]
  0x000002211920ffd0 JavaThread "Monitor Ctrl-Break" daemon [_thread_in_native, id=21332, stack(0x00000022b4e00000,0x00000022b4f00000)]
  0x00000221191bd0e0 JavaThread "Notification Thread" daemon [_thread_blocked, id=20456, stack(0x00000022b4f00000,0x00000022b5000000)]
=>0x00000221192e92f0 JavaThread "C2 CompilerThread1" daemon [_thread_in_native, id=1564, stack(0x00000022b5100000,0x00000022b5200000)]
  0x000002217425eb20 JavaThread "DestroyJavaVM" [_thread_blocked, id=17432, stack(0x00000022b3d00000,0x00000022b3e00000)]

Other Threads:
  0x000002217ff06e70 VMThread "VM Thread" [stack: 0x00000022b4300000,0x00000022b4400000] [id=10460]
  0x000002217425f880 WatcherThread "VM Periodic Task Thread" [stack: 0x00000022b5000000,0x00000022b5100000] [id=17172]
  0x00000221742bb950 WorkerThread "GC Thread#0" [stack: 0x00000022b3e00000,0x00000022b3f00000] [id=20992]
  0x0000022119498ae0 WorkerThread "GC Thread#1" [stack: 0x00000022b5200000,0x00000022b5300000] [id=11192]
  0x0000022119498270 WorkerThread "GC Thread#2" [stack: 0x00000022b5300000,0x00000022b5400000] [id=20408]
  0x0000022119499080 WorkerThread "GC Thread#3" [stack: 0x00000022b5400000,0x00000022b5500000] [id=19128]
  0x0000022119497cd0 WorkerThread "GC Thread#4" [stack: 0x00000022b5500000,0x00000022b5600000] [id=7400]
  0x0000022119497a00 WorkerThread "GC Thread#5" [stack: 0x00000022b5600000,0x00000022b5700000] [id=17288]
  0x0000022119497fa0 WorkerThread "GC Thread#6" [stack: 0x00000022b5700000,0x00000022b5800000] [id=20816]
  0x00000221742cc2d0 ConcurrentGCThread "G1 Main Marker" [stack: 0x00000022b3f00000,0x00000022b4000000] [id=19928]
  0x00000221742cdd50 WorkerThread "G1 Conc#0" [stack: 0x00000022b4000000,0x00000022b4100000] [id=8412]
  0x000002217432e810 ConcurrentGCThread "G1 Refine#0" [stack: 0x00000022b4100000,0x00000022b4200000] [id=20552]
  0x000002217fdc0590 ConcurrentGCThread "G1 Service" [stack: 0x00000022b4200000,0x00000022b4300000] [id=2712]

Threads with active compile tasks:
C2 CompilerThread0      825 1615       4       com.fasterxml.jackson.core.json.UTF8StreamJsonParser::_skipWSOrEnd (268 bytes)
C2 CompilerThread1      825 1614       4       com.fasterxml.jackson.core.json.UTF8StreamJsonParser::nextToken (492 bytes)

VM state: not at safepoint (normal execution)

VM Mutex/Monitor currently owned by a thread: None

Heap address: 0x0000000082400000, size: 2012 MB, Compressed Oops mode: 32-bit

CDS archive(s) mapped at: [0x0000000800000000-0x0000000800c40000-0x0000000800c40000), size 12845056, SharedBaseAddress: 0x0000000800000000, ArchiveRelocationMode: 0.
Compressed class space mapped at: 0x0000000801000000-0x0000000841000000, reserved size: 1073741824
Narrow klass base: 0x0000000800000000, Narrow klass shift: 0, Narrow klass range: 0x100000000

GC Precious Log:
 CardTable entry size: 512
 Card Set container configuration: InlinePtr #cards 5 size 8 Array Of Cards #cards 12 size 40 Howl #buckets 4 coarsen threshold 1843 Howl Bitmap #cards 512 size 80 coarsen threshold 460 Card regions per heap region 1 cards per card region 2048
 CPUs: 12 total, 12 available
 Memory: 8041M
 Large Page Support: Disabled
 NUMA Support: Disabled
 Compressed Oops: Enabled (32-bit)
 Heap Region Size: 1M
 Heap Min Capacity: 8M
 Heap Initial Capacity: 126M
 Heap Max Capacity: 2012M
 Pre-touch: Disabled
 Parallel Workers: 10
 Concurrent Workers: 3
 Concurrent Refinement Workers: 10
 Periodic GC: Disabled

Heap:
 garbage-first heap   total 129024K, used 5866K [0x0000000082400000, 0x0000000100000000)
  region size 1024K, 7 young (7168K), 3 survivors (3072K)
 Metaspace       used 7095K, committed 7296K, reserved 1114112K
  class space    used 650K, committed 768K, reserved 1048576K

Heap Regions: E=young(eden), S=young(survivor), O=old, HS=humongous(starts), HC=humongous(continues), CS=collection set, F=free, OA=open archive, CA=closed archive, TAMS=top-at-mark-start (previous, next)
|   0|0x0000000082400000, 0x0000000082400000, 0x0000000082500000|  0%| F|  |TAMS 0x0000000082400000, 0x0000000082400000| Untracked 
|   1|0x0000000082500000, 0x0000000082500000, 0x0000000082600000|  0%| F|  |TAMS 0x0000000082500000, 0x0000000082500000| Untracked 
|   2|0x0000000082600000, 0x0000000082600000, 0x0000000082700000|  0%| F|  |TAMS 0x0000000082600000, 0x0000000082600000| Untracked 
|   3|0x0000000082700000, 0x0000000082700000, 0x0000000082800000|  0%| F|  |TAMS 0x0000000082700000, 0x0000000082700000| Untracked 
|   4|0x0000000082800000, 0x0000000082800000, 0x0000000082900000|  0%| F|  |TAMS 0x0000000082800000, 0x0000000082800000| Untracked 
|   5|0x0000000082900000, 0x0000000082900000, 0x0000000082a00000|  0%| F|  |TAMS 0x0000000082900000, 0x0000000082900000| Untracked 
|   6|0x0000000082a00000, 0x0000000082a00000, 0x0000000082b00000|  0%| F|  |TAMS 0x0000000082a00000, 0x0000000082a00000| Untracked 
|   7|0x0000000082b00000, 0x0000000082b00000, 0x0000000082c00000|  0%| F|  |TAMS 0x0000000082b00000, 0x0000000082b00000| Untracked 
|   8|0x0000000082c00000, 0x0000000082c00000, 0x0000000082d00000|  0%| F|  |TAMS 0x0000000082c00000, 0x0000000082c00000| Untracked 
|   9|0x0000000082d00000, 0x0000000082d00000, 0x0000000082e00000|  0%| F|  |TAMS 0x0000000082d00000, 0x0000000082d00000| Untracked 
|  10|0x0000000082e00000, 0x0000000082e00000, 0x0000000082f00000|  0%| F|  |TAMS 0x0000000082e00000, 0x0000000082e00000| Untracked 
|  11|0x0000000082f00000, 0x0000000082f00000, 0x0000000083000000|  0%| F|  |TAMS 0x0000000082f00000, 0x0000000082f00000| Untracked 
|  12|0x0000000083000000, 0x0000000083000000, 0x0000000083100000|  0%| F|  |TAMS 0x0000000083000000, 0x0000000083000000| Untracked 
|  13|0x0000000083100000, 0x0000000083100000, 0x0000000083200000|  0%| F|  |TAMS 0x0000000083100000, 0x0000000083100000| Untracked 
|  14|0x0000000083200000, 0x0000000083200000, 0x0000000083300000|  0%| F|  |TAMS 0x0000000083200000, 0x0000000083200000| Untracked 
|  15|0x0000000083300000, 0x0000000083300000, 0x0000000083400000|  0%| F|  |TAMS 0x0000000083300000, 0x0000000083300000| Untracked 
|  16|0x0000000083400000, 0x0000000083400000, 0x0000000083500000|  0%| F|  |TAMS 0x0000000083400000, 0x0000000083400000| Untracked 
|  17|0x0000000083500000, 0x0000000083500000, 0x0000000083600000|  0%| F|  |TAMS 0x0000000083500000, 0x0000000083500000| Untracked 
|  18|0x0000000083600000, 0x0000000083600000, 0x0000000083700000|  0%| F|  |TAMS 0x0000000083600000, 0x0000000083600000| Untracked 
|  19|0x0000000083700000, 0x0000000083700000, 0x0000000083800000|  0%| F|  |TAMS 0x0000000083700000, 0x0000000083700000| Untracked 
|  20|0x0000000083800000, 0x0000000083800000, 0x0000000083900000|  0%| F|  |TAMS 0x0000000083800000, 0x0000000083800000| Untracked 
|  21|0x0000000083900000, 0x0000000083900000, 0x0000000083a00000|  0%| F|  |TAMS 0x0000000083900000, 0x0000000083900000| Untracked 
|  22|0x0000000083a00000, 0x0000000083a00000, 0x0000000083b00000|  0%| F|  |TAMS 0x0000000083a00000, 0x0000000083a00000| Untracked 
|  23|0x0000000083b00000, 0x0000000083b00000, 0x0000000083c00000|  0%| F|  |TAMS 0x0000000083b00000, 0x0000000083b00000| Untracked 
|  24|0x0000000083c00000, 0x0000000083c00000, 0x0000000083d00000|  0%| F|  |TAMS 0x0000000083c00000, 0x0000000083c00000| Untracked 
|  25|0x0000000083d00000, 0x0000000083d00000, 0x0000000083e00000|  0%| F|  |TAMS 0x0000000083d00000, 0x0000000083d00000| Untracked 
|  26|0x0000000083e00000, 0x0000000083e00000, 0x0000000083f00000|  0%| F|  |TAMS 0x0000000083e00000, 0x0000000083e00000| Untracked 
|  27|0x0000000083f00000, 0x0000000083f00000, 0x0000000084000000|  0%| F|  |TAMS 0x0000000083f00000, 0x0000000083f00000| Untracked 
|  28|0x0000000084000000, 0x0000000084000000, 0x0000000084100000|  0%| F|  |TAMS 0x0000000084000000, 0x0000000084000000| Untracked 
|  29|0x0000000084100000, 0x0000000084100000, 0x0000000084200000|  0%| F|  |TAMS 0x0000000084100000, 0x0000000084100000| Untracked 
|  30|0x0000000084200000, 0x0000000084200000, 0x0000000084300000|  0%| F|  |TAMS 0x0000000084200000, 0x0000000084200000| Untracked 
|  31|0x0000000084300000, 0x0000000084300000, 0x0000000084400000|  0%| F|  |TAMS 0x0000000084300000, 0x0000000084300000| Untracked 
|  32|0x0000000084400000, 0x0000000084400000, 0x0000000084500000|  0%| F|  |TAMS 0x0000000084400000, 0x0000000084400000| Untracked 
|  33|0x0000000084500000, 0x0000000084500000, 0x0000000084600000|  0%| F|  |TAMS 0x0000000084500000, 0x0000000084500000| Untracked 
|  34|0x0000000084600000, 0x0000000084600000, 0x0000000084700000|  0%| F|  |TAMS 0x0000000084600000, 0x0000000084600000| Untracked 
|  35|0x0000000084700000, 0x0000000084700000, 0x0000000084800000|  0%| F|  |TAMS 0x0000000084700000, 0x0000000084700000| Untracked 
|  36|0x0000000084800000, 0x0000000084800000, 0x0000000084900000|  0%| F|  |TAMS 0x0000000084800000, 0x0000000084800000| Untracked 
|  37|0x0000000084900000, 0x0000000084900000, 0x0000000084a00000|  0%| F|  |TAMS 0x0000000084900000, 0x0000000084900000| Untracked 
|  38|0x0000000084a00000, 0x0000000084a00000, 0x0000000084b00000|  0%| F|  |TAMS 0x0000000084a00000, 0x0000000084a00000| Untracked 
|  39|0x0000000084b00000, 0x0000000084b00000, 0x0000000084c00000|  0%| F|  |TAMS 0x0000000084b00000, 0x0000000084b00000| Untracked 
|  40|0x0000000084c00000, 0x0000000084c00000, 0x0000000084d00000|  0%| F|  |TAMS 0x0000000084c00000, 0x0000000084c00000| Untracked 
|  41|0x0000000084d00000, 0x0000000084d00000, 0x0000000084e00000|  0%| F|  |TAMS 0x0000000084d00000, 0x0000000084d00000| Untracked 
|  42|0x0000000084e00000, 0x0000000084e00000, 0x0000000084f00000|  0%| F|  |TAMS 0x0000000084e00000, 0x0000000084e00000| Untracked 
|  43|0x0000000084f00000, 0x0000000084f00000, 0x0000000085000000|  0%| F|  |TAMS 0x0000000084f00000, 0x0000000084f00000| Untracked 
|  44|0x0000000085000000, 0x0000000085000000, 0x0000000085100000|  0%| F|  |TAMS 0x0000000085000000, 0x0000000085000000| Untracked 
|  45|0x0000000085100000, 0x0000000085100000, 0x0000000085200000|  0%| F|  |TAMS 0x0000000085100000, 0x0000000085100000| Untracked 
|  46|0x0000000085200000, 0x0000000085200000, 0x0000000085300000|  0%| F|  |TAMS 0x0000000085200000, 0x0000000085200000| Untracked 
|  47|0x0000000085300000, 0x0000000085300000, 0x0000000085400000|  0%| F|  |TAMS 0x0000000085300000, 0x0000000085300000| Untracked 
|  48|0x0000000085400000, 0x0000000085400000, 0x0000000085500000|  0%| F|  |TAMS 0x0000000085400000, 0x0000000085400000| Untracked 
|  49|0x0000000085500000, 0x0000000085500000, 0x0000000085600000|  0%| F|  |TAMS 0x0000000085500000, 0x0000000085500000| Untracked 
|  50|0x0000000085600000, 0x0000000085600000, 0x0000000085700000|  0%| F|  |TAMS 0x0000000085600000, 0x0000000085600000| Untracked 
|  51|0x0000000085700000, 0x0000000085700000, 0x0000000085800000|  0%| F|  |TAMS 0x0000000085700000, 0x0000000085700000| Untracked 
|  52|0x0000000085800000, 0x0000000085800000, 0x0000000085900000|  0%| F|  |TAMS 0x0000000085800000, 0x0000000085800000| Untracked 
|  53|0x0000000085900000, 0x0000000085900000, 0x0000000085a00000|  0%| F|  |TAMS 0x0000000085900000, 0x0000000085900000| Untracked 
|  54|0x0000000085a00000, 0x0000000085a00000, 0x0000000085b00000|  0%| F|  |TAMS 0x0000000085a00000, 0x0000000085a00000| Untracked 
|  55|0x0000000085b00000, 0x0000000085b00000, 0x0000000085c00000|  0%| F|  |TAMS 0x0000000085b00000, 0x0000000085b00000| Untracked 
|  56|0x0000000085c00000, 0x0000000085c00000, 0x0000000085d00000|  0%| F|  |TAMS 0x0000000085c00000, 0x0000000085c00000| Untracked 
|  57|0x0000000085d00000, 0x0000000085d00000, 0x0000000085e00000|  0%| F|  |TAMS 0x0000000085d00000, 0x0000000085d00000| Untracked 
|  58|0x0000000085e00000, 0x0000000085e00000, 0x0000000085f00000|  0%| F|  |TAMS 0x0000000085e00000, 0x0000000085e00000| Untracked 
|  59|0x0000000085f00000, 0x0000000085f00000, 0x0000000086000000|  0%| F|  |TAMS 0x0000000085f00000, 0x0000000085f00000| Untracked 
|  60|0x0000000086000000, 0x0000000086000000, 0x0000000086100000|  0%| F|  |TAMS 0x0000000086000000, 0x0000000086000000| Untracked 
|  61|0x0000000086100000, 0x0000000086100000, 0x0000000086200000|  0%| F|  |TAMS 0x0000000086100000, 0x0000000086100000| Untracked 
|  62|0x0000000086200000, 0x0000000086200000, 0x0000000086300000|  0%| F|  |TAMS 0x0000000086200000, 0x0000000086200000| Untracked 
|  63|0x0000000086300000, 0x0000000086300000, 0x0000000086400000|  0%| F|  |TAMS 0x0000000086300000, 0x0000000086300000| Untracked 
|  64|0x0000000086400000, 0x0000000086400000, 0x0000000086500000|  0%| F|  |TAMS 0x0000000086400000, 0x0000000086400000| Untracked 
|  65|0x0000000086500000, 0x0000000086500000, 0x0000000086600000|  0%| F|  |TAMS 0x0000000086500000, 0x0000000086500000| Untracked 
|  66|0x0000000086600000, 0x0000000086600000, 0x0000000086700000|  0%| F|  |TAMS 0x0000000086600000, 0x0000000086600000| Untracked 
|  67|0x0000000086700000, 0x0000000086700000, 0x0000000086800000|  0%| F|  |TAMS 0x0000000086700000, 0x0000000086700000| Untracked 
|  68|0x0000000086800000, 0x0000000086800000, 0x0000000086900000|  0%| F|  |TAMS 0x0000000086800000, 0x0000000086800000| Untracked 
|  69|0x0000000086900000, 0x0000000086900000, 0x0000000086a00000|  0%| F|  |TAMS 0x0000000086900000, 0x0000000086900000| Untracked 
|  70|0x0000000086a00000, 0x0000000086a00000, 0x0000000086b00000|  0%| F|  |TAMS 0x0000000086a00000, 0x0000000086a00000| Untracked 
|  71|0x0000000086b00000, 0x0000000086b00000, 0x0000000086c00000|  0%| F|  |TAMS 0x0000000086b00000, 0x0000000086b00000| Untracked 
|  72|0x0000000086c00000, 0x0000000086c00000, 0x0000000086d00000|  0%| F|  |TAMS 0x0000000086c00000, 0x0000000086c00000| Untracked 
|  73|0x0000000086d00000, 0x0000000086d00000, 0x0000000086e00000|  0%| F|  |TAMS 0x0000000086d00000, 0x0000000086d00000| Untracked 
|  74|0x0000000086e00000, 0x0000000086e00000, 0x0000000086f00000|  0%| F|  |TAMS 0x0000000086e00000, 0x0000000086e00000| Untracked 
|  75|0x0000000086f00000, 0x0000000086f00000, 0x0000000087000000|  0%| F|  |TAMS 0x0000000086f00000, 0x0000000086f00000| Untracked 
|  76|0x0000000087000000, 0x0000000087000000, 0x0000000087100000|  0%| F|  |TAMS 0x0000000087000000, 0x0000000087000000| Untracked 
|  77|0x0000000087100000, 0x0000000087100000, 0x0000000087200000|  0%| F|  |TAMS 0x0000000087100000, 0x0000000087100000| Untracked 
|  78|0x0000000087200000, 0x0000000087200000, 0x0000000087300000|  0%| F|  |TAMS 0x0000000087200000, 0x0000000087200000| Untracked 
|  79|0x0000000087300000, 0x0000000087300000, 0x0000000087400000|  0%| F|  |TAMS 0x0000000087300000, 0x0000000087300000| Untracked 
|  80|0x0000000087400000, 0x0000000087400000, 0x0000000087500000|  0%| F|  |TAMS 0x0000000087400000, 0x0000000087400000| Untracked 
|  81|0x0000000087500000, 0x0000000087500000, 0x0000000087600000|  0%| F|  |TAMS 0x0000000087500000, 0x0000000087500000| Untracked 
|  82|0x0000000087600000, 0x0000000087600000, 0x0000000087700000|  0%| F|  |TAMS 0x0000000087600000, 0x0000000087600000| Untracked 
|  83|0x0000000087700000, 0x0000000087700000, 0x0000000087800000|  0%| F|  |TAMS 0x0000000087700000, 0x0000000087700000| Untracked 
|  84|0x0000000087800000, 0x0000000087800000, 0x0000000087900000|  0%| F|  |TAMS 0x0000000087800000, 0x0000000087800000| Untracked 
|  85|0x0000000087900000, 0x0000000087900000, 0x0000000087a00000|  0%| F|  |TAMS 0x0000000087900000, 0x0000000087900000| Untracked 
|  86|0x0000000087a00000, 0x0000000087a00000, 0x0000000087b00000|  0%| F|  |TAMS 0x0000000087a00000, 0x0000000087a00000| Untracked 
|  87|0x0000000087b00000, 0x0000000087b00000, 0x0000000087c00000|  0%| F|  |TAMS 0x0000000087b00000, 0x0000000087b00000| Untracked 
|  88|0x0000000087c00000, 0x0000000087c00000, 0x0000000087d00000|  0%| F|  |TAMS 0x0000000087c00000, 0x0000000087c00000| Untracked 
|  89|0x0000000087d00000, 0x0000000087d00000, 0x0000000087e00000|  0%| F|  |TAMS 0x0000000087d00000, 0x0000000087d00000| Untracked 
|  90|0x0000000087e00000, 0x0000000087e00000, 0x0000000087f00000|  0%| F|  |TAMS 0x0000000087e00000, 0x0000000087e00000| Untracked 
|  91|0x0000000087f00000, 0x0000000087f00000, 0x0000000088000000|  0%| F|  |TAMS 0x0000000087f00000, 0x0000000087f00000| Untracked 
|  92|0x0000000088000000, 0x0000000088000000, 0x0000000088100000|  0%| F|  |TAMS 0x0000000088000000, 0x0000000088000000| Untracked 
|  93|0x0000000088100000, 0x0000000088100000, 0x0000000088200000|  0%| F|  |TAMS 0x0000000088100000, 0x0000000088100000| Untracked 
|  94|0x0000000088200000, 0x0000000088200000, 0x0000000088300000|  0%| F|  |TAMS 0x0000000088200000, 0x0000000088200000| Untracked 
|  95|0x0000000088300000, 0x0000000088300000, 0x0000000088400000|  0%| F|  |TAMS 0x0000000088300000, 0x0000000088300000| Untracked 
|  96|0x0000000088400000, 0x0000000088400000, 0x0000000088500000|  0%| F|  |TAMS 0x0000000088400000, 0x0000000088400000| Untracked 
|  97|0x0000000088500000, 0x0000000088500000, 0x0000000088600000|  0%| F|  |TAMS 0x0000000088500000, 0x0000000088500000| Untracked 
|  98|0x0000000088600000, 0x0000000088600000, 0x0000000088700000|  0%| F|  |TAMS 0x0000000088600000, 0x0000000088600000| Untracked 
|  99|0x0000000088700000, 0x0000000088700000, 0x0000000088800000|  0%| F|  |TAMS 0x0000000088700000, 0x0000000088700000| Untracked 
| 100|0x0000000088800000, 0x00000000888baa98, 0x0000000088900000| 72%| S|CS|TAMS 0x0000000088800000, 0x0000000088800000| Complete 
| 101|0x0000000088900000, 0x0000000088a00000, 0x0000000088a00000|100%| S|CS|TAMS 0x0000000088900000, 0x0000000088900000| Complete 
| 102|0x0000000088a00000, 0x0000000088b00000, 0x0000000088b00000|100%| S|CS|TAMS 0x0000000088a00000, 0x0000000088a00000| Complete 
| 103|0x0000000088b00000, 0x0000000088b00000, 0x0000000088c00000|  0%| F|  |TAMS 0x0000000088b00000, 0x0000000088b00000| Untracked 
| 104|0x0000000088c00000, 0x0000000088c00000, 0x0000000088d00000|  0%| F|  |TAMS 0x0000000088c00000, 0x0000000088c00000| Untracked 
| 105|0x0000000088d00000, 0x0000000088d00000, 0x0000000088e00000|  0%| F|  |TAMS 0x0000000088d00000, 0x0000000088d00000| Untracked 
| 106|0x0000000088e00000, 0x0000000088e00000, 0x0000000088f00000|  0%| F|  |TAMS 0x0000000088e00000, 0x0000000088e00000| Untracked 
| 107|0x0000000088f00000, 0x0000000088f00000, 0x0000000089000000|  0%| F|  |TAMS 0x0000000088f00000, 0x0000000088f00000| Untracked 
| 108|0x0000000089000000, 0x0000000089000000, 0x0000000089100000|  0%| F|  |TAMS 0x0000000089000000, 0x0000000089000000| Untracked 
| 109|0x0000000089100000, 0x0000000089100000, 0x0000000089200000|  0%| F|  |TAMS 0x0000000089100000, 0x0000000089100000| Untracked 
| 110|0x0000000089200000, 0x0000000089200000, 0x0000000089300000|  0%| F|  |TAMS 0x0000000089200000, 0x0000000089200000| Untracked 
| 111|0x0000000089300000, 0x0000000089300000, 0x0000000089400000|  0%| F|  |TAMS 0x0000000089300000, 0x0000000089300000| Untracked 
| 112|0x0000000089400000, 0x0000000089400000, 0x0000000089500000|  0%| F|  |TAMS 0x0000000089400000, 0x0000000089400000| Untracked 
| 113|0x0000000089500000, 0x0000000089500000, 0x0000000089600000|  0%| F|  |TAMS 0x0000000089500000, 0x0000000089500000| Untracked 
| 114|0x0000000089600000, 0x0000000089600000, 0x0000000089700000|  0%| F|  |TAMS 0x0000000089600000, 0x0000000089600000| Untracked 
| 115|0x0000000089700000, 0x0000000089700000, 0x0000000089800000|  0%| F|  |TAMS 0x0000000089700000, 0x0000000089700000| Untracked 
| 116|0x0000000089800000, 0x0000000089800000, 0x0000000089900000|  0%| F|  |TAMS 0x0000000089800000, 0x0000000089800000| Untracked 
| 117|0x0000000089900000, 0x0000000089900000, 0x0000000089a00000|  0%| F|  |TAMS 0x0000000089900000, 0x0000000089900000| Untracked 
| 118|0x0000000089a00000, 0x0000000089a00000, 0x0000000089b00000|  0%| F|  |TAMS 0x0000000089a00000, 0x0000000089a00000| Untracked 
| 119|0x0000000089b00000, 0x0000000089b00000, 0x0000000089c00000|  0%| F|  |TAMS 0x0000000089b00000, 0x0000000089b00000| Untracked 
| 120|0x0000000089c00000, 0x0000000089c00000, 0x0000000089d00000|  0%| F|  |TAMS 0x0000000089c00000, 0x0000000089c00000| Untracked 
| 121|0x0000000089d00000, 0x0000000089d00000, 0x0000000089e00000|  0%| F|  |TAMS 0x0000000089d00000, 0x0000000089d00000| Untracked 
| 122|0x0000000089e00000, 0x0000000089e8c5b0, 0x0000000089f00000| 54%| E|  |TAMS 0x0000000089e00000, 0x0000000089e00000| Complete 
| 123|0x0000000089f00000, 0x000000008a000000, 0x000000008a000000|100%| E|CS|TAMS 0x0000000089f00000, 0x0000000089f00000| Complete 
| 124|0x000000008a000000, 0x000000008a100000, 0x000000008a100000|100%| E|CS|TAMS 0x000000008a000000, 0x000000008a000000| Complete 
| 125|0x000000008a100000, 0x000000008a200000, 0x000000008a200000|100%| E|CS|TAMS 0x000000008a100000, 0x000000008a100000| Complete 

Card table byte_map: [0x000002217ea20000,0x000002217ee10000] _byte_map_base: 0x000002217e60e000

Marking Bits (Prev, Next): (CMBitMap*) 0x00000221742bbe20, (CMBitMap*) 0x00000221742bbe60
 Prev Bits: [0x000002210f000000, 0x0000022110f70000)
 Next Bits: [0x0000022110f70000, 0x0000022112ee0000)

Polling page: 0x0000022173f70000

Metaspace:

Usage:
  Non-class:      6.29 MB used.
      Class:    650.96 KB used.
       Both:      6.93 MB used.

Virtual space:
  Non-class space:       64.00 MB reserved,       6.38 MB ( 10%) committed,  1 nodes.
      Class space:        1.00 GB reserved,     768.00 KB ( <1%) committed,  1 nodes.
             Both:        1.06 GB reserved,       7.12 MB ( <1%) committed. 

Chunk freelists:
   Non-Class:  3.70 MB
       Class:  3.24 MB
        Both:  6.94 MB

MaxMetaspaceSize: unlimited
CompressedClassSpaceSize: 1.00 GB
Initial GC threshold: 21.00 MB
Current GC threshold: 21.00 MB
CDS: on
MetaspaceReclaimPolicy: balanced
 - commit_granule_bytes: 65536.
 - commit_granule_words: 8192.
 - virtual_space_node_default_size: 8388608.
 - enlarge_chunks_in_place: 1.
 - new_chunks_are_fully_committed: 0.
 - uncommit_free_chunks: 1.
 - use_allocation_guard: 0.


Internal statistics:

num_allocs_failed_limit: 0.
num_arena_births: 132.
num_arena_deaths: 0.
num_vsnodes_births: 2.
num_vsnodes_deaths: 0.
num_space_committed: 114.
num_space_uncommitted: 0.
num_chunks_returned_to_freelist: 0.
num_chunks_taken_from_freelist: 345.
num_chunk_merges: 0.
num_chunk_splits: 251.
num_chunks_enlarged: 193.
num_inconsistent_stats: 0.

CodeHeap 'non-profiled nmethods': size=120000Kb used=508Kb max_used=508Kb free=119491Kb
 bounds [0x0000022107ad0000, 0x0000022107d40000, 0x000002210f000000]
CodeHeap 'profiled nmethods': size=120000Kb used=3054Kb max_used=3054Kb free=116945Kb
 bounds [0x0000022100000000, 0x0000022100300000, 0x0000022107530000]
CodeHeap 'non-nmethods': size=5760Kb used=1262Kb max_used=1287Kb free=4497Kb
 bounds [0x0000022107530000, 0x00000221077a0000, 0x0000022107ad0000]
 total_blobs=2129 nmethods=1650 adapters=390
 compilation: enabled
              stopped_count=0, restarted_count=0
 full_count=0

Compilation events (20 events):
Event: 0.797 Thread 0x000002217ff37d30 1632       3       com.fasterxml.jackson.core.JsonFactory$Feature::enabledIn (15 bytes)
Event: 0.797 Thread 0x000002217ff37d30 nmethod 1632 0x00000221002f4910 code [0x00000221002f4ac0, 0x00000221002f4c98]
Event: 0.798 Thread 0x000002217ff37d30 1633       3       java.nio.Buffer::<init> (105 bytes)
Event: 0.799 Thread 0x000002217ff37d30 nmethod 1633 0x00000221002f4d90 code [0x00000221002f5040, 0x00000221002f5b08]
Event: 0.799 Thread 0x000002217ff37d30 1634       3       java.nio.ByteBuffer::position (8 bytes)
Event: 0.799 Thread 0x000002217ff37d30 nmethod 1634 0x00000221002f5f10 code [0x00000221002f60c0, 0x00000221002f6208]
Event: 0.799 Thread 0x000002217ff37d30 1635   !   3       java.io.FileOutputStream::write (47 bytes)
Event: 0.799 Thread 0x000002217ff37d30 nmethod 1635 0x00000221002f6290 code [0x00000221002f6480, 0x00000221002f6738]
Event: 0.803 Thread 0x000002217ff2c350 nmethod 1583 0x0000022107b4c690 code [0x0000022107b4c920, 0x0000022107b4e3c0]
Event: 0.803 Thread 0x000002217ff37d30 1636       3       java.util.HashMap$EntryIterator::next (5 bytes)
Event: 0.803 Thread 0x000002217ff2c350 1615       4       com.fasterxml.jackson.core.json.UTF8StreamJsonParser::_skipWSOrEnd (268 bytes)
Event: 0.803 Thread 0x000002217ff37d30 nmethod 1636 0x00000221002f6910 code [0x00000221002f6ac0, 0x00000221002f6c48]
Event: 0.803 Thread 0x000002217ff37d30 1639       3       java.lang.Character::toUpperCase (9 bytes)
Event: 0.804 Thread 0x000002217ff37d30 nmethod 1639 0x00000221002f6d10 code [0x00000221002f6ec0, 0x00000221002f70b8]
Event: 0.804 Thread 0x000002217ff37d30 1638       3       java.lang.Character::toUpperCase (6 bytes)
Event: 0.804 Thread 0x000002217ff37d30 nmethod 1638 0x00000221002f7190 code [0x00000221002f7340, 0x00000221002f7598]
Event: 0.804 Thread 0x000002217ff37d30 1640       3       java.util.TreeMap::parentOf (13 bytes)
Event: 0.804 Thread 0x000002217ff37d30 nmethod 1640 0x00000221002f7690 code [0x00000221002f7840, 0x00000221002f79b8]
Event: 0.804 Thread 0x000002217ff37d30 1637       3       java.util.HashMap$EntryIterator::next (5 bytes)
Event: 0.804 Thread 0x000002217ff37d30 nmethod 1637 0x00000221002f7a90 code [0x00000221002f7c40, 0x00000221002f7d88]

GC Heap History (2 events):
Event: 0.697 GC heap before
{Heap before GC invocations=0 (full 0):
 garbage-first heap   total 129024K, used 22528K [0x0000000082400000, 0x0000000100000000)
  region size 1024K, 23 young (23552K), 0 survivors (0K)
 Metaspace       used 6657K, committed 6912K, reserved 1114112K
  class space    used 614K, committed 768K, reserved 1048576K
}
Event: 0.702 GC heap after
{Heap after GC invocations=1 (full 0):
 garbage-first heap   total 129024K, used 2794K [0x0000000082400000, 0x0000000100000000)
  region size 1024K, 3 young (3072K), 3 survivors (3072K)
 Metaspace       used 6657K, committed 6912K, reserved 1114112K
  class space    used 614K, committed 768K, reserved 1048576K
}

Dll operation events (10 events):
Event: 0.012 Loaded shared library C:\Program Files\java\openjdk-19_windows-x64_bin\jdk-19\bin\java.dll
Event: 0.175 Loaded shared library C:\Program Files\java\openjdk-19_windows-x64_bin\jdk-19\bin\jsvml.dll
Event: 0.248 Loaded shared library C:\Program Files\java\openjdk-19_windows-x64_bin\jdk-19\bin\zip.dll
Event: 0.252 Loaded shared library C:\Program Files\java\openjdk-19_windows-x64_bin\jdk-19\bin\instrument.dll
Event: 0.258 Loaded shared library C:\Program Files\java\openjdk-19_windows-x64_bin\jdk-19\bin\net.dll
Event: 0.260 Loaded shared library C:\Program Files\java\openjdk-19_windows-x64_bin\jdk-19\bin\nio.dll
Event: 0.263 Loaded shared library C:\Program Files\java\openjdk-19_windows-x64_bin\jdk-19\bin\zip.dll
Event: 0.277 Loaded shared library C:\Program Files\JetBrains\IntelliJ IDEA 2022.2.3\bin\breakgen64.dll
Event: 0.284 Loaded shared library C:\Program Files\java\openjdk-19_windows-x64_bin\jdk-19\bin\extnet.dll
Event: 0.358 Loaded shared library C:\Program Files\java\openjdk-19_windows-x64_bin\jdk-19\bin\jimage.dll

Deoptimization events (20 events):
Event: 0.794 Thread 0x000002217425eb20 Uncommon trap: trap_request=0xffffff45 fr.pc=0x0000022107b22658 relative=0x0000000000000a58
Event: 0.794 Thread 0x000002217425eb20 Uncommon trap: reason=unstable_if action=reinterpret pc=0x0000022107b22658 method=com.fasterxml.jackson.core.json.UTF8StreamJsonParser._finishAndReturnString()Ljava/lang/String; @ 10 c2
Event: 0.794 Thread 0x000002217425eb20 DEOPT PACKING pc=0x0000022107b22658 sp=0x00000022b3dfefe0
Event: 0.794 Thread 0x000002217425eb20 DEOPT UNPACKING pc=0x0000022107596da3 sp=0x00000022b3dfef88 mode 2
Event: 0.802 Thread 0x000002217425eb20 Uncommon trap: trap_request=0xffffffc6 fr.pc=0x0000022107add288 relative=0x0000000000000b68
Event: 0.802 Thread 0x000002217425eb20 Uncommon trap: reason=bimorphic_or_optimized_type_check action=maybe_recompile pc=0x0000022107add288 method=java.util.HashMap.putVal(ILjava/lang/Object;Ljava/lang/Object;ZZ)Ljava/lang/Object; @ 56 c2
Event: 0.802 Thread 0x000002217425eb20 DEOPT PACKING pc=0x0000022107add288 sp=0x00000022b3dfe590
Event: 0.802 Thread 0x000002217425eb20 DEOPT UNPACKING pc=0x0000022107596da3 sp=0x00000022b3dfe528 mode 2
Event: 0.802 Thread 0x000002217425eb20 Uncommon trap: trap_request=0xffffffc6 fr.pc=0x0000022107add288 relative=0x0000000000000b68
Event: 0.802 Thread 0x000002217425eb20 Uncommon trap: reason=bimorphic_or_optimized_type_check action=maybe_recompile pc=0x0000022107add288 method=java.util.HashMap.putVal(ILjava/lang/Object;Ljava/lang/Object;ZZ)Ljava/lang/Object; @ 56 c2
Event: 0.802 Thread 0x000002217425eb20 DEOPT PACKING pc=0x0000022107add288 sp=0x00000022b3dfe590
Event: 0.802 Thread 0x000002217425eb20 DEOPT UNPACKING pc=0x0000022107596da3 sp=0x00000022b3dfe528 mode 2
Event: 0.802 Thread 0x000002217425eb20 Uncommon trap: trap_request=0xffffffc6 fr.pc=0x0000022107add288 relative=0x0000000000000b68
Event: 0.802 Thread 0x000002217425eb20 Uncommon trap: reason=bimorphic_or_optimized_type_check action=maybe_recompile pc=0x0000022107add288 method=java.util.HashMap.putVal(ILjava/lang/Object;Ljava/lang/Object;ZZ)Ljava/lang/Object; @ 56 c2
Event: 0.803 Thread 0x000002217425eb20 DEOPT PACKING pc=0x0000022107add288 sp=0x00000022b3dfe590
Event: 0.803 Thread 0x000002217425eb20 DEOPT UNPACKING pc=0x0000022107596da3 sp=0x00000022b3dfe528 mode 2
Event: 0.803 Thread 0x000002217425eb20 Uncommon trap: trap_request=0xffffffc6 fr.pc=0x0000022107add288 relative=0x0000000000000b68
Event: 0.803 Thread 0x000002217425eb20 Uncommon trap: reason=bimorphic_or_optimized_type_check action=maybe_recompile pc=0x0000022107add288 method=java.util.HashMap.putVal(ILjava/lang/Object;Ljava/lang/Object;ZZ)Ljava/lang/Object; @ 56 c2
Event: 0.803 Thread 0x000002217425eb20 DEOPT PACKING pc=0x0000022107add288 sp=0x00000022b3dfe590
Event: 0.803 Thread 0x000002217425eb20 DEOPT UNPACKING pc=0x0000022107596da3 sp=0x00000022b3dfe528 mode 2

Classes loaded (20 events):
Event: 0.801 Loading class java/lang/Process done
Event: 0.802 Loading class java/lang/ProcessImpl done
Event: 0.802 Loading class java/lang/ProcessEnvironment
Event: 0.802 Loading class java/lang/ProcessEnvironment done
Event: 0.802 Loading class java/lang/ProcessEnvironment$NameComparator
Event: 0.802 Loading class java/lang/ProcessEnvironment$NameComparator done
Event: 0.802 Loading class java/lang/ProcessEnvironment$EntryComparator
Event: 0.802 Loading class java/lang/ProcessEnvironment$EntryComparator done
Event: 0.803 Loading class java/lang/ProcessEnvironment$CheckedEntrySet
Event: 0.803 Loading class java/lang/ProcessEnvironment$CheckedEntrySet done
Event: 0.803 Loading class java/lang/ProcessEnvironment$CheckedEntrySet$1
Event: 0.803 Loading class java/lang/ProcessEnvironment$CheckedEntrySet$1 done
Event: 0.803 Loading class java/lang/ProcessEnvironment$CheckedEntry
Event: 0.803 Loading class java/lang/ProcessEnvironment$CheckedEntry done
Event: 0.803 Loading class java/lang/ProcessBuilder$RedirectPipeImpl
Event: 0.803 Loading class java/lang/ProcessBuilder$RedirectPipeImpl done
Event: 0.805 Loading class java/lang/Throwable$WrappedPrintStream
Event: 0.805 Loading class java/lang/Throwable$PrintStreamOrWriter
Event: 0.805 Loading class java/lang/Throwable$PrintStreamOrWriter done
Event: 0.805 Loading class java/lang/Throwable$WrappedPrintStream done

Classes unloaded (0 events):
No events

Classes redefined (0 events):
No events

Internal exceptions (14 events):
Event: 0.270 Thread 0x000002217425eb20 Exception <a 'java/lang/NoSuchMethodError'{0x0000000089f90750}: 'void java.lang.invoke.DirectMethodHandle$Holder.invokeStatic(java.lang.Object, java.lang.Object, java.lang.Object)'> (0x0000000089f90750) 
thrown [s\open\src\hotspot\share\interpreter\linkResolver.cpp, line 774]
Event: 0.273 Thread 0x000002217425eb20 Exception <a 'java/lang/NoSuchMethodError'{0x0000000089fa8d48}: 'java.lang.Object java.lang.invoke.Invokers$Holder.invokeExact_MT(java.lang.Object, java.lang.Object, java.lang.Object, java.lang.Object, java.lang.Object)'> (0x0000000089fa8d48) 
thrown [s\open\src\hotspot\share\interpreter\linkResolver.cpp, line 774]
Event: 0.281 Thread 0x000002217425eb20 Exception <a 'sun/nio/fs/WindowsException'{0x0000000089fc1638}> (0x0000000089fc1638) 
thrown [s\open\src\hotspot\share\prims\jni.cpp, line 517]
Event: 0.285 Thread 0x000002211920ffd0 Exception <a 'java/lang/NoSuchMethodError'{0x0000000089ff90e8}: 'void java.lang.invoke.DirectMethodHandle$Holder.invokeStatic(java.lang.Object, java.lang.Object)'> (0x0000000089ff90e8) 
thrown [s\open\src\hotspot\share\interpreter\linkResolver.cpp, line 774]
Event: 0.541 Thread 0x000002217425eb20 Exception <a 'java/lang/NoSuchMethodError'{0x0000000088f343a8}: 'void java.lang.invoke.DirectMethodHandle$Holder.invokeSpecial(java.lang.Object, java.lang.Object, int)'> (0x0000000088f343a8) 
thrown [s\open\src\hotspot\share\interpreter\linkResolver.cpp, line 774]
Event: 0.542 Thread 0x000002217425eb20 Exception <a 'java/lang/NoSuchMethodError'{0x0000000088f391a0}: 'int java.lang.invoke.DirectMethodHandle$Holder.invokeSpecial(java.lang.Object, java.lang.Object, java.lang.Object, int)'> (0x0000000088f391a0) 
thrown [s\open\src\hotspot\share\interpreter\linkResolver.cpp, line 774]
Event: 0.544 Thread 0x000002217425eb20 Exception <a 'java/lang/NoSuchMethodError'{0x0000000088f4b980}: 'java.lang.Object java.lang.invoke.DirectMethodHandle$Holder.invokeStatic(java.lang.Object, java.lang.Object, java.lang.Object, java.lang.Object, int)'> (0x0000000088f4b980) 
thrown [s\open\src\hotspot\share\interpreter\linkResolver.cpp, line 774]
Event: 0.545 Thread 0x000002217425eb20 Exception <a 'java/lang/NoSuchMethodError'{0x0000000088f56eb0}: 'void java.lang.invoke.DelegatingMethodHandle$Holder.reinvoke_L(java.lang.Object, java.lang.Object, int)'> (0x0000000088f56eb0) 
thrown [s\open\src\hotspot\share\interpreter\linkResolver.cpp, line 774]
Event: 0.545 Thread 0x000002217425eb20 Exception <a 'java/lang/NoSuchMethodError'{0x0000000088f5ab10}: 'int java.lang.invoke.DirectMethodHandle$Holder.invokeSpecial(java.lang.Object, java.lang.Object, java.lang.Object)'> (0x0000000088f5ab10) 
thrown [s\open\src\hotspot\share\interpreter\linkResolver.cpp, line 774]
Event: 0.548 Thread 0x000002217425eb20 Exception <a 'java/lang/NoSuchMethodError'{0x0000000088f74618}: 'void java.lang.invoke.DirectMethodHandle$Holder.invokeSpecial(java.lang.Object, java.lang.Object, java.lang.Object)'> (0x0000000088f74618) 
thrown [s\open\src\hotspot\share\interpreter\linkResolver.cpp, line 774]
Event: 0.568 Thread 0x000002217425eb20 Exception <a 'java/lang/NoSuchMethodError'{0x0000000088e1f7c8}: 'java.lang.Object java.lang.invoke.DirectMethodHandle$Holder.newInvokeSpecial(java.lang.Object, java.lang.Object, java.lang.Object, java.lang.Object, java.lang.Object)'> (0x0000000088e1f7c8) 
thrown [s\open\src\hotspot\share\interpreter\linkResolver.cpp, line 774]
Event: 0.579 Thread 0x000002217425eb20 Exception <a 'java/lang/NoSuchMethodError'{0x0000000088eae3d0}: 'int java.lang.invoke.DirectMethodHandle$Holder.invokeVirtual(java.lang.Object, java.lang.Object)'> (0x0000000088eae3d0) 
thrown [s\open\src\hotspot\share\interpreter\linkResolver.cpp, line 774]
Event: 0.745 Thread 0x000002217425eb20 Exception <a 'sun/nio/fs/WindowsException'{0x000000008a0c3b78}> (0x000000008a0c3b78) 
thrown [s\open\src\hotspot\share\prims\jni.cpp, line 517]
Event: 0.805 Thread 0x000002217425eb20 Exception <a 'java/io/IOException'{0x0000000089e305c0}: CreateProcess error=1450, Insufficient system resources exist to complete the requested service> (0x0000000089e305c0) 
thrown [s\open\src\hotspot\share\prims\jni.cpp, line 536]

VM Operations (16 events):
Event: 0.236 Executing VM operation: HandshakeAllThreads
Event: 0.236 Executing VM operation: HandshakeAllThreads done
Event: 0.279 Executing VM operation: HandshakeAllThreads
Event: 0.279 Executing VM operation: HandshakeAllThreads done
Event: 0.502 Executing VM operation: HandshakeAllThreads
Event: 0.502 Executing VM operation: HandshakeAllThreads done
Event: 0.563 Executing VM operation: HandshakeAllThreads
Event: 0.563 Executing VM operation: HandshakeAllThreads done
Event: 0.571 Executing VM operation: HandshakeAllThreads
Event: 0.571 Executing VM operation: HandshakeAllThreads done
Event: 0.615 Executing VM operation: ICBufferFull
Event: 0.615 Executing VM operation: ICBufferFull done
Event: 0.697 Executing VM operation: G1CollectForAllocation
Event: 0.702 Executing VM operation: G1CollectForAllocation done
Event: 0.802 Executing VM operation: HandshakeAllThreads
Event: 0.802 Executing VM operation: HandshakeAllThreads done

Events (14 events):
Event: 0.176 Thread 0x000002217425eb20 Thread added: 0x000002217425eb20
Event: 0.194 Thread 0x000002217ff22330 Thread added: 0x000002217ff22330
Event: 0.194 Thread 0x000002217ff22d60 Thread added: 0x000002217ff22d60
Event: 0.194 Thread 0x000002217ff24290 Thread added: 0x000002217ff24290
Event: 0.194 Thread 0x000002217ff26bd0 Thread added: 0x000002217ff26bd0
Event: 0.194 Thread 0x000002217ff27500 Thread added: 0x000002217ff27500
Event: 0.194 Thread 0x000002217ff2b5b0 Thread added: 0x000002217ff2b5b0
Event: 0.194 Thread 0x000002217ff2c350 Thread added: 0x000002217ff2c350
Event: 0.195 Thread 0x000002217ff37d30 Thread added: 0x000002217ff37d30
Event: 0.195 Thread 0x000002217ff3a2c0 Thread added: 0x000002217ff3a2c0
Event: 0.223 Thread 0x00000221190d14a0 Thread added: 0x00000221190d14a0
Event: 0.278 Thread 0x000002211920ffd0 Thread added: 0x000002211920ffd0
Event: 0.278 Thread 0x00000221191bd0e0 Thread added: 0x00000221191bd0e0
Event: 0.368 Thread 0x00000221192e92f0 Thread added: 0x00000221192e92f0


Dynamic libraries:
0x00007ff7207d0000 - 0x00007ff7207de000 	C:\Program Files\java\openjdk-19_windows-x64_bin\jdk-19\bin\java.exe
0x00007ffefba30000 - 0x00007ffefbc28000 	C:\Windows\SYSTEM32\ntdll.dll
0x00007ffefac60000 - 0x00007ffefad1f000 	C:\Windows\System32\KERNEL32.DLL
0x00007ffef95b0000 - 0x00007ffef9882000 	C:\Windows\System32\KERNELBASE.dll
0x00007ffef94b0000 - 0x00007ffef95b0000 	C:\Windows\System32\ucrtbase.dll
0x00007ffee6480000 - 0x00007ffee649b000 	C:\Program Files\java\openjdk-19_windows-x64_bin\jdk-19\bin\VCRUNTIME140.dll
0x00007ffee9280000 - 0x00007ffee9297000 	C:\Program Files\java\openjdk-19_windows-x64_bin\jdk-19\bin\jli.dll
0x00007ffef9a80000 - 0x00007ffef9c1d000 	C:\Windows\System32\USER32.dll
0x00007ffee0a70000 - 0x00007ffee0d0a000 	C:\Windows\WinSxS\amd64_microsoft.windows.common-controls_6595b64144ccf1df_6.0.19041.1110_none_60b5254171f9507e\COMCTL32.dll
0x00007ffef9200000 - 0x00007ffef9222000 	C:\Windows\System32\win32u.dll
0x00007ffefaf20000 - 0x00007ffefafbe000 	C:\Windows\System32\msvcrt.dll
0x00007ffefadd0000 - 0x00007ffefadfb000 	C:\Windows\System32\GDI32.dll
0x00007ffef9970000 - 0x00007ffef9a7f000 	C:\Windows\System32\gdi32full.dll
0x00007ffef9160000 - 0x00007ffef91fd000 	C:\Windows\System32\msvcp_win.dll
0x00007ffefaee0000 - 0x00007ffefaf12000 	C:\Windows\System32\IMM32.DLL
0x00007ffef68e0000 - 0x00007ffef68ec000 	C:\Program Files\java\openjdk-19_windows-x64_bin\jdk-19\bin\vcruntime140_1.dll
0x00007ffec59f0000 - 0x00007ffec5a7e000 	C:\Program Files\java\openjdk-19_windows-x64_bin\jdk-19\bin\msvcp140.dll
0x00007ffea1ad0000 - 0x00007ffea2790000 	C:\Program Files\java\openjdk-19_windows-x64_bin\jdk-19\bin\server\jvm.dll
0x00007ffefb940000 - 0x00007ffefb9ee000 	C:\Windows\System32\ADVAPI32.dll
0x00007ffefb0f0000 - 0x00007ffefb18c000 	C:\Windows\System32\sechost.dll
0x00007ffefa1f0000 - 0x00007ffefa315000 	C:\Windows\System32\RPCRT4.dll
0x00007ffedc610000 - 0x00007ffedc619000 	C:\Windows\SYSTEM32\WSOCK32.dll
0x00007ffefb720000 - 0x00007ffefb78b000 	C:\Windows\System32\WS2_32.dll
0x00007ffef3b40000 - 0x00007ffef3b4a000 	C:\Windows\SYSTEM32\VERSION.dll
0x00007ffee58a0000 - 0x00007ffee58c7000 	C:\Windows\SYSTEM32\WINMM.dll
0x00007ffef6ff0000 - 0x00007ffef7002000 	C:\Windows\SYSTEM32\kernel.appcore.dll
0x00007ffeea200000 - 0x00007ffeea20a000 	C:\Program Files\java\openjdk-19_windows-x64_bin\jdk-19\bin\jimage.dll
0x00007ffee11b0000 - 0x00007ffee1394000 	C:\Windows\SYSTEM32\DBGHELP.DLL
0x00007ffeddbc0000 - 0x00007ffeddbec000 	C:\Windows\SYSTEM32\dbgcore.DLL
0x00007ffef98e0000 - 0x00007ffef9962000 	C:\Windows\System32\bcryptPrimitives.dll
0x00007ffee9ce0000 - 0x00007ffee9cee000 	C:\Program Files\java\openjdk-19_windows-x64_bin\jdk-19\bin\instrument.dll
0x00007ffee6450000 - 0x00007ffee6476000 	C:\Program Files\java\openjdk-19_windows-x64_bin\jdk-19\bin\java.dll
0x00007ffec4e30000 - 0x00007ffec4f07000 	C:\Program Files\java\openjdk-19_windows-x64_bin\jdk-19\bin\jsvml.dll
0x00007ffefa3b0000 - 0x00007ffefaaf3000 	C:\Windows\System32\SHELL32.dll
0x00007ffef71f0000 - 0x00007ffef7982000 	C:\Windows\SYSTEM32\windows.storage.dll
0x00007ffef9e20000 - 0x00007ffefa174000 	C:\Windows\System32\combase.dll
0x00007ffef8b90000 - 0x00007ffef8bc0000 	C:\Windows\SYSTEM32\Wldp.dll
0x00007ffef9c40000 - 0x00007ffef9ced000 	C:\Windows\System32\SHCORE.dll
0x00007ffefab00000 - 0x00007ffefab55000 	C:\Windows\System32\shlwapi.dll
0x00007ffef9070000 - 0x00007ffef908f000 	C:\Windows\SYSTEM32\profapi.dll
0x00007ffee0140000 - 0x00007ffee0158000 	C:\Program Files\java\openjdk-19_windows-x64_bin\jdk-19\bin\zip.dll
0x00007ffee32a0000 - 0x00007ffee32b3000 	C:\Program Files\java\openjdk-19_windows-x64_bin\jdk-19\bin\net.dll
0x00007ffef2640000 - 0x00007ffef274c000 	C:\Windows\SYSTEM32\WINHTTP.dll
0x00007ffef88f0000 - 0x00007ffef895a000 	C:\Windows\system32\mswsock.dll
0x00007ffee01a0000 - 0x00007ffee01b6000 	C:\Program Files\java\openjdk-19_windows-x64_bin\jdk-19\bin\nio.dll
0x00007ffedff40000 - 0x00007ffedff5a000 	C:\Program Files\JetBrains\IntelliJ IDEA 2022.2.3\bin\breakgen64.dll
0x00007ffee3190000 - 0x00007ffee3198000 	C:\Program Files\java\openjdk-19_windows-x64_bin\jdk-19\bin\extnet.dll

dbghelp: loaded successfully - version: 4.0.5 - missing functions: none
symbol engine: initialized successfully - sym options: 0x614 - pdb path: .;C:\Program Files\java\openjdk-19_windows-x64_bin\jdk-19\bin;C:\Windows\SYSTEM32;C:\Windows\WinSxS\amd64_microsoft.windows.common-controls_6595b64144ccf1df_6.0.19041.1110_none_60b5254171f9507e;C:\Program Files\java\openjdk-19_windows-x64_bin\jdk-19\bin\server;C:\Program Files\JetBrains\IntelliJ IDEA 2022.2.3\bin

VM Arguments:
jvm_args: -javaagent:C:\Program Files\JetBrains\IntelliJ IDEA 2022.2.3\lib\idea_rt.jar=61848:C:\Program Files\JetBrains\IntelliJ IDEA 2022.2.3\bin -Dfile.encoding=UTF-8 -Dsun.stdout.encoding=UTF-8 -Dsun.stderr.encoding=UTF-8 
java_command: main.Main
java_class_path (initial): C:\Users\Windows\Desktop\FACULTATE\tema\out\production\tema;C:\Users\Windows\Desktop\FACULTATE\tema\lib\jackson-core-2.13.3.jar;C:\Users\Windows\Desktop\FACULTATE\tema\lib\jackson-annotations-2.13.3.jar;C:\Users\Windows\Desktop\FACULTATE\tema\lib\lombok.jar;C:\Users\Windows\Desktop\FACULTATE\tema\lib\jackson-databind-2.13.3.jar
Launcher Type: SUN_STANDARD

[Global flags]
     intx CICompilerCount                          = 4                                         {product} {ergonomic}
     uint ConcGCThreads                            = 3                                         {product} {ergonomic}
     uint G1ConcRefinementThreads                  = 10                                        {product} {ergonomic}
   size_t G1HeapRegionSize                         = 1048576                                   {product} {ergonomic}
    uintx GCDrainStackTargetSize                   = 64                                        {product} {ergonomic}
   size_t InitialHeapSize                          = 132120576                                 {product} {ergonomic}
   size_t MarkStackSize                            = 4194304                                   {product} {ergonomic}
   size_t MaxHeapSize                              = 2109734912                                {product} {ergonomic}
   size_t MaxNewSize                               = 1265631232                                {product} {ergonomic}
   size_t MinHeapDeltaBytes                        = 1048576                                   {product} {ergonomic}
   size_t MinHeapSize                              = 8388608                                   {product} {ergonomic}
    uintx NonNMethodCodeHeapSize                   = 5839372                                {pd product} {ergonomic}
    uintx NonProfiledCodeHeapSize                  = 122909434                              {pd product} {ergonomic}
    uintx ProfiledCodeHeapSize                     = 122909434                              {pd product} {ergonomic}
    uintx ReservedCodeCacheSize                    = 251658240                              {pd product} {ergonomic}
     bool SegmentedCodeCache                       = true                                      {product} {ergonomic}
   size_t SoftMaxHeapSize                          = 2109734912                             {manageable} {ergonomic}
     bool UseCompressedClassPointers               = true                           {product lp64_product} {ergonomic}
     bool UseCompressedOops                        = true                           {product lp64_product} {ergonomic}
     bool UseG1GC                                  = true                                      {product} {ergonomic}
     bool UseLargePagesIndividualAllocation        = false                                  {pd product} {ergonomic}

Logging:
Log output configuration:
 #0: stdout all=warning uptime,level,tags foldmultilines=false
 #1: stderr all=off uptime,level,tags foldmultilines=false

Environment Variables:
JAVA_HOME=C:\Program Files\java\openjdk-19_windows-x64_bin\jdk-19\
PATH=C:\Program Files (x86)\VMware\VMware Player\bin\;C:\Windows\system32;C:\Windows;C:\Windows\System32\Wbem;C:\Windows\System32\WindowsPowerShell\v1.0\;C:\Windows\System32\OpenSSH\;C:\Program Files (x86)\NVIDIA Corporation\PhysX\Common;C:\Program Files\NVIDIA Corporation\NVIDIA NvDLISR;C:\Program Files\MATLAB\R2022a\bin;C:\Program Files\Intel\WiFi\bin\;C:\Program Files\Common Files\Intel\WirelessCommon\;C:\Program Files\dotnet\;C:\Program Files\java\openjdk-19_windows-x64_bin\jdk-19\bin;C:\Strawberry\c\bin;C:\Strawberry\perl\site\bin;C:\Strawberry\perl\bin;C:\Program Files\Git\cmd;C:\Users\Windows\AppData\Local\Microsoft\WindowsApps;;C:\Users\Windows\AppData\Local\Programs\Microsoft VS Code\bin;C:\Program Files\JetBrains\IntelliJ IDEA 2022.2.3\bin;
USERNAME=Windows
OS=Windows_NT
PROCESSOR_IDENTIFIER=Intel64 Family 6 Model 158 Stepping 10, GenuineIntel
TMP=C:\Users\Windows\AppData\Local\Temp
TEMP=C:\Users\Windows\AppData\Local\Temp



---------------  S Y S T E M  ---------------

OS:
 Windows 10 , 64 bit Build 19041 (10.0.19041.2251)
OS uptime: 5 days 4:46 hours

CPU: total 12 (initial active 12) (6 cores per cpu, 2 threads per core) family 6 model 158 stepping 10 microcode 0xb4, cx8, cmov, fxsr, ht, mmx, 3dnowpref, sse, sse2, sse3, ssse3, sse4.1, sse4.2, popcnt, lzcnt, tsc, tscinvbit, avx, avx2, aes, erms, clmul, bmi1, bmi2, adx, fma, vzeroupper, clflush, clflushopt, rdtscp

Memory: 4k page, system-wide physical 8041M (423M free)
TotalPageFile size 32617M (AvailPageFile size 3M)
current process WorkingSet (physical memory assigned to process): 79M, peak: 80M
current process commit charge ("private bytes"): 231M, peak: 232M

vm_info: OpenJDK 64-Bit Server VM (19+36-2238) for windows-amd64 JRE (19+36-2238), built on 2022-08-12T20:29:01Z by "mach5one" with MS VC++ 17.1 (VS2022)

END.
