#
# There is insufficient memory for the Java Runtime Environment to continue.
# Native memory allocation (mmap) failed to map 65536 bytes for Failed to commit metaspace.
# Possible reasons:
#   The system is out of physical RAM or swap space
#   The process is running with CompressedOops enabled, and the Java Heap may be blocking the growth of the native heap
# Possible solutions:
#   Reduce memory load on the system
#   Increase physical memory or swap space
#   Check if swap backing store is full
#   Decrease Java heap size (-Xmx/-Xms)
#   Decrease number of Java threads
#   Decrease Java thread stack sizes (-Xss)
#   Set larger code cache with -XX:ReservedCodeCacheSize=
#   JVM is running with Unscaled Compressed Oops mode in which the Java heap is
#     placed in the first 4GB address space. The Java Heap base address is the
#     maximum limit for the native heap growth. Please use -XX:HeapBaseMinAddress
#     to set the Java Heap base and to place the Java Heap above 4GB virtual address.
# This output file may be truncated or incomplete.
#
#  Out of Memory Error (virtualSpaceNode.cpp:110), pid=15572, tid=14252
#
# JRE version: OpenJDK Runtime Environment (19.0+36) (build 19+36-2238)
# Java VM: OpenJDK 64-Bit Server VM (19+36-2238, mixed mode, sharing, tiered, compressed oops, compressed class ptrs, g1 gc, windows-amd64)
# No core dump will be written. Minidumps are not enabled by default on client versions of Windows
#

---------------  S U M M A R Y ------------

Command Line: -javaagent:C:\Program Files\JetBrains\IntelliJ IDEA 2022.2.3\lib\idea_rt.jar=58993:C:\Program Files\JetBrains\IntelliJ IDEA 2022.2.3\bin -Dfile.encoding=UTF-8 -Dsun.stdout.encoding=UTF-8 -Dsun.stderr.encoding=UTF-8 main.Main

Host: Intel(R) Core(TM) i7-9750H CPU @ 2.60GHz, 12 cores, 7G,  Windows 10 , 64 bit Build 19041 (10.0.19041.2251)
Time: Tue Nov 15 04:48:36 2022 GTB Standard Time elapsed time: 1.145164 seconds (0d 0h 0m 1s)

---------------  T H R E A D  ---------------

Current thread (0x0000024d17086730):  JavaThread "Attach Listener" daemon [_thread_in_vm, id=14252, stack(0x000000ba49f00000,0x000000ba4a000000)]

Stack: [0x000000ba49f00000,0x000000ba4a000000]
Native frames: (J=compiled Java code, j=interpreted, Vv=VM code, C=native code)
V  [jvm.dll+0x6ee8fa]
V  [jvm.dll+0x857a1e]
V  [jvm.dll+0x85940e]
V  [jvm.dll+0x859ac3]
V  [jvm.dll+0x28291f]
V  [jvm.dll+0x85369b]
V  [jvm.dll+0x693276]
V  [jvm.dll+0x6932da]
V  [jvm.dll+0x695bd3]
V  [jvm.dll+0x695a9e]
V  [jvm.dll+0x693c9e]
V  [jvm.dll+0x26e07f]
V  [jvm.dll+0x69e305]
V  [jvm.dll+0x21df42]
V  [jvm.dll+0x21e475]
V  [jvm.dll+0x21edd1]
V  [jvm.dll+0x214571]
V  [jvm.dll+0x5aa2d6]
V  [jvm.dll+0x22567a]
V  [jvm.dll+0x7ccb72]
V  [jvm.dll+0x7cdfba]
V  [jvm.dll+0x7ce2e8]
V  [jvm.dll+0x271d6b]
V  [jvm.dll+0x271f8f]
V  [jvm.dll+0x5cba38]
V  [jvm.dll+0x5ce997]
V  [jvm.dll+0x3ddf27]
V  [jvm.dll+0x3dd57f]
C  0x0000024d0755c181

Java frames: (J=compiled Java code, j=interpreted, Vv=VM code)
j  java.time.zone.ZoneOffsetTransitionRule.readExternal(Ljava/io/DataInput;)Ljava/time/zone/ZoneOffsetTransitionRule;+11 java.base@19
j  java.time.zone.ZoneRules.readExternal(Ljava/io/DataInput;)Ljava/time/zone/ZoneRules;+250 java.base@19
j  java.time.zone.Ser.readInternal(BLjava/io/DataInput;)Ljava/io/Serializable;+29 java.base@19
j  java.time.zone.Ser.read(Ljava/io/DataInput;)Ljava/io/Serializable;+9 java.base@19
j  java.time.zone.TzdbZoneRulesProvider.provideRules(Ljava/lang/String;Z)Ljava/time/zone/ZoneRules;+75 java.base@19
j  java.time.zone.ZoneRulesProvider.getRules(Ljava/lang/String;Z)Ljava/time/zone/ZoneRules;+13 java.base@19
j  java.time.ZoneRegion.ofId(Ljava/lang/String;Z)Ljava/time/ZoneRegion;+15 java.base@19
j  java.time.ZoneId.of(Ljava/lang/String;Z)Ljava/time/ZoneId;+81 java.base@19
j  java.time.ZoneId.of(Ljava/lang/String;)Ljava/time/ZoneId;+2 java.base@19
j  java.time.ZoneId.of(Ljava/lang/String;Ljava/util/Map;)Ljava/time/ZoneId;+33 java.base@19
j  java.util.TimeZone.toZoneId0()Ljava/time/ZoneId;+97 java.base@19
j  java.util.TimeZone.toZoneId()Ljava/time/ZoneId;+11 java.base@19
j  java.util.TimeZone.toZoneId0()Ljava/time/ZoneId;+30 java.base@19
j  java.util.TimeZone.toZoneId()Ljava/time/ZoneId;+11 java.base@19
j  sun.util.cldr.CLDRTimeZoneNameProviderImpl.getDisplayNameArray(Ljava/lang/String;Ljava/util/Locale;)[Ljava/lang/String;+153 java.base@19
j  sun.util.locale.provider.TimeZoneNameProviderImpl.getDisplayName(Ljava/lang/String;ZILjava/util/Locale;)Ljava/lang/String;+4 java.base@19
j  sun.util.locale.provider.TimeZoneNameUtility$TimeZoneNameGetter.getName(Ljava/util/spi/TimeZoneNameProvider;Ljava/util/Locale;Ljava/lang/String;ILjava/lang/String;)Ljava/lang/String;+126 java.base@19
j  sun.util.locale.provider.TimeZoneNameUtility$TimeZoneNameGetter.getObject(Ljava/util/spi/TimeZoneNameProvider;Ljava/util/Locale;Ljava/lang/String;[Ljava/lang/Object;)Ljava/lang/String;+49 java.base@19
j  sun.util.locale.provider.TimeZoneNameUtility$TimeZoneNameGetter.getObject(Ljava/util/spi/LocaleServiceProvider;Ljava/util/Locale;Ljava/lang/String;[Ljava/lang/Object;)Ljava/lang/Object;+9 java.base@19
j  sun.util.locale.provider.LocaleServiceProviderPool.getLocalizedObjectImpl(Lsun/util/locale/provider/LocaleServiceProviderPool$LocalizedObjectGetter;Ljava/util/Locale;ZLjava/lang/String;[Ljava/lang/Object;)Ljava/lang/Object;+93 java.base@19
j  sun.util.locale.provider.LocaleServiceProviderPool.getLocalizedObject(Lsun/util/locale/provider/LocaleServiceProviderPool$LocalizedObjectGetter;Ljava/util/Locale;Ljava/lang/String;[Ljava/lang/Object;)Ljava/lang/Object;+7 java.base@19
j  sun.util.locale.provider.TimeZoneNameUtility.retrieveDisplayNamesImpl(Ljava/lang/String;Ljava/util/Locale;)[Ljava/lang/String;+140 java.base@19
j  sun.util.locale.provider.TimeZoneNameUtility.retrieveDisplayName(Ljava/lang/String;ZILjava/util/Locale;)Ljava/lang/String;+2 java.base@19
j  java.util.TimeZone.getDisplayName(ZILjava/util/Locale;)Ljava/lang/String;+47 java.base@19
j  java.util.Date.toString()Ljava/lang/String;+150 java.base@19
J 1779 c1 java.lang.String.valueOf(Ljava/lang/Object;)Ljava/lang/String; java.base@19 (15 bytes) @ 0x0000024d0032fa7c [0x0000024d0032f940+0x000000000000013c]
j  java.lang.StringBuilder.append(Ljava/lang/Object;)Ljava/lang/StringBuilder;+2 java.base@19
j  java.util.Properties.writeDateComment(Ljava/io/BufferedWriter;)V+43 java.base@19
j  java.util.Properties.store0(Ljava/io/BufferedWriter;Ljava/lang/String;Z)V+10 java.base@19
j  java.util.Properties.store(Ljava/io/OutputStream;Ljava/lang/String;)V+21 java.base@19
j  jdk.internal.vm.VMSupport.serializePropertiesToByteArray(Ljava/util/Properties;)[B+77 java.base@19
j  jdk.internal.vm.VMSupport.serializeAgentPropertiesToByteArray()[B+3 java.base@19
v  ~StubRoutines::call_stub 0x0000024d0753100e

Compiled method (c1)    1170 1779       3       java.lang.String::valueOf (15 bytes)
 total in heap  [0x0000024d0032f790,0x0000024d0032fbd0] = 1088
 relocation     [0x0000024d0032f8f0,0x0000024d0032f930] = 64
 main code      [0x0000024d0032f940,0x0000024d0032fb00] = 448
 stub code      [0x0000024d0032fb00,0x0000024d0032fb48] = 72
 metadata       [0x0000024d0032fb48,0x0000024d0032fb50] = 8
 scopes data    [0x0000024d0032fb50,0x0000024d0032fb68] = 24
 scopes pcs     [0x0000024d0032fb68,0x0000024d0032fbb8] = 80
 dependencies   [0x0000024d0032fbb8,0x0000024d0032fbc0] = 8
 nul chk table  [0x0000024d0032fbc0,0x0000024d0032fbd0] = 16

[Constant Pool (empty)]

[MachCode]
[Verified Entry Point]
  # {method} {0x0000000800452f40} 'valueOf' '(Ljava/lang/Object;)Ljava/lang/String;' in 'java/lang/String'
  # parm0:    rdx:rdx   = 'java/lang/Object'
  #           [sp+0x40]  (sp of caller)
  0x0000024d0032f940: 8984 2400 | 90ff ff55 | 4883 ec30 

  0x0000024d0032f94c: ;   {metadata(method data for {method} {0x0000000800452f40} 'valueOf' '(Ljava/lang/Object;)Ljava/lang/String;' in 'java/lang/String')}
  0x0000024d0032f94c: 48be 2871 | 4d17 4d02 | 0000 8bbe | cc00 0000 | 83c7 0289 | becc 0000 | 0081 e7fe | 0700 0083 
  0x0000024d0032f96c: ff00 0f84 | 2101 0000 | 4883 fa00 

  0x0000024d0032f978: ;   {metadata(method data for {method} {0x0000000800452f40} 'valueOf' '(Ljava/lang/Object;)Ljava/lang/String;' in 'java/lang/String')}
  0x0000024d0032f978: 48be 2871 | 4d17 4d02 | 0000 48bf | 1001 0000 | 0000 0000 | 0f85 0a00 | 0000 48bf | 2001 0000 
  0x0000024d0032f998: 0000 0000 | 488b 1c3e | 488d 5b01 | 4889 1c3e | 0f85 1f00 

  0x0000024d0032f9ac: ;   {metadata(method data for {method} {0x0000000800452f40} 'valueOf' '(Ljava/lang/Object;)Ljava/lang/String;' in 'java/lang/String')}
  0x0000024d0032f9ac: 0000 48ba | 2871 4d17 | 4d02 0000 | ff82 3001 

  0x0000024d0032f9bc: ;   {oop("null"{0x0000000088a21510})}
  0x0000024d0032f9bc: 0000 48be | 1015 a288 | 0000 0000 | e9b2 0000 | 0048 3b02 

  0x0000024d0032f9d0: ;   {metadata(method data for {method} {0x0000000800452f40} 'valueOf' '(Ljava/lang/Object;)Ljava/lang/String;' in 'java/lang/String')}
  0x0000024d0032f9d0: 488b f248 | bf28 714d | 174d 0200 | 008b 7608 | 49ba 0000 | 0000 0800 | 0000 4903 | f248 3bb7 
  0x0000024d0032f9f0: 5801 0000 | 750d 4883 | 8760 0100 | 0001 e966 | 0000 0048 | 3bb7 6801 | 0000 750d | 4883 8770 
  0x0000024d0032fa10: 0100 0001 | e950 0000 | 0048 81bf | 5801 0000 | 0000 0000 | 7517 4889 | b758 0100 | 0048 c787 
  0x0000024d0032fa30: 6001 0000 | 0100 0000 | e92c 0000 | 0048 81bf | 6801 0000 | 0000 0000 | 7517 4889 | b768 0100 
  0x0000024d0032fa50: 0048 c787 | 7001 0000 | 0100 0000 | e908 0000 | 0048 8387 | 4801 0000 | 010f 1f40 | 0048 b8a0 
  0x0000024d0032fa70: 8900 0008 

  0x0000024d0032fa74: ;   {virtual_call}
  0x0000024d0032fa74: 0000 00e8 

  0x0000024d0032fa78: ; ImmutableOopMap {}
                      ;*invokevirtual toString {reexecute=0 rethrow=0 return_oop=0}
                      ; - java.lang.String::valueOf@11 (line 4225)
  0x0000024d0032fa78: 24f5 2507 | 488b f048 | 8bc6 4883 

  0x0000024d0032fa84: ;   {poll_return}
  0x0000024d0032fa84: c430 5d49 | 3ba7 7803 | 0000 0f87 | 2700 0000 

  0x0000024d0032fa94: ;   {metadata({method} {0x0000000800452f40} 'valueOf' '(Ljava/lang/Object;)Ljava/lang/String;' in 'java/lang/String')}
  0x0000024d0032fa94: c349 ba38 | 2f45 0008 | 0000 004c | 8954 2408 | 48c7 0424 | ffff ffff 

  0x0000024d0032faac: ;   {runtime_call counter_overflow Runtime1 stub}
  0x0000024d0032faac: e84f fc30 

  0x0000024d0032fab0: ; ImmutableOopMap {rdx=Oop }
                      ;*synchronization entry
                      ; - java.lang.String::valueOf@-1 (line 4225)
  0x0000024d0032fab0: 07e9 befe 

  0x0000024d0032fab4: ;   {runtime_call throw_null_pointer_exception Runtime1 stub}
  0x0000024d0032fab4: ffff e865 

  0x0000024d0032fab8: ; ImmutableOopMap {rdx=Oop }
                      ;*invokevirtual toString {reexecute=0 rethrow=0 return_oop=0}
                      ; - java.lang.String::valueOf@11 (line 4225)
                      ;   {internal_word}
  0x0000024d0032fab8: 9930 0749 | ba87 fa32 | 004d 0200 | 004d 8997 | 9003 0000 

  0x0000024d0032facc: ;   {runtime_call SafepointBlob}
  0x0000024d0032facc: e92f 8326 | 0749 8b87 | 2004 0000 | 49c7 8720 | 0400 0000 | 0000 0049 | c787 2804 | 0000 0000 
  0x0000024d0032faec: 0000 4883 

  0x0000024d0032faf0: ;   {runtime_call unwind_exception Runtime1 stub}
  0x0000024d0032faf0: c430 5de9 | 88b9 2707 | f4f4 f4f4 | f4f4 f4f4 
[Stub Code]
  0x0000024d0032fb00: ;   {no_reloc}
  0x0000024d0032fb00: 0f1f 4400 

  0x0000024d0032fb04: ;   {static_stub}
  0x0000024d0032fb04: 0048 bb00 | 0000 0000 

  0x0000024d0032fb0c: ;   {runtime_call}
  0x0000024d0032fb0c: 0000 00e9 | fbff ffff 
[Exception Handler]
  0x0000024d0032fb14: ;   {runtime_call handle_exception_from_callee Runtime1 stub}
  0x0000024d0032fb14: e8e7 bf30 

  0x0000024d0032fb18: ;   {external_word}
  0x0000024d0032fb18: 0748 b928 | 4913 97fe | 7f00 0048 

  0x0000024d0032fb24: ;   {runtime_call}
  0x0000024d0032fb24: 83e4 f049 | ba00 fede | 96fe 7f00 | 0041 ffd2 

  0x0000024d0032fb34: ;   {section_word}
  0x0000024d0032fb34: f449 ba35 | fb32 004d | 0200 0041 

  0x0000024d0032fb40: ;   {runtime_call DeoptimizationBlob}
  0x0000024d0032fb40: 52e9 5a75 | 2607 f4f4 
[/MachCode]


---------------  P R O C E S S  ---------------

Threads class SMR info:
_java_thread_list=0x0000024d1bddb4b0, length=14, elements={
0x0000024d764d3750, 0x0000024d1707fa60, 0x0000024d17081000, 0x0000024d17083c50,
0x0000024d17086730, 0x0000024d17087340, 0x0000024d17087f50, 0x0000024d1708c390,
0x0000024d17095ec0, 0x0000024d170a2dd0, 0x0000024d1b4b5d80, 0x0000024d1b63b910,
0x0000024d1b58d4f0, 0x0000024d1c53a480
}

Java Threads: ( => current thread )
  0x0000024d764d3750 JavaThread "main" [_thread_in_native, id=2896, stack(0x000000ba49500000,0x000000ba49600000)]
  0x0000024d1707fa60 JavaThread "Reference Handler" daemon [_thread_blocked, id=8884, stack(0x000000ba49c00000,0x000000ba49d00000)]
  0x0000024d17081000 JavaThread "Finalizer" daemon [_thread_blocked, id=400, stack(0x000000ba49d00000,0x000000ba49e00000)]
  0x0000024d17083c50 JavaThread "Signal Dispatcher" daemon [_thread_blocked, id=5636, stack(0x000000ba49e00000,0x000000ba49f00000)]
=>0x0000024d17086730 JavaThread "Attach Listener" daemon [_thread_in_vm, id=14252, stack(0x000000ba49f00000,0x000000ba4a000000)]
  0x0000024d17087340 JavaThread "Service Thread" daemon [_thread_blocked, id=12708, stack(0x000000ba4a000000,0x000000ba4a100000)]
  0x0000024d17087f50 JavaThread "Monitor Deflation Thread" daemon [_thread_blocked, id=3572, stack(0x000000ba4a100000,0x000000ba4a200000)]
  0x0000024d1708c390 JavaThread "C2 CompilerThread0" daemon [_thread_in_native, id=20916, stack(0x000000ba4a200000,0x000000ba4a300000)]
  0x0000024d17095ec0 JavaThread "C1 CompilerThread0" daemon [_thread_in_vm, id=272, stack(0x000000ba4a300000,0x000000ba4a400000)]
  0x0000024d170a2dd0 JavaThread "Sweeper thread" daemon [_thread_blocked, id=3508, stack(0x000000ba4a400000,0x000000ba4a500000)]
  0x0000024d1b4b5d80 JavaThread "Common-Cleaner" daemon [_thread_blocked, id=16768, stack(0x000000ba4a500000,0x000000ba4a600000)]
  0x0000024d1b63b910 JavaThread "Monitor Ctrl-Break" daemon [_thread_in_native, id=10996, stack(0x000000ba4a600000,0x000000ba4a700000)]
  0x0000024d1b58d4f0 JavaThread "Notification Thread" daemon [_thread_blocked, id=14504, stack(0x000000ba4a700000,0x000000ba4a800000)]
  0x0000024d1c53a480 JavaThread "C2 CompilerThread1" daemon [_thread_blocked, id=14488, stack(0x000000ba4a900000,0x000000ba4aa00000)]

Other Threads:
  0x0000024d17064300 VMThread "VM Thread" [stack: 0x000000ba49b00000,0x000000ba49c00000] [id=2620]
  0x0000024d1b62d6e0 WatcherThread "VM Periodic Task Thread" [stack: 0x000000ba4a800000,0x000000ba4a900000] [id=8240]
  0x0000024d7652ccd0 WorkerThread "GC Thread#0" [stack: 0x000000ba49600000,0x000000ba49700000] [id=6192]
  0x0000024d1b75df70 WorkerThread "GC Thread#1" [stack: 0x000000ba4aa00000,0x000000ba4ab00000] [id=800]
  0x0000024d1b75e240 WorkerThread "GC Thread#2" [stack: 0x000000ba4ab00000,0x000000ba4ac00000] [id=21476]
  0x0000024d1b75d430 WorkerThread "GC Thread#3" [stack: 0x000000ba4ac00000,0x000000ba4ad00000] [id=3844]
  0x0000024d1b75c620 WorkerThread "GC Thread#4" [stack: 0x000000ba4ad00000,0x000000ba4ae00000] [id=19996]
  0x0000024d1b75c8f0 WorkerThread "GC Thread#5" [stack: 0x000000ba4ae00000,0x000000ba4af00000] [id=11564]
  0x0000024d1b75cbc0 WorkerThread "GC Thread#6" [stack: 0x000000ba4af00000,0x000000ba4b000000] [id=18364]
  0x0000024d1b75d9d0 WorkerThread "GC Thread#7" [stack: 0x000000ba4b000000,0x000000ba4b100000] [id=14744]
  0x0000024d7653d6c0 ConcurrentGCThread "G1 Main Marker" [stack: 0x000000ba49700000,0x000000ba49800000] [id=20840]
  0x0000024d7653fa40 WorkerThread "G1 Conc#0" [stack: 0x000000ba49800000,0x000000ba49900000] [id=1468]
  0x0000024d16f1d520 ConcurrentGCThread "G1 Refine#0" [stack: 0x000000ba49900000,0x000000ba49a00000] [id=20888]
  0x0000024d16f1ee80 ConcurrentGCThread "G1 Service" [stack: 0x000000ba49a00000,0x000000ba49b00000] [id=13624]

Threads with active compile tasks:
C2 CompilerThread0     1175 1813       4       java.util.HashMap::putVal (300 bytes)
C1 CompilerThread0     1175 1841       3       java.io.DataInputStream::readByte (23 bytes)

VM state: not at safepoint (normal execution)

VM Mutex/Monitor currently owned by a thread:  ([mutex/lock_event])
[0x0000024d764cc1e0] Metaspace_lock - owner thread: 0x0000024d17086730
[0x0000024d764cd730] MethodData_lock - owner thread: 0x0000024d17095ec0

Heap address: 0x0000000082400000, size: 2012 MB, Compressed Oops mode: 32-bit

CDS archive(s) mapped at: [0x0000000800000000-0x0000000800c40000-0x0000000800c40000), size 12845056, SharedBaseAddress: 0x0000000800000000, ArchiveRelocationMode: 0.
Compressed class space mapped at: 0x0000000801000000-0x0000000841000000, reserved size: 1073741824
Narrow klass base: 0x0000000800000000, Narrow klass shift: 0, Narrow klass range: 0x100000000

GC Precious Log:
 CardTable entry size: 512
 Card Set container configuration: InlinePtr #cards 5 size 8 Array Of Cards #cards 12 size 40 Howl #buckets 4 coarsen threshold 1843 Howl Bitmap #cards 512 size 80 coarsen threshold 460 Card regions per heap region 1 cards per card region 2048
 CPUs: 12 total, 12 available
 Memory: 8041M
 Large Page Support: Disabled
 NUMA Support: Disabled
 Compressed Oops: Enabled (32-bit)
 Heap Region Size: 1M
 Heap Min Capacity: 8M
 Heap Initial Capacity: 126M
 Heap Max Capacity: 2012M
 Pre-touch: Disabled
 Parallel Workers: 10
 Concurrent Workers: 3
 Concurrent Refinement Workers: 10
 Periodic GC: Disabled

Heap:
 garbage-first heap   total 129024K, used 6890K [0x0000000082400000, 0x0000000100000000)
  region size 1024K, 8 young (8192K), 3 survivors (3072K)
 Metaspace       used 7439K, committed 7680K, reserved 1114112K
  class space    used 695K, committed 832K, reserved 1048576K

Heap Regions: E=young(eden), S=young(survivor), O=old, HS=humongous(starts), HC=humongous(continues), CS=collection set, F=free, OA=open archive, CA=closed archive, TAMS=top-at-mark-start (previous, next)
|   0|0x0000000082400000, 0x0000000082400000, 0x0000000082500000|  0%| F|  |TAMS 0x0000000082400000, 0x0000000082400000| Untracked 
|   1|0x0000000082500000, 0x0000000082500000, 0x0000000082600000|  0%| F|  |TAMS 0x0000000082500000, 0x0000000082500000| Untracked 
|   2|0x0000000082600000, 0x0000000082600000, 0x0000000082700000|  0%| F|  |TAMS 0x0000000082600000, 0x0000000082600000| Untracked 
|   3|0x0000000082700000, 0x0000000082700000, 0x0000000082800000|  0%| F|  |TAMS 0x0000000082700000, 0x0000000082700000| Untracked 
|   4|0x0000000082800000, 0x0000000082800000, 0x0000000082900000|  0%| F|  |TAMS 0x0000000082800000, 0x0000000082800000| Untracked 
|   5|0x0000000082900000, 0x0000000082900000, 0x0000000082a00000|  0%| F|  |TAMS 0x0000000082900000, 0x0000000082900000| Untracked 
|   6|0x0000000082a00000, 0x0000000082a00000, 0x0000000082b00000|  0%| F|  |TAMS 0x0000000082a00000, 0x0000000082a00000| Untracked 
|   7|0x0000000082b00000, 0x0000000082b00000, 0x0000000082c00000|  0%| F|  |TAMS 0x0000000082b00000, 0x0000000082b00000| Untracked 
|   8|0x0000000082c00000, 0x0000000082c00000, 0x0000000082d00000|  0%| F|  |TAMS 0x0000000082c00000, 0x0000000082c00000| Untracked 
|   9|0x0000000082d00000, 0x0000000082d00000, 0x0000000082e00000|  0%| F|  |TAMS 0x0000000082d00000, 0x0000000082d00000| Untracked 
|  10|0x0000000082e00000, 0x0000000082e00000, 0x0000000082f00000|  0%| F|  |TAMS 0x0000000082e00000, 0x0000000082e00000| Untracked 
|  11|0x0000000082f00000, 0x0000000082f00000, 0x0000000083000000|  0%| F|  |TAMS 0x0000000082f00000, 0x0000000082f00000| Untracked 
|  12|0x0000000083000000, 0x0000000083000000, 0x0000000083100000|  0%| F|  |TAMS 0x0000000083000000, 0x0000000083000000| Untracked 
|  13|0x0000000083100000, 0x0000000083100000, 0x0000000083200000|  0%| F|  |TAMS 0x0000000083100000, 0x0000000083100000| Untracked 
|  14|0x0000000083200000, 0x0000000083200000, 0x0000000083300000|  0%| F|  |TAMS 0x0000000083200000, 0x0000000083200000| Untracked 
|  15|0x0000000083300000, 0x0000000083300000, 0x0000000083400000|  0%| F|  |TAMS 0x0000000083300000, 0x0000000083300000| Untracked 
|  16|0x0000000083400000, 0x0000000083400000, 0x0000000083500000|  0%| F|  |TAMS 0x0000000083400000, 0x0000000083400000| Untracked 
|  17|0x0000000083500000, 0x0000000083500000, 0x0000000083600000|  0%| F|  |TAMS 0x0000000083500000, 0x0000000083500000| Untracked 
|  18|0x0000000083600000, 0x0000000083600000, 0x0000000083700000|  0%| F|  |TAMS 0x0000000083600000, 0x0000000083600000| Untracked 
|  19|0x0000000083700000, 0x0000000083700000, 0x0000000083800000|  0%| F|  |TAMS 0x0000000083700000, 0x0000000083700000| Untracked 
|  20|0x0000000083800000, 0x0000000083800000, 0x0000000083900000|  0%| F|  |TAMS 0x0000000083800000, 0x0000000083800000| Untracked 
|  21|0x0000000083900000, 0x0000000083900000, 0x0000000083a00000|  0%| F|  |TAMS 0x0000000083900000, 0x0000000083900000| Untracked 
|  22|0x0000000083a00000, 0x0000000083a00000, 0x0000000083b00000|  0%| F|  |TAMS 0x0000000083a00000, 0x0000000083a00000| Untracked 
|  23|0x0000000083b00000, 0x0000000083b00000, 0x0000000083c00000|  0%| F|  |TAMS 0x0000000083b00000, 0x0000000083b00000| Untracked 
|  24|0x0000000083c00000, 0x0000000083c00000, 0x0000000083d00000|  0%| F|  |TAMS 0x0000000083c00000, 0x0000000083c00000| Untracked 
|  25|0x0000000083d00000, 0x0000000083d00000, 0x0000000083e00000|  0%| F|  |TAMS 0x0000000083d00000, 0x0000000083d00000| Untracked 
|  26|0x0000000083e00000, 0x0000000083e00000, 0x0000000083f00000|  0%| F|  |TAMS 0x0000000083e00000, 0x0000000083e00000| Untracked 
|  27|0x0000000083f00000, 0x0000000083f00000, 0x0000000084000000|  0%| F|  |TAMS 0x0000000083f00000, 0x0000000083f00000| Untracked 
|  28|0x0000000084000000, 0x0000000084000000, 0x0000000084100000|  0%| F|  |TAMS 0x0000000084000000, 0x0000000084000000| Untracked 
|  29|0x0000000084100000, 0x0000000084100000, 0x0000000084200000|  0%| F|  |TAMS 0x0000000084100000, 0x0000000084100000| Untracked 
|  30|0x0000000084200000, 0x0000000084200000, 0x0000000084300000|  0%| F|  |TAMS 0x0000000084200000, 0x0000000084200000| Untracked 
|  31|0x0000000084300000, 0x0000000084300000, 0x0000000084400000|  0%| F|  |TAMS 0x0000000084300000, 0x0000000084300000| Untracked 
|  32|0x0000000084400000, 0x0000000084400000, 0x0000000084500000|  0%| F|  |TAMS 0x0000000084400000, 0x0000000084400000| Untracked 
|  33|0x0000000084500000, 0x0000000084500000, 0x0000000084600000|  0%| F|  |TAMS 0x0000000084500000, 0x0000000084500000| Untracked 
|  34|0x0000000084600000, 0x0000000084600000, 0x0000000084700000|  0%| F|  |TAMS 0x0000000084600000, 0x0000000084600000| Untracked 
|  35|0x0000000084700000, 0x0000000084700000, 0x0000000084800000|  0%| F|  |TAMS 0x0000000084700000, 0x0000000084700000| Untracked 
|  36|0x0000000084800000, 0x0000000084800000, 0x0000000084900000|  0%| F|  |TAMS 0x0000000084800000, 0x0000000084800000| Untracked 
|  37|0x0000000084900000, 0x0000000084900000, 0x0000000084a00000|  0%| F|  |TAMS 0x0000000084900000, 0x0000000084900000| Untracked 
|  38|0x0000000084a00000, 0x0000000084a00000, 0x0000000084b00000|  0%| F|  |TAMS 0x0000000084a00000, 0x0000000084a00000| Untracked 
|  39|0x0000000084b00000, 0x0000000084b00000, 0x0000000084c00000|  0%| F|  |TAMS 0x0000000084b00000, 0x0000000084b00000| Untracked 
|  40|0x0000000084c00000, 0x0000000084c00000, 0x0000000084d00000|  0%| F|  |TAMS 0x0000000084c00000, 0x0000000084c00000| Untracked 
|  41|0x0000000084d00000, 0x0000000084d00000, 0x0000000084e00000|  0%| F|  |TAMS 0x0000000084d00000, 0x0000000084d00000| Untracked 
|  42|0x0000000084e00000, 0x0000000084e00000, 0x0000000084f00000|  0%| F|  |TAMS 0x0000000084e00000, 0x0000000084e00000| Untracked 
|  43|0x0000000084f00000, 0x0000000084f00000, 0x0000000085000000|  0%| F|  |TAMS 0x0000000084f00000, 0x0000000084f00000| Untracked 
|  44|0x0000000085000000, 0x0000000085000000, 0x0000000085100000|  0%| F|  |TAMS 0x0000000085000000, 0x0000000085000000| Untracked 
|  45|0x0000000085100000, 0x0000000085100000, 0x0000000085200000|  0%| F|  |TAMS 0x0000000085100000, 0x0000000085100000| Untracked 
|  46|0x0000000085200000, 0x0000000085200000, 0x0000000085300000|  0%| F|  |TAMS 0x0000000085200000, 0x0000000085200000| Untracked 
|  47|0x0000000085300000, 0x0000000085300000, 0x0000000085400000|  0%| F|  |TAMS 0x0000000085300000, 0x0000000085300000| Untracked 
|  48|0x0000000085400000, 0x0000000085400000, 0x0000000085500000|  0%| F|  |TAMS 0x0000000085400000, 0x0000000085400000| Untracked 
|  49|0x0000000085500000, 0x0000000085500000, 0x0000000085600000|  0%| F|  |TAMS 0x0000000085500000, 0x0000000085500000| Untracked 
|  50|0x0000000085600000, 0x0000000085600000, 0x0000000085700000|  0%| F|  |TAMS 0x0000000085600000, 0x0000000085600000| Untracked 
|  51|0x0000000085700000, 0x0000000085700000, 0x0000000085800000|  0%| F|  |TAMS 0x0000000085700000, 0x0000000085700000| Untracked 
|  52|0x0000000085800000, 0x0000000085800000, 0x0000000085900000|  0%| F|  |TAMS 0x0000000085800000, 0x0000000085800000| Untracked 
|  53|0x0000000085900000, 0x0000000085900000, 0x0000000085a00000|  0%| F|  |TAMS 0x0000000085900000, 0x0000000085900000| Untracked 
|  54|0x0000000085a00000, 0x0000000085a00000, 0x0000000085b00000|  0%| F|  |TAMS 0x0000000085a00000, 0x0000000085a00000| Untracked 
|  55|0x0000000085b00000, 0x0000000085b00000, 0x0000000085c00000|  0%| F|  |TAMS 0x0000000085b00000, 0x0000000085b00000| Untracked 
|  56|0x0000000085c00000, 0x0000000085c00000, 0x0000000085d00000|  0%| F|  |TAMS 0x0000000085c00000, 0x0000000085c00000| Untracked 
|  57|0x0000000085d00000, 0x0000000085d00000, 0x0000000085e00000|  0%| F|  |TAMS 0x0000000085d00000, 0x0000000085d00000| Untracked 
|  58|0x0000000085e00000, 0x0000000085e00000, 0x0000000085f00000|  0%| F|  |TAMS 0x0000000085e00000, 0x0000000085e00000| Untracked 
|  59|0x0000000085f00000, 0x0000000085f00000, 0x0000000086000000|  0%| F|  |TAMS 0x0000000085f00000, 0x0000000085f00000| Untracked 
|  60|0x0000000086000000, 0x0000000086000000, 0x0000000086100000|  0%| F|  |TAMS 0x0000000086000000, 0x0000000086000000| Untracked 
|  61|0x0000000086100000, 0x0000000086100000, 0x0000000086200000|  0%| F|  |TAMS 0x0000000086100000, 0x0000000086100000| Untracked 
|  62|0x0000000086200000, 0x0000000086200000, 0x0000000086300000|  0%| F|  |TAMS 0x0000000086200000, 0x0000000086200000| Untracked 
|  63|0x0000000086300000, 0x0000000086300000, 0x0000000086400000|  0%| F|  |TAMS 0x0000000086300000, 0x0000000086300000| Untracked 
|  64|0x0000000086400000, 0x0000000086400000, 0x0000000086500000|  0%| F|  |TAMS 0x0000000086400000, 0x0000000086400000| Untracked 
|  65|0x0000000086500000, 0x0000000086500000, 0x0000000086600000|  0%| F|  |TAMS 0x0000000086500000, 0x0000000086500000| Untracked 
|  66|0x0000000086600000, 0x0000000086600000, 0x0000000086700000|  0%| F|  |TAMS 0x0000000086600000, 0x0000000086600000| Untracked 
|  67|0x0000000086700000, 0x0000000086700000, 0x0000000086800000|  0%| F|  |TAMS 0x0000000086700000, 0x0000000086700000| Untracked 
|  68|0x0000000086800000, 0x0000000086800000, 0x0000000086900000|  0%| F|  |TAMS 0x0000000086800000, 0x0000000086800000| Untracked 
|  69|0x0000000086900000, 0x0000000086900000, 0x0000000086a00000|  0%| F|  |TAMS 0x0000000086900000, 0x0000000086900000| Untracked 
|  70|0x0000000086a00000, 0x0000000086a00000, 0x0000000086b00000|  0%| F|  |TAMS 0x0000000086a00000, 0x0000000086a00000| Untracked 
|  71|0x0000000086b00000, 0x0000000086b00000, 0x0000000086c00000|  0%| F|  |TAMS 0x0000000086b00000, 0x0000000086b00000| Untracked 
|  72|0x0000000086c00000, 0x0000000086c00000, 0x0000000086d00000|  0%| F|  |TAMS 0x0000000086c00000, 0x0000000086c00000| Untracked 
|  73|0x0000000086d00000, 0x0000000086d00000, 0x0000000086e00000|  0%| F|  |TAMS 0x0000000086d00000, 0x0000000086d00000| Untracked 
|  74|0x0000000086e00000, 0x0000000086e00000, 0x0000000086f00000|  0%| F|  |TAMS 0x0000000086e00000, 0x0000000086e00000| Untracked 
|  75|0x0000000086f00000, 0x0000000086f00000, 0x0000000087000000|  0%| F|  |TAMS 0x0000000086f00000, 0x0000000086f00000| Untracked 
|  76|0x0000000087000000, 0x0000000087000000, 0x0000000087100000|  0%| F|  |TAMS 0x0000000087000000, 0x0000000087000000| Untracked 
|  77|0x0000000087100000, 0x0000000087100000, 0x0000000087200000|  0%| F|  |TAMS 0x0000000087100000, 0x0000000087100000| Untracked 
|  78|0x0000000087200000, 0x0000000087200000, 0x0000000087300000|  0%| F|  |TAMS 0x0000000087200000, 0x0000000087200000| Untracked 
|  79|0x0000000087300000, 0x0000000087300000, 0x0000000087400000|  0%| F|  |TAMS 0x0000000087300000, 0x0000000087300000| Untracked 
|  80|0x0000000087400000, 0x0000000087400000, 0x0000000087500000|  0%| F|  |TAMS 0x0000000087400000, 0x0000000087400000| Untracked 
|  81|0x0000000087500000, 0x0000000087500000, 0x0000000087600000|  0%| F|  |TAMS 0x0000000087500000, 0x0000000087500000| Untracked 
|  82|0x0000000087600000, 0x0000000087600000, 0x0000000087700000|  0%| F|  |TAMS 0x0000000087600000, 0x0000000087600000| Untracked 
|  83|0x0000000087700000, 0x0000000087700000, 0x0000000087800000|  0%| F|  |TAMS 0x0000000087700000, 0x0000000087700000| Untracked 
|  84|0x0000000087800000, 0x0000000087800000, 0x0000000087900000|  0%| F|  |TAMS 0x0000000087800000, 0x0000000087800000| Untracked 
|  85|0x0000000087900000, 0x0000000087900000, 0x0000000087a00000|  0%| F|  |TAMS 0x0000000087900000, 0x0000000087900000| Untracked 
|  86|0x0000000087a00000, 0x0000000087a00000, 0x0000000087b00000|  0%| F|  |TAMS 0x0000000087a00000, 0x0000000087a00000| Untracked 
|  87|0x0000000087b00000, 0x0000000087b00000, 0x0000000087c00000|  0%| F|  |TAMS 0x0000000087b00000, 0x0000000087b00000| Untracked 
|  88|0x0000000087c00000, 0x0000000087c00000, 0x0000000087d00000|  0%| F|  |TAMS 0x0000000087c00000, 0x0000000087c00000| Untracked 
|  89|0x0000000087d00000, 0x0000000087d00000, 0x0000000087e00000|  0%| F|  |TAMS 0x0000000087d00000, 0x0000000087d00000| Untracked 
|  90|0x0000000087e00000, 0x0000000087e00000, 0x0000000087f00000|  0%| F|  |TAMS 0x0000000087e00000, 0x0000000087e00000| Untracked 
|  91|0x0000000087f00000, 0x0000000087f00000, 0x0000000088000000|  0%| F|  |TAMS 0x0000000087f00000, 0x0000000087f00000| Untracked 
|  92|0x0000000088000000, 0x0000000088000000, 0x0000000088100000|  0%| F|  |TAMS 0x0000000088000000, 0x0000000088000000| Untracked 
|  93|0x0000000088100000, 0x0000000088100000, 0x0000000088200000|  0%| F|  |TAMS 0x0000000088100000, 0x0000000088100000| Untracked 
|  94|0x0000000088200000, 0x0000000088200000, 0x0000000088300000|  0%| F|  |TAMS 0x0000000088200000, 0x0000000088200000| Untracked 
|  95|0x0000000088300000, 0x0000000088300000, 0x0000000088400000|  0%| F|  |TAMS 0x0000000088300000, 0x0000000088300000| Untracked 
|  96|0x0000000088400000, 0x0000000088400000, 0x0000000088500000|  0%| F|  |TAMS 0x0000000088400000, 0x0000000088400000| Untracked 
|  97|0x0000000088500000, 0x0000000088500000, 0x0000000088600000|  0%| F|  |TAMS 0x0000000088500000, 0x0000000088500000| Untracked 
|  98|0x0000000088600000, 0x0000000088600000, 0x0000000088700000|  0%| F|  |TAMS 0x0000000088600000, 0x0000000088600000| Untracked 
|  99|0x0000000088700000, 0x0000000088700000, 0x0000000088800000|  0%| F|  |TAMS 0x0000000088700000, 0x0000000088700000| Untracked 
| 100|0x0000000088800000, 0x00000000888baa98, 0x0000000088900000| 72%| S|CS|TAMS 0x0000000088800000, 0x0000000088800000| Complete 
| 101|0x0000000088900000, 0x0000000088a00000, 0x0000000088a00000|100%| S|CS|TAMS 0x0000000088900000, 0x0000000088900000| Complete 
| 102|0x0000000088a00000, 0x0000000088b00000, 0x0000000088b00000|100%| S|CS|TAMS 0x0000000088a00000, 0x0000000088a00000| Complete 
| 103|0x0000000088b00000, 0x0000000088b00000, 0x0000000088c00000|  0%| F|  |TAMS 0x0000000088b00000, 0x0000000088b00000| Untracked 
| 104|0x0000000088c00000, 0x0000000088c00000, 0x0000000088d00000|  0%| F|  |TAMS 0x0000000088c00000, 0x0000000088c00000| Untracked 
| 105|0x0000000088d00000, 0x0000000088d00000, 0x0000000088e00000|  0%| F|  |TAMS 0x0000000088d00000, 0x0000000088d00000| Untracked 
| 106|0x0000000088e00000, 0x0000000088e00000, 0x0000000088f00000|  0%| F|  |TAMS 0x0000000088e00000, 0x0000000088e00000| Untracked 
| 107|0x0000000088f00000, 0x0000000088f00000, 0x0000000089000000|  0%| F|  |TAMS 0x0000000088f00000, 0x0000000088f00000| Untracked 
| 108|0x0000000089000000, 0x0000000089000000, 0x0000000089100000|  0%| F|  |TAMS 0x0000000089000000, 0x0000000089000000| Untracked 
| 109|0x0000000089100000, 0x0000000089100000, 0x0000000089200000|  0%| F|  |TAMS 0x0000000089100000, 0x0000000089100000| Untracked 
| 110|0x0000000089200000, 0x0000000089200000, 0x0000000089300000|  0%| F|  |TAMS 0x0000000089200000, 0x0000000089200000| Untracked 
| 111|0x0000000089300000, 0x0000000089300000, 0x0000000089400000|  0%| F|  |TAMS 0x0000000089300000, 0x0000000089300000| Untracked 
| 112|0x0000000089400000, 0x0000000089400000, 0x0000000089500000|  0%| F|  |TAMS 0x0000000089400000, 0x0000000089400000| Untracked 
| 113|0x0000000089500000, 0x0000000089500000, 0x0000000089600000|  0%| F|  |TAMS 0x0000000089500000, 0x0000000089500000| Untracked 
| 114|0x0000000089600000, 0x0000000089600000, 0x0000000089700000|  0%| F|  |TAMS 0x0000000089600000, 0x0000000089600000| Untracked 
| 115|0x0000000089700000, 0x0000000089700000, 0x0000000089800000|  0%| F|  |TAMS 0x0000000089700000, 0x0000000089700000| Untracked 
| 116|0x0000000089800000, 0x0000000089800000, 0x0000000089900000|  0%| F|  |TAMS 0x0000000089800000, 0x0000000089800000| Untracked 
| 117|0x0000000089900000, 0x0000000089900000, 0x0000000089a00000|  0%| F|  |TAMS 0x0000000089900000, 0x0000000089900000| Untracked 
| 118|0x0000000089a00000, 0x0000000089a00000, 0x0000000089b00000|  0%| F|  |TAMS 0x0000000089a00000, 0x0000000089a00000| Untracked 
| 119|0x0000000089b00000, 0x0000000089b00000, 0x0000000089c00000|  0%| F|  |TAMS 0x0000000089b00000, 0x0000000089b00000| Untracked 
| 120|0x0000000089c00000, 0x0000000089c00000, 0x0000000089d00000|  0%| F|  |TAMS 0x0000000089c00000, 0x0000000089c00000| Untracked 
| 121|0x0000000089d00000, 0x0000000089dce4f0, 0x0000000089e00000| 80%| E|  |TAMS 0x0000000089d00000, 0x0000000089d00000| Complete 
| 122|0x0000000089e00000, 0x0000000089f00000, 0x0000000089f00000|100%| E|CS|TAMS 0x0000000089e00000, 0x0000000089e00000| Complete 
| 123|0x0000000089f00000, 0x000000008a000000, 0x000000008a000000|100%| E|CS|TAMS 0x0000000089f00000, 0x0000000089f00000| Complete 
| 124|0x000000008a000000, 0x000000008a100000, 0x000000008a100000|100%| E|CS|TAMS 0x000000008a000000, 0x000000008a000000| Complete 
| 125|0x000000008a100000, 0x000000008a200000, 0x000000008a200000|100%| E|CS|TAMS 0x000000008a100000, 0x000000008a100000| Complete 

Card table byte_map: [0x0000024d0fd80000,0x0000024d10170000] _byte_map_base: 0x0000024d0f96e000

Marking Bits (Prev, Next): (CMBitMap*) 0x0000024d7652d210, (CMBitMap*) 0x0000024d7652d250
 Prev Bits: [0x0000024d10560000, 0x0000024d124d0000)
 Next Bits: [0x0000024d124d0000, 0x0000024d14440000)

Polling page: 0x0000024d7fbe0000

Metaspace:

Usage:
  Non-class:      6.59 MB used.
      Class:    695.88 KB used.
       Both:      7.27 MB used.

Virtual space:
  Non-class space:       64.00 MB reserved,       6.69 MB ( 10%) committed,  1 nodes.
      Class space:        1.00 GB reserved,     832.00 KB ( <1%) committed,  1 nodes.
             Both:        1.06 GB reserved,       7.50 MB ( <1%) committed. 

Chunk freelists:
   Non-Class:  3.59 MB
       Class:  3.18 MB
        Both:  6.78 MB

MaxMetaspaceSize: unlimited
CompressedClassSpaceSize: 1.00 GB
Initial GC threshold: 21.00 MB
Current GC threshold: 21.00 MB
CDS: on
MetaspaceReclaimPolicy: balanced
 - commit_granule_bytes: 65536.
 - commit_granule_words: 8192.
 - virtual_space_node_default_size: 8388608.
 - enlarge_chunks_in_place: 1.
 - new_chunks_are_fully_committed: 0.
 - uncommit_free_chunks: 1.
 - use_allocation_guard: 0.


Internal statistics:

num_allocs_failed_limit: 0.
num_arena_births: 242.
num_arena_deaths: 0.
num_vsnodes_births: 2.
num_vsnodes_deaths: 0.
num_space_committed: 120.
num_space_uncommitted: 0.
num_chunks_returned_to_freelist: 0.
num_chunks_taken_from_freelist: 467.
num_chunk_merges: 0.
num_chunk_splits: 331.
num_chunks_enlarged: 237.
num_inconsistent_stats: 0.

CodeHeap 'non-profiled nmethods': size=120000Kb used=583Kb max_used=583Kb free=119417Kb
 bounds [0x0000024d07ad0000, 0x0000024d07d40000, 0x0000024d0f000000]
CodeHeap 'profiled nmethods': size=120000Kb used=3347Kb max_used=3347Kb free=116652Kb
 bounds [0x0000024d00000000, 0x0000024d00350000, 0x0000024d07530000]
CodeHeap 'non-nmethods': size=5760Kb used=1284Kb max_used=1318Kb free=4475Kb
 bounds [0x0000024d07530000, 0x0000024d077a0000, 0x0000024d07ad0000]
 total_blobs=2343 nmethods=1839 adapters=415
 compilation: enabled
              stopped_count=0, restarted_count=0
 full_count=0

Compilation events (20 events):
Event: 1.141 Thread 0x0000024d17095ec0 nmethod 1828 0x0000024d0033fe10 code [0x0000024d0033ffe0, 0x0000024d00340298]
Event: 1.141 Thread 0x0000024d17095ec0 1829       3       java.util.ImmutableCollections$List12::size (16 bytes)
Event: 1.141 Thread 0x0000024d17095ec0 nmethod 1829 0x0000024d00340410 code [0x0000024d003405c0, 0x0000024d00340758]
Event: 1.141 Thread 0x0000024d17095ec0 1831       3       java.util.ImmutableCollections$ListN::get (7 bytes)
Event: 1.141 Thread 0x0000024d17095ec0 nmethod 1831 0x0000024d00340810 code [0x0000024d003409a0, 0x0000024d00340ad8]
Event: 1.141 Thread 0x0000024d17095ec0 1830       3       java.util.HashMap$ValueIterator::next (8 bytes)
Event: 1.141 Thread 0x0000024d17095ec0 nmethod 1830 0x0000024d00340b90 code [0x0000024d00340d40, 0x0000024d00340e88]
Event: 1.141 Thread 0x0000024d17095ec0 1832       1       java.lang.Module::getDescriptor (5 bytes)
Event: 1.141 Thread 0x0000024d17095ec0 nmethod 1832 0x0000024d07b5ff90 code [0x0000024d07b60120, 0x0000024d07b601d8]
Event: 1.141 Thread 0x0000024d17095ec0 1833       3       java.nio.Buffer::checkIndex (9 bytes)
Event: 1.142 Thread 0x0000024d17095ec0 nmethod 1833 0x0000024d00340f90 code [0x0000024d00341140, 0x0000024d003412f8]
Event: 1.142 Thread 0x0000024d17095ec0 1837       3       java.util.Optional::orElse (16 bytes)
Event: 1.142 Thread 0x0000024d17095ec0 nmethod 1837 0x0000024d00341410 code [0x0000024d003415c0, 0x0000024d00341738]
Event: 1.142 Thread 0x0000024d17095ec0 1835   !   3       java.nio.DirectByteBuffer::get (34 bytes)
Event: 1.142 Thread 0x0000024d17095ec0 nmethod 1835 0x0000024d00341810 code [0x0000024d00341a60, 0x0000024d00342418]
Event: 1.142 Thread 0x0000024d17095ec0 1836       3       java.nio.DirectByteBuffer::ix (10 bytes)
Event: 1.142 Thread 0x0000024d17095ec0 nmethod 1836 0x0000024d00342910 code [0x0000024d00342aa0, 0x0000024d00342bb8]
Event: 1.142 Thread 0x0000024d17095ec0 1838   !   3       jdk.internal.misc.ScopedMemoryAccess::getByte (16 bytes)
Event: 1.143 Thread 0x0000024d17095ec0 nmethod 1838 0x0000024d00342c90 code [0x0000024d00342e60, 0x0000024d00343258]
Event: 1.143 Thread 0x0000024d17095ec0 1840       3       jdk.internal.jimage.ImageStringsReader::unmaskedHashCode (166 bytes)

GC Heap History (2 events):
Event: 0.767 GC heap before
{Heap before GC invocations=0 (full 0):
 garbage-first heap   total 129024K, used 23552K [0x0000000082400000, 0x0000000100000000)
  region size 1024K, 23 young (23552K), 0 survivors (0K)
 Metaspace       used 6765K, committed 6976K, reserved 1114112K
  class space    used 639K, committed 768K, reserved 1048576K
}
Event: 0.772 GC heap after
{Heap after GC invocations=1 (full 0):
 garbage-first heap   total 129024K, used 2794K [0x0000000082400000, 0x0000000100000000)
  region size 1024K, 3 young (3072K), 3 survivors (3072K)
 Metaspace       used 6765K, committed 6976K, reserved 1114112K
  class space    used 639K, committed 768K, reserved 1048576K
}

Dll operation events (10 events):
Event: 0.007 Loaded shared library C:\Program Files\java\openjdk-19_windows-x64_bin\jdk-19\bin\java.dll
Event: 0.015 Loaded shared library C:\Program Files\java\openjdk-19_windows-x64_bin\jdk-19\bin\jsvml.dll
Event: 0.077 Loaded shared library C:\Program Files\java\openjdk-19_windows-x64_bin\jdk-19\bin\zip.dll
Event: 0.082 Loaded shared library C:\Program Files\java\openjdk-19_windows-x64_bin\jdk-19\bin\instrument.dll
Event: 0.095 Loaded shared library C:\Program Files\java\openjdk-19_windows-x64_bin\jdk-19\bin\net.dll
Event: 0.098 Loaded shared library C:\Program Files\java\openjdk-19_windows-x64_bin\jdk-19\bin\nio.dll
Event: 0.101 Loaded shared library C:\Program Files\java\openjdk-19_windows-x64_bin\jdk-19\bin\zip.dll
Event: 0.127 Loaded shared library C:\Program Files\JetBrains\IntelliJ IDEA 2022.2.3\bin\breakgen64.dll
Event: 0.137 Loaded shared library C:\Program Files\java\openjdk-19_windows-x64_bin\jdk-19\bin\extnet.dll
Event: 0.243 Loaded shared library C:\Program Files\java\openjdk-19_windows-x64_bin\jdk-19\bin\jimage.dll

Deoptimization events (20 events):
Event: 0.904 Thread 0x0000024d764d3750 Uncommon trap: trap_request=0xffffffc6 fr.pc=0x0000024d07add6b4 relative=0x0000000000000b94
Event: 0.904 Thread 0x0000024d764d3750 Uncommon trap: reason=bimorphic_or_optimized_type_check action=maybe_recompile pc=0x0000024d07add6b4 method=java.util.HashMap.putVal(ILjava/lang/Object;Ljava/lang/Object;ZZ)Ljava/lang/Object; @ 56 c2
Event: 0.904 Thread 0x0000024d764d3750 DEOPT PACKING pc=0x0000024d07add6b4 sp=0x000000ba495fe520
Event: 0.904 Thread 0x0000024d764d3750 DEOPT UNPACKING pc=0x0000024d07596da3 sp=0x000000ba495fe4b8 mode 2
Event: 0.904 Thread 0x0000024d764d3750 Uncommon trap: trap_request=0xffffffc6 fr.pc=0x0000024d07add6b4 relative=0x0000000000000b94
Event: 0.904 Thread 0x0000024d764d3750 Uncommon trap: reason=bimorphic_or_optimized_type_check action=maybe_recompile pc=0x0000024d07add6b4 method=java.util.HashMap.putVal(ILjava/lang/Object;Ljava/lang/Object;ZZ)Ljava/lang/Object; @ 56 c2
Event: 0.904 Thread 0x0000024d764d3750 DEOPT PACKING pc=0x0000024d07add6b4 sp=0x000000ba495fe520
Event: 0.904 Thread 0x0000024d764d3750 DEOPT UNPACKING pc=0x0000024d07596da3 sp=0x000000ba495fe4b8 mode 2
Event: 0.904 Thread 0x0000024d764d3750 Uncommon trap: trap_request=0xffffffc6 fr.pc=0x0000024d07add6b4 relative=0x0000000000000b94
Event: 0.904 Thread 0x0000024d764d3750 Uncommon trap: reason=bimorphic_or_optimized_type_check action=maybe_recompile pc=0x0000024d07add6b4 method=java.util.HashMap.putVal(ILjava/lang/Object;Ljava/lang/Object;ZZ)Ljava/lang/Object; @ 56 c2
Event: 0.904 Thread 0x0000024d764d3750 DEOPT PACKING pc=0x0000024d07add6b4 sp=0x000000ba495fe520
Event: 0.904 Thread 0x0000024d764d3750 DEOPT UNPACKING pc=0x0000024d07596da3 sp=0x000000ba495fe4b8 mode 2
Event: 1.132 Thread 0x0000024d17086730 Uncommon trap: trap_request=0xffffff45 fr.pc=0x0000024d07b2ee48 relative=0x0000000000000e08
Event: 1.132 Thread 0x0000024d17086730 Uncommon trap: reason=unstable_if action=reinterpret pc=0x0000024d07b2ee48 method=java.util.concurrent.ConcurrentHashMap.putVal(Ljava/lang/Object;Ljava/lang/Object;Z)Ljava/lang/Object; @ 231 c2
Event: 1.132 Thread 0x0000024d17086730 DEOPT PACKING pc=0x0000024d07b2ee48 sp=0x000000ba49ffe430
Event: 1.132 Thread 0x0000024d17086730 DEOPT UNPACKING pc=0x0000024d07596da3 sp=0x000000ba49ffe3a0 mode 2
Event: 1.133 Thread 0x0000024d17086730 Uncommon trap: trap_request=0xffffff45 fr.pc=0x0000024d07af6584 relative=0x0000000000000784
Event: 1.133 Thread 0x0000024d17086730 Uncommon trap: reason=unstable_if action=reinterpret pc=0x0000024d07af6584 method=java.util.regex.Pattern$BmpCharPropertyGreedy.match(Ljava/util/regex/Matcher;ILjava/lang/CharSequence;)Z @ 12 c2
Event: 1.133 Thread 0x0000024d17086730 DEOPT PACKING pc=0x0000024d07af6584 sp=0x000000ba49ffe870
Event: 1.133 Thread 0x0000024d17086730 DEOPT UNPACKING pc=0x0000024d07596da3 sp=0x000000ba49ffe748 mode 2

Classes loaded (20 events):
Event: 1.134 Loading class sun/util/resources/OpenListResourceBundle done
Event: 1.134 Loading class sun/util/resources/TimeZoneNamesBundle done
Event: 1.134 Loading class sun/util/resources/cldr/TimeZoneNames done
Event: 1.134 Loading class sun/util/resources/cldr/TimeZoneNames_en
Event: 1.134 Loading class sun/util/resources/cldr/TimeZoneNames_en done
Event: 1.135 Loading class sun/util/resources/cldr/TimeZoneNames_en_US
Event: 1.135 Loading class sun/util/resources/cldr/TimeZoneNames_en_US done
Event: 1.136 Loading class java/util/LinkedHashMap$LinkedKeySet
Event: 1.136 Loading class java/util/LinkedHashMap$LinkedKeySet done
Event: 1.136 Loading class java/time/zone/ZoneRulesProvider
Event: 1.136 Loading class java/time/zone/ZoneRulesProvider done
Event: 1.136 Loading class java/time/zone/ZoneRulesProvider$1
Event: 1.136 Loading class java/time/zone/ZoneRulesProvider$1 done
Event: 1.136 Loading class java/time/zone/TzdbZoneRulesProvider
Event: 1.136 Loading class java/time/zone/TzdbZoneRulesProvider done
Event: 1.143 Loading class java/time/zone/Ser
Event: 1.143 Loading class java/io/Externalizable
Event: 1.143 Loading class java/io/Externalizable done
Event: 1.143 Loading class java/time/zone/Ser done
Event: 1.143 Loading class java/time/Month

Classes unloaded (0 events):
No events

Classes redefined (0 events):
No events

Internal exceptions (18 events):
Event: 0.113 Thread 0x0000024d764d3750 Exception <a 'java/lang/NoSuchMethodError'{0x0000000089f907e8}: 'void java.lang.invoke.DirectMethodHandle$Holder.invokeStatic(java.lang.Object, java.lang.Object, java.lang.Object)'> (0x0000000089f907e8) 
thrown [s\open\src\hotspot\share\interpreter\linkResolver.cpp, line 774]
Event: 0.117 Thread 0x0000024d764d3750 Exception <a 'java/lang/NoSuchMethodError'{0x0000000089fa8de0}: 'java.lang.Object java.lang.invoke.Invokers$Holder.invokeExact_MT(java.lang.Object, java.lang.Object, java.lang.Object, java.lang.Object, java.lang.Object)'> (0x0000000089fa8de0) 
thrown [s\open\src\hotspot\share\interpreter\linkResolver.cpp, line 774]
Event: 0.133 Thread 0x0000024d764d3750 Exception <a 'sun/nio/fs/WindowsException'{0x0000000089fc1418}> (0x0000000089fc1418) 
thrown [s\open\src\hotspot\share\prims\jni.cpp, line 517]
Event: 0.139 Thread 0x0000024d1b63b910 Exception <a 'java/lang/NoSuchMethodError'{0x0000000089ff9100}: 'void java.lang.invoke.DirectMethodHandle$Holder.invokeStatic(java.lang.Object, java.lang.Object)'> (0x0000000089ff9100) 
thrown [s\open\src\hotspot\share\interpreter\linkResolver.cpp, line 774]
Event: 0.589 Thread 0x0000024d764d3750 Exception <a 'java/lang/NoSuchMethodError'{0x00000000890c4290}: 'void java.lang.invoke.DirectMethodHandle$Holder.invokeSpecial(java.lang.Object, java.lang.Object, int)'> (0x00000000890c4290) 
thrown [s\open\src\hotspot\share\interpreter\linkResolver.cpp, line 774]
Event: 0.590 Thread 0x0000024d764d3750 Exception <a 'java/lang/NoSuchMethodError'{0x00000000890c9088}: 'int java.lang.invoke.DirectMethodHandle$Holder.invokeSpecial(java.lang.Object, java.lang.Object, java.lang.Object, int)'> (0x00000000890c9088) 
thrown [s\open\src\hotspot\share\interpreter\linkResolver.cpp, line 774]
Event: 0.591 Thread 0x0000024d764d3750 Exception <a 'java/lang/NoSuchMethodError'{0x00000000890db868}: 'java.lang.Object java.lang.invoke.DirectMethodHandle$Holder.invokeStatic(java.lang.Object, java.lang.Object, java.lang.Object, java.lang.Object, int)'> (0x00000000890db868) 
thrown [s\open\src\hotspot\share\interpreter\linkResolver.cpp, line 774]
Event: 0.592 Thread 0x0000024d764d3750 Exception <a 'java/lang/NoSuchMethodError'{0x00000000890e6d98}: 'void java.lang.invoke.DelegatingMethodHandle$Holder.reinvoke_L(java.lang.Object, java.lang.Object, int)'> (0x00000000890e6d98) 
thrown [s\open\src\hotspot\share\interpreter\linkResolver.cpp, line 774]
Event: 0.592 Thread 0x0000024d764d3750 Exception <a 'java/lang/NoSuchMethodError'{0x00000000890ea9f8}: 'int java.lang.invoke.DirectMethodHandle$Holder.invokeSpecial(java.lang.Object, java.lang.Object, java.lang.Object)'> (0x00000000890ea9f8) 
thrown [s\open\src\hotspot\share\interpreter\linkResolver.cpp, line 774]
Event: 0.595 Thread 0x0000024d764d3750 Exception <a 'java/lang/NoSuchMethodError'{0x0000000088f04da8}: 'void java.lang.invoke.DirectMethodHandle$Holder.invokeSpecial(java.lang.Object, java.lang.Object, java.lang.Object)'> (0x0000000088f04da8) 
thrown [s\open\src\hotspot\share\interpreter\linkResolver.cpp, line 774]
Event: 0.618 Thread 0x0000024d764d3750 Exception <a 'java/lang/NoSuchMethodError'{0x0000000088fb0190}: 'java.lang.Object java.lang.invoke.DirectMethodHandle$Holder.newInvokeSpecial(java.lang.Object, java.lang.Object, java.lang.Object, java.lang.Object, java.lang.Object)'> (0x0000000088fb0190) 
thrown [s\open\src\hotspot\share\interpreter\linkResolver.cpp, line 774]
Event: 0.632 Thread 0x0000024d764d3750 Exception <a 'java/lang/NoSuchMethodError'{0x0000000088e3ed88}: 'int java.lang.invoke.DirectMethodHandle$Holder.invokeVirtual(java.lang.Object, java.lang.Object)'> (0x0000000088e3ed88) 
thrown [s\open\src\hotspot\share\interpreter\linkResolver.cpp, line 774]
Event: 0.846 Thread 0x0000024d764d3750 Exception <a 'sun/nio/fs/WindowsException'{0x0000000089f7feb0}> (0x0000000089f7feb0) 
thrown [s\open\src\hotspot\share\prims\jni.cpp, line 517]
Event: 0.911 Thread 0x0000024d764d3750 Exception <a 'java/lang/NoSuchMethodError'{0x0000000089ede300}: 'void java.lang.invoke.DirectMethodHandle$Holder.invokeStatic(java.lang.Object, long)'> (0x0000000089ede300) 
thrown [s\open\src\hotspot\share\interpreter\linkResolver.cpp, line 774]
Event: 0.912 Thread 0x0000024d764d3750 Exception <a 'java/lang/NoSuchMethodError'{0x0000000089ee37b8}: 'java.lang.Object java.lang.invoke.DirectMethodHandle$Holder.newInvokeSpecial(java.lang.Object, long)'> (0x0000000089ee37b8) 
thrown [s\open\src\hotspot\share\interpreter\linkResolver.cpp, line 774]
Event: 0.913 Thread 0x0000024d764d3750 Exception <a 'java/lang/NoSuchMethodError'{0x0000000089ee79a8}: 'java.lang.Object java.lang.invoke.DirectMethodHandle$Holder.invokeStaticInit(java.lang.Object)'> (0x0000000089ee79a8) 
thrown [s\open\src\hotspot\share\interpreter\linkResolver.cpp, line 774]
Event: 0.914 Thread 0x0000024d764d3750 Exception <a 'java/lang/NoSuchMethodError'{0x0000000089eede48}: 'java.lang.Object java.lang.invoke.DirectMethodHandle$Holder.invokeStatic(java.lang.Object, long, java.lang.Object)'> (0x0000000089eede48) 
thrown [s\open\src\hotspot\share\interpreter\linkResolver.cpp, line 774]
Event: 0.914 Thread 0x0000024d764d3750 Exception <a 'java/lang/NoSuchMethodError'{0x0000000089ef15c8}: 'java.lang.Object java.lang.invoke.DirectMethodHandle$Holder.invokeStaticInit(java.lang.Object, long, java.lang.Object)'> (0x0000000089ef15c8) 
thrown [s\open\src\hotspot\share\interpreter\linkResolver.cpp, line 774]

VM Operations (18 events):
Event: 0.061 Executing VM operation: HandshakeAllThreads
Event: 0.061 Executing VM operation: HandshakeAllThreads done
Event: 0.131 Executing VM operation: HandshakeAllThreads
Event: 0.132 Executing VM operation: HandshakeAllThreads done
Event: 0.539 Executing VM operation: HandshakeAllThreads
Event: 0.539 Executing VM operation: HandshakeAllThreads done
Event: 0.610 Executing VM operation: HandshakeAllThreads
Event: 0.610 Executing VM operation: HandshakeAllThreads done
Event: 0.624 Executing VM operation: HandshakeAllThreads
Event: 0.624 Executing VM operation: HandshakeAllThreads done
Event: 0.661 Executing VM operation: ICBufferFull
Event: 0.661 Executing VM operation: ICBufferFull done
Event: 0.767 Executing VM operation: G1CollectForAllocation
Event: 0.772 Executing VM operation: G1CollectForAllocation done
Event: 0.772 Executing VM operation: HandshakeAllThreads
Event: 0.772 Executing VM operation: HandshakeAllThreads done
Event: 0.904 Executing VM operation: HandshakeAllThreads
Event: 0.904 Executing VM operation: HandshakeAllThreads done

Events (16 events):
Event: 0.016 Thread 0x0000024d764d3750 Thread added: 0x0000024d764d3750
Event: 0.029 Thread 0x0000024d1707fa60 Thread added: 0x0000024d1707fa60
Event: 0.030 Thread 0x0000024d17081000 Thread added: 0x0000024d17081000
Event: 0.030 Thread 0x0000024d17083c50 Thread added: 0x0000024d17083c50
Event: 0.030 Thread 0x0000024d17086730 Thread added: 0x0000024d17086730
Event: 0.030 Thread 0x0000024d17087340 Thread added: 0x0000024d17087340
Event: 0.030 Thread 0x0000024d17087f50 Thread added: 0x0000024d17087f50
Event: 0.030 Thread 0x0000024d1708c390 Thread added: 0x0000024d1708c390
Event: 0.030 Thread 0x0000024d17095ec0 Thread added: 0x0000024d17095ec0
Event: 0.030 Thread 0x0000024d170a2dd0 Thread added: 0x0000024d170a2dd0
Event: 0.052 Thread 0x0000024d1b4b5d80 Thread added: 0x0000024d1b4b5d80
Event: 0.128 Thread 0x0000024d1b63b910 Thread added: 0x0000024d1b63b910
Event: 0.128 Thread 0x0000024d1b58d4f0 Thread added: 0x0000024d1b58d4f0
Event: 0.266 Thread 0x0000024d1b71d820 Thread added: 0x0000024d1b71d820
Event: 1.131 Thread 0x0000024d1b71d820 Thread exited: 0x0000024d1b71d820
Event: 1.140 Thread 0x0000024d1c53a480 Thread added: 0x0000024d1c53a480


Dynamic libraries:
0x00007ff7850a0000 - 0x00007ff7850ae000 	C:\Program Files\java\openjdk-19_windows-x64_bin\jdk-19\bin\java.exe
0x00007ffefba30000 - 0x00007ffefbc28000 	C:\Windows\SYSTEM32\ntdll.dll
0x00007ffefac60000 - 0x00007ffefad1f000 	C:\Windows\System32\KERNEL32.DLL
0x00007ffef95b0000 - 0x00007ffef9882000 	C:\Windows\System32\KERNELBASE.dll
0x00007ffef94b0000 - 0x00007ffef95b0000 	C:\Windows\System32\ucrtbase.dll
0x00007ffee9030000 - 0x00007ffee904b000 	C:\Program Files\java\openjdk-19_windows-x64_bin\jdk-19\bin\VCRUNTIME140.dll
0x00007ffee9110000 - 0x00007ffee9127000 	C:\Program Files\java\openjdk-19_windows-x64_bin\jdk-19\bin\jli.dll
0x00007ffef9a80000 - 0x00007ffef9c1d000 	C:\Windows\System32\USER32.dll
0x00007ffef9200000 - 0x00007ffef9222000 	C:\Windows\System32\win32u.dll
0x00007ffee0a70000 - 0x00007ffee0d0a000 	C:\Windows\WinSxS\amd64_microsoft.windows.common-controls_6595b64144ccf1df_6.0.19041.1110_none_60b5254171f9507e\COMCTL32.dll
0x00007ffefadd0000 - 0x00007ffefadfb000 	C:\Windows\System32\GDI32.dll
0x00007ffefaf20000 - 0x00007ffefafbe000 	C:\Windows\System32\msvcrt.dll
0x00007ffef9970000 - 0x00007ffef9a7f000 	C:\Windows\System32\gdi32full.dll
0x00007ffef9160000 - 0x00007ffef91fd000 	C:\Windows\System32\msvcp_win.dll
0x00007ffefaee0000 - 0x00007ffefaf12000 	C:\Windows\System32\IMM32.DLL
0x00007ffef4c90000 - 0x00007ffef4c9c000 	C:\Program Files\java\openjdk-19_windows-x64_bin\jdk-19\bin\vcruntime140_1.dll
0x00007ffee3870000 - 0x00007ffee38fe000 	C:\Program Files\java\openjdk-19_windows-x64_bin\jdk-19\bin\msvcp140.dll
0x00007ffe967d0000 - 0x00007ffe97490000 	C:\Program Files\java\openjdk-19_windows-x64_bin\jdk-19\bin\server\jvm.dll
0x00007ffefb940000 - 0x00007ffefb9ee000 	C:\Windows\System32\ADVAPI32.dll
0x00007ffefb0f0000 - 0x00007ffefb18c000 	C:\Windows\System32\sechost.dll
0x00007ffefa1f0000 - 0x00007ffefa315000 	C:\Windows\System32\RPCRT4.dll
0x00007ffedc610000 - 0x00007ffedc619000 	C:\Windows\SYSTEM32\WSOCK32.dll
0x00007ffee58a0000 - 0x00007ffee58c7000 	C:\Windows\SYSTEM32\WINMM.dll
0x00007ffef3b40000 - 0x00007ffef3b4a000 	C:\Windows\SYSTEM32\VERSION.dll
0x00007ffefb720000 - 0x00007ffefb78b000 	C:\Windows\System32\WS2_32.dll
0x00007ffef6ff0000 - 0x00007ffef7002000 	C:\Windows\SYSTEM32\kernel.appcore.dll
0x00007ffeed6b0000 - 0x00007ffeed6ba000 	C:\Program Files\java\openjdk-19_windows-x64_bin\jdk-19\bin\jimage.dll
0x00007ffee11b0000 - 0x00007ffee1394000 	C:\Windows\SYSTEM32\DBGHELP.DLL
0x00007ffeddbc0000 - 0x00007ffeddbec000 	C:\Windows\SYSTEM32\dbgcore.DLL
0x00007ffef98e0000 - 0x00007ffef9962000 	C:\Windows\System32\bcryptPrimitives.dll
0x00007ffee9cd0000 - 0x00007ffee9cde000 	C:\Program Files\java\openjdk-19_windows-x64_bin\jdk-19\bin\instrument.dll
0x00007ffee6d90000 - 0x00007ffee6db6000 	C:\Program Files\java\openjdk-19_windows-x64_bin\jdk-19\bin\java.dll
0x00007ffec8080000 - 0x00007ffec8157000 	C:\Program Files\java\openjdk-19_windows-x64_bin\jdk-19\bin\jsvml.dll
0x00007ffefa3b0000 - 0x00007ffefaaf3000 	C:\Windows\System32\SHELL32.dll
0x00007ffef71f0000 - 0x00007ffef7982000 	C:\Windows\SYSTEM32\windows.storage.dll
0x00007ffef9e20000 - 0x00007ffefa174000 	C:\Windows\System32\combase.dll
0x00007ffef8b90000 - 0x00007ffef8bc0000 	C:\Windows\SYSTEM32\Wldp.dll
0x00007ffef9c40000 - 0x00007ffef9ced000 	C:\Windows\System32\SHCORE.dll
0x00007ffefab00000 - 0x00007ffefab55000 	C:\Windows\System32\shlwapi.dll
0x00007ffef9070000 - 0x00007ffef908f000 	C:\Windows\SYSTEM32\profapi.dll
0x00007ffee6c00000 - 0x00007ffee6c18000 	C:\Program Files\java\openjdk-19_windows-x64_bin\jdk-19\bin\zip.dll
0x00007ffee6d30000 - 0x00007ffee6d43000 	C:\Program Files\java\openjdk-19_windows-x64_bin\jdk-19\bin\net.dll
0x00007ffef2640000 - 0x00007ffef274c000 	C:\Windows\SYSTEM32\WINHTTP.dll
0x00007ffef88f0000 - 0x00007ffef895a000 	C:\Windows\system32\mswsock.dll
0x00007ffee6c90000 - 0x00007ffee6ca6000 	C:\Program Files\java\openjdk-19_windows-x64_bin\jdk-19\bin\nio.dll
0x00007ffee5310000 - 0x00007ffee532a000 	C:\Program Files\JetBrains\IntelliJ IDEA 2022.2.3\bin\breakgen64.dll
0x00007ffee9c00000 - 0x00007ffee9c08000 	C:\Program Files\java\openjdk-19_windows-x64_bin\jdk-19\bin\extnet.dll

dbghelp: loaded successfully - version: 4.0.5 - missing functions: none
symbol engine: initialized successfully - sym options: 0x614 - pdb path: .;C:\Program Files\java\openjdk-19_windows-x64_bin\jdk-19\bin;C:\Windows\SYSTEM32;C:\Windows\WinSxS\amd64_microsoft.windows.common-controls_6595b64144ccf1df_6.0.19041.1110_none_60b5254171f9507e;C:\Program Files\java\openjdk-19_windows-x64_bin\jdk-19\bin\server;C:\Program Files\JetBrains\IntelliJ IDEA 2022.2.3\bin

VM Arguments:
jvm_args: -javaagent:C:\Program Files\JetBrains\IntelliJ IDEA 2022.2.3\lib\idea_rt.jar=58993:C:\Program Files\JetBrains\IntelliJ IDEA 2022.2.3\bin -Dfile.encoding=UTF-8 -Dsun.stdout.encoding=UTF-8 -Dsun.stderr.encoding=UTF-8 
java_command: main.Main
java_class_path (initial): C:\Users\Windows\Desktop\FACULTATE\tema\out\production\tema;C:\Users\Windows\Desktop\FACULTATE\tema\lib\jackson-core-2.13.3.jar;C:\Users\Windows\Desktop\FACULTATE\tema\lib\jackson-annotations-2.13.3.jar;C:\Users\Windows\Desktop\FACULTATE\tema\lib\lombok.jar;C:\Users\Windows\Desktop\FACULTATE\tema\lib\jackson-databind-2.13.3.jar
Launcher Type: SUN_STANDARD

[Global flags]
     intx CICompilerCount                          = 4                                         {product} {ergonomic}
     uint ConcGCThreads                            = 3                                         {product} {ergonomic}
     uint G1ConcRefinementThreads                  = 10                                        {product} {ergonomic}
   size_t G1HeapRegionSize                         = 1048576                                   {product} {ergonomic}
    uintx GCDrainStackTargetSize                   = 64                                        {product} {ergonomic}
   size_t InitialHeapSize                          = 132120576                                 {product} {ergonomic}
   size_t MarkStackSize                            = 4194304                                   {product} {ergonomic}
   size_t MaxHeapSize                              = 2109734912                                {product} {ergonomic}
   size_t MaxNewSize                               = 1265631232                                {product} {ergonomic}
   size_t MinHeapDeltaBytes                        = 1048576                                   {product} {ergonomic}
   size_t MinHeapSize                              = 8388608                                   {product} {ergonomic}
    uintx NonNMethodCodeHeapSize                   = 5839372                                {pd product} {ergonomic}
    uintx NonProfiledCodeHeapSize                  = 122909434                              {pd product} {ergonomic}
    uintx ProfiledCodeHeapSize                     = 122909434                              {pd product} {ergonomic}
    uintx ReservedCodeCacheSize                    = 251658240                              {pd product} {ergonomic}
     bool SegmentedCodeCache                       = true                                      {product} {ergonomic}
   size_t SoftMaxHeapSize                          = 2109734912                             {manageable} {ergonomic}
     bool UseCompressedClassPointers               = true                           {product lp64_product} {ergonomic}
     bool UseCompressedOops                        = true                           {product lp64_product} {ergonomic}
     bool UseG1GC                                  = true                                      {product} {ergonomic}
     bool UseLargePagesIndividualAllocation        = false                                  {pd product} {ergonomic}

Logging:
Log output configuration:
 #0: stdout all=warning uptime,level,tags foldmultilines=false
 #1: stderr all=off uptime,level,tags foldmultilines=false

Environment Variables:
JAVA_HOME=C:\Program Files\java\openjdk-19_windows-x64_bin\jdk-19\
PATH=C:\Program Files (x86)\VMware\VMware Player\bin\;C:\Windows\system32;C:\Windows;C:\Windows\System32\Wbem;C:\Windows\System32\WindowsPowerShell\v1.0\;C:\Windows\System32\OpenSSH\;C:\Program Files (x86)\NVIDIA Corporation\PhysX\Common;C:\Program Files\NVIDIA Corporation\NVIDIA NvDLISR;C:\Program Files\MATLAB\R2022a\bin;C:\Program Files\Intel\WiFi\bin\;C:\Program Files\Common Files\Intel\WirelessCommon\;C:\Program Files\dotnet\;C:\Program Files\java\openjdk-19_windows-x64_bin\jdk-19\bin;C:\Strawberry\c\bin;C:\Strawberry\perl\site\bin;C:\Strawberry\perl\bin;C:\Program Files\Git\cmd;C:\Users\Windows\AppData\Local\Microsoft\WindowsApps;;C:\Users\Windows\AppData\Local\Programs\Microsoft VS Code\bin;C:\Program Files\JetBrains\IntelliJ IDEA 2022.2.3\bin;
USERNAME=Windows
OS=Windows_NT
PROCESSOR_IDENTIFIER=Intel64 Family 6 Model 158 Stepping 10, GenuineIntel
TMP=C:\Users\Windows\AppData\Local\Temp
TEMP=C:\Users\Windows\AppData\Local\Temp



---------------  S Y S T E M  ---------------

OS:
 Windows 10 , 64 bit Build 19041 (10.0.19041.2251)
OS uptime: 4 days 12:59 hours

CPU: total 12 (initial active 12) (6 cores per cpu, 2 threads per core) family 6 model 158 stepping 10 microcode 0xb4, cx8, cmov, fxsr, ht, mmx, 3dnowpref, sse, sse2, sse3, ssse3, sse4.1, sse4.2, popcnt, lzcnt, tsc, tscinvbit, avx, avx2, aes, erms, clmul, bmi1, bmi2, adx, fma, vzeroupper, clflush, clflushopt, rdtscp

Memory: 4k page, system-wide physical 8041M (776M free)
TotalPageFile size 32617M (AvailPageFile size 161M)
current process WorkingSet (physical memory assigned to process): 82M, peak: 84M
current process commit charge ("private bytes"): 233M, peak: 236M

vm_info: OpenJDK 64-Bit Server VM (19+36-2238) for windows-amd64 JRE (19+36-2238), built on 2022-08-12T20:29:01Z by "mach5one" with MS VC++ 17.1 (VS2022)

END.
